#
# There is insufficient memory for the Java Runtime Environment to continue.
# Native memory allocation (malloc) failed to allocate 204352 bytes for Chunk::new
# Possible reasons:
#   The system is out of physical RAM or swap space
#   The process is running with CompressedOops enabled, and the Java Heap may be blocking the growth of the native heap
# Possible solutions:
#   Reduce memory load on the system
#   Increase physical memory or swap space
#   Check if swap backing store is full
#   Decrease Java heap size (-Xmx/-Xms)
#   Decrease number of Java threads
#   Decrease Java thread stack sizes (-Xss)
#   Set larger code cache with -XX:ReservedCodeCacheSize=
#   JVM is running with Unscaled Compressed Oops mode in which the Java heap is
#     placed in the first 4GB address space. The Java Heap base address is the
#     maximum limit for the native heap growth. Please use -XX:HeapBaseMinAddress
#     to set the Java Heap base and to place the Java Heap above 4GB virtual address.
# This output file may be truncated or incomplete.
#
#  Out of Memory Error (arena.cpp:184), pid=13844, tid=4028
#
# JRE version: OpenJDK Runtime Environment Corretto-18.0.2.9.1 (18.0.2+9) (build 18.0.2+9-FR)
# Java VM: OpenJDK 64-Bit Server VM Corretto-18.0.2.9.1 (18.0.2+9-FR, mixed mode, sharing, tiered, compressed oops, compressed class ptrs, g1 gc, windows-amd64)
# No core dump will be written. Minidumps are not enabled by default on client versions of Windows
#

---------------  S U M M A R Y ------------

Command Line: -javaagent:C:\Program Files\JetBrains\IntelliJ IDEA Community Edition 2021.3.3\lib\idea_rt.jar=54454:C:\Program Files\JetBrains\IntelliJ IDEA Community Edition 2021.3.3\bin -Dfile.encoding=UTF-8 com.smart_host.hotelallocation.HotelallocationApplication

Host: Intel(R) Core(TM) i3-6006U CPU @ 2.00GHz, 4 cores, 3G,  Windows 10 , 64 bit Build 19041 (10.0.19041.4597)
Time: Thu Jul 18 13:48:00 2024 W. Europe Daylight Time elapsed time: 22.529493 seconds (0d 0h 0m 22s)

---------------  T H R E A D  ---------------

Current thread (0x000001b4dabff7e0):  JavaThread "C2 CompilerThread0" daemon [_thread_in_native, id=4028, stack(0x0000008248500000,0x0000008248600000)]


Current CompileTask:
C2:  22529 4375       4       java.io.WinNTFileSystem::resolve (275 bytes)

Stack: [0x0000008248500000,0x0000008248600000]
Native frames: (J=compiled Java code, j=interpreted, Vv=VM code, C=native code)
V  [jvm.dll+0x685a2a]
V  [jvm.dll+0x82ae8d]
V  [jvm.dll+0x82c75e]
V  [jvm.dll+0x82ce03]
V  [jvm.dll+0x25ef4b]
V  [jvm.dll+0xd42d2]
V  [jvm.dll+0xd4665]
V  [jvm.dll+0x38578b]
V  [jvm.dll+0x34d82a]
V  [jvm.dll+0x34cc1a]
V  [jvm.dll+0x233a65]
V  [jvm.dll+0x232f37]
V  [jvm.dll+0x1c0a35]
V  [jvm.dll+0x24212c]
V  [jvm.dll+0x240534]
V  [jvm.dll+0x7df6db]
V  [jvm.dll+0x7d9cba]
V  [jvm.dll+0x6848a5]
C  [ucrtbase.dll+0x21bb2]
C  [KERNEL32.DLL+0x17374]
C  [ntdll.dll+0x4cc91]


---------------  P R O C E S S  ---------------

Threads class SMR info:
_java_thread_list=0x000001b4e0876ce0, length=30, elements={
0x000001b4dabe6d20, 0x000001b4dabe7980, 0x000001b4dabfce30, 0x000001b4dabfd7d0,
0x000001b4dabfe170, 0x000001b4dabfeb10, 0x000001b4dabff7e0, 0x000001b4dac001c0,
0x000001b4dac7c2c0, 0x000001b4dabcd330, 0x000001b4df3aabb0, 0x000001b4df3ab070,
0x000001b4e041f8e0, 0x000001b4e041fdb0, 0x000001b4e041e0d0, 0x000001b4e0420750,
0x000001b4e04215c0, 0x000001b4e0421a90, 0x000001b4e041f410, 0x000001b4e041e5a0,
0x000001b4e041ea70, 0x000001b4e041ef40, 0x000001b4e0420280, 0x000001b4e1158550,
0x000001b4e11593c0, 0x000001b4e115a700, 0x000001b4e1158080, 0x000001b4e115c8b0,
0x000001b4e1159d60, 0x000001b4e115b570
}

Java Threads: ( => current thread )
  0x000001b4dabe6d20 JavaThread "Reference Handler" daemon [_thread_blocked, id=11728, stack(0x0000008247f00000,0x0000008248000000)]
  0x000001b4dabe7980 JavaThread "Finalizer" daemon [_thread_blocked, id=9928, stack(0x0000008248000000,0x0000008248100000)]
  0x000001b4dabfce30 JavaThread "Signal Dispatcher" daemon [_thread_blocked, id=14172, stack(0x0000008248100000,0x0000008248200000)]
  0x000001b4dabfd7d0 JavaThread "Attach Listener" daemon [_thread_blocked, id=2212, stack(0x0000008248200000,0x0000008248300000)]
  0x000001b4dabfe170 JavaThread "Service Thread" daemon [_thread_blocked, id=6216, stack(0x0000008248300000,0x0000008248400000)]
  0x000001b4dabfeb10 JavaThread "Monitor Deflation Thread" daemon [_thread_blocked, id=11944, stack(0x0000008248400000,0x0000008248500000)]
=>0x000001b4dabff7e0 JavaThread "C2 CompilerThread0" daemon [_thread_in_native, id=4028, stack(0x0000008248500000,0x0000008248600000)]
  0x000001b4dac001c0 JavaThread "C1 CompilerThread0" daemon [_thread_blocked, id=11564, stack(0x0000008248600000,0x0000008248700000)]
  0x000001b4dac7c2c0 JavaThread "Sweeper thread" daemon [_thread_blocked, id=9720, stack(0x0000008248700000,0x0000008248800000)]
  0x000001b4dabcd330 JavaThread "Common-Cleaner" daemon [_thread_blocked, id=11472, stack(0x0000008248800000,0x0000008248900000)]
  0x000001b4df3aabb0 JavaThread "Monitor Ctrl-Break" daemon [_thread_in_native, id=12980, stack(0x0000008248a00000,0x0000008248b00000)]
  0x000001b4df3ab070 JavaThread "Notification Thread" daemon [_thread_blocked, id=13196, stack(0x0000008248b00000,0x0000008248c00000)]
  0x000001b4e041f8e0 JavaThread "Catalina-utility-1" [_thread_blocked, id=7040, stack(0x0000008249300000,0x0000008249400000)]
  0x000001b4e041fdb0 JavaThread "Catalina-utility-2" [_thread_blocked, id=9388, stack(0x0000008249400000,0x0000008249500000)]
  0x000001b4e041e0d0 JavaThread "container-0" [_thread_blocked, id=9628, stack(0x0000008249500000,0x0000008249600000)]
  0x000001b4e0420750 JavaThread "File Watcher" daemon [_thread_blocked, id=7964, stack(0x0000008249600000,0x0000008249700000)]
  0x000001b4e04215c0 JavaThread "Live Reload Server" daemon [_thread_in_native, id=14096, stack(0x0000008249800000,0x0000008249900000)]
  0x000001b4e0421a90 JavaThread "http-nio-8080-exec-1" daemon [_thread_blocked, id=8560, stack(0x0000008249700000,0x0000008249800000)]
  0x000001b4e041f410 JavaThread "http-nio-8080-exec-2" daemon [_thread_blocked, id=13976, stack(0x0000008249900000,0x0000008249a00000)]
  0x000001b4e041e5a0 JavaThread "http-nio-8080-exec-3" daemon [_thread_blocked, id=9464, stack(0x0000008249a00000,0x0000008249b00000)]
  0x000001b4e041ea70 JavaThread "http-nio-8080-exec-4" daemon [_thread_blocked, id=10836, stack(0x0000008249b00000,0x0000008249c00000)]
  0x000001b4e041ef40 JavaThread "http-nio-8080-exec-5" daemon [_thread_blocked, id=3620, stack(0x0000008249c00000,0x0000008249d00000)]
  0x000001b4e0420280 JavaThread "http-nio-8080-exec-6" daemon [_thread_blocked, id=3876, stack(0x0000008249d00000,0x0000008249e00000)]
  0x000001b4e1158550 JavaThread "http-nio-8080-exec-7" daemon [_thread_blocked, id=6556, stack(0x0000008249e00000,0x0000008249f00000)]
  0x000001b4e11593c0 JavaThread "http-nio-8080-exec-8" daemon [_thread_blocked, id=5148, stack(0x0000008249f00000,0x000000824a000000)]
  0x000001b4e115a700 JavaThread "http-nio-8080-exec-9" daemon [_thread_blocked, id=12976, stack(0x000000824a000000,0x000000824a100000)]
  0x000001b4e1158080 JavaThread "http-nio-8080-exec-10" daemon [_thread_blocked, id=5904, stack(0x000000824a100000,0x000000824a200000)]
  0x000001b4e115c8b0 JavaThread "http-nio-8080-Poller" daemon [_thread_in_native, id=3116, stack(0x000000824a200000,0x000000824a300000)]
  0x000001b4e1159d60 JavaThread "http-nio-8080-Acceptor" daemon [_thread_in_native, id=4428, stack(0x000000824a300000,0x000000824a400000)]
  0x000001b4e115b570 JavaThread "DestroyJavaVM" [_thread_blocked, id=10268, stack(0x0000008247700000,0x0000008247800000)]

Other Threads:
  0x000001b4dabe3580 VMThread "VM Thread" [stack: 0x0000008247e00000,0x0000008247f00000] [id=1704]
  0x000001b4bf69b7e0 WatcherThread "VM Periodic Task Thread" [stack: 0x0000008248c00000,0x0000008248d00000] [id=2624]
  0x000001b4bf6da4e0 WorkerThread "GC Thread#0" [stack: 0x0000008247900000,0x0000008247a00000] [id=11712]
  0x000001b4df53b7e0 WorkerThread "GC Thread#1" [stack: 0x0000008248d00000,0x0000008248e00000] [id=12144]
  0x000001b4df886630 WorkerThread "GC Thread#2" [stack: 0x0000008248e00000,0x0000008248f00000] [id=11148]
  0x000001b4df7f3660 WorkerThread "GC Thread#3" [stack: 0x0000008248f00000,0x0000008249000000] [id=1328]
  0x000001b4bf6e41a0 ConcurrentGCThread "G1 Main Marker" [stack: 0x0000008247a00000,0x0000008247b00000] [id=9876]
  0x000001b4bf6e4b90 WorkerThread "G1 Conc#0" [stack: 0x0000008247b00000,0x0000008247c00000] [id=9784]
  0x000001b4bf70bab0 ConcurrentGCThread "G1 Refine#0" [stack: 0x0000008247c00000,0x0000008247d00000] [id=13948]
  0x000001b4dfa50770 ConcurrentGCThread "G1 Refine#1" [stack: 0x0000008249000000,0x0000008249100000] [id=2656]
  0x000001b4bf70c3c0 ConcurrentGCThread "G1 Service" [stack: 0x0000008247d00000,0x0000008247e00000] [id=12088]

Threads with active compile tasks:
C2 CompilerThread0    22594 4375       4       java.io.WinNTFileSystem::resolve (275 bytes)

VM state: not at safepoint (normal execution)

VM Mutex/Monitor currently owned by a thread: None

Heap address: 0x00000000c1400000, size: 1004 MB, Compressed Oops mode: 32-bit

CDS archive(s) mapped at: [0x0000000800000000-0x0000000800ba0000-0x0000000800ba0000), size 12189696, SharedBaseAddress: 0x0000000800000000, ArchiveRelocationMode: 0.
Compressed class space mapped at: 0x0000000800c00000-0x0000000840c00000, reserved size: 1073741824
Narrow klass base: 0x0000000800000000, Narrow klass shift: 0, Narrow klass range: 0x100000000

GC Precious Log:
 CardTable entry size: 512
 Card Set container configuration: InlinePtr #cards 5 size 8 Array Of Cards #cards 12 size 40 Howl #buckets 4 coarsen threshold 1843 Howl Bitmap #cards 512 size 80 coarsen threshold 460 Card regions per heap region 1 cards per card region 2048
 CPUs: 4 total, 4 available
 Memory: 4012M
 Large Page Support: Disabled
 NUMA Support: Disabled
 Compressed Oops: Enabled (32-bit)
 Heap Region Size: 1M
 Heap Min Capacity: 8M
 Heap Initial Capacity: 64M
 Heap Max Capacity: 1004M
 Pre-touch: Disabled
 Parallel Workers: 4
 Concurrent Workers: 1
 Concurrent Refinement Workers: 4
 Periodic GC: Disabled

Heap:
 garbage-first heap   total 45056K, used 28793K [0x00000000c1400000, 0x0000000100000000)
  region size 1024K, 15 young (15360K), 2 survivors (2048K)
 Metaspace       used 34854K, committed 35520K, reserved 1114112K
  class space    used 4428K, committed 4736K, reserved 1048576K

Heap Regions: E=young(eden), S=young(survivor), O=old, HS=humongous(starts), HC=humongous(continues), CS=collection set, F=free, OA=open archive, CA=closed archive, TAMS=top-at-mark-start (previous, next)
|   0|0x00000000c1400000, 0x00000000c1500000, 0x00000000c1500000|100%| O|  |TAMS 0x00000000c1500000, 0x00000000c1400000| Untracked 
|   1|0x00000000c1500000, 0x00000000c1600000, 0x00000000c1600000|100%| O|  |TAMS 0x00000000c1600000, 0x00000000c1500000| Untracked 
|   2|0x00000000c1600000, 0x00000000c1700000, 0x00000000c1700000|100%| O|  |TAMS 0x00000000c1700000, 0x00000000c1600000| Untracked 
|   3|0x00000000c1700000, 0x00000000c1800000, 0x00000000c1800000|100%| O|  |TAMS 0x00000000c1800000, 0x00000000c1700000| Untracked 
|   4|0x00000000c1800000, 0x00000000c1900000, 0x00000000c1900000|100%| O|  |TAMS 0x00000000c1900000, 0x00000000c1800000| Untracked 
|   5|0x00000000c1900000, 0x00000000c1a00000, 0x00000000c1a00000|100%| O|  |TAMS 0x00000000c192e000, 0x00000000c1900000| Untracked 
|   6|0x00000000c1a00000, 0x00000000c1b00000, 0x00000000c1b00000|100%| O|  |TAMS 0x00000000c1a00000, 0x00000000c1a00000| Untracked 
|   7|0x00000000c1b00000, 0x00000000c1c00000, 0x00000000c1c00000|100%| O|  |TAMS 0x00000000c1b00000, 0x00000000c1b00000| Untracked 
|   8|0x00000000c1c00000, 0x00000000c1d00000, 0x00000000c1d00000|100%| O|  |TAMS 0x00000000c1c00000, 0x00000000c1c00000| Untracked 
|   9|0x00000000c1d00000, 0x00000000c1d4b408, 0x00000000c1e00000| 29%| O|  |TAMS 0x00000000c1d00000, 0x00000000c1d00000| Untracked 
|  10|0x00000000c1e00000, 0x00000000c1f00000, 0x00000000c1f00000|100%| O|  |TAMS 0x00000000c1e00000, 0x00000000c1e00000| Untracked 
|  11|0x00000000c1f00000, 0x00000000c2000000, 0x00000000c2000000|100%| O|  |TAMS 0x00000000c1f00000, 0x00000000c1f00000| Untracked 
|  12|0x00000000c2000000, 0x00000000c2100000, 0x00000000c2100000|100%| O|  |TAMS 0x00000000c2000000, 0x00000000c2000000| Untracked 
|  13|0x00000000c2100000, 0x00000000c2200000, 0x00000000c2200000|100%| O|  |TAMS 0x00000000c2100000, 0x00000000c2100000| Untracked 
|  14|0x00000000c2200000, 0x00000000c2300000, 0x00000000c2300000|100%| O|  |TAMS 0x00000000c2200000, 0x00000000c2200000| Untracked 
|  15|0x00000000c2300000, 0x00000000c23f7600, 0x00000000c2400000| 96%| O|  |TAMS 0x00000000c2300000, 0x00000000c2300000| Untracked 
|  16|0x00000000c2400000, 0x00000000c2400000, 0x00000000c2500000|  0%| F|  |TAMS 0x00000000c2400000, 0x00000000c2400000| Untracked 
|  17|0x00000000c2500000, 0x00000000c2500000, 0x00000000c2600000|  0%| F|  |TAMS 0x00000000c2500000, 0x00000000c2500000| Untracked 
|  18|0x00000000c2600000, 0x00000000c2600000, 0x00000000c2700000|  0%| F|  |TAMS 0x00000000c2600000, 0x00000000c2600000| Untracked 
|  19|0x00000000c2700000, 0x00000000c2700000, 0x00000000c2800000|  0%| F|  |TAMS 0x00000000c2700000, 0x00000000c2700000| Untracked 
|  20|0x00000000c2800000, 0x00000000c2800000, 0x00000000c2900000|  0%| F|  |TAMS 0x00000000c2800000, 0x00000000c2800000| Untracked 
|  21|0x00000000c2900000, 0x00000000c2900000, 0x00000000c2a00000|  0%| F|  |TAMS 0x00000000c2900000, 0x00000000c2900000| Untracked 
|  22|0x00000000c2a00000, 0x00000000c2a00000, 0x00000000c2b00000|  0%| F|  |TAMS 0x00000000c2a00000, 0x00000000c2a00000| Untracked 
|  23|0x00000000c2b00000, 0x00000000c2b00000, 0x00000000c2c00000|  0%| F|  |TAMS 0x00000000c2b00000, 0x00000000c2b00000| Untracked 
|  24|0x00000000c2c00000, 0x00000000c2c00000, 0x00000000c2d00000|  0%| F|  |TAMS 0x00000000c2c00000, 0x00000000c2c00000| Untracked 
|  25|0x00000000c2d00000, 0x00000000c2d00000, 0x00000000c2e00000|  0%| F|  |TAMS 0x00000000c2d00000, 0x00000000c2d00000| Untracked 
|  26|0x00000000c2e00000, 0x00000000c2e00000, 0x00000000c2f00000|  0%| F|  |TAMS 0x00000000c2e00000, 0x00000000c2e00000| Untracked 
|  27|0x00000000c2f00000, 0x00000000c2fdbdf0, 0x00000000c3000000| 85%| S|CS|TAMS 0x00000000c2f00000, 0x00000000c2f00000| Complete 
|  28|0x00000000c3000000, 0x00000000c3100000, 0x00000000c3100000|100%| S|CS|TAMS 0x00000000c3000000, 0x00000000c3000000| Complete 
|  29|0x00000000c3100000, 0x00000000c3100000, 0x00000000c3200000|  0%| F|  |TAMS 0x00000000c3100000, 0x00000000c3100000| Untracked 
|  30|0x00000000c3200000, 0x00000000c3200000, 0x00000000c3300000|  0%| F|  |TAMS 0x00000000c3200000, 0x00000000c3200000| Untracked 
|  31|0x00000000c3300000, 0x00000000c33523e0, 0x00000000c3400000| 32%| E|  |TAMS 0x00000000c3300000, 0x00000000c3300000| Complete 
|  32|0x00000000c3400000, 0x00000000c3500000, 0x00000000c3500000|100%| E|CS|TAMS 0x00000000c3400000, 0x00000000c3400000| Complete 
|  33|0x00000000c3500000, 0x00000000c3600000, 0x00000000c3600000|100%| E|CS|TAMS 0x00000000c3500000, 0x00000000c3500000| Complete 
|  34|0x00000000c3600000, 0x00000000c3700000, 0x00000000c3700000|100%| E|  |TAMS 0x00000000c3600000, 0x00000000c3600000| Complete 
|  35|0x00000000c3700000, 0x00000000c3800000, 0x00000000c3800000|100%| E|CS|TAMS 0x00000000c3700000, 0x00000000c3700000| Complete 
|  36|0x00000000c3800000, 0x00000000c3900000, 0x00000000c3900000|100%| E|CS|TAMS 0x00000000c3800000, 0x00000000c3800000| Complete 
|  37|0x00000000c3900000, 0x00000000c3a00000, 0x00000000c3a00000|100%| E|CS|TAMS 0x00000000c3900000, 0x00000000c3900000| Complete 
|  38|0x00000000c3a00000, 0x00000000c3b00000, 0x00000000c3b00000|100%| E|CS|TAMS 0x00000000c3a00000, 0x00000000c3a00000| Complete 
|  39|0x00000000c3b00000, 0x00000000c3c00000, 0x00000000c3c00000|100%| E|CS|TAMS 0x00000000c3b00000, 0x00000000c3b00000| Complete 
|  40|0x00000000c3c00000, 0x00000000c3d00000, 0x00000000c3d00000|100%| E|CS|TAMS 0x00000000c3c00000, 0x00000000c3c00000| Complete 
|  42|0x00000000c3e00000, 0x00000000c3f00000, 0x00000000c3f00000|100%| E|CS|TAMS 0x00000000c3e00000, 0x00000000c3e00000| Complete 
|  43|0x00000000c3f00000, 0x00000000c4000000, 0x00000000c4000000|100%| E|CS|TAMS 0x00000000c3f00000, 0x00000000c3f00000| Complete 
|  63|0x00000000c5300000, 0x00000000c5400000, 0x00000000c5400000|100%| E|CS|TAMS 0x00000000c5300000, 0x00000000c5300000| Complete 

Card table byte_map: [0x000001b4d6460000,0x000001b4d6660000] _byte_map_base: 0x000001b4d5e56000

Marking Bits (Prev, Next): (CMBitMap*) 0x000001b4bf6dbb30, (CMBitMap*) 0x000001b4bf6dbaf0
 Prev Bits: [0x000001b4d7810000, 0x000001b4d87c0000)
 Next Bits: [0x000001b4d6860000, 0x000001b4d7810000)

Polling page: 0x000001b4bd610000

Metaspace:

Usage:
  Non-class:     29.71 MB used.
      Class:      4.33 MB used.
       Both:     34.04 MB used.

Virtual space:
  Non-class space:       64.00 MB reserved,      30.06 MB ( 47%) committed,  1 nodes.
      Class space:        1.00 GB reserved,       4.63 MB ( <1%) committed,  1 nodes.
             Both:        1.06 GB reserved,      34.69 MB (  3%) committed. 

Chunk freelists:
   Non-Class:  1.64 MB
       Class:  3.34 MB
        Both:  4.98 MB

MaxMetaspaceSize: unlimited
CompressedClassSpaceSize: 1.00 GB
Initial GC threshold: 21.00 MB
Current GC threshold: 35.31 MB
CDS: on
MetaspaceReclaimPolicy: balanced
 - commit_granule_bytes: 65536.
 - commit_granule_words: 8192.
 - virtual_space_node_default_size: 8388608.
 - enlarge_chunks_in_place: 1.
 - new_chunks_are_fully_committed: 0.
 - uncommit_free_chunks: 1.
 - use_allocation_guard: 0.


Internal statistics:

num_allocs_failed_limit: 3.
num_arena_births: 934.
num_arena_deaths: 0.
num_vsnodes_births: 2.
num_vsnodes_deaths: 0.
num_space_committed: 555.
num_space_uncommitted: 0.
num_chunks_returned_to_freelist: 3.
num_chunks_taken_from_freelist: 2224.
num_chunk_merges: 3.
num_chunk_splits: 1518.
num_chunks_enlarged: 1109.
num_inconsistent_stats: 0.

CodeHeap 'non-profiled nmethods': size=120000Kb used=1999Kb max_used=1999Kb free=118000Kb
 bounds [0x000001b4ced30000, 0x000001b4cefa0000, 0x000001b4d6260000]
CodeHeap 'profiled nmethods': size=120000Kb used=9434Kb max_used=9434Kb free=110565Kb
 bounds [0x000001b4c7800000, 0x000001b4c8140000, 0x000001b4ced30000]
CodeHeap 'non-nmethods': size=5760Kb used=1261Kb max_used=1319Kb free=4499Kb
 bounds [0x000001b4c7260000, 0x000001b4c74d0000, 0x000001b4c7800000]
 total_blobs=4887 nmethods=4325 adapters=473
 compilation: enabled
              stopped_count=0, restarted_count=0
 full_count=0

Compilation events (20 events):
Event: 19.686 Thread 0x000001b4dac001c0 4360       1       com.fasterxml.jackson.databind.introspect.AnnotationCollector$NoAnnotations::get (2 bytes)
Event: 19.686 Thread 0x000001b4dac001c0 nmethod 4360 0x000001b4cef14810 code [0x000001b4cef149a0, 0x000001b4cef14a78]
Event: 19.689 Thread 0x000001b4dac001c0 4361       3       java.lang.invoke.VarHandleReferences$FieldInstanceReadWrite::setRelease (35 bytes)
Event: 19.690 Thread 0x000001b4dac001c0 nmethod 4361 0x000001b4c812d990 code [0x000001b4c812dbc0, 0x000001b4c812e4b8]
Event: 19.691 Thread 0x000001b4dac001c0 4362       3       com.fasterxml.jackson.databind.util.internal.PrivateMaxEntriesMap::drainReadBuffer (104 bytes)
Event: 19.695 Thread 0x000001b4dac001c0 nmethod 4362 0x000001b4c812e790 code [0x000001b4c812ebe0, 0x000001b4c8130f68]
Event: 19.700 Thread 0x000001b4dac001c0 4363       3       java.lang.ClassLoader::getDefinedPackage (36 bytes)
Event: 19.701 Thread 0x000001b4dac001c0 nmethod 4363 0x000001b4c8131c90 code [0x000001b4c8131e80, 0x000001b4c8132488]
Event: 19.729 Thread 0x000001b4dac001c0 4367       3       jdk.internal.org.objectweb.asm.Type::getArgumentsAndReturnSizes (140 bytes)
Event: 19.732 Thread 0x000001b4dac001c0 nmethod 4367 0x000001b4c8132690 code [0x000001b4c8132a60, 0x000001b4c8134898]
Event: 19.864 Thread 0x000001b4dac001c0 4371       3       org.springframework.boot.devtools.filewatch.FileSnapshot::hashCode (49 bytes)
Event: 19.864 Thread 0x000001b4dac001c0 nmethod 4371 0x000001b4c8135410 code [0x000001b4c8135600, 0x000001b4c81359d8]
Event: 19.914 Thread 0x000001b4dabff7e0 nmethod 4307 0x000001b4cef15a10 code [0x000001b4cef16040, 0x000001b4cef1d4e0]
Event: 19.916 Thread 0x000001b4dabff7e0 4324       4       java.util.Properties$LineReader::readLine (584 bytes)
Event: 19.996 Thread 0x000001b4dabff7e0 nmethod 4324 0x000001b4cef20d90 code [0x000001b4cef20fc0, 0x000001b4cef22730]
Event: 21.483 Thread 0x000001b4dac001c0 4372       3       java.io.File::getName (42 bytes)
Event: 21.485 Thread 0x000001b4dac001c0 nmethod 4372 0x000001b4c8135c10 code [0x000001b4c8135e60, 0x000001b4c8136698]
Event: 22.499 Thread 0x000001b4dabff7e0 4374       4       java.io.File::exists (34 bytes)
Event: 22.506 Thread 0x000001b4dabff7e0 nmethod 4374 0x000001b4cef23810 code [0x000001b4cef239a0, 0x000001b4cef23cc8]
Event: 22.506 Thread 0x000001b4dabff7e0 4375       4       java.io.WinNTFileSystem::resolve (275 bytes)

GC Heap History (16 events):
Event: 1.956 GC heap before
{Heap before GC invocations=0 (full 0):
 garbage-first heap   total 65536K, used 13312K [0x00000000c1400000, 0x0000000100000000)
  region size 1024K, 13 young (13312K), 0 survivors (0K)
 Metaspace       used 4078K, committed 4288K, reserved 1114112K
  class space    used 413K, committed 512K, reserved 1048576K
}
Event: 1.981 GC heap after
{Heap after GC invocations=1 (full 0):
 garbage-first heap   total 65536K, used 4416K [0x00000000c1400000, 0x0000000100000000)
  region size 1024K, 2 young (2048K), 2 survivors (2048K)
 Metaspace       used 4078K, committed 4288K, reserved 1114112K
  class space    used 413K, committed 512K, reserved 1048576K
}
Event: 3.529 GC heap before
{Heap before GC invocations=1 (full 0):
 garbage-first heap   total 65536K, used 15680K [0x00000000c1400000, 0x0000000100000000)
  region size 1024K, 13 young (13312K), 2 survivors (2048K)
 Metaspace       used 6974K, committed 7232K, reserved 1114112K
  class space    used 793K, committed 896K, reserved 1048576K
}
Event: 3.534 GC heap after
{Heap after GC invocations=2 (full 0):
 garbage-first heap   total 65536K, used 5438K [0x00000000c1400000, 0x0000000100000000)
  region size 1024K, 1 young (1024K), 1 survivors (1024K)
 Metaspace       used 6974K, committed 7232K, reserved 1114112K
  class space    used 793K, committed 896K, reserved 1048576K
}
Event: 4.892 GC heap before
{Heap before GC invocations=2 (full 0):
 garbage-first heap   total 65536K, used 27966K [0x00000000c1400000, 0x0000000100000000)
  region size 1024K, 24 young (24576K), 1 survivors (1024K)
 Metaspace       used 12874K, committed 13120K, reserved 1114112K
  class space    used 1493K, committed 1600K, reserved 1048576K
}
Event: 4.901 GC heap after
{Heap after GC invocations=3 (full 0):
 garbage-first heap   total 65536K, used 7280K [0x00000000c1400000, 0x0000000100000000)
  region size 1024K, 3 young (3072K), 3 survivors (3072K)
 Metaspace       used 12874K, committed 13120K, reserved 1114112K
  class space    used 1493K, committed 1600K, reserved 1048576K
}
Event: 6.613 GC heap before
{Heap before GC invocations=3 (full 0):
 garbage-first heap   total 65536K, used 39024K [0x00000000c1400000, 0x0000000100000000)
  region size 1024K, 35 young (35840K), 3 survivors (3072K)
 Metaspace       used 18267K, committed 18624K, reserved 1114112K
  class space    used 2193K, committed 2368K, reserved 1048576K
}
Event: 6.630 GC heap after
{Heap after GC invocations=4 (full 0):
 garbage-first heap   total 65536K, used 10280K [0x00000000c1400000, 0x0000000100000000)
  region size 1024K, 5 young (5120K), 5 survivors (5120K)
 Metaspace       used 18267K, committed 18624K, reserved 1114112K
  class space    used 2193K, committed 2368K, reserved 1048576K
}
Event: 7.724 GC heap before
{Heap before GC invocations=4 (full 0):
 garbage-first heap   total 65536K, used 29736K [0x00000000c1400000, 0x0000000100000000)
  region size 1024K, 25 young (25600K), 5 survivors (5120K)
 Metaspace       used 21205K, committed 21504K, reserved 1114112K
  class space    used 2573K, committed 2752K, reserved 1048576K
}
Event: 7.740 GC heap after
{Heap after GC invocations=5 (full 0):
 garbage-first heap   total 65536K, used 11363K [0x00000000c1400000, 0x0000000100000000)
  region size 1024K, 2 young (2048K), 2 survivors (2048K)
 Metaspace       used 21205K, committed 21504K, reserved 1114112K
  class space    used 2573K, committed 2752K, reserved 1048576K
}
Event: 9.380 GC heap before
{Heap before GC invocations=6 (full 0):
 garbage-first heap   total 45056K, used 35939K [0x00000000c1400000, 0x0000000100000000)
  region size 1024K, 26 young (26624K), 2 survivors (2048K)
 Metaspace       used 26230K, committed 26688K, reserved 1114112K
  class space    used 3238K, committed 3456K, reserved 1048576K
}
Event: 9.393 GC heap after
{Heap after GC invocations=7 (full 0):
 garbage-first heap   total 45056K, used 13466K [0x00000000c1400000, 0x0000000100000000)
  region size 1024K, 4 young (4096K), 4 survivors (4096K)
 Metaspace       used 26230K, committed 26688K, reserved 1114112K
  class space    used 3238K, committed 3456K, reserved 1048576K
}
Event: 10.290 GC heap before
{Heap before GC invocations=7 (full 0):
 garbage-first heap   total 45056K, used 31898K [0x00000000c1400000, 0x0000000100000000)
  region size 1024K, 22 young (22528K), 4 survivors (4096K)
 Metaspace       used 28907K, committed 29440K, reserved 1114112K
  class space    used 3627K, committed 3904K, reserved 1048576K
}
Event: 10.303 GC heap after
{Heap after GC invocations=8 (full 0):
 garbage-first heap   total 45056K, used 15738K [0x00000000c1400000, 0x0000000100000000)
  region size 1024K, 3 young (3072K), 3 survivors (3072K)
 Metaspace       used 28907K, committed 29440K, reserved 1114112K
  class space    used 3627K, committed 3904K, reserved 1048576K
}
Event: 11.465 GC heap before
{Heap before GC invocations=8 (full 0):
 garbage-first heap   total 45056K, used 30074K [0x00000000c1400000, 0x0000000100000000)
  region size 1024K, 18 young (18432K), 3 survivors (3072K)
 Metaspace       used 31521K, committed 32128K, reserved 1114112K
  class space    used 4007K, committed 4288K, reserved 1048576K
}
Event: 11.482 GC heap after
{Heap after GC invocations=9 (full 0):
 garbage-first heap   total 45056K, used 17529K [0x00000000c1400000, 0x0000000100000000)
  region size 1024K, 2 young (2048K), 2 survivors (2048K)
 Metaspace       used 31521K, committed 32128K, reserved 1114112K
  class space    used 4007K, committed 4288K, reserved 1048576K
}

Deoptimization events (20 events):
Event: 19.086 Thread 0x000001b4e041f410 Uncommon trap: trap_request=0xffffff45 fr.pc=0x000001b4ced92ae0 relative=0x0000000000000c40
Event: 19.086 Thread 0x000001b4e041f410 Uncommon trap: reason=unstable_if action=reinterpret pc=0x000001b4ced92ae0 method=java.util.concurrent.ConcurrentHashMap.putVal(Ljava/lang/Object;Ljava/lang/Object;Z)Ljava/lang/Object; @ 97 c2
Event: 19.086 Thread 0x000001b4e041f410 DEOPT PACKING pc=0x000001b4ced92ae0 sp=0x00000082499fe4d0
Event: 19.086 Thread 0x000001b4e041f410 DEOPT UNPACKING pc=0x000001b4c72b23a3 sp=0x00000082499fe458 mode 2
Event: 19.247 Thread 0x000001b4e0421a90 Uncommon trap: trap_request=0xffffffcc fr.pc=0x000001b4cef0c088 relative=0x0000000000000368
Event: 19.247 Thread 0x000001b4e0421a90 Uncommon trap: reason=intrinsic_or_type_checked_inlining action=make_not_entrant pc=0x000001b4cef0c088 method=java.util.Arrays.copyOf([Ljava/lang/Object;ILjava/lang/Class;)[Ljava/lang/Object; @ 35 c2
Event: 19.247 Thread 0x000001b4e0421a90 DEOPT PACKING pc=0x000001b4cef0c088 sp=0x00000082497fe690
Event: 19.247 Thread 0x000001b4e0421a90 DEOPT UNPACKING pc=0x000001b4c72b23a3 sp=0x00000082497fe638 mode 2
Event: 19.605 Thread 0x000001b4e0421a90 Uncommon trap: trap_request=0xfffffff4 fr.pc=0x000001b4ceeb3ea4 relative=0x0000000000000304
Event: 19.605 Thread 0x000001b4e0421a90 Uncommon trap: reason=null_check action=make_not_entrant pc=0x000001b4ceeb3ea4 method=sun.invoke.util.VerifyType.isNullConversion(Ljava/lang/Class;Ljava/lang/Class;Z)Z @ 67 c2
Event: 19.605 Thread 0x000001b4e0421a90 DEOPT PACKING pc=0x000001b4ceeb3ea4 sp=0x00000082497fccd0
Event: 19.605 Thread 0x000001b4e0421a90 DEOPT UNPACKING pc=0x000001b4c72b23a3 sp=0x00000082497fcc50 mode 2
Event: 19.727 Thread 0x000001b4e0421a90 Uncommon trap: trap_request=0xffffff45 fr.pc=0x000001b4cee94390 relative=0x0000000000000610
Event: 19.727 Thread 0x000001b4e0421a90 Uncommon trap: reason=unstable_if action=reinterpret pc=0x000001b4cee94390 method=jdk.internal.org.objectweb.asm.Type.getArgumentsAndReturnSizes(Ljava/lang/String;)I @ 123 c2
Event: 19.727 Thread 0x000001b4e0421a90 DEOPT PACKING pc=0x000001b4cee94390 sp=0x00000082497fc820
Event: 19.727 Thread 0x000001b4e0421a90 DEOPT UNPACKING pc=0x000001b4c72b23a3 sp=0x00000082497fc7a0 mode 2
Event: 19.733 Thread 0x000001b4e0421a90 Uncommon trap: trap_request=0xffffff45 fr.pc=0x000001b4cee6eed8 relative=0x00000000000003f8
Event: 19.733 Thread 0x000001b4e0421a90 Uncommon trap: reason=unstable_if action=reinterpret pc=0x000001b4cee6eed8 method=jdk.internal.org.objectweb.asm.MethodWriter.visitVarInsn(II)V @ 242 c2
Event: 19.733 Thread 0x000001b4e0421a90 DEOPT PACKING pc=0x000001b4cee6eed8 sp=0x00000082497fc6f0
Event: 19.733 Thread 0x000001b4e0421a90 DEOPT UNPACKING pc=0x000001b4c72b23a3 sp=0x00000082497fc688 mode 2

Classes loaded (20 events):
Event: 19.402 Loading class java/time/format/DateTimeFormatterBuilder$ZoneTextPrinterParser
Event: 19.402 Loading class java/time/format/DateTimeFormatterBuilder$ZoneTextPrinterParser done
Event: 19.402 Loading class java/time/format/DateTimeFormatterBuilder$ReducedPrinterParser
Event: 19.403 Loading class java/time/format/DateTimeFormatterBuilder$ReducedPrinterParser done
Event: 19.406 Loading class java/io/PushbackInputStream
Event: 19.407 Loading class java/io/PushbackInputStream done
Event: 19.415 Loading class org/w3c/dom/Node
Event: 19.416 Loading class org/w3c/dom/Node done
Event: 19.416 Loading class org/w3c/dom/Document
Event: 19.416 Loading class org/w3c/dom/Document done
Event: 19.456 Loading class sun/reflect/generics/tree/IntSignature
Event: 19.456 Loading class sun/reflect/generics/tree/IntSignature done
Event: 19.482 Loading class jdk/internal/ValueBased
Event: 19.482 Loading class jdk/internal/ValueBased done
Event: 19.670 Loading class java/util/stream/LongStream
Event: 19.671 Loading class java/util/stream/LongStream done
Event: 19.671 Loading class java/util/stream/DoubleStream
Event: 19.672 Loading class java/util/stream/DoubleStream done
Event: 19.701 Loading class java/util/AbstractMap$SimpleEntry
Event: 19.701 Loading class java/util/AbstractMap$SimpleEntry done

Classes unloaded (0 events):
No events

Classes redefined (0 events):
No events

Internal exceptions (20 events):
Event: 9.872 Thread 0x000001b4df913890 Exception <a 'java/lang/NoSuchMethodError'{0x00000000c36ca860}: 'java.lang.Object java.lang.invoke.DirectMethodHandle$Holder.newInvokeSpecial(java.lang.Object, java.lang.Object, java.lang.Object, java.lang.Object, java.lang.Object, java.lang.Object, java.lang.Object, java.lang.Object, java.lang.Object, java.lang.Object, java.lang.Object)'> (0x00000000c36ca860) 
thrown [s\src\hotspot\share\interpreter\linkResolver.cpp, line 759]
Event: 9.872 Thread 0x000001b4df913890 Exception <a 'java/lang/NoSuchMethodError'{0x00000000c36cfcf0}: 'java.lang.Object java.lang.invoke.DirectMethodHandle$Holder.invokeSpecial(java.lang.Object, java.lang.Object, java.lang.Object, java.lang.Object, java.lang.Object, java.lang.Object, java.lang.Object, java.lang.Object, java.lang.Object, java.lang.Object, java.lang.Object, java.lang.Object)'> (0x00000000c36cfcf0) 
thrown [s\src\hotspot\share\interpreter\linkResolver.cpp, line 759]
Event: 9.960 Thread 0x000001b4df913890 Exception <a 'java/lang/NoSuchMethodError'{0x00000000c34e61b0}: 'java.lang.Object java.lang.invoke.DirectMethodHandle$Holder.invokeVirtual(java.lang.Object, java.lang.Object, int)'> (0x00000000c34e61b0) 
thrown [s\src\hotspot\share\interpreter\linkResolver.cpp, line 759]
Event: 10.050 Thread 0x000001b4df913890 Exception <a 'java/lang/NoSuchMethodError'{0x00000000c3285b50}: 'java.lang.Object java.lang.invoke.DirectMethodHandle$Holder.invokeVirtual(java.lang.Object, java.lang.Object, java.lang.Object, java.lang.Object, java.lang.Object, java.lang.Object, java.lang.Object, java.lang.Object)'> (0x00000000c3285b50) 
thrown [s\src\hotspot\share\interpreter\linkResolver.cpp, line 759]
Event: 10.070 Thread 0x000001b4df913890 Implicit null exception at 0x000001b4cee13c46 to 0x000001b4cee13d02
Event: 10.346 Thread 0x000001b4df913890 Exception <a 'java/lang/NoSuchMethodError'{0x00000000c53bf718}: 'java.lang.Object java.lang.invoke.DirectMethodHandle$Holder.invokeSpecialIFC(java.lang.Object, java.lang.Object, java.lang.Object)'> (0x00000000c53bf718) 
thrown [s\src\hotspot\share\interpreter\linkResolver.cpp, line 759]
Event: 10.535 Thread 0x000001b4df913890 Exception <a 'java/lang/IncompatibleClassChangeError'{0x00000000c3cde4d8}: Found class java.lang.Object, but interface was expected> (0x00000000c3cde4d8) 
thrown [s\src\hotspot\share\interpreter\linkResolver.cpp, line 826]
Event: 10.631 Thread 0x000001b4df913890 Exception <a 'java/lang/NoSuchMethodError'{0x00000000c3a75e70}: 'void java.lang.invoke.DirectMethodHandle$Holder.invokeVirtual(java.lang.Object, java.lang.Object, long)'> (0x00000000c3a75e70) 
thrown [s\src\hotspot\share\interpreter\linkResolver.cpp, line 759]
Event: 10.796 Thread 0x000001b4df913890 Exception <a 'java/lang/NoSuchMethodError'{0x00000000c379d418}: 'java.lang.Object java.lang.invoke.DirectMethodHandle$Holder.invokeVirtual(java.lang.Object, java.lang.Object, java.lang.Object, java.lang.Object, java.lang.Object, java.lang.Object, java.lang.Object)'> (0x00000000c379d418) 
thrown [s\src\hotspot\share\interpreter\linkResolver.cpp, line 759]
Event: 10.854 Thread 0x000001b4df913890 Exception <a 'java/lang/NoSuchMethodError'{0x00000000c36d7250}: 'int java.lang.invoke.DirectMethodHandle$Holder.invokeStaticInit(java.lang.Object, java.lang.Object, java.lang.Object, java.lang.Object)'> (0x00000000c36d7250) 
thrown [s\src\hotspot\share\interpreter\linkResolver.cpp, line 759]
Event: 10.989 Thread 0x000001b4df913890 Exception <a 'java/lang/NoSuchMethodError'{0x00000000c33a5600}: 'java.lang.Object java.lang.invoke.DirectMethodHandle$Holder.invokeVirtual(java.lang.Object, java.lang.Object, java.lang.Object, java.lang.Object, java.lang.Object, java.lang.Object, java.lang.Object, java.lang.Object, java.lang.Object, java.lang.Object)'> (0x00000000c33a5600) 
thrown [s\src\hotspot\share\interpreter\linkResolver.cpp, line 759]
Event: 10.990 Thread 0x000001b4df913890 Exception <a 'java/lang/NoSuchMethodError'{0x00000000c33a9c38}: 'java.lang.Object java.lang.invoke.DirectMethodHandle$Holder.invokeSpecial(java.lang.Object, java.lang.Object, java.lang.Object, java.lang.Object, java.lang.Object, java.lang.Object, java.lang.Object, java.lang.Object, java.lang.Object, java.lang.Object, java.lang.Object)'> (0x00000000c33a9c38) 
thrown [s\src\hotspot\share\interpreter\linkResolver.cpp, line 759]
Event: 11.934 Thread 0x000001b4df913890 Exception <a 'java/lang/NoSuchMethodError'{0x00000000c3fdea48}: 'java.lang.Object java.lang.invoke.DirectMethodHandle$Holder.newInvokeSpecial(java.lang.Object, java.lang.Object, int, java.lang.Object, java.lang.Object)'> (0x00000000c3fdea48) 
thrown [s\src\hotspot\share\interpreter\linkResolver.cpp, line 759]
Event: 19.130 Thread 0x000001b4e0421a90 Exception <a 'java/lang/NoSuchMethodError'{0x00000000c3a9a988}: 'java.lang.Object java.lang.invoke.DirectMethodHandle$Holder.invokeSpecial(java.lang.Object, java.lang.Object, java.lang.Object, java.lang.Object, java.lang.Object, long)'> (0x00000000c3a9a988) 
thrown [s\src\hotspot\share\interpreter\linkResolver.cpp, line 759]
Event: 19.130 Thread 0x000001b4e0421a90 Exception <a 'java/lang/NoSuchMethodError'{0x00000000c3a9e3d0}: 'java.lang.Object java.lang.invoke.Invokers$Holder.linkToTargetMethod(java.lang.Object, java.lang.Object, java.lang.Object, long, java.lang.Object)'> (0x00000000c3a9e3d0) 
thrown [s\src\hotspot\share\interpreter\linkResolver.cpp, line 759]
Event: 19.411 Thread 0x000001b4e0421a90 Exception <a 'java/lang/NoSuchMethodError'{0x00000000c378bfe0}: method resolution failed> (0x00000000c378bfe0) 
thrown [s\src\hotspot\share\prims\methodHandles.cpp, line 1264]
Event: 19.605 Thread 0x000001b4e0421a90 Implicit null exception at 0x000001b4ceeb3c51 to 0x000001b4ceeb3e90
Event: 19.606 Thread 0x000001b4e0421a90 Exception <a 'java/lang/NoSuchMethodError'{0x00000000c35d81a0}: 'java.lang.Object java.lang.invoke.DelegatingMethodHandle$Holder.reinvoke_L(java.lang.Object, int, int, java.lang.Object)'> (0x00000000c35d81a0) 
thrown [s\src\hotspot\share\interpreter\linkResolver.cpp, line 759]
Event: 19.727 Thread 0x000001b4e0421a90 Exception <a 'java/lang/NoSuchMethodError'{0x00000000c3304f68}: 'double java.lang.invoke.DirectMethodHandle$Holder.invokeSpecial(java.lang.Object, java.lang.Object)'> (0x00000000c3304f68) 
thrown [s\src\hotspot\share\interpreter\linkResolver.cpp, line 759]
Event: 19.728 Thread 0x000001b4e0421a90 Exception <a 'java/lang/NoSuchMethodError'{0x00000000c330c640}: 'double java.lang.invoke.DelegatingMethodHandle$Holder.reinvoke_L(java.lang.Object, java.lang.Object)'> (0x00000000c330c640) 
thrown [s\src\hotspot\share\interpreter\linkResolver.cpp, line 759]

VM Operations (20 events):
Event: 10.290 Executing VM operation: G1CollectForAllocation
Event: 10.303 Executing VM operation: G1CollectForAllocation done
Event: 10.685 Executing VM operation: HandshakeAllThreads
Event: 10.685 Executing VM operation: HandshakeAllThreads done
Event: 11.465 Executing VM operation: G1CollectForAllocation
Event: 11.483 Executing VM operation: G1CollectForAllocation done
Event: 12.012 Executing VM operation: HandshakeAllThreads
Event: 12.029 Executing VM operation: HandshakeAllThreads done
Event: 13.031 Executing VM operation: Cleanup
Event: 13.032 Executing VM operation: Cleanup done
Event: 19.104 Executing VM operation: Cleanup
Event: 19.105 Executing VM operation: Cleanup done
Event: 19.173 Executing VM operation: HandshakeAllThreads
Event: 19.174 Executing VM operation: HandshakeAllThreads done
Event: 19.452 Executing VM operation: HandshakeAllThreads
Event: 19.452 Executing VM operation: HandshakeAllThreads done
Event: 19.653 Executing VM operation: HandshakeAllThreads
Event: 19.653 Executing VM operation: HandshakeAllThreads done
Event: 20.658 Executing VM operation: Cleanup
Event: 20.658 Executing VM operation: Cleanup done

Events (20 events):
Event: 11.619 Thread 0x000001b4e0420750 Thread added: 0x000001b4e0420750
Event: 11.658 Thread 0x000001b4e0421a90 Thread added: 0x000001b4e0421a90
Event: 11.676 Thread 0x000001b4e0421a90 Thread exited: 0x000001b4e0421a90
Event: 11.677 Thread 0x000001b4e04215c0 Thread added: 0x000001b4e04215c0
Event: 11.962 Thread 0x000001b4e0421a90 Thread added: 0x000001b4e0421a90
Event: 11.963 Thread 0x000001b4e041f410 Thread added: 0x000001b4e041f410
Event: 11.963 Thread 0x000001b4e041e5a0 Thread added: 0x000001b4e041e5a0
Event: 11.963 Thread 0x000001b4e041ea70 Thread added: 0x000001b4e041ea70
Event: 11.963 Thread 0x000001b4e041ef40 Thread added: 0x000001b4e041ef40
Event: 11.964 Thread 0x000001b4e0420280 Thread added: 0x000001b4e0420280
Event: 11.964 Thread 0x000001b4e1158550 Thread added: 0x000001b4e1158550
Event: 11.964 Thread 0x000001b4e11593c0 Thread added: 0x000001b4e11593c0
Event: 11.964 Thread 0x000001b4e115a700 Thread added: 0x000001b4e115a700
Event: 11.964 Thread 0x000001b4e1158080 Thread added: 0x000001b4e1158080
Event: 12.008 Thread 0x000001b4e115c8b0 Thread added: 0x000001b4e115c8b0
Event: 12.011 Thread 0x000001b4e1159d60 Thread added: 0x000001b4e1159d60
Event: 12.076 Thread 0x000001b4df913890 Thread exited: 0x000001b4df913890
Event: 12.079 Thread 0x000001b4df912f50 Thread exited: 0x000001b4df912f50
Event: 12.080 Thread 0x000001b4bf69a840 Thread exited: 0x000001b4bf69a840
Event: 12.080 Thread 0x000001b4e115b570 Thread added: 0x000001b4e115b570


Dynamic libraries:
0x00007ff7c3e70000 - 0x00007ff7c3e7d000 	C:\Users\ERIN_JAVALead\.jdks\corretto-18.0.2\bin\java.exe
0x00007ffa76fd0000 - 0x00007ffa771c8000 	C:\WINDOWS\SYSTEM32\ntdll.dll
0x00007ffa757f0000 - 0x00007ffa758b1000 	C:\WINDOWS\System32\KERNEL32.DLL
0x00007ffa74b00000 - 0x00007ffa74df6000 	C:\WINDOWS\System32\KERNELBASE.dll
0x00007ffa74a00000 - 0x00007ffa74b00000 	C:\WINDOWS\System32\ucrtbase.dll
0x00007ffa581d0000 - 0x00007ffa581e7000 	C:\Users\ERIN_JAVALead\.jdks\corretto-18.0.2\bin\jli.dll
0x00007ffa75100000 - 0x00007ffa7529f000 	C:\WINDOWS\System32\USER32.dll
0x00007ffa74780000 - 0x00007ffa747a2000 	C:\WINDOWS\System32\win32u.dll
0x00007ffa755b0000 - 0x00007ffa755db000 	C:\WINDOWS\System32\GDI32.dll
0x00007ffa74e00000 - 0x00007ffa74f17000 	C:\WINDOWS\System32\gdi32full.dll
0x00007ffa746e0000 - 0x00007ffa7477d000 	C:\WINDOWS\System32\msvcp_win.dll
0x00007ffa54e10000 - 0x00007ffa54e25000 	C:\Users\ERIN_JAVALead\.jdks\corretto-18.0.2\bin\VCRUNTIME140.dll
0x00007ffa5cc40000 - 0x00007ffa5ceda000 	C:\WINDOWS\WinSxS\amd64_microsoft.windows.common-controls_6595b64144ccf1df_6.0.19041.4355_none_60b8b9eb71f62e16\COMCTL32.dll
0x00007ffa76eb0000 - 0x00007ffa76f4e000 	C:\WINDOWS\System32\msvcrt.dll
0x00007ffa750d0000 - 0x00007ffa750ff000 	C:\WINDOWS\System32\IMM32.DLL
0x00007ffa49db0000 - 0x00007ffa49e4b000 	C:\Users\ERIN_JAVALead\.jdks\corretto-18.0.2\bin\msvcp140.dll
0x00007ffa3f1e0000 - 0x00007ffa3fe51000 	C:\Users\ERIN_JAVALead\.jdks\corretto-18.0.2\bin\server\jvm.dll
0x00007ffa76d20000 - 0x00007ffa76dd0000 	C:\WINDOWS\System32\ADVAPI32.dll
0x00007ffa76c80000 - 0x00007ffa76d20000 	C:\WINDOWS\System32\sechost.dll
0x00007ffa762d0000 - 0x00007ffa763f3000 	C:\WINDOWS\System32\RPCRT4.dll
0x00007ffa74870000 - 0x00007ffa74897000 	C:\WINDOWS\System32\bcrypt.dll
0x00007ffa76f50000 - 0x00007ffa76f58000 	C:\WINDOWS\System32\PSAPI.DLL
0x00007ffa5ff60000 - 0x00007ffa5ff69000 	C:\WINDOWS\SYSTEM32\WSOCK32.dll
0x00007ffa76de0000 - 0x00007ffa76e4b000 	C:\WINDOWS\System32\WS2_32.dll
0x00007ffa4eb70000 - 0x00007ffa4eb97000 	C:\WINDOWS\SYSTEM32\WINMM.dll
0x00007ffa6e920000 - 0x00007ffa6e92a000 	C:\WINDOWS\SYSTEM32\VERSION.dll
0x00007ffa723b0000 - 0x00007ffa723c2000 	C:\WINDOWS\SYSTEM32\kernel.appcore.dll
0x00007ffa63f60000 - 0x00007ffa63f6a000 	C:\Users\ERIN_JAVALead\.jdks\corretto-18.0.2\bin\jimage.dll
0x00007ffa543a0000 - 0x00007ffa54584000 	C:\WINDOWS\SYSTEM32\DBGHELP.DLL
0x00007ffa54360000 - 0x00007ffa54394000 	C:\WINDOWS\SYSTEM32\dbgcore.DLL
0x00007ffa74650000 - 0x00007ffa746d2000 	C:\WINDOWS\System32\bcryptPrimitives.dll
0x00007ffa62370000 - 0x00007ffa6237e000 	C:\Users\ERIN_JAVALead\.jdks\corretto-18.0.2\bin\instrument.dll
0x00007ffa546d0000 - 0x00007ffa546f5000 	C:\Users\ERIN_JAVALead\.jdks\corretto-18.0.2\bin\java.dll
0x00007ffa45880000 - 0x00007ffa45956000 	C:\Users\ERIN_JAVALead\.jdks\corretto-18.0.2\bin\jsvml.dll
0x00007ffa76460000 - 0x00007ffa76bcc000 	C:\WINDOWS\System32\SHELL32.dll
0x00007ffa72690000 - 0x00007ffa72e2e000 	C:\WINDOWS\SYSTEM32\windows.storage.dll
0x00007ffa75b00000 - 0x00007ffa75e53000 	C:\WINDOWS\System32\combase.dll
0x00007ffa73ec0000 - 0x00007ffa73eee000 	C:\WINDOWS\SYSTEM32\Wldp.dll
0x00007ffa75450000 - 0x00007ffa7551d000 	C:\WINDOWS\System32\OLEAUT32.dll
0x00007ffa76bd0000 - 0x00007ffa76c7d000 	C:\WINDOWS\System32\SHCORE.dll
0x00007ffa758c0000 - 0x00007ffa75915000 	C:\WINDOWS\System32\shlwapi.dll
0x00007ffa74580000 - 0x00007ffa745a4000 	C:\WINDOWS\SYSTEM32\profapi.dll
0x00007ffa545a0000 - 0x00007ffa545b8000 	C:\Users\ERIN_JAVALead\.jdks\corretto-18.0.2\bin\zip.dll
0x00007ffa546b0000 - 0x00007ffa546c3000 	C:\Users\ERIN_JAVALead\.jdks\corretto-18.0.2\bin\net.dll
0x00007ffa6e780000 - 0x00007ffa6e88a000 	C:\WINDOWS\SYSTEM32\WINHTTP.dll
0x00007ffa73ca0000 - 0x00007ffa73d0a000 	C:\WINDOWS\system32\mswsock.dll
0x00007ffa545c0000 - 0x00007ffa545d5000 	C:\Users\ERIN_JAVALead\.jdks\corretto-18.0.2\bin\nio.dll
0x00007ffa527b0000 - 0x00007ffa527ca000 	C:\Program Files\JetBrains\IntelliJ IDEA Community Edition 2021.3.3\bin\breakgen64.dll
0x00007ffa622f0000 - 0x00007ffa622f9000 	C:\Users\ERIN_JAVALead\.jdks\corretto-18.0.2\bin\management.dll
0x00007ffa617a0000 - 0x00007ffa617ab000 	C:\Users\ERIN_JAVALead\.jdks\corretto-18.0.2\bin\management_ext.dll
0x00007ffa60fd0000 - 0x00007ffa60fde000 	C:\Users\ERIN_JAVALead\.jdks\corretto-18.0.2\bin\sunmscapi.dll
0x00007ffa748a0000 - 0x00007ffa749fe000 	C:\WINDOWS\System32\CRYPT32.dll
0x00007ffa74010000 - 0x00007ffa74039000 	C:\WINDOWS\SYSTEM32\ncrypt.dll
0x00007ffa73fd0000 - 0x00007ffa7400b000 	C:\WINDOWS\SYSTEM32\NTASN1.dll
0x00007ffa73f00000 - 0x00007ffa73f18000 	C:\WINDOWS\SYSTEM32\CRYPTSP.dll
0x00007ffa735e0000 - 0x00007ffa73614000 	C:\WINDOWS\system32\rsaenh.dll
0x00007ffa744f0000 - 0x00007ffa7451e000 	C:\WINDOWS\SYSTEM32\USERENV.dll
0x00007ffa73e30000 - 0x00007ffa73e3c000 	C:\WINDOWS\SYSTEM32\CRYPTBASE.dll
0x00007ffa739a0000 - 0x00007ffa739db000 	C:\WINDOWS\SYSTEM32\IPHLPAPI.DLL
0x00007ffa76dd0000 - 0x00007ffa76dd8000 	C:\WINDOWS\System32\NSI.dll
0x00007ffa6e540000 - 0x00007ffa6e557000 	C:\WINDOWS\SYSTEM32\dhcpcsvc6.DLL
0x00007ffa6e520000 - 0x00007ffa6e53d000 	C:\WINDOWS\SYSTEM32\dhcpcsvc.DLL
0x00007ffa739e0000 - 0x00007ffa73aaa000 	C:\WINDOWS\SYSTEM32\DNSAPI.dll

dbghelp: loaded successfully - version: 4.0.5 - missing functions: none
symbol engine: initialized successfully - sym options: 0x614 - pdb path: .;C:\Users\ERIN_JAVALead\.jdks\corretto-18.0.2\bin;C:\WINDOWS\SYSTEM32;C:\WINDOWS\WinSxS\amd64_microsoft.windows.common-controls_6595b64144ccf1df_6.0.19041.4355_none_60b8b9eb71f62e16;C:\Users\ERIN_JAVALead\.jdks\corretto-18.0.2\bin\server;C:\Program Files\JetBrains\IntelliJ IDEA Community Edition 2021.3.3\bin

VM Arguments:
jvm_args: -javaagent:C:\Program Files\JetBrains\IntelliJ IDEA Community Edition 2021.3.3\lib\idea_rt.jar=54454:C:\Program Files\JetBrains\IntelliJ IDEA Community Edition 2021.3.3\bin -Dfile.encoding=UTF-8 
java_command: com.smart_host.hotelallocation.HotelallocationApplication
java_class_path (initial): C:\Users\ERIN_JAVALead\Downloads\hotelallocation\hotelallocation\target\classes;C:\Users\ERIN_JAVALead\.m2\repository\org\springframework\boot\spring-boot-starter-data-rest\3.3.1\spring-boot-starter-data-rest-3.3.1.jar;C:\Users\ERIN_JAVALead\.m2\repository\org\springframework\data\spring-data-rest-webmvc\4.3.1\spring-data-rest-webmvc-4.3.1.jar;C:\Users\ERIN_JAVALead\.m2\repository\org\springframework\data\spring-data-rest-core\4.3.1\spring-data-rest-core-4.3.1.jar;C:\Users\ERIN_JAVALead\.m2\repository\org\springframework\spring-tx\6.1.10\spring-tx-6.1.10.jar;C:\Users\ERIN_JAVALead\.m2\repository\org\springframework\hateoas\spring-hateoas\2.3.0\spring-hateoas-2.3.0.jar;C:\Users\ERIN_JAVALead\.m2\repository\org\springframework\data\spring-data-commons\3.3.1\spring-data-commons-3.3.1.jar;C:\Users\ERIN_JAVALead\.m2\repository\org\springframework\plugin\spring-plugin-core\3.0.0\spring-plugin-core-3.0.0.jar;C:\Users\ERIN_JAVALead\.m2\repository\org\atteo\evo-inflector\1.3\evo-inflector-1.3.jar;C:\Users\ERIN_JAVALead\.m2\repository\com\fasterxml\jackson\core\jackson-databind\2.17.1\jackson-databind-2.17.1.jar;C:\Users\ERIN_JAVALead\.m2\repository\com\fasterxml\jackson\core\jackson-core\2.17.1\jackson-core-2.17.1.jar;C:\Users\ERIN_JAVALead\.m2\repository\com\fasterxml\jackson\core\jackson-annotations\2.17.1\jackson-annotations-2.17.1.jar;C:\Users\ERIN_JAVALead\.m2\repository\org\slf4j\slf4j-api\2.0.13\slf4j-api-2.0.13.jar;C:\Users\ERIN_JAVALead\.m2\repository\org\springframework\boot\spring-boot-starter-web\3.3.1\spring-boot-starter-web-3.3.1.jar;C:\Users\ERIN_JAVALead\.m2\repository\org\springframework\boot\spring-boot-starter\3.3.1\spring-boot-starter-3.3.1.jar;C:\Users\ERIN_JAVALead\.m2\repository\org\springframework\boot\spring-boot-starter-logging\3.3.1\spring-boot-starter-logging-3.3.1.jar;C:\Users\ERIN_JAVALead\.m2\repository\ch\qos\logback\logback-classic\1.5.6\logback-classic-1.5.6.jar;C:\Users\ERIN_JAVALead\.m2\repository\ch\qos\logback\logback-core\1.5.6\logback-core-1.5.6.jar;C:\Users\ERIN_JAVALead\.m2\repository\org\apache\logging\log4j\log4j-to-slf4j\2.23.1\log4j-to-slf4j-2.23.1.jar;C:\Users\ERIN_JAVALead\.m2\repository\org\apache\logging\log4j\log4j-api\2.23.1\log4j-api-2.23.1.jar;C:\Users\ERIN_JAVALead\.m2\repository\org\slf4j\jul-to-slf4j\2.0.13\jul-to-slf4j-2.0.13.jar;C:\Users\ERIN_JAVALead\.m2\repository\jakarta\annotation\jakarta.annotation-api\2.1.1\jakarta.annotation-api-2.1.1.jar;C:\Users\ERIN_JAVALead\.m2\repository\org\yaml\snakeyaml\2.2\snakeyaml-2.2.jar;C:\Users\ERIN_JAVALead\.m2\repository\org\springframework\boot\spring-boot-starter-json\3.3.1\spring-boot-starter-json-3.3.1.jar;C:\Users\ERIN_JAVALead\.m2\repository\com\fasterxml\jackson\datatype\jackson-datatype-jdk8\2.17.1\jackson-datatype-jdk8-2.17.1.jar;C:\Users\ERIN_JAVALead\.m2\repository\com\fasterxml\jackson\datatype\jackson-datatype-jsr310\2.17.1\jackson-datatype-jsr310-2.17.1.jar;C:\Users\ERIN_JAVALead\.m2\repository\com\fasterxml\jackson\module\jackson-module-parameter-names\2.17.1\jackson-module-parameter-names-2.17.1.jar;C:\Users\ERIN_JAVALead\.m2\repository\org\springframework\boot\spring-boot-starter-tomcat\3.3.1\spring-boot-starter-tomcat-3.3.1.jar;C:\Users\ERIN_JAVALead\.m2\repository\org\apache\tomcat\embed\tomcat-embed-core\10.1.25\tomcat-embed-core-10.1.25.jar;C:\Users\ERIN_JAVALead\.m2\repository\org\apache\tomcat\embed\tomcat-embed-el\10.1.25\tomcat-embed-el-10.1.25.jar;C:\Users\ERIN_JAVALead\.m2\repository\org\apache\tomcat\embed\tomcat-embed-websocket\10.1.25\tomcat-embed-websocket-10.1.25.jar;C:\Users\ERIN_JAVALead\.m2\repository\org\springframework\spring-web\6.1.10\spring-web-6.1.10.jar;C:\Users\ERIN_JAVALead\.m2\repository\org\springframework\spring-beans\6.1.10\spring-beans-6.1.10.jar;C:\Users\ERIN_JAVALead\.m2\repository\io\micrometer\micrometer-observation\1.13.1\micrometer-observation-1.13.1.jar;C:\Users\ERIN_JAVALead\.m2\repository\io\micrometer\micrometer-commons\1.13.1\micrometer-commons-1.13.1.jar;C:\Users\ERIN_JAVALead\.m2\repository\org\springframework\spring-webmvc\6.1.10\spring-webmvc-6.1.10.jar;C:\Users\ERIN_JAVALead\.m2\repository\org\springframework\spring-aop\6.1.10\spring-aop-6.1.10.jar;C:\Users\ERIN_JAVALead\.m2\repository\org\springframework\spring-context\6.1.10\spring-context-6.1.10.jar;C:\Users\ERIN_JAVALead\.m2\repository\org\springframework\spring-expression\6.1.10\spring-expression-6.1.10.jar;C:\Users\ERIN_JAVALead\.m2\repository\org\springframework\boot\spring-boot-devtools\3.3.1\spring-boot-devtools-3.3.1.jar;C:\Users\ERIN_JAVALead\.m2\repository\org\springframework\boot\spring-boot\3.3.1\spring-boot-3.3.1.jar;C:\Users\ERIN_JAVALead\.m2\repository\org\springframework\boot\spring-boot-autoconfigure\3.3.1\spring-boot-autoconfigure-3.3.1.jar;C:\Users\ERIN_JAVALead\.m2\repository\org\projectlombok\lombok\1.18.32\lombok-1.18.32.jar;C:\Users\ERIN_JAVALead\.m2\repository\com\jayway\jsonpath\json-path\2.9.0\json-path-2.9.0.jar;C:\Users\ERIN_JAVALead\.m2\repository\net\minidev\json-smart\2.5.1\json-smart-2.5.1.jar;C:\Users\ERIN_JAVALead\.m2\repository\net\minidev\accessors-smart\2.5.1\accessors-smart-2.5.1.jar;C:\Users\ERIN_JAVALead\.m2\repository\org\ow2\asm\asm\9.6\asm-9.6.jar;C:\Users\ERIN_JAVALead\.m2\repository\org\springframework\spring-core\6.1.10\spring-core-6.1.10.jar;C:\Users\ERIN_JAVALead\.m2\repository\org\springframework\spring-jcl\6.1.10\spring-jcl-6.1.10.jar
Launcher Type: SUN_STANDARD

[Global flags]
     intx CICompilerCount                          = 3                                         {product} {ergonomic}
     uint ConcGCThreads                            = 1                                         {product} {ergonomic}
     uint G1ConcRefinementThreads                  = 4                                         {product} {ergonomic}
   size_t G1HeapRegionSize                         = 1048576                                   {product} {ergonomic}
    uintx GCDrainStackTargetSize                   = 64                                        {product} {ergonomic}
   size_t InitialHeapSize                          = 67108864                                  {product} {ergonomic}
   size_t MarkStackSize                            = 4194304                                   {product} {ergonomic}
   size_t MaxHeapSize                              = 1052770304                                {product} {ergonomic}
   size_t MaxNewSize                               = 631242752                                 {product} {ergonomic}
   size_t MinHeapDeltaBytes                        = 1048576                                   {product} {ergonomic}
   size_t MinHeapSize                              = 8388608                                   {product} {ergonomic}
    uintx NonNMethodCodeHeapSize                   = 5832780                                {pd product} {ergonomic}
    uintx NonProfiledCodeHeapSize                  = 122912730                              {pd product} {ergonomic}
    uintx ProfiledCodeHeapSize                     = 122912730                              {pd product} {ergonomic}
    uintx ReservedCodeCacheSize                    = 251658240                              {pd product} {ergonomic}
     bool SegmentedCodeCache                       = true                                      {product} {ergonomic}
   size_t SoftMaxHeapSize                          = 1052770304                             {manageable} {ergonomic}
     bool UseCompressedClassPointers               = true                           {product lp64_product} {ergonomic}
     bool UseCompressedOops                        = true                           {product lp64_product} {ergonomic}
     bool UseG1GC                                  = true                                      {product} {ergonomic}
     bool UseLargePagesIndividualAllocation        = false                                  {pd product} {ergonomic}

Logging:
Log output configuration:
 #0: stdout all=warning uptime,level,tags foldmultilines=false
 #1: stderr all=off uptime,level,tags foldmultilines=false

Environment Variables:
JAVA_HOME=C:\Program Files\Java\jdk-17
PATH=C:\Program Files (x86)\Common Files\Oracle\Java\javapath;C:\WINDOWS\system32;C:\WINDOWS;C:\WINDOWS\System32\Wbem;C:\WINDOWS\System32\WindowsPowerShell\v1.0\;C:\WINDOWS\System32\OpenSSH\;C:\Program Files (x86)\nodejs\;C:\Program Files (x86)\nodejs\npm;C:\Users\ERIN_JAVALead\AppData\Roaming\npm;C:\Program Files\Git\cmd;C:\Program Files (x86)\dotnet\;C:\Program Files (x86)\Microsoft SQL Server\160\DTS\Binn\;C:\Program Files\Azure Data Studio\bin;C:\Program Files (x86)\Microsoft SQL Server\160\Tools\Binn\;C:\Program Files\Microsoft SQL Server\160\Tools\Binn\;C:\Program Files\Microsoft SQL Server\Client SDK\ODBC\170\Tools\Binn\;C:\Program Files\Microsoft SQL Server\160\DTS\Binn\;C:\Program Files\Java\jdk1.8.0_202\bin;C:\Program Files\Java\jdk1.8.0_202\jre\bin;C:\kafkasrc\bin\windows;C:\Program Files\Docker\Docker\resources\bin;C:\Program Files\Docker\Docker;C:\Users\ERIN_JAVALead\AppData\Local\Microsoft\WindowsApps;;C:\Users\ERIN_JAVALead\AppData\Local\Programs\Microsoft VS Code\bin;C:\Users\ERIN_JAVALead\AppData\Roaming\npm;C:\Program Files\Azure Data Studio\bin
USERNAME=ERIN_JAVALead
OS=Windows_NT
PROCESSOR_IDENTIFIER=Intel64 Family 6 Model 78 Stepping 3, GenuineIntel



---------------  S Y S T E M  ---------------

OS:
 Windows 10 , 64 bit Build 19041 (10.0.19041.4597)
OS uptime: 0 days 4:36 hours
Hyper-V role detected

CPU: total 4 (initial active 4) (2 cores per cpu, 2 threads per core) family 6 model 78 stepping 3 microcode 0xcc, cx8, cmov, fxsr, ht, mmx, 3dnowpref, sse, sse2, sse3, ssse3, sse4.1, sse4.2, popcnt, lzcnt, tsc, tscinvbit, avx, avx2, aes, erms, clmul, bmi1, bmi2, adx, fma, vzeroupper, clflush, clflushopt, hv

Memory: 4k page, system-wide physical 4012M (351M free)
TotalPageFile size 6060M (AvailPageFile size 2M)
current process WorkingSet (physical memory assigned to process): 147M, peak: 170M
current process commit charge ("private bytes"): 181M, peak: 201M

vm_info: OpenJDK 64-Bit Server VM (18.0.2+9-FR) for windows-amd64 JRE (18.0.2+9-FR), built on Jul 15 2022 20:03:03 by "Administrator" with MS VC++ 15.9 (VS2017)

END.
