#
# There is insufficient memory for the Java Runtime Environment to continue.
# Native memory allocation (malloc) failed to allocate 1584192 bytes for Chunk::new
# Possible reasons:
#   The system is out of physical RAM or swap space
#   The process is running with CompressedOops enabled, and the Java Heap may be blocking the growth of the native heap
# Possible solutions:
#   Reduce memory load on the system
#   Increase physical memory or swap space
#   Check if swap backing store is full
#   Decrease Java heap size (-Xmx/-Xms)
#   Decrease number of Java threads
#   Decrease Java thread stack sizes (-Xss)
#   Set larger code cache with -XX:ReservedCodeCacheSize=
#   JVM is running with Unscaled Compressed Oops mode in which the Java heap is
#     placed in the first 4GB address space. The Java Heap base address is the
#     maximum limit for the native heap growth. Please use -XX:HeapBaseMinAddress
#     to set the Java Heap base and to place the Java Heap above 4GB virtual address.
# This output file may be truncated or incomplete.
#
#  Out of Memory Error (arena.cpp:184), pid=8040, tid=14072
#
# JRE version: OpenJDK Runtime Environment Corretto-18.0.2.9.1 (18.0.2+9) (build 18.0.2+9-FR)
# Java VM: OpenJDK 64-Bit Server VM Corretto-18.0.2.9.1 (18.0.2+9-FR, mixed mode, sharing, tiered, compressed oops, compressed class ptrs, g1 gc, windows-amd64)
# No core dump will be written. Minidumps are not enabled by default on client versions of Windows
#

---------------  S U M M A R Y ------------

Command Line: -agentlib:jdwp=transport=dt_socket,address=127.0.0.1:55876,suspend=y,server=n -javaagent:C:\Users\ERIN_JAVALead\AppData\Local\JetBrains\IdeaIC2021.3\captureAgent\debugger-agent.jar -Dfile.encoding=UTF-8 com.smart_host.hotelallocation.HotelallocationApplication

Host: Intel(R) Core(TM) i3-6006U CPU @ 2.00GHz, 4 cores, 3G,  Windows 10 , 64 bit Build 19041 (10.0.19041.4597)
Time: Thu Jul 18 14:39:29 2024 W. Europe Daylight Time elapsed time: 17.454432 seconds (0d 0h 0m 17s)

---------------  T H R E A D  ---------------

Current thread (0x000002bcb3355e80):  JavaThread "C2 CompilerThread0" daemon [_thread_in_native, id=14072, stack(0x000000d4f4a00000,0x000000d4f4b00000)]


Current CompileTask:
C2:  17454 1884       4       java.lang.invoke.MethodType::makeImpl (109 bytes)

Stack: [0x000000d4f4a00000,0x000000d4f4b00000]
Native frames: (J=compiled Java code, j=interpreted, Vv=VM code, C=native code)
V  [jvm.dll+0x685a2a]
V  [jvm.dll+0x82ae8d]
V  [jvm.dll+0x82c75e]
V  [jvm.dll+0x82ce03]
V  [jvm.dll+0x25ef4b]
V  [jvm.dll+0xd42d2]
V  [jvm.dll+0xd4665]
V  [jvm.dll+0x38578b]
V  [jvm.dll+0x34d82a]
V  [jvm.dll+0x34cc1a]
V  [jvm.dll+0x233a65]
V  [jvm.dll+0x232f37]
V  [jvm.dll+0x1c0a35]
V  [jvm.dll+0x24212c]
V  [jvm.dll+0x240534]
V  [jvm.dll+0x7df6db]
V  [jvm.dll+0x7d9cba]
V  [jvm.dll+0x6848a5]
C  [ucrtbase.dll+0x21bb2]
C  [KERNEL32.DLL+0x17374]
C  [ntdll.dll+0x4cc91]


---------------  P R O C E S S  ---------------

Threads class SMR info:
_java_thread_list=0x000002bcd37493f0, length=18, elements={
0x000002bcb329afa0, 0x000002bcb333b970, 0x000002bcb333c4e0, 0x000002bcb3353890,
0x000002bcb3354140, 0x000002bcb33549f0, 0x000002bcb33552a0, 0x000002bcb3355e80,
0x000002bcce876ec0, 0x000002bcce883b70, 0x000002bcce8b9bd0, 0x000002bcd2cfcb20,
0x000002bcd2d3c930, 0x000002bcd2d3ce10, 0x000002bcd2d4b180, 0x000002bcd35db6f0,
0x000002bcd35dbbb0, 0x000002bcd318c660
}

Java Threads: ( => current thread )
  0x000002bcb329afa0 JavaThread "main" [_thread_blocked, id=8408, stack(0x000000d4f3d00000,0x000000d4f3e00000)]
  0x000002bcb333b970 JavaThread "Reference Handler" daemon [_thread_blocked, id=12688, stack(0x000000d4f4400000,0x000000d4f4500000)]
  0x000002bcb333c4e0 JavaThread "Finalizer" daemon [_thread_blocked, id=7340, stack(0x000000d4f4500000,0x000000d4f4600000)]
  0x000002bcb3353890 JavaThread "Signal Dispatcher" daemon [_thread_blocked, id=12968, stack(0x000000d4f4600000,0x000000d4f4700000)]
  0x000002bcb3354140 JavaThread "Attach Listener" daemon [_thread_blocked, id=4448, stack(0x000000d4f4700000,0x000000d4f4800000)]
  0x000002bcb33549f0 JavaThread "Service Thread" daemon [_thread_blocked, id=2536, stack(0x000000d4f4800000,0x000000d4f4900000)]
  0x000002bcb33552a0 JavaThread "Monitor Deflation Thread" daemon [_thread_blocked, id=9204, stack(0x000000d4f4900000,0x000000d4f4a00000)]
=>0x000002bcb3355e80 JavaThread "C2 CompilerThread0" daemon [_thread_in_native, id=14072, stack(0x000000d4f4a00000,0x000000d4f4b00000)]
  0x000002bcce876ec0 JavaThread "C1 CompilerThread0" daemon [_thread_blocked, id=7956, stack(0x000000d4f4b00000,0x000000d4f4c00000)]
  0x000002bcce883b70 JavaThread "Sweeper thread" daemon [_thread_blocked, id=10644, stack(0x000000d4f4c00000,0x000000d4f4d00000)]
  0x000002bcce8b9bd0 JavaThread "Common-Cleaner" daemon [_thread_blocked, id=8820, stack(0x000000d4f4d00000,0x000000d4f4e00000)]
  0x000002bcd2cfcb20 JavaThread "JDWP Transport Listener: dt_socket" daemon [_thread_blocked, id=12196, stack(0x000000d4f4e00000,0x000000d4f4f00000)]
  0x000002bcd2d3c930 JavaThread "JDWP Event Helper Thread" daemon [_thread_blocked, id=13672, stack(0x000000d4f4f00000,0x000000d4f5000000)]
  0x000002bcd2d3ce10 JavaThread "JDWP Command Reader" daemon [_thread_in_native, id=9444, stack(0x000000d4f5000000,0x000000d4f5100000)]
  0x000002bcd2d4b180 JavaThread "Notification Thread" daemon [_thread_blocked, id=7960, stack(0x000000d4f5100000,0x000000d4f5200000)]
  0x000002bcd35db6f0 JavaThread "Thread-0" [_thread_blocked, id=3092, stack(0x000000d4f5600000,0x000000d4f5700000)]
  0x000002bcd35dbbb0 JavaThread "restartedMain" [_thread_in_native, id=3096, stack(0x000000d4f5700000,0x000000d4f5800000)]
  0x000002bcd318c660 JavaThread "background-preinit" [_thread_in_vm, id=7612, stack(0x000000d4f5800000,0x000000d4f5900000)]

Other Threads:
  0x000002bcb3335370 VMThread "VM Thread" [stack: 0x000000d4f4300000,0x000000d4f4400000] [id=12324]
  0x000002bcd2d4b640 WatcherThread "VM Periodic Task Thread" [stack: 0x000000d4f5200000,0x000000d4f5300000] [id=8548]
  0x000002bcb32db890 WorkerThread "GC Thread#0" [stack: 0x000000d4f3e00000,0x000000d4f3f00000] [id=12644]
  0x000002bcd31351b0 WorkerThread "GC Thread#1" [stack: 0x000000d4f5300000,0x000000d4f5400000] [id=12488]
  0x000002bcd3131620 WorkerThread "GC Thread#2" [stack: 0x000000d4f5400000,0x000000d4f5500000] [id=9112]
  0x000002bcd2c674b0 WorkerThread "GC Thread#3" [stack: 0x000000d4f5500000,0x000000d4f5600000] [id=7152]
  0x000002bcb32e6470 ConcurrentGCThread "G1 Main Marker" [stack: 0x000000d4f3f00000,0x000000d4f4000000] [id=9140]
  0x000002bcb32e6d70 WorkerThread "G1 Conc#0" [stack: 0x000000d4f4000000,0x000000d4f4100000] [id=11648]
  0x000002bcb330fb00 ConcurrentGCThread "G1 Refine#0" [stack: 0x000000d4f4100000,0x000000d4f4200000] [id=11444]
  0x000002bcb3311330 ConcurrentGCThread "G1 Service" [stack: 0x000000d4f4200000,0x000000d4f4300000] [id=11544]

Threads with active compile tasks:
C2 CompilerThread0    17551 1884       4       java.lang.invoke.MethodType::makeImpl (109 bytes)

VM state: not at safepoint (normal execution)

VM Mutex/Monitor currently owned by a thread: None

Heap address: 0x00000000c1400000, size: 1004 MB, Compressed Oops mode: 32-bit

CDS archive(s) mapped at: [0x0000000800000000-0x0000000800ba0000-0x0000000800ba0000), size 12189696, SharedBaseAddress: 0x0000000800000000, ArchiveRelocationMode: 0.
Compressed class space mapped at: 0x0000000800c00000-0x0000000840c00000, reserved size: 1073741824
Narrow klass base: 0x0000000800000000, Narrow klass shift: 0, Narrow klass range: 0x100000000

GC Precious Log:
 CardTable entry size: 512
 Card Set container configuration: InlinePtr #cards 5 size 8 Array Of Cards #cards 12 size 40 Howl #buckets 4 coarsen threshold 1843 Howl Bitmap #cards 512 size 80 coarsen threshold 460 Card regions per heap region 1 cards per card region 2048
 CPUs: 4 total, 4 available
 Memory: 4012M
 Large Page Support: Disabled
 NUMA Support: Disabled
 Compressed Oops: Enabled (32-bit)
 Heap Region Size: 1M
 Heap Min Capacity: 8M
 Heap Initial Capacity: 64M
 Heap Max Capacity: 1004M
 Pre-touch: Disabled
 Parallel Workers: 4
 Concurrent Workers: 1
 Concurrent Refinement Workers: 4
 Periodic GC: Disabled

Heap:
 garbage-first heap   total 65536K, used 27306K [0x00000000c1400000, 0x0000000100000000)
  region size 1024K, 25 young (25600K), 2 survivors (2048K)
 Metaspace       used 15482K, committed 15744K, reserved 1114112K
  class space    used 1853K, committed 1984K, reserved 1048576K

Heap Regions: E=young(eden), S=young(survivor), O=old, HS=humongous(starts), HC=humongous(continues), CS=collection set, F=free, OA=open archive, CA=closed archive, TAMS=top-at-mark-start (previous, next)
|   0|0x00000000c1400000, 0x00000000c1500000, 0x00000000c1500000|100%| O|  |TAMS 0x00000000c1400000, 0x00000000c1400000| Untracked 
|   1|0x00000000c1500000, 0x00000000c1600000, 0x00000000c1600000|100%| O|  |TAMS 0x00000000c1500000, 0x00000000c1500000| Untracked 
|   2|0x00000000c1600000, 0x00000000c1700000, 0x00000000c1700000|100%| O|  |TAMS 0x00000000c1600000, 0x00000000c1600000| Untracked 
|   3|0x00000000c1700000, 0x00000000c17c2c00, 0x00000000c1800000| 76%| O|  |TAMS 0x00000000c1700000, 0x00000000c1700000| Untracked 
|   4|0x00000000c1800000, 0x00000000c1800000, 0x00000000c1900000|  0%| F|  |TAMS 0x00000000c1800000, 0x00000000c1800000| Untracked 
|   5|0x00000000c1900000, 0x00000000c1900000, 0x00000000c1a00000|  0%| F|  |TAMS 0x00000000c1900000, 0x00000000c1900000| Untracked 
|   6|0x00000000c1a00000, 0x00000000c1a00000, 0x00000000c1b00000|  0%| F|  |TAMS 0x00000000c1a00000, 0x00000000c1a00000| Untracked 
|   7|0x00000000c1b00000, 0x00000000c1b00000, 0x00000000c1c00000|  0%| F|  |TAMS 0x00000000c1b00000, 0x00000000c1b00000| Untracked 
|   8|0x00000000c1c00000, 0x00000000c1c00000, 0x00000000c1d00000|  0%| F|  |TAMS 0x00000000c1c00000, 0x00000000c1c00000| Untracked 
|   9|0x00000000c1d00000, 0x00000000c1d00000, 0x00000000c1e00000|  0%| F|  |TAMS 0x00000000c1d00000, 0x00000000c1d00000| Untracked 
|  10|0x00000000c1e00000, 0x00000000c1e00000, 0x00000000c1f00000|  0%| F|  |TAMS 0x00000000c1e00000, 0x00000000c1e00000| Untracked 
|  11|0x00000000c1f00000, 0x00000000c1f00000, 0x00000000c2000000|  0%| F|  |TAMS 0x00000000c1f00000, 0x00000000c1f00000| Untracked 
|  12|0x00000000c2000000, 0x00000000c2000000, 0x00000000c2100000|  0%| F|  |TAMS 0x00000000c2000000, 0x00000000c2000000| Untracked 
|  13|0x00000000c2100000, 0x00000000c2100000, 0x00000000c2200000|  0%| F|  |TAMS 0x00000000c2100000, 0x00000000c2100000| Untracked 
|  14|0x00000000c2200000, 0x00000000c2200000, 0x00000000c2300000|  0%| F|  |TAMS 0x00000000c2200000, 0x00000000c2200000| Untracked 
|  15|0x00000000c2300000, 0x00000000c2300000, 0x00000000c2400000|  0%| F|  |TAMS 0x00000000c2300000, 0x00000000c2300000| Untracked 
|  16|0x00000000c2400000, 0x00000000c2400000, 0x00000000c2500000|  0%| F|  |TAMS 0x00000000c2400000, 0x00000000c2400000| Untracked 
|  17|0x00000000c2500000, 0x00000000c2500000, 0x00000000c2600000|  0%| F|  |TAMS 0x00000000c2500000, 0x00000000c2500000| Untracked 
|  18|0x00000000c2600000, 0x00000000c2600000, 0x00000000c2700000|  0%| F|  |TAMS 0x00000000c2600000, 0x00000000c2600000| Untracked 
|  19|0x00000000c2700000, 0x00000000c2700000, 0x00000000c2800000|  0%| F|  |TAMS 0x00000000c2700000, 0x00000000c2700000| Untracked 
|  20|0x00000000c2800000, 0x00000000c2800000, 0x00000000c2900000|  0%| F|  |TAMS 0x00000000c2800000, 0x00000000c2800000| Untracked 
|  21|0x00000000c2900000, 0x00000000c2900000, 0x00000000c2a00000|  0%| F|  |TAMS 0x00000000c2900000, 0x00000000c2900000| Untracked 
|  22|0x00000000c2a00000, 0x00000000c2a00000, 0x00000000c2b00000|  0%| F|  |TAMS 0x00000000c2a00000, 0x00000000c2a00000| Untracked 
|  23|0x00000000c2b00000, 0x00000000c2b00000, 0x00000000c2c00000|  0%| F|  |TAMS 0x00000000c2b00000, 0x00000000c2b00000| Untracked 
|  24|0x00000000c2c00000, 0x00000000c2c00000, 0x00000000c2d00000|  0%| F|  |TAMS 0x00000000c2c00000, 0x00000000c2c00000| Untracked 
|  25|0x00000000c2d00000, 0x00000000c2d00000, 0x00000000c2e00000|  0%| F|  |TAMS 0x00000000c2d00000, 0x00000000c2d00000| Untracked 
|  26|0x00000000c2e00000, 0x00000000c2e00000, 0x00000000c2f00000|  0%| F|  |TAMS 0x00000000c2e00000, 0x00000000c2e00000| Untracked 
|  27|0x00000000c2f00000, 0x00000000c2f00000, 0x00000000c3000000|  0%| F|  |TAMS 0x00000000c2f00000, 0x00000000c2f00000| Untracked 
|  28|0x00000000c3000000, 0x00000000c3000000, 0x00000000c3100000|  0%| F|  |TAMS 0x00000000c3000000, 0x00000000c3000000| Untracked 
|  29|0x00000000c3100000, 0x00000000c3100000, 0x00000000c3200000|  0%| F|  |TAMS 0x00000000c3100000, 0x00000000c3100000| Untracked 
|  30|0x00000000c3200000, 0x00000000c3200000, 0x00000000c3300000|  0%| F|  |TAMS 0x00000000c3200000, 0x00000000c3200000| Untracked 
|  31|0x00000000c3300000, 0x00000000c3300000, 0x00000000c3400000|  0%| F|  |TAMS 0x00000000c3300000, 0x00000000c3300000| Untracked 
|  32|0x00000000c3400000, 0x00000000c3400000, 0x00000000c3500000|  0%| F|  |TAMS 0x00000000c3400000, 0x00000000c3400000| Untracked 
|  33|0x00000000c3500000, 0x00000000c3500000, 0x00000000c3600000|  0%| F|  |TAMS 0x00000000c3500000, 0x00000000c3500000| Untracked 
|  34|0x00000000c3600000, 0x00000000c3600000, 0x00000000c3700000|  0%| F|  |TAMS 0x00000000c3600000, 0x00000000c3600000| Untracked 
|  35|0x00000000c3700000, 0x00000000c3700000, 0x00000000c3800000|  0%| F|  |TAMS 0x00000000c3700000, 0x00000000c3700000| Untracked 
|  36|0x00000000c3800000, 0x00000000c3800000, 0x00000000c3900000|  0%| F|  |TAMS 0x00000000c3800000, 0x00000000c3800000| Untracked 
|  37|0x00000000c3900000, 0x00000000c3900000, 0x00000000c3a00000|  0%| F|  |TAMS 0x00000000c3900000, 0x00000000c3900000| Untracked 
|  38|0x00000000c3a00000, 0x00000000c3ae7e90, 0x00000000c3b00000| 90%| S|CS|TAMS 0x00000000c3a00000, 0x00000000c3a00000| Complete 
|  39|0x00000000c3b00000, 0x00000000c3c00000, 0x00000000c3c00000|100%| S|CS|TAMS 0x00000000c3b00000, 0x00000000c3b00000| Complete 
|  40|0x00000000c3c00000, 0x00000000c3c00000, 0x00000000c3d00000|  0%| F|  |TAMS 0x00000000c3c00000, 0x00000000c3c00000| Untracked 
|  41|0x00000000c3d00000, 0x00000000c3dd7960, 0x00000000c3e00000| 84%| E|  |TAMS 0x00000000c3d00000, 0x00000000c3d00000| Complete 
|  42|0x00000000c3e00000, 0x00000000c3f00000, 0x00000000c3f00000|100%| E|CS|TAMS 0x00000000c3e00000, 0x00000000c3e00000| Complete 
|  43|0x00000000c3f00000, 0x00000000c4000000, 0x00000000c4000000|100%| E|CS|TAMS 0x00000000c3f00000, 0x00000000c3f00000| Complete 
|  44|0x00000000c4000000, 0x00000000c4100000, 0x00000000c4100000|100%| E|CS|TAMS 0x00000000c4000000, 0x00000000c4000000| Complete 
|  45|0x00000000c4100000, 0x00000000c4200000, 0x00000000c4200000|100%| E|CS|TAMS 0x00000000c4100000, 0x00000000c4100000| Complete 
|  46|0x00000000c4200000, 0x00000000c4300000, 0x00000000c4300000|100%| E|  |TAMS 0x00000000c4200000, 0x00000000c4200000| Complete 
|  47|0x00000000c4300000, 0x00000000c4400000, 0x00000000c4400000|100%| E|CS|TAMS 0x00000000c4300000, 0x00000000c4300000| Complete 
|  48|0x00000000c4400000, 0x00000000c4500000, 0x00000000c4500000|100%| E|CS|TAMS 0x00000000c4400000, 0x00000000c4400000| Complete 
|  49|0x00000000c4500000, 0x00000000c4600000, 0x00000000c4600000|100%| E|CS|TAMS 0x00000000c4500000, 0x00000000c4500000| Complete 
|  50|0x00000000c4600000, 0x00000000c4700000, 0x00000000c4700000|100%| E|CS|TAMS 0x00000000c4600000, 0x00000000c4600000| Complete 
|  51|0x00000000c4700000, 0x00000000c4800000, 0x00000000c4800000|100%| E|CS|TAMS 0x00000000c4700000, 0x00000000c4700000| Complete 
|  52|0x00000000c4800000, 0x00000000c4900000, 0x00000000c4900000|100%| E|CS|TAMS 0x00000000c4800000, 0x00000000c4800000| Complete 
|  53|0x00000000c4900000, 0x00000000c4a00000, 0x00000000c4a00000|100%| E|CS|TAMS 0x00000000c4900000, 0x00000000c4900000| Complete 
|  54|0x00000000c4a00000, 0x00000000c4b00000, 0x00000000c4b00000|100%| E|CS|TAMS 0x00000000c4a00000, 0x00000000c4a00000| Complete 
|  55|0x00000000c4b00000, 0x00000000c4c00000, 0x00000000c4c00000|100%| E|CS|TAMS 0x00000000c4b00000, 0x00000000c4b00000| Complete 
|  56|0x00000000c4c00000, 0x00000000c4d00000, 0x00000000c4d00000|100%| E|CS|TAMS 0x00000000c4c00000, 0x00000000c4c00000| Complete 
|  57|0x00000000c4d00000, 0x00000000c4e00000, 0x00000000c4e00000|100%| E|CS|TAMS 0x00000000c4d00000, 0x00000000c4d00000| Complete 
|  58|0x00000000c4e00000, 0x00000000c4f00000, 0x00000000c4f00000|100%| E|CS|TAMS 0x00000000c4e00000, 0x00000000c4e00000| Complete 
|  59|0x00000000c4f00000, 0x00000000c5000000, 0x00000000c5000000|100%| E|CS|TAMS 0x00000000c4f00000, 0x00000000c4f00000| Complete 
|  60|0x00000000c5000000, 0x00000000c5100000, 0x00000000c5100000|100%| E|CS|TAMS 0x00000000c5000000, 0x00000000c5000000| Complete 
|  61|0x00000000c5100000, 0x00000000c5200000, 0x00000000c5200000|100%| E|CS|TAMS 0x00000000c5100000, 0x00000000c5100000| Complete 
|  62|0x00000000c5200000, 0x00000000c5300000, 0x00000000c5300000|100%| E|CS|TAMS 0x00000000c5200000, 0x00000000c5200000| Complete 
|  63|0x00000000c5300000, 0x00000000c5400000, 0x00000000c5400000|100%| E|CS|TAMS 0x00000000c5300000, 0x00000000c5300000| Complete 

Card table byte_map: [0x000002bcca060000,0x000002bcca260000] _byte_map_base: 0x000002bcc9a56000

Marking Bits (Prev, Next): (CMBitMap*) 0x000002bcb32dddc0, (CMBitMap*) 0x000002bcb32dde00
 Prev Bits: [0x000002bcca460000, 0x000002bccb410000)
 Next Bits: [0x000002bccb410000, 0x000002bccc3c0000)

Polling page: 0x000002bcb1230000

Metaspace:

Usage:
  Non-class:     13.31 MB used.
      Class:      1.81 MB used.
       Both:     15.12 MB used.

Virtual space:
  Non-class space:       64.00 MB reserved,      13.44 MB ( 21%) committed,  1 nodes.
      Class space:        1.00 GB reserved,       1.94 MB ( <1%) committed,  1 nodes.
             Both:        1.06 GB reserved,      15.38 MB (  1%) committed. 

Chunk freelists:
   Non-Class:  2.54 MB
       Class:  2.00 MB
        Both:  4.54 MB

MaxMetaspaceSize: unlimited
CompressedClassSpaceSize: 1.00 GB
Initial GC threshold: 21.00 MB
Current GC threshold: 21.00 MB
CDS: on
MetaspaceReclaimPolicy: balanced
 - commit_granule_bytes: 65536.
 - commit_granule_words: 8192.
 - virtual_space_node_default_size: 8388608.
 - enlarge_chunks_in_place: 1.
 - new_chunks_are_fully_committed: 0.
 - uncommit_free_chunks: 1.
 - use_allocation_guard: 0.


Internal statistics:

num_allocs_failed_limit: 0.
num_arena_births: 244.
num_arena_deaths: 0.
num_vsnodes_births: 2.
num_vsnodes_deaths: 0.
num_space_committed: 246.
num_space_uncommitted: 0.
num_chunks_returned_to_freelist: 0.
num_chunks_taken_from_freelist: 739.
num_chunk_merges: 0.
num_chunk_splits: 517.
num_chunks_enlarged: 407.
num_inconsistent_stats: 0.

CodeHeap 'non-profiled nmethods': size=120000Kb used=659Kb max_used=659Kb free=119340Kb
 bounds [0x000002bcc2930000, 0x000002bcc2ba0000, 0x000002bcc9e60000]
CodeHeap 'profiled nmethods': size=120000Kb used=3979Kb max_used=3979Kb free=116020Kb
 bounds [0x000002bcbb400000, 0x000002bcbb7f0000, 0x000002bcc2930000]
CodeHeap 'non-nmethods': size=5760Kb used=1260Kb max_used=1283Kb free=4499Kb
 bounds [0x000002bcbae60000, 0x000002bcbb0d0000, 0x000002bcbb400000]
 total_blobs=2430 nmethods=1954 adapters=388
 compilation: enabled
              stopped_count=0, restarted_count=0
 full_count=0

Compilation events (20 events):
Event: 17.425 Thread 0x000002bcce876ec0 nmethod 1939 0x000002bcbb7c5e90 code [0x000002bcbb7c6020, 0x000002bcbb7c61f8]
Event: 17.427 Thread 0x000002bcce876ec0 1940       3       java.lang.Character::codePointAt (51 bytes)
Event: 17.427 Thread 0x000002bcce876ec0 nmethod 1940 0x000002bcbb7c6290 code [0x000002bcbb7c6480, 0x000002bcbb7c6b28]
Event: 17.428 Thread 0x000002bcce876ec0 1941       3       org.springframework.util.AntPathMatcher::isWildcardChar (38 bytes)
Event: 17.428 Thread 0x000002bcce876ec0 nmethod 1941 0x000002bcbb7c6d10 code [0x000002bcbb7c6ec0, 0x000002bcbb7c70f8]
Event: 17.429 Thread 0x000002bcce876ec0 1942       1       java.util.regex.Pattern::lambda$ALL$10 (2 bytes)
Event: 17.429 Thread 0x000002bcce876ec0 nmethod 1942 0x000002bcc29d4010 code [0x000002bcc29d41a0, 0x000002bcc29d4258]
Event: 17.431 Thread 0x000002bcce876ec0 1943       3       org.springframework.util.StringUtils::replace (130 bytes)
Event: 17.435 Thread 0x000002bcce876ec0 nmethod 1943 0x000002bcbb7c7210 code [0x000002bcbb7c7520, 0x000002bcbb7c86b8]
Event: 17.435 Thread 0x000002bcce876ec0 1945       3       java.util.ArrayDeque::addFirst (51 bytes)
Event: 17.436 Thread 0x000002bcce876ec0 nmethod 1945 0x000002bcbb7c8e90 code [0x000002bcbb7c9060, 0x000002bcbb7c9558]
Event: 17.436 Thread 0x000002bcce876ec0 1944       3       java.util.regex.Pattern$$Lambda$316/0x0000000800ce04c8::is (5 bytes)
Event: 17.436 Thread 0x000002bcce876ec0 nmethod 1944 0x000002bcbb7c9710 code [0x000002bcbb7c98a0, 0x000002bcbb7c9a18]
Event: 17.444 Thread 0x000002bcce876ec0 1946       3       java.lang.invoke.Invokers$Holder::invokeExact_MT (22 bytes)
Event: 17.445 Thread 0x000002bcce876ec0 nmethod 1946 0x000002bcbb7c9b10 code [0x000002bcbb7c9d20, 0x000002bcbb7ca538]
Event: 17.446 Thread 0x000002bcce876ec0 1947       3       java.lang.invoke.DirectMethodHandle$Holder::newInvokeSpecial (20 bytes)
Event: 17.447 Thread 0x000002bcce876ec0 nmethod 1947 0x000002bcbb7ca790 code [0x000002bcbb7ca980, 0x000002bcbb7cb068]
Event: 17.449 Thread 0x000002bcce876ec0 1948       3       java.lang.invoke.MethodHandleNatives::linkCallSiteImpl (44 bytes)
Event: 17.450 Thread 0x000002bcce876ec0 nmethod 1948 0x000002bcbb7cb210 code [0x000002bcbb7cb440, 0x000002bcbb7cbd98]
Event: 17.450 Thread 0x000002bcce876ec0 1949   !   3       java.lang.invoke.BootstrapMethodInvoker::invoke (974 bytes)

GC Heap History (6 events):
Event: 10.259 GC heap before
{Heap before GC invocations=0 (full 0):
 garbage-first heap   total 65536K, used 12288K [0x00000000c1400000, 0x0000000100000000)
  region size 1024K, 13 young (13312K), 0 survivors (0K)
 Metaspace       used 2870K, committed 3072K, reserved 1114112K
  class space    used 273K, committed 384K, reserved 1048576K
}
Event: 10.302 GC heap after
{Heap after GC invocations=1 (full 0):
 garbage-first heap   total 65536K, used 3917K [0x00000000c1400000, 0x0000000100000000)
  region size 1024K, 2 young (2048K), 2 survivors (2048K)
 Metaspace       used 2870K, committed 3072K, reserved 1114112K
  class space    used 273K, committed 384K, reserved 1048576K
}
Event: 11.985 GC heap before
{Heap before GC invocations=1 (full 0):
 garbage-first heap   total 65536K, used 15181K [0x00000000c1400000, 0x0000000100000000)
  region size 1024K, 14 young (14336K), 2 survivors (2048K)
 Metaspace       used 5554K, committed 5760K, reserved 1114112K
  class space    used 627K, committed 768K, reserved 1048576K
}
Event: 11.990 GC heap after
{Heap after GC invocations=2 (full 0):
 garbage-first heap   total 65536K, used 4501K [0x00000000c1400000, 0x0000000100000000)
  region size 1024K, 1 young (1024K), 1 survivors (1024K)
 Metaspace       used 5554K, committed 5760K, reserved 1114112K
  class space    used 627K, committed 768K, reserved 1048576K
}
Event: 16.526 GC heap before
{Heap before GC invocations=2 (full 0):
 garbage-first heap   total 65536K, used 27029K [0x00000000c1400000, 0x0000000100000000)
  region size 1024K, 24 young (24576K), 1 survivors (1024K)
 Metaspace       used 10626K, committed 10880K, reserved 1114112K
  class space    used 1245K, committed 1408K, reserved 1048576K
}
Event: 16.533 GC heap after
{Heap after GC invocations=3 (full 0):
 garbage-first heap   total 65536K, used 5802K [0x00000000c1400000, 0x0000000100000000)
  region size 1024K, 2 young (2048K), 2 survivors (2048K)
 Metaspace       used 10626K, committed 10880K, reserved 1114112K
  class space    used 1245K, committed 1408K, reserved 1048576K
}

Deoptimization events (20 events):
Event: 17.386 Thread 0x000002bcd35dbbb0 DEOPT PACKING pc=0x000002bcbb5ca9e4 sp=0x000000d4f57fe860
Event: 17.386 Thread 0x000002bcd35dbbb0 DEOPT UNPACKING pc=0x000002bcbaeb2b43 sp=0x000000d4f57fdd28 mode 1
Event: 17.386 Thread 0x000002bcd35dbbb0 DEOPT PACKING pc=0x000002bcbb5ca4dc sp=0x000000d4f57fe8f0
Event: 17.386 Thread 0x000002bcd35dbbb0 DEOPT UNPACKING pc=0x000002bcbaeb2b43 sp=0x000000d4f57fddc8 mode 1
Event: 17.397 Thread 0x000002bcd35dbbb0 Uncommon trap: trap_request=0xffffff45 fr.pc=0x000002bcc296f4c4 relative=0x00000000000006a4
Event: 17.397 Thread 0x000002bcd35dbbb0 Uncommon trap: reason=unstable_if action=reinterpret pc=0x000002bcc296f4c4 method=java.util.zip.ZipCoder.hash(Ljava/lang/String;)I @ 23 c2
Event: 17.397 Thread 0x000002bcd35dbbb0 DEOPT PACKING pc=0x000002bcc296f4c4 sp=0x000000d4f57fe000
Event: 17.397 Thread 0x000002bcd35dbbb0 DEOPT UNPACKING pc=0x000002bcbaeb23a3 sp=0x000000d4f57fdeb8 mode 2
Event: 17.398 Thread 0x000002bcd35dbbb0 Uncommon trap: trap_request=0xffffff45 fr.pc=0x000002bcc296d974 relative=0x00000000000004f4
Event: 17.398 Thread 0x000002bcd35dbbb0 Uncommon trap: reason=unstable_if action=reinterpret pc=0x000002bcc296d974 method=java.util.zip.ZipCoder.hash(Ljava/lang/String;)I @ 23 c2
Event: 17.398 Thread 0x000002bcd35dbbb0 DEOPT PACKING pc=0x000002bcc296d974 sp=0x000000d4f57fe040
Event: 17.398 Thread 0x000002bcd35dbbb0 DEOPT UNPACKING pc=0x000002bcbaeb23a3 sp=0x000000d4f57fdf68 mode 2
Event: 17.398 Thread 0x000002bcd35dbbb0 Uncommon trap: trap_request=0xffffff45 fr.pc=0x000002bcc296c604 relative=0x00000000000001e4
Event: 17.398 Thread 0x000002bcd35dbbb0 Uncommon trap: reason=unstable_if action=reinterpret pc=0x000002bcc296c604 method=java.util.zip.ZipCoder.hash(Ljava/lang/String;)I @ 23 c2
Event: 17.398 Thread 0x000002bcd35dbbb0 DEOPT PACKING pc=0x000002bcc296c604 sp=0x000000d4f57fdfc0
Event: 17.398 Thread 0x000002bcd35dbbb0 DEOPT UNPACKING pc=0x000002bcbaeb23a3 sp=0x000000d4f57fdf68 mode 2
Event: 17.403 Thread 0x000002bcd35dbbb0 Uncommon trap: trap_request=0xffffff45 fr.pc=0x000002bcc2982440 relative=0x0000000000000040
Event: 17.403 Thread 0x000002bcd35dbbb0 Uncommon trap: reason=unstable_if action=reinterpret pc=0x000002bcc2982440 method=sun.nio.fs.WindowsPathParser.isSlash(C)Z @ 9 c2
Event: 17.403 Thread 0x000002bcd35dbbb0 DEOPT PACKING pc=0x000002bcc2982440 sp=0x000000d4f57fe280
Event: 17.403 Thread 0x000002bcd35dbbb0 DEOPT UNPACKING pc=0x000002bcbaeb23a3 sp=0x000000d4f57fe218 mode 2

Classes loaded (20 events):
Event: 17.442 Loading class com/fasterxml/jackson/datatype/jsr310/deser/InstantDeserializer$FromIntegerArguments
Event: 17.442 Loading class com/fasterxml/jackson/datatype/jsr310/deser/InstantDeserializer$FromIntegerArguments done
Event: 17.443 Loading class com/fasterxml/jackson/datatype/jsr310/deser/InstantDeserializer$FromIntegerArguments
Event: 17.443 Loading class com/fasterxml/jackson/datatype/jsr310/deser/InstantDeserializer$FromIntegerArguments done
Event: 17.444 Loading class java/lang/AssertionError
Event: 17.444 Loading class java/lang/AssertionError done
Event: 17.444 Loading class com/fasterxml/jackson/datatype/jsr310/deser/InstantDeserializer$FromDecimalArguments
Event: 17.444 Loading class com/fasterxml/jackson/datatype/jsr310/deser/InstantDeserializer$FromDecimalArguments done
Event: 17.444 Loading class com/fasterxml/jackson/datatype/jsr310/deser/InstantDeserializer$FromDecimalArguments
Event: 17.444 Loading class com/fasterxml/jackson/datatype/jsr310/deser/InstantDeserializer$FromDecimalArguments done
Event: 17.445 Loading class com/fasterxml/jackson/datatype/jsr310/deser/InstantDeserializer$FromDecimalArguments
Event: 17.445 Loading class com/fasterxml/jackson/datatype/jsr310/deser/InstantDeserializer$FromDecimalArguments done
Event: 17.448 Loading class com/fasterxml/jackson/datatype/jsr310/deser/InstantDeserializer$FromIntegerArguments
Event: 17.448 Loading class com/fasterxml/jackson/datatype/jsr310/deser/InstantDeserializer$FromIntegerArguments done
Event: 17.448 Loading class com/fasterxml/jackson/datatype/jsr310/deser/InstantDeserializer$FromIntegerArguments
Event: 17.448 Loading class com/fasterxml/jackson/datatype/jsr310/deser/InstantDeserializer$FromIntegerArguments done
Event: 17.448 Loading class com/fasterxml/jackson/datatype/jsr310/deser/InstantDeserializer$FromDecimalArguments
Event: 17.448 Loading class com/fasterxml/jackson/datatype/jsr310/deser/InstantDeserializer$FromDecimalArguments done
Event: 17.448 Loading class com/fasterxml/jackson/datatype/jsr310/deser/InstantDeserializer$FromDecimalArguments
Event: 17.448 Loading class com/fasterxml/jackson/datatype/jsr310/deser/InstantDeserializer$FromDecimalArguments done

Classes unloaded (0 events):
No events

Classes redefined (0 events):
No events

Internal exceptions (20 events):
Event: 14.703 Thread 0x000002bcd35dbbb0 Exception <a 'java/lang/NoSuchMethodError'{0x00000000c4b21cf0}: 'void java.lang.invoke.DirectMethodHandle$Holder.invokeSpecial(java.lang.Object, java.lang.Object, java.lang.Object, java.lang.Object, java.lang.Object)'> (0x00000000c4b21cf0) 
thrown [s\src\hotspot\share\interpreter\linkResolver.cpp, line 759]
Event: 15.080 Thread 0x000002bcd35dbbb0 Exception <a 'java/lang/NoSuchMethodError'{0x00000000c4a33918}: 'java.lang.Object java.lang.invoke.DirectMethodHandle$Holder.invokeSpecial(java.lang.Object, java.lang.Object, java.lang.Object, int, java.lang.Object)'> (0x00000000c4a33918) 
thrown [s\src\hotspot\share\interpreter\linkResolver.cpp, line 759]
Event: 15.133 Thread 0x000002bcd35dbbb0 Exception <a 'java/lang/NoSuchMethodError'{0x00000000c4a3bf78}: 'java.lang.Object java.lang.invoke.DirectMethodHandle$Holder.newInvokeSpecial(java.lang.Object, java.lang.Object, java.lang.Object, int, java.lang.Object)'> (0x00000000c4a3bf78) 
thrown [s\src\hotspot\share\interpreter\linkResolver.cpp, line 759]
Event: 15.137 Thread 0x000002bcd35dbbb0 Exception <a 'java/lang/NoSuchMethodError'{0x00000000c4a43bb8}: 'java.lang.Object java.lang.invoke.Invokers$Holder.linkToTargetMethod(java.lang.Object, java.lang.Object, int, java.lang.Object, java.lang.Object)'> (0x00000000c4a43bb8) 
thrown [s\src\hotspot\share\interpreter\linkResolver.cpp, line 759]
Event: 15.149 Thread 0x000002bcd35dbbb0 Exception <a 'java/lang/NoSuchMethodError'{0x00000000c4a537c0}: 'java.lang.Object java.lang.invoke.DirectMethodHandle$Holder.newInvokeSpecial(java.lang.Object, int, java.lang.Object)'> (0x00000000c4a537c0) 
thrown [s\src\hotspot\share\interpreter\linkResolver.cpp, line 759]
Event: 15.151 Thread 0x000002bcd35dbbb0 Exception <a 'java/lang/NoSuchMethodError'{0x00000000c4a584b0}: 'int java.lang.invoke.DirectMethodHandle$Holder.invokeSpecialIFC(java.lang.Object, java.lang.Object, java.lang.Object, java.lang.Object)'> (0x00000000c4a584b0) 
thrown [s\src\hotspot\share\interpreter\linkResolver.cpp, line 759]
Event: 15.264 Thread 0x000002bcd35dbbb0 Exception <a 'java/lang/NoSuchMethodError'{0x00000000c4931a10}: 'void java.lang.invoke.DirectMethodHandle$Holder.invokeInterface(java.lang.Object, java.lang.Object, java.lang.Object)'> (0x00000000c4931a10) 
thrown [s\src\hotspot\share\interpreter\linkResolver.cpp, line 759]
Event: 15.588 Thread 0x000002bcd35dbbb0 Exception <a 'java/lang/NoSuchMethodError'{0x00000000c49d9688}: 'void java.lang.invoke.DirectMethodHandle$Holder.invokeStaticInit(java.lang.Object, java.lang.Object, java.lang.Object)'> (0x00000000c49d9688) 
thrown [s\src\hotspot\share\interpreter\linkResolver.cpp, line 759]
Event: 15.665 Thread 0x000002bcd35dbbb0 Exception <a 'java/lang/NoSuchMethodError'{0x00000000c49f7a78}: 'java.lang.Object java.lang.invoke.DirectMethodHandle$Holder.invokeVirtual(java.lang.Object, java.lang.Object, java.lang.Object)'> (0x00000000c49f7a78) 
thrown [s\src\hotspot\share\interpreter\linkResolver.cpp, line 759]
Event: 15.691 Thread 0x000002bcd35dbbb0 Exception <a 'java/lang/NoSuchMethodError'{0x00000000c48268f0}: 'java.lang.Object java.lang.invoke.DirectMethodHandle$Holder.invokeStatic(java.lang.Object, java.lang.Object, long, java.lang.Object)'> (0x00000000c48268f0) 
thrown [s\src\hotspot\share\interpreter\linkResolver.cpp, line 759]
Event: 15.692 Thread 0x000002bcd35dbbb0 Exception <a 'java/lang/NoSuchMethodError'{0x00000000c482a380}: 'java.lang.Object java.lang.invoke.DirectMethodHandle$Holder.invokeStaticInit(java.lang.Object, java.lang.Object, long, java.lang.Object)'> (0x00000000c482a380) 
thrown [s\src\hotspot\share\interpreter\linkResolver.cpp, line 759]
Event: 15.693 Thread 0x000002bcd35dbbb0 Exception <a 'java/lang/NoSuchMethodError'{0x00000000c4830e10}: 'java.lang.Object java.lang.invoke.DirectMethodHandle$Holder.newInvokeSpecial(java.lang.Object, java.lang.Object, long)'> (0x00000000c4830e10) 
thrown [s\src\hotspot\share\interpreter\linkResolver.cpp, line 759]
Event: 15.694 Thread 0x000002bcd35dbbb0 Exception <a 'java/lang/NoSuchMethodError'{0x00000000c4834988}: 'java.lang.Object java.lang.invoke.Invokers$Holder.linkToTargetMethod(java.lang.Object, long, java.lang.Object)'> (0x00000000c4834988) 
thrown [s\src\hotspot\share\interpreter\linkResolver.cpp, line 759]
Event: 15.776 Thread 0x000002bcd35dbbb0 Exception <a 'java/lang/NoSuchMethodError'{0x00000000c48a0978}: 'void java.lang.invoke.DirectMethodHandle$Holder.invokeVirtual(java.lang.Object, java.lang.Object, java.lang.Object, java.lang.Object)'> (0x00000000c48a0978) 
thrown [s\src\hotspot\share\interpreter\linkResolver.cpp, line 759]
Event: 16.133 Thread 0x000002bcd35dbbb0 Exception <a 'java/lang/IncompatibleClassChangeError'{0x00000000c4564868}: Found class java.lang.Object, but interface was expected> (0x00000000c4564868) 
thrown [s\src\hotspot\share\interpreter\linkResolver.cpp, line 826]
Event: 16.142 Thread 0x000002bcd318c660 Exception <a 'java/lang/NoClassDefFoundError'{0x00000000c4588100}: jakarta/validation/Validation> (0x00000000c4588100) 
thrown [s\src\hotspot\share\classfile\systemDictionary.cpp, line 244]
Event: 16.648 Thread 0x000002bcd35dbbb0 Exception <a 'java/lang/NoSuchMethodError'{0x00000000c5197780}: 'java.lang.Object java.lang.invoke.DirectMethodHandle$Holder.invokeStatic(java.lang.Object, int, java.lang.Object)'> (0x00000000c5197780) 
thrown [s\src\hotspot\share\interpreter\linkResolver.cpp, line 759]
Event: 17.404 Thread 0x000002bcd35dbbb0 Exception <a 'sun/nio/fs/WindowsException'{0x00000000c3f65268}> (0x00000000c3f65268) 
thrown [s\src\hotspot\share\prims\jni.cpp, line 516]
Event: 17.407 Thread 0x000002bcd35dbbb0 Exception <a 'java/lang/NoSuchMethodError'{0x00000000c3f67d20}: 'int java.lang.invoke.DirectMethodHandle$Holder.invokeSpecial(java.lang.Object, java.lang.Object, java.lang.Object, java.lang.Object, java.lang.Object)'> (0x00000000c3f67d20) 
thrown [s\src\hotspot\share\interpreter\linkResolver.cpp, line 759]
Event: 17.412 Thread 0x000002bcd35dbbb0 Exception <a 'java/lang/NoSuchMethodError'{0x00000000c3f762d8}: 'void java.lang.invoke.DirectMethodHandle$Holder.invokeVirtual(java.lang.Object, java.lang.Object)'> (0x00000000c3f762d8) 
thrown [s\src\hotspot\share\interpreter\linkResolver.cpp, line 759]

VM Operations (20 events):
Event: 13.002 Executing VM operation: Cleanup
Event: 13.002 Executing VM operation: Cleanup done
Event: 14.003 Executing VM operation: Cleanup
Event: 14.003 Executing VM operation: Cleanup done
Event: 14.834 Executing VM operation: HandshakeAllThreads
Event: 14.834 Executing VM operation: HandshakeAllThreads done
Event: 15.844 Executing VM operation: Cleanup
Event: 15.866 Executing VM operation: Cleanup done
Event: 16.097 Executing VM operation: HandshakeAllThreads
Event: 16.097 Executing VM operation: HandshakeAllThreads done
Event: 16.098 Executing VM operation: HandshakeAllThreads
Event: 16.098 Executing VM operation: HandshakeAllThreads done
Event: 16.525 Executing VM operation: G1CollectForAllocation
Event: 16.540 Executing VM operation: G1CollectForAllocation done
Event: 16.747 Executing VM operation: HandshakeAllThreads
Event: 16.747 Executing VM operation: HandshakeAllThreads done
Event: 17.137 Executing VM operation: HandshakeAllThreads
Event: 17.137 Executing VM operation: HandshakeAllThreads done
Event: 17.315 Executing VM operation: HandshakeAllThreads
Event: 17.315 Executing VM operation: HandshakeAllThreads done

Events (20 events):
Event: 0.901 Thread 0x000002bcce883b70 Thread added: 0x000002bcce883b70
Event: 1.347 Thread 0x000002bcce8b9bd0 Thread added: 0x000002bcce8b9bd0
Event: 1.571 Thread 0x000002bcd2cfcb20 Thread added: 0x000002bcd2cfcb20
Event: 1.593 Thread 0x000002bcd2d3c930 Thread added: 0x000002bcd2d3c930
Event: 1.716 Thread 0x000002bcd2d3ce10 Thread added: 0x000002bcd2d3ce10
Event: 3.477 Loaded shared library C:\Users\ERIN_JAVALead\.jdks\corretto-18.0.2\bin\instrument.dll
Event: 3.572 Thread 0x000002bcd2d4b180 Thread added: 0x000002bcd2d4b180
Event: 4.174 Loaded shared library C:\Users\ERIN_JAVALead\.jdks\corretto-18.0.2\bin\net.dll
Event: 4.177 Loaded shared library C:\Users\ERIN_JAVALead\.jdks\corretto-18.0.2\bin\nio.dll
Event: 4.309 Loaded shared library C:\Users\ERIN_JAVALead\.jdks\corretto-18.0.2\bin\zip.dll
Event: 4.651 Thread 0x000002bcd2daf8c0 Thread added: 0x000002bcd2daf8c0
Event: 4.802 Thread 0x000002bcd2daf8c0 Thread exited: 0x000002bcd2daf8c0
Event: 6.265 Loaded shared library C:\Users\ERIN_JAVALead\.jdks\corretto-18.0.2\bin\jimage.dll
Event: 11.121 Loaded shared library C:\Users\ERIN_JAVALead\.jdks\corretto-18.0.2\bin\management.dll
Event: 11.127 Loaded shared library C:\Users\ERIN_JAVALead\.jdks\corretto-18.0.2\bin\management_ext.dll
Event: 11.254 Thread 0x000002bcd35db6f0 Thread added: 0x000002bcd35db6f0
Event: 11.268 Thread 0x000002bcd35dbbb0 Thread added: 0x000002bcd35dbbb0
Event: 15.167 Thread 0x000002bcd375e380 Thread added: 0x000002bcd375e380
Event: 15.415 Thread 0x000002bcd375e380 Thread exited: 0x000002bcd375e380
Event: 16.127 Thread 0x000002bcd318c660 Thread added: 0x000002bcd318c660


Dynamic libraries:
0x00007ff67f0d0000 - 0x00007ff67f0dd000 	C:\Users\ERIN_JAVALead\.jdks\corretto-18.0.2\bin\java.exe
0x00007ffa76fd0000 - 0x00007ffa771c8000 	C:\WINDOWS\SYSTEM32\ntdll.dll
0x00007ffa757f0000 - 0x00007ffa758b1000 	C:\WINDOWS\System32\KERNEL32.DLL
0x00007ffa74b00000 - 0x00007ffa74df6000 	C:\WINDOWS\System32\KERNELBASE.dll
0x00007ffa74a00000 - 0x00007ffa74b00000 	C:\WINDOWS\System32\ucrtbase.dll
0x00007ffa55fa0000 - 0x00007ffa55fb7000 	C:\Users\ERIN_JAVALead\.jdks\corretto-18.0.2\bin\jli.dll
0x00007ffa75100000 - 0x00007ffa7529f000 	C:\WINDOWS\System32\USER32.dll
0x00007ffa74780000 - 0x00007ffa747a2000 	C:\WINDOWS\System32\win32u.dll
0x00007ffa755b0000 - 0x00007ffa755db000 	C:\WINDOWS\System32\GDI32.dll
0x00007ffa74e00000 - 0x00007ffa74f17000 	C:\WINDOWS\System32\gdi32full.dll
0x00007ffa746e0000 - 0x00007ffa7477d000 	C:\WINDOWS\System32\msvcp_win.dll
0x00007ffa546e0000 - 0x00007ffa546f5000 	C:\Users\ERIN_JAVALead\.jdks\corretto-18.0.2\bin\VCRUNTIME140.dll
0x00007ffa5cc40000 - 0x00007ffa5ceda000 	C:\WINDOWS\WinSxS\amd64_microsoft.windows.common-controls_6595b64144ccf1df_6.0.19041.4355_none_60b8b9eb71f62e16\COMCTL32.dll
0x00007ffa76eb0000 - 0x00007ffa76f4e000 	C:\WINDOWS\System32\msvcrt.dll
0x00007ffa750d0000 - 0x00007ffa750ff000 	C:\WINDOWS\System32\IMM32.DLL
0x00007ffa50730000 - 0x00007ffa507cb000 	C:\Users\ERIN_JAVALead\.jdks\corretto-18.0.2\bin\msvcp140.dll
0x00007ffa3fd60000 - 0x00007ffa409d1000 	C:\Users\ERIN_JAVALead\.jdks\corretto-18.0.2\bin\server\jvm.dll
0x00007ffa76d20000 - 0x00007ffa76dd0000 	C:\WINDOWS\System32\ADVAPI32.dll
0x00007ffa76c80000 - 0x00007ffa76d20000 	C:\WINDOWS\System32\sechost.dll
0x00007ffa762d0000 - 0x00007ffa763f3000 	C:\WINDOWS\System32\RPCRT4.dll
0x00007ffa74870000 - 0x00007ffa74897000 	C:\WINDOWS\System32\bcrypt.dll
0x00007ffa76f50000 - 0x00007ffa76f58000 	C:\WINDOWS\System32\PSAPI.DLL
0x00007ffa5ff60000 - 0x00007ffa5ff69000 	C:\WINDOWS\SYSTEM32\WSOCK32.dll
0x00007ffa76de0000 - 0x00007ffa76e4b000 	C:\WINDOWS\System32\WS2_32.dll
0x00007ffa4eb70000 - 0x00007ffa4eb97000 	C:\WINDOWS\SYSTEM32\WINMM.dll
0x00007ffa6e920000 - 0x00007ffa6e92a000 	C:\WINDOWS\SYSTEM32\VERSION.dll
0x00007ffa723b0000 - 0x00007ffa723c2000 	C:\WINDOWS\SYSTEM32\kernel.appcore.dll
0x00007ffa6b7a0000 - 0x00007ffa6b7aa000 	C:\Users\ERIN_JAVALead\.jdks\corretto-18.0.2\bin\jimage.dll
0x00007ffa543a0000 - 0x00007ffa54584000 	C:\WINDOWS\SYSTEM32\DBGHELP.DLL
0x00007ffa54360000 - 0x00007ffa54394000 	C:\WINDOWS\SYSTEM32\dbgcore.DLL
0x00007ffa74650000 - 0x00007ffa746d2000 	C:\WINDOWS\System32\bcryptPrimitives.dll
0x00007ffa51880000 - 0x00007ffa518ba000 	C:\Users\ERIN_JAVALead\.jdks\corretto-18.0.2\bin\jdwp.dll
0x00007ffa629c0000 - 0x00007ffa629ce000 	C:\Users\ERIN_JAVALead\.jdks\corretto-18.0.2\bin\instrument.dll
0x00007ffa546b0000 - 0x00007ffa546d5000 	C:\Users\ERIN_JAVALead\.jdks\corretto-18.0.2\bin\java.dll
0x00007ffa52750000 - 0x00007ffa52768000 	C:\Users\ERIN_JAVALead\.jdks\corretto-18.0.2\bin\zip.dll
0x00007ffa45e50000 - 0x00007ffa45f26000 	C:\Users\ERIN_JAVALead\.jdks\corretto-18.0.2\bin\jsvml.dll
0x00007ffa76460000 - 0x00007ffa76bcc000 	C:\WINDOWS\System32\SHELL32.dll
0x00007ffa72690000 - 0x00007ffa72e2e000 	C:\WINDOWS\SYSTEM32\windows.storage.dll
0x00007ffa75b00000 - 0x00007ffa75e53000 	C:\WINDOWS\System32\combase.dll
0x00007ffa73ec0000 - 0x00007ffa73eee000 	C:\WINDOWS\SYSTEM32\Wldp.dll
0x00007ffa75450000 - 0x00007ffa7551d000 	C:\WINDOWS\System32\OLEAUT32.dll
0x00007ffa76bd0000 - 0x00007ffa76c7d000 	C:\WINDOWS\System32\SHCORE.dll
0x00007ffa758c0000 - 0x00007ffa75915000 	C:\WINDOWS\System32\shlwapi.dll
0x00007ffa74580000 - 0x00007ffa745a4000 	C:\WINDOWS\SYSTEM32\profapi.dll
0x00007ffa617a0000 - 0x00007ffa617ac000 	C:\Users\ERIN_JAVALead\.jdks\corretto-18.0.2\bin\dt_socket.dll
0x00007ffa739a0000 - 0x00007ffa739db000 	C:\WINDOWS\SYSTEM32\IPHLPAPI.DLL
0x00007ffa73ca0000 - 0x00007ffa73d0a000 	C:\WINDOWS\system32\mswsock.dll
0x00007ffa545a0000 - 0x00007ffa545b3000 	C:\Users\ERIN_JAVALead\.jdks\corretto-18.0.2\bin\net.dll
0x00007ffa6e780000 - 0x00007ffa6e88a000 	C:\WINDOWS\SYSTEM32\WINHTTP.dll
0x00007ffa527b0000 - 0x00007ffa527c5000 	C:\Users\ERIN_JAVALead\.jdks\corretto-18.0.2\bin\nio.dll
0x00007ffa62370000 - 0x00007ffa62379000 	C:\Users\ERIN_JAVALead\.jdks\corretto-18.0.2\bin\management.dll
0x00007ffa622f0000 - 0x00007ffa622fb000 	C:\Users\ERIN_JAVALead\.jdks\corretto-18.0.2\bin\management_ext.dll

dbghelp: loaded successfully - version: 4.0.5 - missing functions: none
symbol engine: initialized successfully - sym options: 0x614 - pdb path: .;C:\Users\ERIN_JAVALead\.jdks\corretto-18.0.2\bin;C:\WINDOWS\SYSTEM32;C:\WINDOWS\WinSxS\amd64_microsoft.windows.common-controls_6595b64144ccf1df_6.0.19041.4355_none_60b8b9eb71f62e16;C:\Users\ERIN_JAVALead\.jdks\corretto-18.0.2\bin\server

VM Arguments:
jvm_args: -agentlib:jdwp=transport=dt_socket,address=127.0.0.1:55876,suspend=y,server=n -javaagent:C:\Users\ERIN_JAVALead\AppData\Local\JetBrains\IdeaIC2021.3\captureAgent\debugger-agent.jar -Dfile.encoding=UTF-8 
java_command: com.smart_host.hotelallocation.HotelallocationApplication
java_class_path (initial): C:\Users\ERIN_JAVALead\Downloads\hotelallocation\hotelallocation\target\classes;C:\Users\ERIN_JAVALead\.m2\repository\org\springframework\boot\spring-boot-starter-data-rest\3.3.1\spring-boot-starter-data-rest-3.3.1.jar;C:\Users\ERIN_JAVALead\.m2\repository\org\springframework\data\spring-data-rest-webmvc\4.3.1\spring-data-rest-webmvc-4.3.1.jar;C:\Users\ERIN_JAVALead\.m2\repository\org\springframework\data\spring-data-rest-core\4.3.1\spring-data-rest-core-4.3.1.jar;C:\Users\ERIN_JAVALead\.m2\repository\org\springframework\spring-tx\6.1.10\spring-tx-6.1.10.jar;C:\Users\ERIN_JAVALead\.m2\repository\org\springframework\hateoas\spring-hateoas\2.3.0\spring-hateoas-2.3.0.jar;C:\Users\ERIN_JAVALead\.m2\repository\org\springframework\data\spring-data-commons\3.3.1\spring-data-commons-3.3.1.jar;C:\Users\ERIN_JAVALead\.m2\repository\org\springframework\plugin\spring-plugin-core\3.0.0\spring-plugin-core-3.0.0.jar;C:\Users\ERIN_JAVALead\.m2\repository\org\atteo\evo-inflector\1.3\evo-inflector-1.3.jar;C:\Users\ERIN_JAVALead\.m2\repository\com\fasterxml\jackson\core\jackson-databind\2.17.1\jackson-databind-2.17.1.jar;C:\Users\ERIN_JAVALead\.m2\repository\com\fasterxml\jackson\core\jackson-core\2.17.1\jackson-core-2.17.1.jar;C:\Users\ERIN_JAVALead\.m2\repository\com\fasterxml\jackson\core\jackson-annotations\2.17.1\jackson-annotations-2.17.1.jar;C:\Users\ERIN_JAVALead\.m2\repository\org\slf4j\slf4j-api\2.0.13\slf4j-api-2.0.13.jar;C:\Users\ERIN_JAVALead\.m2\repository\org\springframework\boot\spring-boot-starter-web\3.3.1\spring-boot-starter-web-3.3.1.jar;C:\Users\ERIN_JAVALead\.m2\repository\org\springframework\boot\spring-boot-starter\3.3.1\spring-boot-starter-3.3.1.jar;C:\Users\ERIN_JAVALead\.m2\repository\org\springframework\boot\spring-boot-starter-logging\3.3.1\spring-boot-starter-logging-3.3.1.jar;C:\Users\ERIN_JAVALead\.m2\repository\ch\qos\logback\logback-classic\1.5.6\logback-classic-1.5.6.jar;C:\Users\ERIN_JAVALead\.m2\repository\ch\qos\logback\logback-core\1.5.6\logback-core-1.5.6.jar;C:\Users\ERIN_JAVALead\.m2\repository\org\apache\logging\log4j\log4j-to-slf4j\2.23.1\log4j-to-slf4j-2.23.1.jar;C:\Users\ERIN_JAVALead\.m2\repository\org\apache\logging\log4j\log4j-api\2.23.1\log4j-api-2.23.1.jar;C:\Users\ERIN_JAVALead\.m2\repository\org\slf4j\jul-to-slf4j\2.0.13\jul-to-slf4j-2.0.13.jar;C:\Users\ERIN_JAVALead\.m2\repository\jakarta\annotation\jakarta.annotation-api\2.1.1\jakarta.annotation-api-2.1.1.jar;C:\Users\ERIN_JAVALead\.m2\repository\org\yaml\snakeyaml\2.2\snakeyaml-2.2.jar;C:\Users\ERIN_JAVALead\.m2\repository\org\springframework\boot\spring-boot-starter-json\3.3.1\spring-boot-starter-json-3.3.1.jar;C:\Users\ERIN_JAVALead\.m2\repository\com\fasterxml\jackson\datatype\jackson-datatype-jdk8\2.17.1\jackson-datatype-jdk8-2.17.1.jar;C:\Users\ERIN_JAVALead\.m2\repository\com\fasterxml\jackson\datatype\jackson-datatype-jsr310\2.17.1\jackson-datatype-jsr310-2.17.1.jar;C:\Users\ERIN_JAVALead\.m2\repository\com\fasterxml\jackson\module\jackson-module-parameter-names\2.17.1\jackson-module-parameter-names-2.17.1.jar;C:\Users\ERIN_JAVALead\.m2\repository\org\springframework\boot\spring-boot-starter-tomcat\3.3.1\spring-boot-starter-tomcat-3.3.1.jar;C:\Users\ERIN_JAVALead\.m2\repository\org\apache\tomcat\embed\tomcat-embed-core\10.1.25\tomcat-embed-core-10.1.25.jar;C:\Users\ERIN_JAVALead\.m2\repository\org\apache\tomcat\embed\tomcat-embed-el\10.1.25\tomcat-embed-el-10.1.25.jar;C:\Users\ERIN_JAVALead\.m2\repository\org\apache\tomcat\embed\tomcat-embed-websocket\10.1.25\tomcat-embed-websocket-10.1.25.jar;C:\Users\ERIN_JAVALead\.m2\repository\org\springframework\spring-web\6.1.10\spring-web-6.1.10.jar;C:\Users\ERIN_JAVALead\.m2\repository\org\springframework\spring-beans\6.1.10\spring-beans-6.1.10.jar;C:\Users\ERIN_JAVALead\.m2\repository\io\micrometer\micrometer-observation\1.13.1\micrometer-observation-1.13.1.jar;C:\Users\ERIN_JAVALead\.m2\repository\io\micrometer\micrometer-commons\1.13.1\micrometer-commons-1.13.1.jar;C:\Users\ERIN_JAVALead\.m2\repository\org\springframework\spring-webmvc\6.1.10\spring-webmvc-6.1.10.jar;C:\Users\ERIN_JAVALead\.m2\repository\org\springframework\spring-aop\6.1.10\spring-aop-6.1.10.jar;C:\Users\ERIN_JAVALead\.m2\repository\org\springframework\spring-context\6.1.10\spring-context-6.1.10.jar;C:\Users\ERIN_JAVALead\.m2\repository\org\springframework\spring-expression\6.1.10\spring-expression-6.1.10.jar;C:\Users\ERIN_JAVALead\.m2\repository\org\springframework\boot\spring-boot-devtools\3.3.1\spring-boot-devtools-3.3.1.jar;C:\Users\ERIN_JAVALead\.m2\repository\org\springframework\boot\spring-boot\3.3.1\spring-boot-3.3.1.jar;C:\Users\ERIN_JAVALead\.m2\repository\org\springframework\boot\spring-boot-autoconfigure\3.3.1\spring-boot-autoconfigure-3.3.1.jar;C:\Users\ERIN_JAVALead\.m2\repository\org\projectlombok\lombok\1.18.32\lombok-1.18.32.jar;C:\Users\ERIN_JAVALead\.m2\repository\com\jayway\jsonpath\json-path\2.9.0\json-path-2.9.0.jar;C:\Users\ERIN_JAVALead\.m2\repository\net\minidev\json-smart\2.5.1\json-smart-2.5.1.jar;C:\Users\ERIN_JAVALead\.m2\repository\net\minidev\accessors-smart\2.5.1\accessors-smart-2.5.1.jar;C:\Users\ERIN_JAVALead\.m2\repository\org\ow2\asm\asm\9.6\asm-9.6.jar;C:\Users\ERIN_JAVALead\.m2\repository\org\springframework\spring-core\6.1.10\spring-core-6.1.10.jar;C:\Users\ERIN_JAVALead\.m2\repository\org\springframework\spring-jcl\6.1.10\spring-jcl-6.1.10.jar;C:\Program Files\JetBrains\IntelliJ IDEA Community Edition 2021.3.3\lib\idea_rt.jar
Launcher Type: SUN_STANDARD

[Global flags]
     intx CICompilerCount                          = 3                                         {product} {ergonomic}
     uint ConcGCThreads                            = 1                                         {product} {ergonomic}
     uint G1ConcRefinementThreads                  = 4                                         {product} {ergonomic}
   size_t G1HeapRegionSize                         = 1048576                                   {product} {ergonomic}
    uintx GCDrainStackTargetSize                   = 64                                        {product} {ergonomic}
   size_t InitialHeapSize                          = 67108864                                  {product} {ergonomic}
   size_t MarkStackSize                            = 4194304                                   {product} {ergonomic}
   size_t MaxHeapSize                              = 1052770304                                {product} {ergonomic}
   size_t MaxNewSize                               = 631242752                                 {product} {ergonomic}
   size_t MinHeapDeltaBytes                        = 1048576                                   {product} {ergonomic}
   size_t MinHeapSize                              = 8388608                                   {product} {ergonomic}
    uintx NonNMethodCodeHeapSize                   = 5832780                                {pd product} {ergonomic}
    uintx NonProfiledCodeHeapSize                  = 122912730                              {pd product} {ergonomic}
    uintx ProfiledCodeHeapSize                     = 122912730                              {pd product} {ergonomic}
    uintx ReservedCodeCacheSize                    = 251658240                              {pd product} {ergonomic}
     bool SegmentedCodeCache                       = true                                      {product} {ergonomic}
   size_t SoftMaxHeapSize                          = 1052770304                             {manageable} {ergonomic}
     bool UseCompressedClassPointers               = true                           {product lp64_product} {ergonomic}
     bool UseCompressedOops                        = true                           {product lp64_product} {ergonomic}
     bool UseG1GC                                  = true                                      {product} {ergonomic}
     bool UseLargePagesIndividualAllocation        = false                                  {pd product} {ergonomic}

Logging:
Log output configuration:
 #0: stdout all=warning uptime,level,tags foldmultilines=false
 #1: stderr all=off uptime,level,tags foldmultilines=false

Environment Variables:
JAVA_HOME=C:\Program Files\Java\jdk-17
PATH=C:\Program Files (x86)\Common Files\Oracle\Java\javapath;C:\WINDOWS\system32;C:\WINDOWS;C:\WINDOWS\System32\Wbem;C:\WINDOWS\System32\WindowsPowerShell\v1.0\;C:\WINDOWS\System32\OpenSSH\;C:\Program Files (x86)\nodejs\;C:\Program Files (x86)\nodejs\npm;C:\Users\ERIN_JAVALead\AppData\Roaming\npm;C:\Program Files\Git\cmd;C:\Program Files (x86)\dotnet\;C:\Program Files (x86)\Microsoft SQL Server\160\DTS\Binn\;C:\Program Files\Azure Data Studio\bin;C:\Program Files (x86)\Microsoft SQL Server\160\Tools\Binn\;C:\Program Files\Microsoft SQL Server\160\Tools\Binn\;C:\Program Files\Microsoft SQL Server\Client SDK\ODBC\170\Tools\Binn\;C:\Program Files\Microsoft SQL Server\160\DTS\Binn\;C:\Program Files\Java\jdk1.8.0_202\bin;C:\Program Files\Java\jdk1.8.0_202\jre\bin;C:\kafkasrc\bin\windows;C:\Program Files\Docker\Docker\resources\bin;C:\Program Files\Docker\Docker;C:\Users\ERIN_JAVALead\AppData\Local\Microsoft\WindowsApps;;C:\Users\ERIN_JAVALead\AppData\Local\Programs\Microsoft VS Code\bin;C:\Users\ERIN_JAVALead\AppData\Roaming\npm;C:\Program Files\Azure Data Studio\bin
USERNAME=ERIN_JAVALead
OS=Windows_NT
PROCESSOR_IDENTIFIER=Intel64 Family 6 Model 78 Stepping 3, GenuineIntel



---------------  S Y S T E M  ---------------

OS:
 Windows 10 , 64 bit Build 19041 (10.0.19041.4597)
OS uptime: 0 days 5:28 hours
Hyper-V role detected

CPU: total 4 (initial active 4) (2 cores per cpu, 2 threads per core) family 6 model 78 stepping 3 microcode 0xcc, cx8, cmov, fxsr, ht, mmx, 3dnowpref, sse, sse2, sse3, ssse3, sse4.1, sse4.2, popcnt, lzcnt, tsc, tscinvbit, avx, avx2, aes, erms, clmul, bmi1, bmi2, adx, fma, vzeroupper, clflush, clflushopt, hv

Memory: 4k page, system-wide physical 4012M (377M free)
TotalPageFile size 6060M (AvailPageFile size 4M)
current process WorkingSet (physical memory assigned to process): 101M, peak: 101M
current process commit charge ("private bytes"): 170M, peak: 172M

vm_info: OpenJDK 64-Bit Server VM (18.0.2+9-FR) for windows-amd64 JRE (18.0.2+9-FR), built on Jul 15 2022 20:03:03 by "Administrator" with MS VC++ 15.9 (VS2017)

END.
