#
# There is insufficient memory for the Java Runtime Environment to continue.
# Native memory allocation (malloc) failed to allocate 2154256 bytes for Chunk::new
# Possible reasons:
#   The system is out of physical RAM or swap space
#   The process is running with CompressedOops enabled, and the Java Heap may be blocking the growth of the native heap
# Possible solutions:
#   Reduce memory load on the system
#   Increase physical memory or swap space
#   Check if swap backing store is full
#   Decrease Java heap size (-Xmx/-Xms)
#   Decrease number of Java threads
#   Decrease Java thread stack sizes (-Xss)
#   Set larger code cache with -XX:ReservedCodeCacheSize=
#   JVM is running with Unscaled Compressed Oops mode in which the Java heap is
#     placed in the first 4GB address space. The Java Heap base address is the
#     maximum limit for the native heap growth. Please use -XX:HeapBaseMinAddress
#     to set the Java Heap base and to place the Java Heap above 4GB virtual address.
# This output file may be truncated or incomplete.
#
#  Out of Memory Error (arena.cpp:184), pid=4868, tid=13256
#
# JRE version: OpenJDK Runtime Environment Corretto-18.0.2.9.1 (18.0.2+9) (build 18.0.2+9-FR)
# Java VM: OpenJDK 64-Bit Server VM Corretto-18.0.2.9.1 (18.0.2+9-FR, mixed mode, sharing, tiered, compressed oops, compressed class ptrs, g1 gc, windows-amd64)
# No core dump will be written. Minidumps are not enabled by default on client versions of Windows
#

---------------  S U M M A R Y ------------

Command Line: -agentlib:jdwp=transport=dt_socket,address=127.0.0.1:56156,suspend=y,server=n -javaagent:C:\Users\ERIN_JAVALead\AppData\Local\JetBrains\IdeaIC2021.3\captureAgent\debugger-agent.jar -Dfile.encoding=UTF-8 com.smart_host.hotelallocation.HotelallocationApplication

Host: Intel(R) Core(TM) i3-6006U CPU @ 2.00GHz, 4 cores, 3G,  Windows 10 , 64 bit Build 19041 (10.0.19041.4597)
Time: Thu Jul 18 14:51:23 2024 W. Europe Daylight Time elapsed time: 9.598212 seconds (0d 0h 0m 9s)

---------------  T H R E A D  ---------------

Current thread (0x00000287d02694f0):  JavaThread "C2 CompilerThread0" daemon [_thread_in_native, id=13256, stack(0x0000009150f00000,0x0000009151000000)]


Current CompileTask:
C2:   9598 2763   !   4       jdk.internal.loader.BuiltinClassLoader::loadClassOrNull (143 bytes)

Stack: [0x0000009150f00000,0x0000009151000000]
Native frames: (J=compiled Java code, j=interpreted, Vv=VM code, C=native code)
V  [jvm.dll+0x685a2a]
V  [jvm.dll+0x82ae8d]
V  [jvm.dll+0x82c75e]
V  [jvm.dll+0x82ce03]
V  [jvm.dll+0x25ef4b]
V  [jvm.dll+0xd42d2]
V  [jvm.dll+0xd4665]
V  [jvm.dll+0x38578b]
V  [jvm.dll+0x1d8f20]
V  [jvm.dll+0x233b4f]
V  [jvm.dll+0x232f37]
V  [jvm.dll+0x1c0a35]
V  [jvm.dll+0x24212c]
V  [jvm.dll+0x240534]
V  [jvm.dll+0x7df6db]
V  [jvm.dll+0x7d9cba]
V  [jvm.dll+0x6848a5]
C  [ucrtbase.dll+0x21bb2]
C  [KERNEL32.DLL+0x17374]
C  [ntdll.dll+0x4cc91]


---------------  P R O C E S S  ---------------

Threads class SMR info:
_java_thread_list=0x00000287f0b9a500, length=17, elements={
0x00000287d01aafa0, 0x00000287d024b000, 0x00000287d024bc60, 0x00000287d0266b40,
0x00000287d02674e0, 0x00000287d0267e80, 0x00000287d0268820, 0x00000287d02694f0,
0x00000287eb78a7a0, 0x00000287eb78ccb0, 0x00000287eb7cf1f0, 0x00000287ef9e41b0,
0x00000287efa47850, 0x00000287ef9e7440, 0x00000287efa4fed0, 0x00000287f03adf40,
0x00000287f03cb680
}

Java Threads: ( => current thread )
  0x00000287d01aafa0 JavaThread "main" [_thread_blocked, id=9620, stack(0x0000009150100000,0x0000009150200000)]
  0x00000287d024b000 JavaThread "Reference Handler" daemon [_thread_blocked, id=7964, stack(0x0000009150900000,0x0000009150a00000)]
  0x00000287d024bc60 JavaThread "Finalizer" daemon [_thread_blocked, id=12316, stack(0x0000009150a00000,0x0000009150b00000)]
  0x00000287d0266b40 JavaThread "Signal Dispatcher" daemon [_thread_blocked, id=5720, stack(0x0000009150b00000,0x0000009150c00000)]
  0x00000287d02674e0 JavaThread "Attach Listener" daemon [_thread_blocked, id=7644, stack(0x0000009150c00000,0x0000009150d00000)]
  0x00000287d0267e80 JavaThread "Service Thread" daemon [_thread_blocked, id=12248, stack(0x0000009150d00000,0x0000009150e00000)]
  0x00000287d0268820 JavaThread "Monitor Deflation Thread" daemon [_thread_blocked, id=6356, stack(0x0000009150e00000,0x0000009150f00000)]
=>0x00000287d02694f0 JavaThread "C2 CompilerThread0" daemon [_thread_in_native, id=13256, stack(0x0000009150f00000,0x0000009151000000)]
  0x00000287eb78a7a0 JavaThread "C1 CompilerThread0" daemon [_thread_blocked, id=7224, stack(0x0000009151000000,0x0000009151100000)]
  0x00000287eb78ccb0 JavaThread "Sweeper thread" daemon [_thread_blocked, id=1992, stack(0x0000009151100000,0x0000009151200000)]
  0x00000287eb7cf1f0 JavaThread "Common-Cleaner" daemon [_thread_blocked, id=8896, stack(0x0000009151200000,0x0000009151300000)]
  0x00000287ef9e41b0 JavaThread "JDWP Transport Listener: dt_socket" daemon [_thread_blocked, id=13348, stack(0x0000009151300000,0x0000009151400000)]
  0x00000287efa47850 JavaThread "JDWP Event Helper Thread" daemon [_thread_blocked, id=4984, stack(0x0000009151400000,0x0000009151500000)]
  0x00000287ef9e7440 JavaThread "JDWP Command Reader" daemon [_thread_in_native, id=980, stack(0x0000009151500000,0x0000009151600000)]
  0x00000287efa4fed0 JavaThread "Notification Thread" daemon [_thread_blocked, id=10056, stack(0x0000009151600000,0x0000009151700000)]
  0x00000287f03adf40 JavaThread "Thread-0" [_thread_blocked, id=7812, stack(0x0000009151b00000,0x0000009151c00000)]
  0x00000287f03cb680 JavaThread "restartedMain" [_thread_in_Java, id=10000, stack(0x0000009151c00000,0x0000009151d00000)]

Other Threads:
  0x00000287d0244910 VMThread "VM Thread" [stack: 0x0000009150800000,0x0000009150900000] [id=13568]
  0x00000287efa50390 WatcherThread "VM Periodic Task Thread" [stack: 0x0000009151700000,0x0000009151800000] [id=11368]
  0x00000287d01eb890 WorkerThread "GC Thread#0" [stack: 0x0000009150300000,0x0000009150400000] [id=13960]
  0x00000287efe618f0 WorkerThread "GC Thread#1" [stack: 0x0000009151800000,0x0000009151900000] [id=1396]
  0x00000287efebd110 WorkerThread "GC Thread#2" [stack: 0x0000009151900000,0x0000009151a00000] [id=5708]
  0x00000287efebd3b0 WorkerThread "GC Thread#3" [stack: 0x0000009151a00000,0x0000009151b00000] [id=7024]
  0x00000287d01f5550 ConcurrentGCThread "G1 Main Marker" [stack: 0x0000009150400000,0x0000009150500000] [id=3196]
  0x00000287d01f5f40 WorkerThread "G1 Conc#0" [stack: 0x0000009150500000,0x0000009150600000] [id=12020]
  0x00000287d021edc0 ConcurrentGCThread "G1 Refine#0" [stack: 0x0000009150600000,0x0000009150700000] [id=11948]
  0x00000287d02206e0 ConcurrentGCThread "G1 Service" [stack: 0x0000009150700000,0x0000009150800000] [id=14108]

Threads with active compile tasks:
C2 CompilerThread0     9665 2763   !   4       jdk.internal.loader.BuiltinClassLoader::loadClassOrNull (143 bytes)

VM state: not at safepoint (normal execution)

VM Mutex/Monitor currently owned by a thread: None

Heap address: 0x00000000c1400000, size: 1004 MB, Compressed Oops mode: 32-bit

CDS archive(s) mapped at: [0x0000000800000000-0x0000000800ba0000-0x0000000800ba0000), size 12189696, SharedBaseAddress: 0x0000000800000000, ArchiveRelocationMode: 0.
Compressed class space mapped at: 0x0000000800c00000-0x0000000840c00000, reserved size: 1073741824
Narrow klass base: 0x0000000800000000, Narrow klass shift: 0, Narrow klass range: 0x100000000

GC Precious Log:
 CardTable entry size: 512
 Card Set container configuration: InlinePtr #cards 5 size 8 Array Of Cards #cards 12 size 40 Howl #buckets 4 coarsen threshold 1843 Howl Bitmap #cards 512 size 80 coarsen threshold 460 Card regions per heap region 1 cards per card region 2048
 CPUs: 4 total, 4 available
 Memory: 4012M
 Large Page Support: Disabled
 NUMA Support: Disabled
 Compressed Oops: Enabled (32-bit)
 Heap Region Size: 1M
 Heap Min Capacity: 8M
 Heap Initial Capacity: 64M
 Heap Max Capacity: 1004M
 Pre-touch: Disabled
 Parallel Workers: 4
 Concurrent Workers: 1
 Concurrent Refinement Workers: 4
 Periodic GC: Disabled

Heap:
 garbage-first heap   total 65536K, used 34838K [0x00000000c1400000, 0x0000000100000000)
  region size 1024K, 31 young (31744K), 5 survivors (5120K)
 Metaspace       used 20288K, committed 20608K, reserved 1114112K
  class space    used 2429K, committed 2624K, reserved 1048576K

Heap Regions: E=young(eden), S=young(survivor), O=old, HS=humongous(starts), HC=humongous(continues), CS=collection set, F=free, OA=open archive, CA=closed archive, TAMS=top-at-mark-start (previous, next)
|   0|0x00000000c1400000, 0x00000000c1500000, 0x00000000c1500000|100%| O|  |TAMS 0x00000000c1400000, 0x00000000c1400000| Untracked 
|   1|0x00000000c1500000, 0x00000000c1600000, 0x00000000c1600000|100%| O|  |TAMS 0x00000000c1500000, 0x00000000c1500000| Untracked 
|   2|0x00000000c1600000, 0x00000000c1700000, 0x00000000c1700000|100%| O|  |TAMS 0x00000000c1600000, 0x00000000c1600000| Untracked 
|   3|0x00000000c1700000, 0x00000000c1800000, 0x00000000c1800000|100%| O|  |TAMS 0x00000000c1700000, 0x00000000c1700000| Untracked 
|   4|0x00000000c1800000, 0x00000000c1805800, 0x00000000c1900000|  2%| O|  |TAMS 0x00000000c1800000, 0x00000000c1800000| Untracked 
|   5|0x00000000c1900000, 0x00000000c1900000, 0x00000000c1a00000|  0%| F|  |TAMS 0x00000000c1900000, 0x00000000c1900000| Untracked 
|   6|0x00000000c1a00000, 0x00000000c1a00000, 0x00000000c1b00000|  0%| F|  |TAMS 0x00000000c1a00000, 0x00000000c1a00000| Untracked 
|   7|0x00000000c1b00000, 0x00000000c1b00000, 0x00000000c1c00000|  0%| F|  |TAMS 0x00000000c1b00000, 0x00000000c1b00000| Untracked 
|   8|0x00000000c1c00000, 0x00000000c1c00000, 0x00000000c1d00000|  0%| F|  |TAMS 0x00000000c1c00000, 0x00000000c1c00000| Untracked 
|   9|0x00000000c1d00000, 0x00000000c1d00000, 0x00000000c1e00000|  0%| F|  |TAMS 0x00000000c1d00000, 0x00000000c1d00000| Untracked 
|  10|0x00000000c1e00000, 0x00000000c1e00000, 0x00000000c1f00000|  0%| F|  |TAMS 0x00000000c1e00000, 0x00000000c1e00000| Untracked 
|  11|0x00000000c1f00000, 0x00000000c1f00000, 0x00000000c2000000|  0%| F|  |TAMS 0x00000000c1f00000, 0x00000000c1f00000| Untracked 
|  12|0x00000000c2000000, 0x00000000c2000000, 0x00000000c2100000|  0%| F|  |TAMS 0x00000000c2000000, 0x00000000c2000000| Untracked 
|  13|0x00000000c2100000, 0x00000000c2100000, 0x00000000c2200000|  0%| F|  |TAMS 0x00000000c2100000, 0x00000000c2100000| Untracked 
|  14|0x00000000c2200000, 0x00000000c2200000, 0x00000000c2300000|  0%| F|  |TAMS 0x00000000c2200000, 0x00000000c2200000| Untracked 
|  15|0x00000000c2300000, 0x00000000c2300000, 0x00000000c2400000|  0%| F|  |TAMS 0x00000000c2300000, 0x00000000c2300000| Untracked 
|  16|0x00000000c2400000, 0x00000000c2400000, 0x00000000c2500000|  0%| F|  |TAMS 0x00000000c2400000, 0x00000000c2400000| Untracked 
|  17|0x00000000c2500000, 0x00000000c2500000, 0x00000000c2600000|  0%| F|  |TAMS 0x00000000c2500000, 0x00000000c2500000| Untracked 
|  18|0x00000000c2600000, 0x00000000c2600000, 0x00000000c2700000|  0%| F|  |TAMS 0x00000000c2600000, 0x00000000c2600000| Untracked 
|  19|0x00000000c2700000, 0x00000000c2700000, 0x00000000c2800000|  0%| F|  |TAMS 0x00000000c2700000, 0x00000000c2700000| Untracked 
|  20|0x00000000c2800000, 0x00000000c2800000, 0x00000000c2900000|  0%| F|  |TAMS 0x00000000c2800000, 0x00000000c2800000| Untracked 
|  21|0x00000000c2900000, 0x00000000c2900000, 0x00000000c2a00000|  0%| F|  |TAMS 0x00000000c2900000, 0x00000000c2900000| Untracked 
|  22|0x00000000c2a00000, 0x00000000c2b00000, 0x00000000c2b00000|100%| S|CS|TAMS 0x00000000c2a00000, 0x00000000c2a00000| Complete 
|  23|0x00000000c2b00000, 0x00000000c2c00000, 0x00000000c2c00000|100%| S|CS|TAMS 0x00000000c2b00000, 0x00000000c2b00000| Complete 
|  24|0x00000000c2c00000, 0x00000000c2d00000, 0x00000000c2d00000|100%| S|CS|TAMS 0x00000000c2c00000, 0x00000000c2c00000| Complete 
|  25|0x00000000c2d00000, 0x00000000c2e00000, 0x00000000c2e00000|100%| S|CS|TAMS 0x00000000c2d00000, 0x00000000c2d00000| Complete 
|  26|0x00000000c2e00000, 0x00000000c2f00000, 0x00000000c2f00000|100%| S|CS|TAMS 0x00000000c2e00000, 0x00000000c2e00000| Complete 
|  27|0x00000000c2f00000, 0x00000000c2f00000, 0x00000000c3000000|  0%| F|  |TAMS 0x00000000c2f00000, 0x00000000c2f00000| Untracked 
|  28|0x00000000c3000000, 0x00000000c3000000, 0x00000000c3100000|  0%| F|  |TAMS 0x00000000c3000000, 0x00000000c3000000| Untracked 
|  29|0x00000000c3100000, 0x00000000c3100000, 0x00000000c3200000|  0%| F|  |TAMS 0x00000000c3100000, 0x00000000c3100000| Untracked 
|  30|0x00000000c3200000, 0x00000000c3200000, 0x00000000c3300000|  0%| F|  |TAMS 0x00000000c3200000, 0x00000000c3200000| Untracked 
|  31|0x00000000c3300000, 0x00000000c3300000, 0x00000000c3400000|  0%| F|  |TAMS 0x00000000c3300000, 0x00000000c3300000| Untracked 
|  32|0x00000000c3400000, 0x00000000c3400000, 0x00000000c3500000|  0%| F|  |TAMS 0x00000000c3400000, 0x00000000c3400000| Untracked 
|  33|0x00000000c3500000, 0x00000000c3500000, 0x00000000c3600000|  0%| F|  |TAMS 0x00000000c3500000, 0x00000000c3500000| Untracked 
|  34|0x00000000c3600000, 0x00000000c3600000, 0x00000000c3700000|  0%| F|  |TAMS 0x00000000c3600000, 0x00000000c3600000| Untracked 
|  35|0x00000000c3700000, 0x00000000c3700000, 0x00000000c3800000|  0%| F|  |TAMS 0x00000000c3700000, 0x00000000c3700000| Untracked 
|  36|0x00000000c3800000, 0x00000000c3800000, 0x00000000c3900000|  0%| F|  |TAMS 0x00000000c3800000, 0x00000000c3800000| Untracked 
|  37|0x00000000c3900000, 0x00000000c3900000, 0x00000000c3a00000|  0%| F|  |TAMS 0x00000000c3900000, 0x00000000c3900000| Untracked 
|  38|0x00000000c3a00000, 0x00000000c3aeb498, 0x00000000c3b00000| 91%| E|  |TAMS 0x00000000c3a00000, 0x00000000c3a00000| Complete 
|  39|0x00000000c3b00000, 0x00000000c3c00000, 0x00000000c3c00000|100%| E|CS|TAMS 0x00000000c3b00000, 0x00000000c3b00000| Complete 
|  40|0x00000000c3c00000, 0x00000000c3d00000, 0x00000000c3d00000|100%| E|CS|TAMS 0x00000000c3c00000, 0x00000000c3c00000| Complete 
|  41|0x00000000c3d00000, 0x00000000c3e00000, 0x00000000c3e00000|100%| E|CS|TAMS 0x00000000c3d00000, 0x00000000c3d00000| Complete 
|  42|0x00000000c3e00000, 0x00000000c3f00000, 0x00000000c3f00000|100%| E|CS|TAMS 0x00000000c3e00000, 0x00000000c3e00000| Complete 
|  43|0x00000000c3f00000, 0x00000000c4000000, 0x00000000c4000000|100%| E|CS|TAMS 0x00000000c3f00000, 0x00000000c3f00000| Complete 
|  44|0x00000000c4000000, 0x00000000c4100000, 0x00000000c4100000|100%| E|CS|TAMS 0x00000000c4000000, 0x00000000c4000000| Complete 
|  45|0x00000000c4100000, 0x00000000c4200000, 0x00000000c4200000|100%| E|CS|TAMS 0x00000000c4100000, 0x00000000c4100000| Complete 
|  46|0x00000000c4200000, 0x00000000c4300000, 0x00000000c4300000|100%| E|CS|TAMS 0x00000000c4200000, 0x00000000c4200000| Complete 
|  47|0x00000000c4300000, 0x00000000c4400000, 0x00000000c4400000|100%| E|CS|TAMS 0x00000000c4300000, 0x00000000c4300000| Complete 
|  48|0x00000000c4400000, 0x00000000c4500000, 0x00000000c4500000|100%| E|CS|TAMS 0x00000000c4400000, 0x00000000c4400000| Complete 
|  49|0x00000000c4500000, 0x00000000c4600000, 0x00000000c4600000|100%| E|CS|TAMS 0x00000000c4500000, 0x00000000c4500000| Complete 
|  50|0x00000000c4600000, 0x00000000c4700000, 0x00000000c4700000|100%| E|CS|TAMS 0x00000000c4600000, 0x00000000c4600000| Complete 
|  51|0x00000000c4700000, 0x00000000c4800000, 0x00000000c4800000|100%| E|CS|TAMS 0x00000000c4700000, 0x00000000c4700000| Complete 
|  52|0x00000000c4800000, 0x00000000c4900000, 0x00000000c4900000|100%| E|CS|TAMS 0x00000000c4800000, 0x00000000c4800000| Complete 
|  53|0x00000000c4900000, 0x00000000c4a00000, 0x00000000c4a00000|100%| E|CS|TAMS 0x00000000c4900000, 0x00000000c4900000| Complete 
|  54|0x00000000c4a00000, 0x00000000c4b00000, 0x00000000c4b00000|100%| E|CS|TAMS 0x00000000c4a00000, 0x00000000c4a00000| Complete 
|  55|0x00000000c4b00000, 0x00000000c4c00000, 0x00000000c4c00000|100%| E|CS|TAMS 0x00000000c4b00000, 0x00000000c4b00000| Complete 
|  56|0x00000000c4c00000, 0x00000000c4d00000, 0x00000000c4d00000|100%| E|CS|TAMS 0x00000000c4c00000, 0x00000000c4c00000| Complete 
|  57|0x00000000c4d00000, 0x00000000c4e00000, 0x00000000c4e00000|100%| E|CS|TAMS 0x00000000c4d00000, 0x00000000c4d00000| Complete 
|  58|0x00000000c4e00000, 0x00000000c4f00000, 0x00000000c4f00000|100%| E|CS|TAMS 0x00000000c4e00000, 0x00000000c4e00000| Complete 
|  59|0x00000000c4f00000, 0x00000000c5000000, 0x00000000c5000000|100%| E|CS|TAMS 0x00000000c4f00000, 0x00000000c4f00000| Complete 
|  60|0x00000000c5000000, 0x00000000c5100000, 0x00000000c5100000|100%| E|CS|TAMS 0x00000000c5000000, 0x00000000c5000000| Complete 
|  61|0x00000000c5100000, 0x00000000c5200000, 0x00000000c5200000|100%| E|CS|TAMS 0x00000000c5100000, 0x00000000c5100000| Complete 
|  62|0x00000000c5200000, 0x00000000c5300000, 0x00000000c5300000|100%| E|CS|TAMS 0x00000000c5200000, 0x00000000c5200000| Complete 
|  63|0x00000000c5300000, 0x00000000c5400000, 0x00000000c5400000|100%| E|CS|TAMS 0x00000000c5300000, 0x00000000c5300000| Complete 

Card table byte_map: [0x00000287e6f70000,0x00000287e7170000] _byte_map_base: 0x00000287e6966000

Marking Bits (Prev, Next): (CMBitMap*) 0x00000287d01ecea0, (CMBitMap*) 0x00000287d01ecee0
 Prev Bits: [0x00000287e7370000, 0x00000287e8320000)
 Next Bits: [0x00000287e8320000, 0x00000287e92d0000)

Polling page: 0x00000287ce180000

Metaspace:

Usage:
  Non-class:     17.44 MB used.
      Class:      2.37 MB used.
       Both:     19.81 MB used.

Virtual space:
  Non-class space:       64.00 MB reserved,      17.56 MB ( 27%) committed,  1 nodes.
      Class space:        1.00 GB reserved,       2.56 MB ( <1%) committed,  1 nodes.
             Both:        1.06 GB reserved,      20.13 MB (  2%) committed. 

Chunk freelists:
   Non-Class:  1.94 MB
       Class:  1.50 MB
        Both:  3.44 MB

MaxMetaspaceSize: unlimited
CompressedClassSpaceSize: 1.00 GB
Initial GC threshold: 21.00 MB
Current GC threshold: 21.00 MB
CDS: on
MetaspaceReclaimPolicy: balanced
 - commit_granule_bytes: 65536.
 - commit_granule_words: 8192.
 - virtual_space_node_default_size: 8388608.
 - enlarge_chunks_in_place: 1.
 - new_chunks_are_fully_committed: 0.
 - uncommit_free_chunks: 1.
 - use_allocation_guard: 0.


Internal statistics:

num_allocs_failed_limit: 0.
num_arena_births: 260.
num_arena_deaths: 0.
num_vsnodes_births: 2.
num_vsnodes_deaths: 0.
num_space_committed: 322.
num_space_uncommitted: 0.
num_chunks_returned_to_freelist: 0.
num_chunks_taken_from_freelist: 923.
num_chunk_merges: 0.
num_chunk_splits: 650.
num_chunks_enlarged: 526.
num_inconsistent_stats: 0.

CodeHeap 'non-profiled nmethods': size=120000Kb used=1045Kb max_used=1045Kb free=118954Kb
 bounds [0x00000287df840000, 0x00000287dfab0000, 0x00000287e6d70000]
CodeHeap 'profiled nmethods': size=120000Kb used=6411Kb max_used=6411Kb free=113588Kb
 bounds [0x00000287d8310000, 0x00000287d8960000, 0x00000287df840000]
CodeHeap 'non-nmethods': size=5760Kb used=1267Kb max_used=1313Kb free=4492Kb
 bounds [0x00000287d7d70000, 0x00000287d7fe0000, 0x00000287d8310000]
 total_blobs=3436 nmethods=2952 adapters=396
 compilation: enabled
              stopped_count=0, restarted_count=0
 full_count=0

Compilation events (20 events):
Event: 9.538 Thread 0x00000287eb78a7a0 nmethod 2947 0x00000287df944910 code [0x00000287df944aa0, 0x00000287df944b78]
Event: 9.541 Thread 0x00000287eb78a7a0 2949       2       org.springframework.core.annotation.TypeMappedAnnotations::scan (66 bytes)
Event: 9.541 Thread 0x00000287eb78a7a0 nmethod 2949 0x00000287d8945690 code [0x00000287d8945860, 0x00000287d8945a88]
Event: 9.542 Thread 0x00000287eb78a7a0 2950   !   2       org.springframework.beans.factory.support.AbstractAutowireCapableBeanFactory::getTypeForFactoryMethod (540 bytes)
Event: 9.553 Thread 0x00000287eb78a7a0 nmethod 2950 0x00000287d8945b90 code [0x00000287d8946040, 0x00000287d89481d8]
Event: 9.560 Thread 0x00000287eb78a7a0 2951   !   2       org.springframework.core.annotation.AttributeMethods::canLoad (51 bytes)
Event: 9.561 Thread 0x00000287eb78a7a0 nmethod 2951 0x00000287d8949a90 code [0x00000287d8949c80, 0x00000287d894a118]
Event: 9.575 Thread 0x00000287eb78a7a0 2952       1       org.springframework.core.MethodParameter::getExecutable (5 bytes)
Event: 9.575 Thread 0x00000287eb78a7a0 nmethod 2952 0x00000287df944c10 code [0x00000287df944da0, 0x00000287df944e78]
Event: 9.576 Thread 0x00000287eb78a7a0 2953       1       org.springframework.core.MethodParameter::getParameterIndex (5 bytes)
Event: 9.576 Thread 0x00000287eb78a7a0 nmethod 2953 0x00000287df944f10 code [0x00000287df9450a0, 0x00000287df945178]
Event: 9.577 Thread 0x00000287eb78a7a0 2954       2       org.springframework.core.annotation.AnnotationTypeMapping::areEquivalent (95 bytes)
Event: 9.578 Thread 0x00000287eb78a7a0 nmethod 2954 0x00000287d894a490 code [0x00000287d894a6a0, 0x00000287d894ac48]
Event: 9.578 Thread 0x00000287eb78a7a0 2955       2       org.springframework.core.annotation.AnnotationsScanner::process (55 bytes)
Event: 9.579 Thread 0x00000287eb78a7a0 nmethod 2955 0x00000287d894af10 code [0x00000287d894b0e0, 0x00000287d894b3c8]
Event: 9.581 Thread 0x00000287eb78a7a0 2956       1       sun.reflect.generics.reflectiveObjects.ParameterizedTypeImpl::getRawType (5 bytes)
Event: 9.582 Thread 0x00000287eb78a7a0 nmethod 2956 0x00000287df945210 code [0x00000287df9453a0, 0x00000287df945478]
Event: 9.586 Thread 0x00000287eb78a7a0 2958       2       org.springframework.core.annotation.AnnotatedElementUtils::findAnnotations (11 bytes)
Event: 9.586 Thread 0x00000287eb78a7a0 nmethod 2958 0x00000287d894b510 code [0x00000287d894b6a0, 0x00000287d894b7c8]
Event: 9.586 Thread 0x00000287eb78a7a0 2959   !   2       org.springframework.core.annotation.AnnotationsScanner::processMethodHierarchy (276 bytes)

GC Heap History (8 events):
Event: 3.659 GC heap before
{Heap before GC invocations=0 (full 0):
 garbage-first heap   total 65536K, used 12288K [0x00000000c1400000, 0x0000000100000000)
  region size 1024K, 13 young (13312K), 0 survivors (0K)
 Metaspace       used 2861K, committed 3008K, reserved 1114112K
  class space    used 272K, committed 384K, reserved 1048576K
}
Event: 3.670 GC heap after
{Heap after GC invocations=1 (full 0):
 garbage-first heap   total 65536K, used 3903K [0x00000000c1400000, 0x0000000100000000)
  region size 1024K, 2 young (2048K), 2 survivors (2048K)
 Metaspace       used 2861K, committed 3008K, reserved 1114112K
  class space    used 272K, committed 384K, reserved 1048576K
}
Event: 4.711 GC heap before
{Heap before GC invocations=1 (full 0):
 garbage-first heap   total 65536K, used 16191K [0x00000000c1400000, 0x0000000100000000)
  region size 1024K, 15 young (15360K), 2 survivors (2048K)
 Metaspace       used 5793K, committed 6016K, reserved 1114112K
  class space    used 652K, committed 768K, reserved 1048576K
}
Event: 4.717 GC heap after
{Heap after GC invocations=2 (full 0):
 garbage-first heap   total 65536K, used 4653K [0x00000000c1400000, 0x0000000100000000)
  region size 1024K, 1 young (1024K), 1 survivors (1024K)
 Metaspace       used 5793K, committed 6016K, reserved 1114112K
  class space    used 652K, committed 768K, reserved 1048576K
}
Event: 5.904 GC heap before
{Heap before GC invocations=2 (full 0):
 garbage-first heap   total 65536K, used 27181K [0x00000000c1400000, 0x0000000100000000)
  region size 1024K, 24 young (24576K), 1 survivors (1024K)
 Metaspace       used 10791K, committed 11008K, reserved 1114112K
  class space    used 1267K, committed 1408K, reserved 1048576K
}
Event: 5.911 GC heap after
{Heap after GC invocations=3 (full 0):
 garbage-first heap   total 65536K, used 5845K [0x00000000c1400000, 0x0000000100000000)
  region size 1024K, 2 young (2048K), 2 survivors (2048K)
 Metaspace       used 10791K, committed 11008K, reserved 1114112K
  class space    used 1267K, committed 1408K, reserved 1048576K
}
Event: 8.026 GC heap before
{Heap before GC invocations=3 (full 0):
 garbage-first heap   total 65536K, used 40661K [0x00000000c1400000, 0x0000000100000000)
  region size 1024K, 37 young (37888K), 2 survivors (2048K)
 Metaspace       used 17494K, committed 17792K, reserved 1114112K
  class space    used 2098K, committed 2240K, reserved 1048576K
}
Event: 8.038 GC heap after
{Heap after GC invocations=4 (full 0):
 garbage-first heap   total 65536K, used 9238K [0x00000000c1400000, 0x0000000100000000)
  region size 1024K, 5 young (5120K), 5 survivors (5120K)
 Metaspace       used 17494K, committed 17792K, reserved 1114112K
  class space    used 2098K, committed 2240K, reserved 1048576K
}

Deoptimization events (20 events):
Event: 9.318 Thread 0x00000287f03cb680 DEOPT PACKING pc=0x00000287d87ad41c sp=0x0000009151cfd260
Event: 9.318 Thread 0x00000287f03cb680 DEOPT UNPACKING pc=0x00000287d7dc2b43 sp=0x0000009151cfc800 mode 1
Event: 9.357 Thread 0x00000287f03cb680 DEOPT PACKING pc=0x00000287d87b1a21 sp=0x0000009151cfd070
Event: 9.357 Thread 0x00000287f03cb680 DEOPT UNPACKING pc=0x00000287d7dc2b43 sp=0x0000009151cfc548 mode 1
Event: 9.357 Thread 0x00000287f03cb680 DEOPT PACKING pc=0x00000287d87afe4c sp=0x0000009151cfd100
Event: 9.357 Thread 0x00000287f03cb680 DEOPT UNPACKING pc=0x00000287d7dc2b43 sp=0x0000009151cfc6a0 mode 1
Event: 9.357 Thread 0x00000287f03cb680 DEOPT PACKING pc=0x00000287d87ad41c sp=0x0000009151cfd260
Event: 9.357 Thread 0x00000287f03cb680 DEOPT UNPACKING pc=0x00000287d7dc2b43 sp=0x0000009151cfc800 mode 1
Event: 9.366 Thread 0x00000287f03cb680 DEOPT PACKING pc=0x00000287d87b1a21 sp=0x0000009151cfd070
Event: 9.367 Thread 0x00000287f03cb680 DEOPT UNPACKING pc=0x00000287d7dc2b43 sp=0x0000009151cfc548 mode 1
Event: 9.367 Thread 0x00000287f03cb680 DEOPT PACKING pc=0x00000287d87afe4c sp=0x0000009151cfd100
Event: 9.367 Thread 0x00000287f03cb680 DEOPT UNPACKING pc=0x00000287d7dc2b43 sp=0x0000009151cfc6a0 mode 1
Event: 9.367 Thread 0x00000287f03cb680 DEOPT PACKING pc=0x00000287d87ad41c sp=0x0000009151cfd260
Event: 9.367 Thread 0x00000287f03cb680 DEOPT UNPACKING pc=0x00000287d7dc2b43 sp=0x0000009151cfc800 mode 1
Event: 9.371 Thread 0x00000287f03cb680 DEOPT PACKING pc=0x00000287d87b1a21 sp=0x0000009151cfd070
Event: 9.371 Thread 0x00000287f03cb680 DEOPT UNPACKING pc=0x00000287d7dc2b43 sp=0x0000009151cfc548 mode 1
Event: 9.371 Thread 0x00000287f03cb680 DEOPT PACKING pc=0x00000287d87afe4c sp=0x0000009151cfd100
Event: 9.371 Thread 0x00000287f03cb680 DEOPT UNPACKING pc=0x00000287d7dc2b43 sp=0x0000009151cfc6a0 mode 1
Event: 9.371 Thread 0x00000287f03cb680 DEOPT PACKING pc=0x00000287d87ad41c sp=0x0000009151cfd260
Event: 9.371 Thread 0x00000287f03cb680 DEOPT UNPACKING pc=0x00000287d7dc2b43 sp=0x0000009151cfc800 mode 1

Classes loaded (20 events):
Event: 9.505 Loading class org/springframework/data/web/SlicedResourcesAssemblerArgumentResolver
Event: 9.505 Loading class org/springframework/data/web/SlicedResourcesAssemblerArgumentResolver done
Event: 9.506 Loading class org/springframework/data/web/config/PageableHandlerMethodArgumentResolverCustomizer
Event: 9.506 Loading class org/springframework/data/web/config/PageableHandlerMethodArgumentResolverCustomizer done
Event: 9.507 Loading class org/springframework/data/web/config/SortHandlerMethodArgumentResolverCustomizer
Event: 9.507 Loading class org/springframework/data/web/config/SortHandlerMethodArgumentResolverCustomizer done
Event: 9.507 Loading class org/springframework/data/web/OffsetScrollPositionHandlerMethodArgumentResolver
Event: 9.507 Loading class org/springframework/data/web/OffsetScrollPositionHandlerMethodArgumentResolver done
Event: 9.508 Loading class org/springframework/data/web/OffsetScrollPositionArgumentResolver
Event: 9.508 Loading class org/springframework/data/web/OffsetScrollPositionArgumentResolver done
Event: 9.508 Loading class org/springframework/data/web/OffsetScrollPositionHandlerMethodArgumentResolverSupport
Event: 9.508 Loading class org/springframework/data/web/OffsetScrollPositionHandlerMethodArgumentResolverSupport done
Event: 9.509 Loading class org/springframework/data/web/config/OffsetScrollPositionHandlerMethodArgumentResolverCustomizer
Event: 9.509 Loading class org/springframework/data/web/config/OffsetScrollPositionHandlerMethodArgumentResolverCustomizer done
Event: 9.515 Loading class org/springframework/beans/factory/support/AutowireUtils
Event: 9.515 Loading class org/springframework/beans/factory/support/AutowireUtils done
Event: 9.519 Loading class sun/reflect/misc/ReflectUtil
Event: 9.520 Loading class sun/reflect/misc/ReflectUtil done
Event: 9.520 Loading class java/lang/reflect/AnnotatedType
Event: 9.521 Loading class java/lang/reflect/AnnotatedType done

Classes unloaded (0 events):
No events

Classes redefined (0 events):
No events

Internal exceptions (20 events):
Event: 5.368 Thread 0x00000287f03cb680 Exception <a 'java/lang/NoSuchMethodError'{0x00000000c4901348}: 'void java.lang.invoke.DirectMethodHandle$Holder.invokeStaticInit(java.lang.Object, java.lang.Object, java.lang.Object)'> (0x00000000c4901348) 
thrown [s\src\hotspot\share\interpreter\linkResolver.cpp, line 759]
Event: 5.376 Thread 0x00000287f03cb680 Exception <a 'java/lang/NoSuchMethodError'{0x00000000c491f7c0}: 'java.lang.Object java.lang.invoke.DirectMethodHandle$Holder.invokeVirtual(java.lang.Object, java.lang.Object, java.lang.Object)'> (0x00000000c491f7c0) 
thrown [s\src\hotspot\share\interpreter\linkResolver.cpp, line 759]
Event: 5.389 Thread 0x00000287f03cb680 Exception <a 'java/lang/NoSuchMethodError'{0x00000000c494dca8}: 'java.lang.Object java.lang.invoke.DirectMethodHandle$Holder.invokeStatic(java.lang.Object, java.lang.Object, long, java.lang.Object)'> (0x00000000c494dca8) 
thrown [s\src\hotspot\share\interpreter\linkResolver.cpp, line 759]
Event: 5.390 Thread 0x00000287f03cb680 Exception <a 'java/lang/NoSuchMethodError'{0x00000000c4951738}: 'java.lang.Object java.lang.invoke.DirectMethodHandle$Holder.invokeStaticInit(java.lang.Object, java.lang.Object, long, java.lang.Object)'> (0x00000000c4951738) 
thrown [s\src\hotspot\share\interpreter\linkResolver.cpp, line 759]
Event: 5.393 Thread 0x00000287f03cb680 Exception <a 'java/lang/NoSuchMethodError'{0x00000000c4958000}: 'java.lang.Object java.lang.invoke.DirectMethodHandle$Holder.newInvokeSpecial(java.lang.Object, java.lang.Object, long)'> (0x00000000c4958000) 
thrown [s\src\hotspot\share\interpreter\linkResolver.cpp, line 759]
Event: 5.394 Thread 0x00000287f03cb680 Exception <a 'java/lang/NoSuchMethodError'{0x00000000c495bb78}: 'java.lang.Object java.lang.invoke.Invokers$Holder.linkToTargetMethod(java.lang.Object, long, java.lang.Object)'> (0x00000000c495bb78) 
thrown [s\src\hotspot\share\interpreter\linkResolver.cpp, line 759]
Event: 5.451 Thread 0x00000287f03cb680 Exception <a 'java/lang/NoSuchMethodError'{0x00000000c49c7df8}: 'void java.lang.invoke.DirectMethodHandle$Holder.invokeVirtual(java.lang.Object, java.lang.Object, java.lang.Object, java.lang.Object)'> (0x00000000c49c7df8) 
thrown [s\src\hotspot\share\interpreter\linkResolver.cpp, line 759]
Event: 5.632 Thread 0x00000287f03cb680 Exception <a 'java/lang/IncompatibleClassChangeError'{0x00000000c47b2430}: Found class java.lang.Object, but interface was expected> (0x00000000c47b2430) 
thrown [s\src\hotspot\share\interpreter\linkResolver.cpp, line 826]
Event: 5.634 Thread 0x00000287f06ed8d0 Exception <a 'java/lang/NoClassDefFoundError'{0x00000000c479bb80}: jakarta/validation/Validation> (0x00000000c479bb80) 
thrown [s\src\hotspot\share\classfile\systemDictionary.cpp, line 244]
Event: 5.955 Thread 0x00000287f03cb680 Exception <a 'java/lang/NoSuchMethodError'{0x00000000c522fe18}: 'java.lang.Object java.lang.invoke.DirectMethodHandle$Holder.invokeStatic(java.lang.Object, int, java.lang.Object)'> (0x00000000c522fe18) 
thrown [s\src\hotspot\share\interpreter\linkResolver.cpp, line 759]
Event: 6.756 Thread 0x00000287f03cb680 Exception <a 'sun/nio/fs/WindowsException'{0x00000000c4141d10}> (0x00000000c4141d10) 
thrown [s\src\hotspot\share\prims\jni.cpp, line 516]
Event: 6.758 Thread 0x00000287f03cb680 Exception <a 'java/lang/NoSuchMethodError'{0x00000000c41447c8}: 'int java.lang.invoke.DirectMethodHandle$Holder.invokeSpecial(java.lang.Object, java.lang.Object, java.lang.Object, java.lang.Object, java.lang.Object)'> (0x00000000c41447c8) 
thrown [s\src\hotspot\share\interpreter\linkResolver.cpp, line 759]
Event: 6.782 Thread 0x00000287f03cb680 Exception <a 'java/lang/NoSuchMethodError'{0x00000000c4152d80}: 'void java.lang.invoke.DirectMethodHandle$Holder.invokeVirtual(java.lang.Object, java.lang.Object)'> (0x00000000c4152d80) 
thrown [s\src\hotspot\share\interpreter\linkResolver.cpp, line 759]
Event: 6.888 Thread 0x00000287f06ed8d0 Exception <a 'java/lang/NoSuchMethodError'{0x00000000c3ed18b8}: 'long java.lang.invoke.DirectMethodHandle$Holder.invokeSpecial(java.lang.Object, java.lang.Object)'> (0x00000000c3ed18b8) 
thrown [s\src\hotspot\share\interpreter\linkResolver.cpp, line 759]
Event: 6.893 Thread 0x00000287f06ed8d0 Exception <a 'java/lang/NoSuchMethodError'{0x00000000c3edcb00}: 'long java.lang.invoke.DirectMethodHandle$Holder.invokeStatic(java.lang.Object, java.lang.Object)'> (0x00000000c3edcb00) 
thrown [s\src\hotspot\share\interpreter\linkResolver.cpp, line 759]
Event: 6.893 Thread 0x00000287f06ed8d0 Exception <a 'java/lang/NoSuchMethodError'{0x00000000c3edfe50}: 'long java.lang.invoke.DirectMethodHandle$Holder.invokeStaticInit(java.lang.Object, java.lang.Object)'> (0x00000000c3edfe50) 
thrown [s\src\hotspot\share\interpreter\linkResolver.cpp, line 759]
Event: 6.899 Thread 0x00000287f06ed8d0 Exception <a 'java/lang/NoSuchMethodError'{0x00000000c3eedd10}: 'long java.lang.invoke.DirectMethodHandle$Holder.invokeInterface(java.lang.Object, java.lang.Object)'> (0x00000000c3eedd10) 
thrown [s\src\hotspot\share\interpreter\linkResolver.cpp, line 759]
Event: 6.905 Thread 0x00000287f06ed8d0 Exception <a 'java/lang/IncompatibleClassChangeError'{0x00000000c3ef0ff0}: Found class java.lang.Object, but interface was expected> (0x00000000c3ef0ff0) 
thrown [s\src\hotspot\share\interpreter\linkResolver.cpp, line 826]
Event: 6.921 Thread 0x00000287f06ed8d0 Exception <a 'java/lang/NoSuchMethodError'{0x00000000c3d43958}: 'java.lang.Object java.lang.invoke.DirectMethodHandle$Holder.invokeVirtual(java.lang.Object, java.lang.Object, java.lang.Object, java.lang.Object)'> (0x00000000c3d43958) 
thrown [s\src\hotspot\share\interpreter\linkResolver.cpp, line 759]
Event: 7.773 Thread 0x00000287f03cb680 Exception <a 'java/lang/IncompatibleClassChangeError'{0x00000000c3125608}: Found class java.lang.Object, but interface was expected> (0x00000000c3125608) 
thrown [s\src\hotspot\share\interpreter\linkResolver.cpp, line 826]

VM Operations (20 events):
Event: 6.108 Executing VM operation: HandshakeAllThreads
Event: 6.109 Executing VM operation: HandshakeAllThreads done
Event: 6.384 Executing VM operation: HandshakeAllThreads
Event: 6.384 Executing VM operation: HandshakeAllThreads done
Event: 6.646 Executing VM operation: HandshakeAllThreads
Event: 6.647 Executing VM operation: HandshakeAllThreads done
Event: 7.071 Executing VM operation: HandshakeAllThreads
Event: 7.071 Executing VM operation: HandshakeAllThreads done
Event: 7.071 Executing VM operation: Cleanup
Event: 7.071 Executing VM operation: Cleanup done
Event: 7.170 Executing VM operation: HandshakeAllThreads
Event: 7.170 Executing VM operation: HandshakeAllThreads done
Event: 8.026 Executing VM operation: G1CollectForAllocation
Event: 8.038 Executing VM operation: G1CollectForAllocation done
Event: 8.040 Executing VM operation: Cleanup
Event: 8.040 Executing VM operation: Cleanup done
Event: 8.917 Executing VM operation: ICBufferFull
Event: 8.917 Executing VM operation: ICBufferFull done
Event: 9.525 Executing VM operation: HandshakeAllThreads
Event: 9.526 Executing VM operation: HandshakeAllThreads done

Events (20 events):
Event: 0.572 Thread 0x00000287eb78ccb0 Thread added: 0x00000287eb78ccb0
Event: 0.816 Thread 0x00000287eb7cf1f0 Thread added: 0x00000287eb7cf1f0
Event: 0.983 Thread 0x00000287ef9e41b0 Thread added: 0x00000287ef9e41b0
Event: 0.984 Thread 0x00000287efa47850 Thread added: 0x00000287efa47850
Event: 1.137 Thread 0x00000287ef9e7440 Thread added: 0x00000287ef9e7440
Event: 2.227 Loaded shared library C:\Users\ERIN_JAVALead\.jdks\corretto-18.0.2\bin\instrument.dll
Event: 2.291 Thread 0x00000287efa4fed0 Thread added: 0x00000287efa4fed0
Event: 2.376 Loaded shared library C:\Users\ERIN_JAVALead\.jdks\corretto-18.0.2\bin\net.dll
Event: 2.379 Loaded shared library C:\Users\ERIN_JAVALead\.jdks\corretto-18.0.2\bin\nio.dll
Event: 2.404 Loaded shared library C:\Users\ERIN_JAVALead\.jdks\corretto-18.0.2\bin\zip.dll
Event: 2.941 Loaded shared library C:\Users\ERIN_JAVALead\.jdks\corretto-18.0.2\bin\jimage.dll
Event: 4.141 Loaded shared library C:\Users\ERIN_JAVALead\.jdks\corretto-18.0.2\bin\management.dll
Event: 4.147 Loaded shared library C:\Users\ERIN_JAVALead\.jdks\corretto-18.0.2\bin\management_ext.dll
Event: 4.301 Thread 0x00000287f03adf40 Thread added: 0x00000287f03adf40
Event: 4.308 Thread 0x00000287f03cb680 Thread added: 0x00000287f03cb680
Event: 5.625 Thread 0x00000287f06ed8d0 Thread added: 0x00000287f06ed8d0
Event: 7.103 Thread 0x00000287f0729b20 Thread added: 0x00000287f0729b20
Event: 7.149 Loaded shared library C:\Users\ERIN_JAVALead\.jdks\corretto-18.0.2\bin\sunmscapi.dll
Event: 7.231 Thread 0x00000287f06ed8d0 Thread exited: 0x00000287f06ed8d0
Event: 7.727 Thread 0x00000287f0729b20 Thread exited: 0x00000287f0729b20


Dynamic libraries:
0x00007ff7ee270000 - 0x00007ff7ee27d000 	C:\Users\ERIN_JAVALead\.jdks\corretto-18.0.2\bin\java.exe
0x00007ffa76fd0000 - 0x00007ffa771c8000 	C:\WINDOWS\SYSTEM32\ntdll.dll
0x00007ffa757f0000 - 0x00007ffa758b1000 	C:\WINDOWS\System32\KERNEL32.DLL
0x00007ffa74b00000 - 0x00007ffa74df6000 	C:\WINDOWS\System32\KERNELBASE.dll
0x00007ffa74a00000 - 0x00007ffa74b00000 	C:\WINDOWS\System32\ucrtbase.dll
0x00007ffa61400000 - 0x00007ffa61417000 	C:\Users\ERIN_JAVALead\.jdks\corretto-18.0.2\bin\jli.dll
0x00007ffa75100000 - 0x00007ffa7529f000 	C:\WINDOWS\System32\USER32.dll
0x00007ffa74780000 - 0x00007ffa747a2000 	C:\WINDOWS\System32\win32u.dll
0x00007ffa755b0000 - 0x00007ffa755db000 	C:\WINDOWS\System32\GDI32.dll
0x00007ffa74e00000 - 0x00007ffa74f17000 	C:\WINDOWS\System32\gdi32full.dll
0x00007ffa746e0000 - 0x00007ffa7477d000 	C:\WINDOWS\System32\msvcp_win.dll
0x00007ffa613e0000 - 0x00007ffa613f5000 	C:\Users\ERIN_JAVALead\.jdks\corretto-18.0.2\bin\VCRUNTIME140.dll
0x00007ffa5cc40000 - 0x00007ffa5ceda000 	C:\WINDOWS\WinSxS\amd64_microsoft.windows.common-controls_6595b64144ccf1df_6.0.19041.4355_none_60b8b9eb71f62e16\COMCTL32.dll
0x00007ffa76eb0000 - 0x00007ffa76f4e000 	C:\WINDOWS\System32\msvcrt.dll
0x00007ffa750d0000 - 0x00007ffa750ff000 	C:\WINDOWS\System32\IMM32.DLL
0x00007ffa461b0000 - 0x00007ffa4624b000 	C:\Users\ERIN_JAVALead\.jdks\corretto-18.0.2\bin\msvcp140.dll
0x00007ffa414d0000 - 0x00007ffa42141000 	C:\Users\ERIN_JAVALead\.jdks\corretto-18.0.2\bin\server\jvm.dll
0x00007ffa76d20000 - 0x00007ffa76dd0000 	C:\WINDOWS\System32\ADVAPI32.dll
0x00007ffa76c80000 - 0x00007ffa76d20000 	C:\WINDOWS\System32\sechost.dll
0x00007ffa762d0000 - 0x00007ffa763f3000 	C:\WINDOWS\System32\RPCRT4.dll
0x00007ffa74870000 - 0x00007ffa74897000 	C:\WINDOWS\System32\bcrypt.dll
0x00007ffa76f50000 - 0x00007ffa76f58000 	C:\WINDOWS\System32\PSAPI.DLL
0x00007ffa5ff60000 - 0x00007ffa5ff69000 	C:\WINDOWS\SYSTEM32\WSOCK32.dll
0x00007ffa76de0000 - 0x00007ffa76e4b000 	C:\WINDOWS\System32\WS2_32.dll
0x00007ffa4eb70000 - 0x00007ffa4eb97000 	C:\WINDOWS\SYSTEM32\WINMM.dll
0x00007ffa6e920000 - 0x00007ffa6e92a000 	C:\WINDOWS\SYSTEM32\VERSION.dll
0x00007ffa723b0000 - 0x00007ffa723c2000 	C:\WINDOWS\SYSTEM32\kernel.appcore.dll
0x00007ffa63f60000 - 0x00007ffa63f6a000 	C:\Users\ERIN_JAVALead\.jdks\corretto-18.0.2\bin\jimage.dll
0x00007ffa543a0000 - 0x00007ffa54584000 	C:\WINDOWS\SYSTEM32\DBGHELP.DLL
0x00007ffa54360000 - 0x00007ffa54394000 	C:\WINDOWS\SYSTEM32\dbgcore.DLL
0x00007ffa74650000 - 0x00007ffa746d2000 	C:\WINDOWS\System32\bcryptPrimitives.dll
0x00007ffa51f00000 - 0x00007ffa51f3a000 	C:\Users\ERIN_JAVALead\.jdks\corretto-18.0.2\bin\jdwp.dll
0x00007ffa62a60000 - 0x00007ffa62a6e000 	C:\Users\ERIN_JAVALead\.jdks\corretto-18.0.2\bin\instrument.dll
0x00007ffa527a0000 - 0x00007ffa527c5000 	C:\Users\ERIN_JAVALead\.jdks\corretto-18.0.2\bin\java.dll
0x00007ffa55500000 - 0x00007ffa55518000 	C:\Users\ERIN_JAVALead\.jdks\corretto-18.0.2\bin\zip.dll
0x00007ffa460d0000 - 0x00007ffa461a6000 	C:\Users\ERIN_JAVALead\.jdks\corretto-18.0.2\bin\jsvml.dll
0x00007ffa76460000 - 0x00007ffa76bcc000 	C:\WINDOWS\System32\SHELL32.dll
0x00007ffa72690000 - 0x00007ffa72e2e000 	C:\WINDOWS\SYSTEM32\windows.storage.dll
0x00007ffa75b00000 - 0x00007ffa75e53000 	C:\WINDOWS\System32\combase.dll
0x00007ffa73ec0000 - 0x00007ffa73eee000 	C:\WINDOWS\SYSTEM32\Wldp.dll
0x00007ffa75450000 - 0x00007ffa7551d000 	C:\WINDOWS\System32\OLEAUT32.dll
0x00007ffa76bd0000 - 0x00007ffa76c7d000 	C:\WINDOWS\System32\SHCORE.dll
0x00007ffa758c0000 - 0x00007ffa75915000 	C:\WINDOWS\System32\shlwapi.dll
0x00007ffa74580000 - 0x00007ffa745a4000 	C:\WINDOWS\SYSTEM32\profapi.dll
0x00007ffa622f0000 - 0x00007ffa622fc000 	C:\Users\ERIN_JAVALead\.jdks\corretto-18.0.2\bin\dt_socket.dll
0x00007ffa739a0000 - 0x00007ffa739db000 	C:\WINDOWS\SYSTEM32\IPHLPAPI.DLL
0x00007ffa73ca0000 - 0x00007ffa73d0a000 	C:\WINDOWS\system32\mswsock.dll
0x00007ffa610f0000 - 0x00007ffa61103000 	C:\Users\ERIN_JAVALead\.jdks\corretto-18.0.2\bin\net.dll
0x00007ffa6e780000 - 0x00007ffa6e88a000 	C:\WINDOWS\SYSTEM32\WINHTTP.dll
0x00007ffa581d0000 - 0x00007ffa581e5000 	C:\Users\ERIN_JAVALead\.jdks\corretto-18.0.2\bin\nio.dll
0x00007ffa629c0000 - 0x00007ffa629c9000 	C:\Users\ERIN_JAVALead\.jdks\corretto-18.0.2\bin\management.dll
0x00007ffa62370000 - 0x00007ffa6237b000 	C:\Users\ERIN_JAVALead\.jdks\corretto-18.0.2\bin\management_ext.dll
0x00007ffa617a0000 - 0x00007ffa617ae000 	C:\Users\ERIN_JAVALead\.jdks\corretto-18.0.2\bin\sunmscapi.dll
0x00007ffa748a0000 - 0x00007ffa749fe000 	C:\WINDOWS\System32\CRYPT32.dll
0x00007ffa74010000 - 0x00007ffa74039000 	C:\WINDOWS\SYSTEM32\ncrypt.dll
0x00007ffa73fd0000 - 0x00007ffa7400b000 	C:\WINDOWS\SYSTEM32\NTASN1.dll

dbghelp: loaded successfully - version: 4.0.5 - missing functions: none
symbol engine: initialized successfully - sym options: 0x614 - pdb path: .;C:\Users\ERIN_JAVALead\.jdks\corretto-18.0.2\bin;C:\WINDOWS\SYSTEM32;C:\WINDOWS\WinSxS\amd64_microsoft.windows.common-controls_6595b64144ccf1df_6.0.19041.4355_none_60b8b9eb71f62e16;C:\Users\ERIN_JAVALead\.jdks\corretto-18.0.2\bin\server

VM Arguments:
jvm_args: -agentlib:jdwp=transport=dt_socket,address=127.0.0.1:56156,suspend=y,server=n -javaagent:C:\Users\ERIN_JAVALead\AppData\Local\JetBrains\IdeaIC2021.3\captureAgent\debugger-agent.jar -Dfile.encoding=UTF-8 
java_command: com.smart_host.hotelallocation.HotelallocationApplication
java_class_path (initial): C:\Users\ERIN_JAVALead\Downloads\hotelallocation\hotelallocation\target\classes;C:\Users\ERIN_JAVALead\.m2\repository\org\springframework\boot\spring-boot-starter-data-rest\3.3.1\spring-boot-starter-data-rest-3.3.1.jar;C:\Users\ERIN_JAVALead\.m2\repository\org\springframework\data\spring-data-rest-webmvc\4.3.1\spring-data-rest-webmvc-4.3.1.jar;C:\Users\ERIN_JAVALead\.m2\repository\org\springframework\data\spring-data-rest-core\4.3.1\spring-data-rest-core-4.3.1.jar;C:\Users\ERIN_JAVALead\.m2\repository\org\springframework\spring-tx\6.1.10\spring-tx-6.1.10.jar;C:\Users\ERIN_JAVALead\.m2\repository\org\springframework\hateoas\spring-hateoas\2.3.0\spring-hateoas-2.3.0.jar;C:\Users\ERIN_JAVALead\.m2\repository\org\springframework\data\spring-data-commons\3.3.1\spring-data-commons-3.3.1.jar;C:\Users\ERIN_JAVALead\.m2\repository\org\springframework\plugin\spring-plugin-core\3.0.0\spring-plugin-core-3.0.0.jar;C:\Users\ERIN_JAVALead\.m2\repository\org\atteo\evo-inflector\1.3\evo-inflector-1.3.jar;C:\Users\ERIN_JAVALead\.m2\repository\com\fasterxml\jackson\core\jackson-databind\2.17.1\jackson-databind-2.17.1.jar;C:\Users\ERIN_JAVALead\.m2\repository\com\fasterxml\jackson\core\jackson-core\2.17.1\jackson-core-2.17.1.jar;C:\Users\ERIN_JAVALead\.m2\repository\com\fasterxml\jackson\core\jackson-annotations\2.17.1\jackson-annotations-2.17.1.jar;C:\Users\ERIN_JAVALead\.m2\repository\org\slf4j\slf4j-api\2.0.13\slf4j-api-2.0.13.jar;C:\Users\ERIN_JAVALead\.m2\repository\org\springframework\boot\spring-boot-starter-web\3.3.1\spring-boot-starter-web-3.3.1.jar;C:\Users\ERIN_JAVALead\.m2\repository\org\springframework\boot\spring-boot-starter\3.3.1\spring-boot-starter-3.3.1.jar;C:\Users\ERIN_JAVALead\.m2\repository\org\springframework\boot\spring-boot-starter-logging\3.3.1\spring-boot-starter-logging-3.3.1.jar;C:\Users\ERIN_JAVALead\.m2\repository\ch\qos\logback\logback-classic\1.5.6\logback-classic-1.5.6.jar;C:\Users\ERIN_JAVALead\.m2\repository\ch\qos\logback\logback-core\1.5.6\logback-core-1.5.6.jar;C:\Users\ERIN_JAVALead\.m2\repository\org\apache\logging\log4j\log4j-to-slf4j\2.23.1\log4j-to-slf4j-2.23.1.jar;C:\Users\ERIN_JAVALead\.m2\repository\org\apache\logging\log4j\log4j-api\2.23.1\log4j-api-2.23.1.jar;C:\Users\ERIN_JAVALead\.m2\repository\org\slf4j\jul-to-slf4j\2.0.13\jul-to-slf4j-2.0.13.jar;C:\Users\ERIN_JAVALead\.m2\repository\jakarta\annotation\jakarta.annotation-api\2.1.1\jakarta.annotation-api-2.1.1.jar;C:\Users\ERIN_JAVALead\.m2\repository\org\yaml\snakeyaml\2.2\snakeyaml-2.2.jar;C:\Users\ERIN_JAVALead\.m2\repository\org\springframework\boot\spring-boot-starter-json\3.3.1\spring-boot-starter-json-3.3.1.jar;C:\Users\ERIN_JAVALead\.m2\repository\com\fasterxml\jackson\datatype\jackson-datatype-jdk8\2.17.1\jackson-datatype-jdk8-2.17.1.jar;C:\Users\ERIN_JAVALead\.m2\repository\com\fasterxml\jackson\datatype\jackson-datatype-jsr310\2.17.1\jackson-datatype-jsr310-2.17.1.jar;C:\Users\ERIN_JAVALead\.m2\repository\com\fasterxml\jackson\module\jackson-module-parameter-names\2.17.1\jackson-module-parameter-names-2.17.1.jar;C:\Users\ERIN_JAVALead\.m2\repository\org\springframework\boot\spring-boot-starter-tomcat\3.3.1\spring-boot-starter-tomcat-3.3.1.jar;C:\Users\ERIN_JAVALead\.m2\repository\org\apache\tomcat\embed\tomcat-embed-core\10.1.25\tomcat-embed-core-10.1.25.jar;C:\Users\ERIN_JAVALead\.m2\repository\org\apache\tomcat\embed\tomcat-embed-el\10.1.25\tomcat-embed-el-10.1.25.jar;C:\Users\ERIN_JAVALead\.m2\repository\org\apache\tomcat\embed\tomcat-embed-websocket\10.1.25\tomcat-embed-websocket-10.1.25.jar;C:\Users\ERIN_JAVALead\.m2\repository\org\springframework\spring-web\6.1.10\spring-web-6.1.10.jar;C:\Users\ERIN_JAVALead\.m2\repository\org\springframework\spring-beans\6.1.10\spring-beans-6.1.10.jar;C:\Users\ERIN_JAVALead\.m2\repository\io\micrometer\micrometer-observation\1.13.1\micrometer-observation-1.13.1.jar;C:\Users\ERIN_JAVALead\.m2\repository\io\micrometer\micrometer-commons\1.13.1\micrometer-commons-1.13.1.jar;C:\Users\ERIN_JAVALead\.m2\repository\org\springframework\spring-webmvc\6.1.10\spring-webmvc-6.1.10.jar;C:\Users\ERIN_JAVALead\.m2\repository\org\springframework\spring-aop\6.1.10\spring-aop-6.1.10.jar;C:\Users\ERIN_JAVALead\.m2\repository\org\springframework\spring-context\6.1.10\spring-context-6.1.10.jar;C:\Users\ERIN_JAVALead\.m2\repository\org\springframework\spring-expression\6.1.10\spring-expression-6.1.10.jar;C:\Users\ERIN_JAVALead\.m2\repository\org\springframework\boot\spring-boot-devtools\3.3.1\spring-boot-devtools-3.3.1.jar;C:\Users\ERIN_JAVALead\.m2\repository\org\springframework\boot\spring-boot\3.3.1\spring-boot-3.3.1.jar;C:\Users\ERIN_JAVALead\.m2\repository\org\springframework\boot\spring-boot-autoconfigure\3.3.1\spring-boot-autoconfigure-3.3.1.jar;C:\Users\ERIN_JAVALead\.m2\repository\org\projectlombok\lombok\1.18.32\lombok-1.18.32.jar;C:\Users\ERIN_JAVALead\.m2\repository\com\jayway\jsonpath\json-path\2.9.0\json-path-2.9.0.jar;C:\Users\ERIN_JAVALead\.m2\repository\net\minidev\json-smart\2.5.1\json-smart-2.5.1.jar;C:\Users\ERIN_JAVALead\.m2\repository\net\minidev\accessors-smart\2.5.1\accessors-smart-2.5.1.jar;C:\Users\ERIN_JAVALead\.m2\repository\org\ow2\asm\asm\9.6\asm-9.6.jar;C:\Users\ERIN_JAVALead\.m2\repository\org\springframework\spring-core\6.1.10\spring-core-6.1.10.jar;C:\Users\ERIN_JAVALead\.m2\repository\org\springframework\spring-jcl\6.1.10\spring-jcl-6.1.10.jar;C:\Program Files\JetBrains\IntelliJ IDEA Community Edition 2021.3.3\lib\idea_rt.jar
Launcher Type: SUN_STANDARD

[Global flags]
     intx CICompilerCount                          = 3                                         {product} {ergonomic}
     uint ConcGCThreads                            = 1                                         {product} {ergonomic}
     uint G1ConcRefinementThreads                  = 4                                         {product} {ergonomic}
   size_t G1HeapRegionSize                         = 1048576                                   {product} {ergonomic}
    uintx GCDrainStackTargetSize                   = 64                                        {product} {ergonomic}
   size_t InitialHeapSize                          = 67108864                                  {product} {ergonomic}
   size_t MarkStackSize                            = 4194304                                   {product} {ergonomic}
   size_t MaxHeapSize                              = 1052770304                                {product} {ergonomic}
   size_t MaxNewSize                               = 631242752                                 {product} {ergonomic}
   size_t MinHeapDeltaBytes                        = 1048576                                   {product} {ergonomic}
   size_t MinHeapSize                              = 8388608                                   {product} {ergonomic}
    uintx NonNMethodCodeHeapSize                   = 5832780                                {pd product} {ergonomic}
    uintx NonProfiledCodeHeapSize                  = 122912730                              {pd product} {ergonomic}
    uintx ProfiledCodeHeapSize                     = 122912730                              {pd product} {ergonomic}
    uintx ReservedCodeCacheSize                    = 251658240                              {pd product} {ergonomic}
     bool SegmentedCodeCache                       = true                                      {product} {ergonomic}
   size_t SoftMaxHeapSize                          = 1052770304                             {manageable} {ergonomic}
     bool UseCompressedClassPointers               = true                           {product lp64_product} {ergonomic}
     bool UseCompressedOops                        = true                           {product lp64_product} {ergonomic}
     bool UseG1GC                                  = true                                      {product} {ergonomic}
     bool UseLargePagesIndividualAllocation        = false                                  {pd product} {ergonomic}

Logging:
Log output configuration:
 #0: stdout all=warning uptime,level,tags foldmultilines=false
 #1: stderr all=off uptime,level,tags foldmultilines=false

Environment Variables:
JAVA_HOME=C:\Program Files\Java\jdk-17
PATH=C:\Program Files (x86)\Common Files\Oracle\Java\javapath;C:\WINDOWS\system32;C:\WINDOWS;C:\WINDOWS\System32\Wbem;C:\WINDOWS\System32\WindowsPowerShell\v1.0\;C:\WINDOWS\System32\OpenSSH\;C:\Program Files (x86)\nodejs\;C:\Program Files (x86)\nodejs\npm;C:\Users\ERIN_JAVALead\AppData\Roaming\npm;C:\Program Files\Git\cmd;C:\Program Files (x86)\dotnet\;C:\Program Files (x86)\Microsoft SQL Server\160\DTS\Binn\;C:\Program Files\Azure Data Studio\bin;C:\Program Files (x86)\Microsoft SQL Server\160\Tools\Binn\;C:\Program Files\Microsoft SQL Server\160\Tools\Binn\;C:\Program Files\Microsoft SQL Server\Client SDK\ODBC\170\Tools\Binn\;C:\Program Files\Microsoft SQL Server\160\DTS\Binn\;C:\Program Files\Java\jdk1.8.0_202\bin;C:\Program Files\Java\jdk1.8.0_202\jre\bin;C:\kafkasrc\bin\windows;C:\Program Files\Docker\Docker\resources\bin;C:\Program Files\Docker\Docker;C:\Users\ERIN_JAVALead\AppData\Local\Microsoft\WindowsApps;;C:\Users\ERIN_JAVALead\AppData\Local\Programs\Microsoft VS Code\bin;C:\Users\ERIN_JAVALead\AppData\Roaming\npm;C:\Program Files\Azure Data Studio\bin
USERNAME=ERIN_JAVALead
OS=Windows_NT
PROCESSOR_IDENTIFIER=Intel64 Family 6 Model 78 Stepping 3, GenuineIntel



---------------  S Y S T E M  ---------------

OS:
 Windows 10 , 64 bit Build 19041 (10.0.19041.4597)
OS uptime: 0 days 5:39 hours
Hyper-V role detected

CPU: total 4 (initial active 4) (2 cores per cpu, 2 threads per core) family 6 model 78 stepping 3 microcode 0xcc, cx8, cmov, fxsr, ht, mmx, 3dnowpref, sse, sse2, sse3, ssse3, sse4.1, sse4.2, popcnt, lzcnt, tsc, tscinvbit, avx, avx2, aes, erms, clmul, bmi1, bmi2, adx, fma, vzeroupper, clflush, clflushopt, hv

Memory: 4k page, system-wide physical 4012M (310M free)
TotalPageFile size 6060M (AvailPageFile size 21M)
current process WorkingSet (physical memory assigned to process): 141M, peak: 144M
current process commit charge ("private bytes"): 194M, peak: 196M

vm_info: OpenJDK 64-Bit Server VM (18.0.2+9-FR) for windows-amd64 JRE (18.0.2+9-FR), built on Jul 15 2022 20:03:03 by "Administrator" with MS VC++ 15.9 (VS2017)

END.
