#
# There is insufficient memory for the Java Runtime Environment to continue.
# Native memory allocation (malloc) failed to allocate 357120 bytes for Chunk::new
# Possible reasons:
#   The system is out of physical RAM or swap space
#   The process is running with CompressedOops enabled, and the Java Heap may be blocking the growth of the native heap
# Possible solutions:
#   Reduce memory load on the system
#   Increase physical memory or swap space
#   Check if swap backing store is full
#   Decrease Java heap size (-Xmx/-Xms)
#   Decrease number of Java threads
#   Decrease Java thread stack sizes (-Xss)
#   Set larger code cache with -XX:ReservedCodeCacheSize=
#   JVM is running with Unscaled Compressed Oops mode in which the Java heap is
#     placed in the first 4GB address space. The Java Heap base address is the
#     maximum limit for the native heap growth. Please use -XX:HeapBaseMinAddress
#     to set the Java Heap base and to place the Java Heap above 4GB virtual address.
# This output file may be truncated or incomplete.
#
#  Out of Memory Error (arena.cpp:184), pid=1368, tid=7516
#
# JRE version: OpenJDK Runtime Environment Corretto-18.0.2.9.1 (18.0.2+9) (build 18.0.2+9-FR)
# Java VM: OpenJDK 64-Bit Server VM Corretto-18.0.2.9.1 (18.0.2+9-FR, mixed mode, sharing, tiered, compressed oops, compressed class ptrs, g1 gc, windows-amd64)
# No core dump will be written. Minidumps are not enabled by default on client versions of Windows
#

---------------  S U M M A R Y ------------

Command Line: -javaagent:C:\Program Files\JetBrains\IntelliJ IDEA Community Edition 2021.3.3\lib\idea_rt.jar=63207:C:\Program Files\JetBrains\IntelliJ IDEA Community Edition 2021.3.3\bin -Dfile.encoding=UTF-8 com.smart_host.hotelallocation.HotelallocationApplication

Host: Intel(R) Core(TM) i3-6006U CPU @ 2.00GHz, 4 cores, 3G,  Windows 10 , 64 bit Build 19041 (10.0.19041.4597)
Time: Fri Jul 19 12:36:19 2024 W. Europe Daylight Time elapsed time: 4.618546 seconds (0d 0h 0m 4s)

---------------  T H R E A D  ---------------

Current thread (0x0000028c2dd23790):  JavaThread "C2 CompilerThread0" daemon [_thread_in_native, id=7516, stack(0x000000ccc8d00000,0x000000ccc8e00000)]


Current CompileTask:
C2:   4618 1789 % !   4       java.util.concurrent.ConcurrentHashMap::transfer @ 96 (849 bytes)

Stack: [0x000000ccc8d00000,0x000000ccc8e00000]
Native frames: (J=compiled Java code, j=interpreted, Vv=VM code, C=native code)
V  [jvm.dll+0x685a2a]
V  [jvm.dll+0x82ae8d]
V  [jvm.dll+0x82c75e]
V  [jvm.dll+0x82ce03]
V  [jvm.dll+0x25ef4b]
V  [jvm.dll+0xd42d2]
V  [jvm.dll+0xd4665]
V  [jvm.dll+0x38578b]
V  [jvm.dll+0x34d82a]
V  [jvm.dll+0x34cc1a]
V  [jvm.dll+0x233a65]
V  [jvm.dll+0x232f37]
V  [jvm.dll+0x1c0a35]
V  [jvm.dll+0x24212c]
V  [jvm.dll+0x240534]
V  [jvm.dll+0x7df6db]
V  [jvm.dll+0x7d9cba]
V  [jvm.dll+0x6848a5]
C  [ucrtbase.dll+0x21bb2]
C  [KERNEL32.DLL+0x17374]
C  [ntdll.dll+0x4cc91]


---------------  P R O C E S S  ---------------

Threads class SMR info:
_java_thread_list=0x0000028c4e178d70, length=16, elements={
0x0000028c2dc70900, 0x0000028c2dd0ac50, 0x0000028c2dd0b8b0, 0x0000028c2dd1fdd0,
0x0000028c2dd21780, 0x0000028c2dd22120, 0x0000028c2dd22ac0, 0x0000028c2dd23790,
0x0000028c2dd24170, 0x0000028c492573d0, 0x0000028c4d422080, 0x0000028c4d716800,
0x0000028c4d574cb0, 0x0000028c4da87d00, 0x0000028c4da88640, 0x0000028c4df7cc60
}

Java Threads: ( => current thread )
  0x0000028c2dc70900 JavaThread "main" [_thread_blocked, id=12980, stack(0x000000ccc7f00000,0x000000ccc8000000)]
  0x0000028c2dd0ac50 JavaThread "Reference Handler" daemon [_thread_blocked, id=4384, stack(0x000000ccc8700000,0x000000ccc8800000)]
  0x0000028c2dd0b8b0 JavaThread "Finalizer" daemon [_thread_blocked, id=12224, stack(0x000000ccc8800000,0x000000ccc8900000)]
  0x0000028c2dd1fdd0 JavaThread "Signal Dispatcher" daemon [_thread_blocked, id=10644, stack(0x000000ccc8900000,0x000000ccc8a00000)]
  0x0000028c2dd21780 JavaThread "Attach Listener" daemon [_thread_blocked, id=4552, stack(0x000000ccc8a00000,0x000000ccc8b00000)]
  0x0000028c2dd22120 JavaThread "Service Thread" daemon [_thread_blocked, id=9636, stack(0x000000ccc8b00000,0x000000ccc8c00000)]
  0x0000028c2dd22ac0 JavaThread "Monitor Deflation Thread" daemon [_thread_blocked, id=8428, stack(0x000000ccc8c00000,0x000000ccc8d00000)]
=>0x0000028c2dd23790 JavaThread "C2 CompilerThread0" daemon [_thread_in_native, id=7516, stack(0x000000ccc8d00000,0x000000ccc8e00000)]
  0x0000028c2dd24170 JavaThread "C1 CompilerThread0" daemon [_thread_blocked, id=7656, stack(0x000000ccc8e00000,0x000000ccc8f00000)]
  0x0000028c492573d0 JavaThread "Sweeper thread" daemon [_thread_blocked, id=3772, stack(0x000000ccc8f00000,0x000000ccc9000000)]
  0x0000028c4d422080 JavaThread "Common-Cleaner" daemon [_thread_blocked, id=12216, stack(0x000000ccc9000000,0x000000ccc9100000)]
  0x0000028c4d716800 JavaThread "Monitor Ctrl-Break" daemon [_thread_in_native, id=13432, stack(0x000000ccc9100000,0x000000ccc9200000)]
  0x0000028c4d574cb0 JavaThread "Notification Thread" daemon [_thread_blocked, id=13168, stack(0x000000ccc9200000,0x000000ccc9300000)]
  0x0000028c4da87d00 JavaThread "Thread-0" [_thread_blocked, id=6696, stack(0x000000ccc9700000,0x000000ccc9800000)]
  0x0000028c4da88640 JavaThread "restartedMain" [_thread_in_vm, id=8408, stack(0x000000ccc9800000,0x000000ccc9900000)]
  0x0000028c4df7cc60 JavaThread "background-preinit" [_thread_in_vm, id=8236, stack(0x000000ccc9900000,0x000000ccc9a00000)]

Other Threads:
  0x0000028c2dd074b0 VMThread "VM Thread" [stack: 0x000000ccc8600000,0x000000ccc8700000] [id=8960]
  0x0000028c4d645c20 WatcherThread "VM Periodic Task Thread" [stack: 0x000000ccc9300000,0x000000ccc9400000] [id=12416]
  0x0000028c2dcae4a0 WorkerThread "GC Thread#0" [stack: 0x000000ccc8100000,0x000000ccc8200000] [id=3180]
  0x0000028c4d83ab30 WorkerThread "GC Thread#1" [stack: 0x000000ccc9400000,0x000000ccc9500000] [id=10440]
  0x0000028c4d995f00 WorkerThread "GC Thread#2" [stack: 0x000000ccc9500000,0x000000ccc9600000] [id=13268]
  0x0000028c4dcb9460 WorkerThread "GC Thread#3" [stack: 0x000000ccc9600000,0x000000ccc9700000] [id=7268]
  0x0000028c2dcb6a80 ConcurrentGCThread "G1 Main Marker" [stack: 0x000000ccc8200000,0x000000ccc8300000] [id=1584]
  0x0000028c2ba6db20 WorkerThread "G1 Conc#0" [stack: 0x000000ccc8300000,0x000000ccc8400000] [id=7868]
  0x0000028c2dcdc990 ConcurrentGCThread "G1 Refine#0" [stack: 0x000000ccc8400000,0x000000ccc8500000] [id=8876]
  0x0000028c2dcdd2a0 ConcurrentGCThread "G1 Service" [stack: 0x000000ccc8500000,0x000000ccc8600000] [id=12036]

Threads with active compile tasks:
C2 CompilerThread0     4685 1789 % !   4       java.util.concurrent.ConcurrentHashMap::transfer @ 96 (849 bytes)

VM state: not at safepoint (normal execution)

VM Mutex/Monitor currently owned by a thread:  ([mutex/lock_event])
[0x0000028c2dc5ec50] Metaspace_lock - owner thread: 0x0000028c4df7cc60

Heap address: 0x00000000c1400000, size: 1004 MB, Compressed Oops mode: 32-bit

CDS archive(s) mapped at: [0x0000000800000000-0x0000000800ba0000-0x0000000800ba0000), size 12189696, SharedBaseAddress: 0x0000000800000000, ArchiveRelocationMode: 0.
Compressed class space mapped at: 0x0000000800c00000-0x0000000840c00000, reserved size: 1073741824
Narrow klass base: 0x0000000800000000, Narrow klass shift: 0, Narrow klass range: 0x100000000

GC Precious Log:
 CardTable entry size: 512
 Card Set container configuration: InlinePtr #cards 5 size 8 Array Of Cards #cards 12 size 40 Howl #buckets 4 coarsen threshold 1843 Howl Bitmap #cards 512 size 80 coarsen threshold 460 Card regions per heap region 1 cards per card region 2048
 CPUs: 4 total, 4 available
 Memory: 4012M
 Large Page Support: Disabled
 NUMA Support: Disabled
 Compressed Oops: Enabled (32-bit)
 Heap Region Size: 1M
 Heap Min Capacity: 8M
 Heap Initial Capacity: 64M
 Heap Max Capacity: 1004M
 Pre-touch: Disabled
 Parallel Workers: 4
 Concurrent Workers: 1
 Concurrent Refinement Workers: 4
 Periodic GC: Disabled

Heap:
 garbage-first heap   total 65536K, used 25677K [0x00000000c1400000, 0x0000000100000000)
  region size 1024K, 23 young (23552K), 1 survivors (1024K)
 Metaspace       used 12044K, committed 12224K, reserved 1114112K
  class space    used 1569K, committed 1664K, reserved 1048576K

Heap Regions: E=young(eden), S=young(survivor), O=old, HS=humongous(starts), HC=humongous(continues), CS=collection set, F=free, OA=open archive, CA=closed archive, TAMS=top-at-mark-start (previous, next)
|   0|0x00000000c1400000, 0x00000000c1500000, 0x00000000c1500000|100%| O|  |TAMS 0x00000000c1400000, 0x00000000c1400000| Untracked 
|   1|0x00000000c1500000, 0x00000000c1600000, 0x00000000c1600000|100%| O|  |TAMS 0x00000000c1500000, 0x00000000c1500000| Untracked 
|   2|0x00000000c1600000, 0x00000000c1700000, 0x00000000c1700000|100%| O|  |TAMS 0x00000000c1600000, 0x00000000c1600000| Untracked 
|   3|0x00000000c1700000, 0x00000000c1800000, 0x00000000c1800000|100%| O|  |TAMS 0x00000000c1700000, 0x00000000c1700000| Untracked 
|   4|0x00000000c1800000, 0x00000000c1831c00, 0x00000000c1900000| 19%| O|  |TAMS 0x00000000c1800000, 0x00000000c1800000| Untracked 
|   5|0x00000000c1900000, 0x00000000c1900000, 0x00000000c1a00000|  0%| F|  |TAMS 0x00000000c1900000, 0x00000000c1900000| Untracked 
|   6|0x00000000c1a00000, 0x00000000c1a00000, 0x00000000c1b00000|  0%| F|  |TAMS 0x00000000c1a00000, 0x00000000c1a00000| Untracked 
|   7|0x00000000c1b00000, 0x00000000c1b00000, 0x00000000c1c00000|  0%| F|  |TAMS 0x00000000c1b00000, 0x00000000c1b00000| Untracked 
|   8|0x00000000c1c00000, 0x00000000c1c00000, 0x00000000c1d00000|  0%| F|  |TAMS 0x00000000c1c00000, 0x00000000c1c00000| Untracked 
|   9|0x00000000c1d00000, 0x00000000c1d00000, 0x00000000c1e00000|  0%| F|  |TAMS 0x00000000c1d00000, 0x00000000c1d00000| Untracked 
|  10|0x00000000c1e00000, 0x00000000c1e00000, 0x00000000c1f00000|  0%| F|  |TAMS 0x00000000c1e00000, 0x00000000c1e00000| Untracked 
|  11|0x00000000c1f00000, 0x00000000c1f00000, 0x00000000c2000000|  0%| F|  |TAMS 0x00000000c1f00000, 0x00000000c1f00000| Untracked 
|  12|0x00000000c2000000, 0x00000000c2000000, 0x00000000c2100000|  0%| F|  |TAMS 0x00000000c2000000, 0x00000000c2000000| Untracked 
|  13|0x00000000c2100000, 0x00000000c2100000, 0x00000000c2200000|  0%| F|  |TAMS 0x00000000c2100000, 0x00000000c2100000| Untracked 
|  14|0x00000000c2200000, 0x00000000c2200000, 0x00000000c2300000|  0%| F|  |TAMS 0x00000000c2200000, 0x00000000c2200000| Untracked 
|  15|0x00000000c2300000, 0x00000000c2300000, 0x00000000c2400000|  0%| F|  |TAMS 0x00000000c2300000, 0x00000000c2300000| Untracked 
|  16|0x00000000c2400000, 0x00000000c2400000, 0x00000000c2500000|  0%| F|  |TAMS 0x00000000c2400000, 0x00000000c2400000| Untracked 
|  17|0x00000000c2500000, 0x00000000c2500000, 0x00000000c2600000|  0%| F|  |TAMS 0x00000000c2500000, 0x00000000c2500000| Untracked 
|  18|0x00000000c2600000, 0x00000000c2600000, 0x00000000c2700000|  0%| F|  |TAMS 0x00000000c2600000, 0x00000000c2600000| Untracked 
|  19|0x00000000c2700000, 0x00000000c2700000, 0x00000000c2800000|  0%| F|  |TAMS 0x00000000c2700000, 0x00000000c2700000| Untracked 
|  20|0x00000000c2800000, 0x00000000c2800000, 0x00000000c2900000|  0%| F|  |TAMS 0x00000000c2800000, 0x00000000c2800000| Untracked 
|  21|0x00000000c2900000, 0x00000000c2900000, 0x00000000c2a00000|  0%| F|  |TAMS 0x00000000c2900000, 0x00000000c2900000| Untracked 
|  22|0x00000000c2a00000, 0x00000000c2a00000, 0x00000000c2b00000|  0%| F|  |TAMS 0x00000000c2a00000, 0x00000000c2a00000| Untracked 
|  23|0x00000000c2b00000, 0x00000000c2b00000, 0x00000000c2c00000|  0%| F|  |TAMS 0x00000000c2b00000, 0x00000000c2b00000| Untracked 
|  24|0x00000000c2c00000, 0x00000000c2c00000, 0x00000000c2d00000|  0%| F|  |TAMS 0x00000000c2c00000, 0x00000000c2c00000| Untracked 
|  25|0x00000000c2d00000, 0x00000000c2d00000, 0x00000000c2e00000|  0%| F|  |TAMS 0x00000000c2d00000, 0x00000000c2d00000| Untracked 
|  26|0x00000000c2e00000, 0x00000000c2e00000, 0x00000000c2f00000|  0%| F|  |TAMS 0x00000000c2e00000, 0x00000000c2e00000| Untracked 
|  27|0x00000000c2f00000, 0x00000000c2f00000, 0x00000000c3000000|  0%| F|  |TAMS 0x00000000c2f00000, 0x00000000c2f00000| Untracked 
|  28|0x00000000c3000000, 0x00000000c3000000, 0x00000000c3100000|  0%| F|  |TAMS 0x00000000c3000000, 0x00000000c3000000| Untracked 
|  29|0x00000000c3100000, 0x00000000c3100000, 0x00000000c3200000|  0%| F|  |TAMS 0x00000000c3100000, 0x00000000c3100000| Untracked 
|  30|0x00000000c3200000, 0x00000000c3200000, 0x00000000c3300000|  0%| F|  |TAMS 0x00000000c3200000, 0x00000000c3200000| Untracked 
|  31|0x00000000c3300000, 0x00000000c3300000, 0x00000000c3400000|  0%| F|  |TAMS 0x00000000c3300000, 0x00000000c3300000| Untracked 
|  32|0x00000000c3400000, 0x00000000c3400000, 0x00000000c3500000|  0%| F|  |TAMS 0x00000000c3400000, 0x00000000c3400000| Untracked 
|  33|0x00000000c3500000, 0x00000000c3500000, 0x00000000c3600000|  0%| F|  |TAMS 0x00000000c3500000, 0x00000000c3500000| Untracked 
|  34|0x00000000c3600000, 0x00000000c3600000, 0x00000000c3700000|  0%| F|  |TAMS 0x00000000c3600000, 0x00000000c3600000| Untracked 
|  35|0x00000000c3700000, 0x00000000c3700000, 0x00000000c3800000|  0%| F|  |TAMS 0x00000000c3700000, 0x00000000c3700000| Untracked 
|  36|0x00000000c3800000, 0x00000000c3800000, 0x00000000c3900000|  0%| F|  |TAMS 0x00000000c3800000, 0x00000000c3800000| Untracked 
|  37|0x00000000c3900000, 0x00000000c3900000, 0x00000000c3a00000|  0%| F|  |TAMS 0x00000000c3900000, 0x00000000c3900000| Untracked 
|  38|0x00000000c3a00000, 0x00000000c3a00000, 0x00000000c3b00000|  0%| F|  |TAMS 0x00000000c3a00000, 0x00000000c3a00000| Untracked 
|  39|0x00000000c3b00000, 0x00000000c3b00000, 0x00000000c3c00000|  0%| F|  |TAMS 0x00000000c3b00000, 0x00000000c3b00000| Untracked 
|  40|0x00000000c3c00000, 0x00000000c3c00000, 0x00000000c3d00000|  0%| F|  |TAMS 0x00000000c3c00000, 0x00000000c3c00000| Untracked 
|  41|0x00000000c3d00000, 0x00000000c3d46b28, 0x00000000c3e00000| 27%| E|  |TAMS 0x00000000c3d00000, 0x00000000c3d00000| Complete 
|  42|0x00000000c3e00000, 0x00000000c3f00000, 0x00000000c3f00000|100%| E|CS|TAMS 0x00000000c3e00000, 0x00000000c3e00000| Complete 
|  43|0x00000000c3f00000, 0x00000000c4000000, 0x00000000c4000000|100%| E|CS|TAMS 0x00000000c3f00000, 0x00000000c3f00000| Complete 
|  44|0x00000000c4000000, 0x00000000c4100000, 0x00000000c4100000|100%| E|CS|TAMS 0x00000000c4000000, 0x00000000c4000000| Complete 
|  45|0x00000000c4100000, 0x00000000c4200000, 0x00000000c4200000|100%| E|CS|TAMS 0x00000000c4100000, 0x00000000c4100000| Complete 
|  46|0x00000000c4200000, 0x00000000c4300000, 0x00000000c4300000|100%| E|CS|TAMS 0x00000000c4200000, 0x00000000c4200000| Complete 
|  47|0x00000000c4300000, 0x00000000c4400000, 0x00000000c4400000|100%| E|CS|TAMS 0x00000000c4300000, 0x00000000c4300000| Complete 
|  48|0x00000000c4400000, 0x00000000c4500000, 0x00000000c4500000|100%| E|CS|TAMS 0x00000000c4400000, 0x00000000c4400000| Complete 
|  49|0x00000000c4500000, 0x00000000c4600000, 0x00000000c4600000|100%| E|CS|TAMS 0x00000000c4500000, 0x00000000c4500000| Complete 
|  50|0x00000000c4600000, 0x00000000c4700000, 0x00000000c4700000|100%| E|CS|TAMS 0x00000000c4600000, 0x00000000c4600000| Complete 
|  51|0x00000000c4700000, 0x00000000c4800000, 0x00000000c4800000|100%| E|CS|TAMS 0x00000000c4700000, 0x00000000c4700000| Complete 
|  52|0x00000000c4800000, 0x00000000c48e1990, 0x00000000c4900000| 88%| S|CS|TAMS 0x00000000c4800000, 0x00000000c4800000| Complete 
|  53|0x00000000c4900000, 0x00000000c4a00000, 0x00000000c4a00000|100%| E|CS|TAMS 0x00000000c4900000, 0x00000000c4900000| Complete 
|  54|0x00000000c4a00000, 0x00000000c4b00000, 0x00000000c4b00000|100%| E|  |TAMS 0x00000000c4a00000, 0x00000000c4a00000| Complete 
|  55|0x00000000c4b00000, 0x00000000c4c00000, 0x00000000c4c00000|100%| E|CS|TAMS 0x00000000c4b00000, 0x00000000c4b00000| Complete 
|  56|0x00000000c4c00000, 0x00000000c4d00000, 0x00000000c4d00000|100%| E|CS|TAMS 0x00000000c4c00000, 0x00000000c4c00000| Complete 
|  57|0x00000000c4d00000, 0x00000000c4e00000, 0x00000000c4e00000|100%| E|CS|TAMS 0x00000000c4d00000, 0x00000000c4d00000| Complete 
|  58|0x00000000c4e00000, 0x00000000c4f00000, 0x00000000c4f00000|100%| E|CS|TAMS 0x00000000c4e00000, 0x00000000c4e00000| Complete 
|  59|0x00000000c4f00000, 0x00000000c5000000, 0x00000000c5000000|100%| E|CS|TAMS 0x00000000c4f00000, 0x00000000c4f00000| Complete 
|  60|0x00000000c5000000, 0x00000000c5100000, 0x00000000c5100000|100%| E|CS|TAMS 0x00000000c5000000, 0x00000000c5000000| Complete 
|  61|0x00000000c5100000, 0x00000000c5200000, 0x00000000c5200000|100%| E|CS|TAMS 0x00000000c5100000, 0x00000000c5100000| Complete 
|  62|0x00000000c5200000, 0x00000000c5300000, 0x00000000c5300000|100%| E|CS|TAMS 0x00000000c5200000, 0x00000000c5200000| Complete 
|  63|0x00000000c5300000, 0x00000000c5400000, 0x00000000c5400000|100%| E|CS|TAMS 0x00000000c5300000, 0x00000000c5300000| Complete 

Card table byte_map: [0x0000028c44a30000,0x0000028c44c30000] _byte_map_base: 0x0000028c44426000

Marking Bits (Prev, Next): (CMBitMap*) 0x0000028c2ba6cf10, (CMBitMap*) 0x0000028c2ba6cf50
 Prev Bits: [0x0000028c44e30000, 0x0000028c45de0000)
 Next Bits: [0x0000028c45de0000, 0x0000028c46d90000)

Polling page: 0x0000028c2bbc0000

Metaspace:

Usage:
  Non-class:     10.23 MB used.
      Class:      1.53 MB used.
       Both:     11.76 MB used.

Virtual space:
  Non-class space:       64.00 MB reserved,      10.31 MB ( 16%) committed,  1 nodes.
      Class space:        1.00 GB reserved,       1.63 MB ( <1%) committed,  1 nodes.
             Both:        1.06 GB reserved,      11.94 MB (  1%) committed. 

Chunk freelists:
   Non-Class:  1.42 MB
       Class:  2.27 MB
        Both:  3.69 MB

MaxMetaspaceSize: unlimited
CompressedClassSpaceSize: 1.00 GB
Initial GC threshold: 21.00 MB
Current GC threshold: 21.00 MB
CDS: on
MetaspaceReclaimPolicy: balanced
 - commit_granule_bytes: 65536.
 - commit_granule_words: 8192.
 - virtual_space_node_default_size: 8388608.
 - enlarge_chunks_in_place: 1.
 - new_chunks_are_fully_committed: 0.
 - uncommit_free_chunks: 1.
 - use_allocation_guard: 0.


Internal statistics:

num_allocs_failed_limit: 0.
num_arena_births: 228.
num_arena_deaths: 0.
num_vsnodes_births: 2.
num_vsnodes_deaths: 0.
num_space_committed: 191.
num_space_uncommitted: 0.
num_chunks_returned_to_freelist: 0.
num_chunks_taken_from_freelist: 601.
num_chunk_merges: 0.
num_chunk_splits: 396.
num_chunks_enlarged: 308.
num_inconsistent_stats: 0.

CodeHeap 'non-profiled nmethods': size=120000Kb used=600Kb max_used=600Kb free=119400Kb
 bounds [0x0000028c3d300000, 0x0000028c3d570000, 0x0000028c44830000]
CodeHeap 'profiled nmethods': size=120000Kb used=3374Kb max_used=3374Kb free=116625Kb
 bounds [0x0000028c35dd0000, 0x0000028c36120000, 0x0000028c3d300000]
CodeHeap 'non-nmethods': size=5760Kb used=1183Kb max_used=1209Kb free=4576Kb
 bounds [0x0000028c35830000, 0x0000028c35aa0000, 0x0000028c35dd0000]
 total_blobs=2267 nmethods=1804 adapters=375
 compilation: enabled
              stopped_count=0, restarted_count=0
 full_count=0

Compilation events (20 events):
Event: 4.568 Thread 0x0000028c2dd24170 nmethod 1786 0x0000028c36106c10 code [0x0000028c36106e00, 0x0000028c36107188]
Event: 4.568 Thread 0x0000028c2dd24170 1787       3       org.hibernate.validator.internal.util.TypeHelper::resolveTypeForClassAndHierarchy (61 bytes)
Event: 4.570 Thread 0x0000028c2dd24170 nmethod 1787 0x0000028c36107310 code [0x0000028c36107600, 0x0000028c36108648]
Event: 4.570 Thread 0x0000028c2dd24170 1788   !   3       java.lang.Class::getEnumConstantsShared (71 bytes)
Event: 4.573 Thread 0x0000028c2dd23790 1789 % !   4       java.util.concurrent.ConcurrentHashMap::transfer @ 96 (849 bytes)
Event: 4.583 Thread 0x0000028c2dd24170 nmethod 1788 0x0000028c36108c10 code [0x0000028c36109540, 0x0000028c3610fc18]
Event: 4.583 Thread 0x0000028c2dd24170 1794   !   3       java.util.concurrent.ConcurrentHashMap::putVal (432 bytes)
Event: 4.587 Thread 0x0000028c2dd24170 nmethod 1794 0x0000028c36113090 code [0x0000028c36113400, 0x0000028c36114fa8]
Event: 4.587 Thread 0x0000028c2dd24170 1793       3       java.util.HashSet::contains (9 bytes)
Event: 4.587 Thread 0x0000028c2dd24170 nmethod 1793 0x0000028c36115990 code [0x0000028c36115b40, 0x0000028c36115d08]
Event: 4.588 Thread 0x0000028c2dd24170 1791       3       sun.reflect.generics.tree.ClassSignature::<init> (20 bytes)
Event: 4.588 Thread 0x0000028c2dd24170 nmethod 1791 0x0000028c36115e10 code [0x0000028c36115fc0, 0x0000028c36116238]
Event: 4.592 Thread 0x0000028c2dd24170 1795       3       sun.reflect.generics.parser.SignatureParser::parseTypeArgument (135 bytes)
Event: 4.593 Thread 0x0000028c2dd24170 nmethod 1795 0x0000028c36116310 code [0x0000028c36116640, 0x0000028c36117e48]
Event: 4.599 Thread 0x0000028c2dd24170 1797   !   3       sun.reflect.annotation.AnnotationParser::parseAnnotations (37 bytes)
Event: 4.599 Thread 0x0000028c2dd24170 nmethod 1797 0x0000028c36118410 code [0x0000028c36118600, 0x0000028c36118928]
Event: 4.599 Thread 0x0000028c2dd24170 1798       3       java.lang.Class::getInterfaces (49 bytes)
Event: 4.600 Thread 0x0000028c2dd24170 nmethod 1798 0x0000028c36118a90 code [0x0000028c36118c80, 0x0000028c36119178]
Event: 4.607 Thread 0x0000028c2dd24170 1799       3       java.lang.invoke.DirectMethodHandle::makeAllocator (137 bytes)
Event: 4.607 Thread 0x0000028c2dd24170 nmethod 1799 0x0000028c36119310 code [0x0000028c36119520, 0x0000028c36119978]

GC Heap History (4 events):
Event: 1.922 GC heap before
{Heap before GC invocations=0 (full 0):
 garbage-first heap   total 65536K, used 12288K [0x00000000c1400000, 0x0000000100000000)
  region size 1024K, 13 young (13312K), 0 survivors (0K)
 Metaspace       used 4038K, committed 4160K, reserved 1114112K
  class space    used 429K, committed 512K, reserved 1048576K
}
Event: 1.937 GC heap after
{Heap after GC invocations=1 (full 0):
 garbage-first heap   total 65536K, used 4208K [0x00000000c1400000, 0x0000000100000000)
  region size 1024K, 2 young (2048K), 2 survivors (2048K)
 Metaspace       used 4038K, committed 4160K, reserved 1114112K
  class space    used 429K, committed 512K, reserved 1048576K
}
Event: 3.097 GC heap before
{Heap before GC invocations=1 (full 0):
 garbage-first heap   total 65536K, used 14448K [0x00000000c1400000, 0x0000000100000000)
  region size 1024K, 13 young (13312K), 2 survivors (2048K)
 Metaspace       used 6866K, committed 7104K, reserved 1114112K
  class space    used 791K, committed 896K, reserved 1048576K
}
Event: 3.103 GC heap after
{Heap after GC invocations=2 (full 0):
 garbage-first heap   total 65536K, used 5197K [0x00000000c1400000, 0x0000000100000000)
  region size 1024K, 1 young (1024K), 1 survivors (1024K)
 Metaspace       used 6866K, committed 7104K, reserved 1114112K
  class space    used 791K, committed 896K, reserved 1048576K
}

Deoptimization events (20 events):
Event: 4.265 Thread 0x0000028c4da88640 DEOPT PACKING pc=0x0000028c3d3879c8 sp=0x000000ccc98fd170
Event: 4.266 Thread 0x0000028c4da88640 DEOPT UNPACKING pc=0x0000028c358823a3 sp=0x000000ccc98fd0f8 mode 2
Event: 4.266 Thread 0x0000028c4da88640 Uncommon trap: trap_request=0xffffffde fr.pc=0x0000028c3d3879c8 relative=0x0000000000000128
Event: 4.266 Thread 0x0000028c4da88640 Uncommon trap: reason=class_check action=maybe_recompile pc=0x0000028c3d3879c8 method=jdk.internal.misc.Unsafe.allocateUninitializedArray(Ljava/lang/Class;I)Ljava/lang/Object; @ 51 c2
Event: 4.266 Thread 0x0000028c4da88640 DEOPT PACKING pc=0x0000028c3d3879c8 sp=0x000000ccc98fcb90
Event: 4.266 Thread 0x0000028c4da88640 DEOPT UNPACKING pc=0x0000028c358823a3 sp=0x000000ccc98fcb18 mode 2
Event: 4.266 Thread 0x0000028c4df7cc60 DEOPT PACKING pc=0x0000028c3d3879c8 sp=0x000000ccc99fd690
Event: 4.266 Thread 0x0000028c4df7cc60 DEOPT UNPACKING pc=0x0000028c358823a3 sp=0x000000ccc99fd618 mode 2
Event: 4.450 Thread 0x0000028c4da88640 Uncommon trap: trap_request=0xffffff45 fr.pc=0x0000028c3d357114 relative=0x00000000000002f4
Event: 4.450 Thread 0x0000028c4da88640 Uncommon trap: reason=unstable_if action=reinterpret pc=0x0000028c3d357114 method=jdk.internal.org.objectweb.asm.SymbolTable.put(Ljdk/internal/org/objectweb/asm/SymbolTable$Entry;)Ljdk/internal/org/objectweb/asm/SymbolTable$Entry; @ 13 c2
Event: 4.450 Thread 0x0000028c4da88640 DEOPT PACKING pc=0x0000028c3d357114 sp=0x000000ccc98fcd90
Event: 4.450 Thread 0x0000028c4da88640 DEOPT UNPACKING pc=0x0000028c358823a3 sp=0x000000ccc98fcd10 mode 2
Event: 4.573 Thread 0x0000028c4df7cc60 Uncommon trap: trap_request=0xffffff45 fr.pc=0x0000028c3d3653dc relative=0x0000000000000ebc
Event: 4.573 Thread 0x0000028c4df7cc60 Uncommon trap: reason=unstable_if action=reinterpret pc=0x0000028c3d3653dc method=java.util.concurrent.ConcurrentHashMap.addCount(JI)V @ 171 c2
Event: 4.573 Thread 0x0000028c4df7cc60 DEOPT PACKING pc=0x0000028c3d3653dc sp=0x000000ccc99fe7a0
Event: 4.573 Thread 0x0000028c4df7cc60 DEOPT UNPACKING pc=0x0000028c358823a3 sp=0x000000ccc99fe660 mode 2
Event: 4.574 Thread 0x0000028c4da88640 Uncommon trap: trap_request=0xffffff45 fr.pc=0x0000028c3d3653dc relative=0x0000000000000ebc
Event: 4.574 Thread 0x0000028c4da88640 Uncommon trap: reason=unstable_if action=reinterpret pc=0x0000028c3d3653dc method=java.util.concurrent.ConcurrentHashMap.addCount(JI)V @ 171 c2
Event: 4.574 Thread 0x0000028c4da88640 DEOPT PACKING pc=0x0000028c3d3653dc sp=0x000000ccc98fa630
Event: 4.574 Thread 0x0000028c4da88640 DEOPT UNPACKING pc=0x0000028c358823a3 sp=0x000000ccc98fa4f0 mode 2

Classes loaded (20 events):
Event: 4.473 Loading class java/time/chrono/ChronoLocalDateImpl done
Event: 4.473 Loading class java/time/chrono/HijrahDate done
Event: 4.474 Loading class java/time/chrono/JapaneseDate
Event: 4.475 Loading class java/time/chrono/JapaneseDate done
Event: 4.475 Loading class java/time/chrono/MinguoDate
Event: 4.476 Loading class java/time/chrono/MinguoDate done
Event: 4.477 Loading class java/time/chrono/ThaiBuddhistDate
Event: 4.480 Loading class java/time/chrono/ThaiBuddhistDate done
Event: 4.553 Loading class sun/reflect/generics/tree/BooleanSignature
Event: 4.553 Loading class sun/reflect/generics/tree/BooleanSignature done
Event: 4.554 Loading class sun/reflect/generics/tree/DoubleSignature
Event: 4.554 Loading class sun/reflect/generics/tree/DoubleSignature done
Event: 4.554 Loading class sun/reflect/generics/tree/FloatSignature
Event: 4.554 Loading class sun/reflect/generics/tree/FloatSignature done
Event: 4.554 Loading class sun/reflect/generics/tree/IntSignature
Event: 4.554 Loading class sun/reflect/generics/tree/IntSignature done
Event: 4.555 Loading class sun/reflect/generics/tree/LongSignature
Event: 4.555 Loading class sun/reflect/generics/tree/LongSignature done
Event: 4.555 Loading class sun/reflect/generics/tree/ShortSignature
Event: 4.555 Loading class sun/reflect/generics/tree/ShortSignature done

Classes unloaded (0 events):
No events

Classes redefined (0 events):
No events

Internal exceptions (20 events):
Event: 3.190 Thread 0x0000028c4da88640 Exception <a 'java/lang/NoSuchMethodError'{0x00000000c5231c68}: 'java.lang.Object java.lang.invoke.DirectMethodHandle$Holder.invokeSpecial(java.lang.Object, java.lang.Object, java.lang.Object, java.lang.Object, java.lang.Object, java.lang.Object, int)'> (0x00000000c5231c68) 
thrown [s\src\hotspot\share\interpreter\linkResolver.cpp, line 759]
Event: 3.192 Thread 0x0000028c4da88640 Exception <a 'java/lang/NoSuchMethodError'{0x00000000c523c1d0}: 'java.lang.Object java.lang.invoke.DirectMethodHandle$Holder.newInvokeSpecial(java.lang.Object, java.lang.Object, java.lang.Object, java.lang.Object, java.lang.Object, java.lang.Object, int)'> (0x00000000c523c1d0) 
thrown [s\src\hotspot\share\interpreter\linkResolver.cpp, line 759]
Event: 3.192 Thread 0x0000028c4da88640 Exception <a 'java/lang/NoSuchMethodError'{0x00000000c5241468}: 'java.lang.Object java.lang.invoke.DirectMethodHandle$Holder.invokeSpecial(java.lang.Object, java.lang.Object, java.lang.Object, java.lang.Object, java.lang.Object, java.lang.Object, java.lang.Object, int)'> (0x00000000c5241468) 
thrown [s\src\hotspot\share\interpreter\linkResolver.cpp, line 759]
Event: 3.321 Thread 0x0000028c4da88640 Exception <a 'java/lang/NoSuchMethodError'{0x00000000c5170190}: 'int java.lang.invoke.DirectMethodHandle$Holder.invokeInterface(java.lang.Object, java.lang.Object)'> (0x00000000c5170190) 
thrown [s\src\hotspot\share\interpreter\linkResolver.cpp, line 759]
Event: 3.336 Thread 0x0000028c4da88640 Exception <a 'java/lang/NoSuchMethodError'{0x00000000c51965b8}: 'void java.lang.invoke.DirectMethodHandle$Holder.invokeSpecial(java.lang.Object, java.lang.Object, java.lang.Object, java.lang.Object, java.lang.Object)'> (0x00000000c51965b8) 
thrown [s\src\hotspot\share\interpreter\linkResolver.cpp, line 759]
Event: 3.513 Thread 0x0000028c4da88640 Exception <a 'java/lang/NoSuchMethodError'{0x00000000c5077b00}: 'java.lang.Object java.lang.invoke.DirectMethodHandle$Holder.invokeSpecial(java.lang.Object, java.lang.Object, java.lang.Object, int, java.lang.Object)'> (0x00000000c5077b00) 
thrown [s\src\hotspot\share\interpreter\linkResolver.cpp, line 759]
Event: 3.517 Thread 0x0000028c4da88640 Exception <a 'java/lang/NoSuchMethodError'{0x00000000c5083430}: 'java.lang.Object java.lang.invoke.DirectMethodHandle$Holder.newInvokeSpecial(java.lang.Object, java.lang.Object, java.lang.Object, int, java.lang.Object)'> (0x00000000c5083430) 
thrown [s\src\hotspot\share\interpreter\linkResolver.cpp, line 759]
Event: 3.518 Thread 0x0000028c4da88640 Exception <a 'java/lang/NoSuchMethodError'{0x00000000c508b060}: 'java.lang.Object java.lang.invoke.Invokers$Holder.linkToTargetMethod(java.lang.Object, java.lang.Object, int, java.lang.Object, java.lang.Object)'> (0x00000000c508b060) 
thrown [s\src\hotspot\share\interpreter\linkResolver.cpp, line 759]
Event: 3.521 Thread 0x0000028c4da88640 Exception <a 'java/lang/NoSuchMethodError'{0x00000000c509a088}: 'java.lang.Object java.lang.invoke.DirectMethodHandle$Holder.newInvokeSpecial(java.lang.Object, int, java.lang.Object)'> (0x00000000c509a088) 
thrown [s\src\hotspot\share\interpreter\linkResolver.cpp, line 759]
Event: 3.523 Thread 0x0000028c4da88640 Exception <a 'java/lang/NoSuchMethodError'{0x00000000c509ed78}: 'int java.lang.invoke.DirectMethodHandle$Holder.invokeSpecialIFC(java.lang.Object, java.lang.Object, java.lang.Object, java.lang.Object)'> (0x00000000c509ed78) 
thrown [s\src\hotspot\share\interpreter\linkResolver.cpp, line 759]
Event: 3.643 Thread 0x0000028c4da88640 Exception <a 'java/lang/NoSuchMethodError'{0x00000000c4f6d118}: 'void java.lang.invoke.DirectMethodHandle$Holder.invokeInterface(java.lang.Object, java.lang.Object, java.lang.Object)'> (0x00000000c4f6d118) 
thrown [s\src\hotspot\share\interpreter\linkResolver.cpp, line 759]
Event: 3.728 Thread 0x0000028c4da88640 Exception <a 'java/lang/NoSuchMethodError'{0x00000000c4e0f9f0}: 'void java.lang.invoke.DirectMethodHandle$Holder.invokeStaticInit(java.lang.Object, java.lang.Object, java.lang.Object)'> (0x00000000c4e0f9f0) 
thrown [s\src\hotspot\share\interpreter\linkResolver.cpp, line 759]
Event: 3.746 Thread 0x0000028c4da88640 Exception <a 'java/lang/NoSuchMethodError'{0x00000000c4e56c30}: 'java.lang.Object java.lang.invoke.DirectMethodHandle$Holder.invokeVirtual(java.lang.Object, java.lang.Object, java.lang.Object)'> (0x00000000c4e56c30) 
thrown [s\src\hotspot\share\interpreter\linkResolver.cpp, line 759]
Event: 3.758 Thread 0x0000028c4da88640 Exception <a 'java/lang/NoSuchMethodError'{0x00000000c4e77be8}: 'java.lang.Object java.lang.invoke.DirectMethodHandle$Holder.invokeStatic(java.lang.Object, java.lang.Object, long, java.lang.Object)'> (0x00000000c4e77be8) 
thrown [s\src\hotspot\share\interpreter\linkResolver.cpp, line 759]
Event: 3.758 Thread 0x0000028c4da88640 Exception <a 'java/lang/NoSuchMethodError'{0x00000000c4e7b678}: 'java.lang.Object java.lang.invoke.DirectMethodHandle$Holder.invokeStaticInit(java.lang.Object, java.lang.Object, long, java.lang.Object)'> (0x00000000c4e7b678) 
thrown [s\src\hotspot\share\interpreter\linkResolver.cpp, line 759]
Event: 3.759 Thread 0x0000028c4da88640 Exception <a 'java/lang/NoSuchMethodError'{0x00000000c4e81fe0}: 'java.lang.Object java.lang.invoke.DirectMethodHandle$Holder.newInvokeSpecial(java.lang.Object, java.lang.Object, long)'> (0x00000000c4e81fe0) 
thrown [s\src\hotspot\share\interpreter\linkResolver.cpp, line 759]
Event: 3.760 Thread 0x0000028c4da88640 Exception <a 'java/lang/NoSuchMethodError'{0x00000000c4e85b58}: 'java.lang.Object java.lang.invoke.Invokers$Holder.linkToTargetMethod(java.lang.Object, long, java.lang.Object)'> (0x00000000c4e85b58) 
thrown [s\src\hotspot\share\interpreter\linkResolver.cpp, line 759]
Event: 3.823 Thread 0x0000028c4da88640 Exception <a 'java/lang/NoSuchMethodError'{0x00000000c4edf5b8}: 'void java.lang.invoke.DirectMethodHandle$Holder.invokeVirtual(java.lang.Object, java.lang.Object, java.lang.Object, java.lang.Object)'> (0x00000000c4edf5b8) 
thrown [s\src\hotspot\share\interpreter\linkResolver.cpp, line 759]
Event: 3.990 Thread 0x0000028c4da88640 Exception <a 'java/lang/IncompatibleClassChangeError'{0x00000000c4c57bb8}: Found class java.lang.Object, but interface was expected> (0x00000000c4c57bb8) 
thrown [s\src\hotspot\share\interpreter\linkResolver.cpp, line 826]
Event: 4.352 Thread 0x0000028c4da88640 Exception <a 'java/lang/NoSuchMethodError'{0x00000000c4450e70}: 'java.lang.Object java.lang.invoke.DirectMethodHandle$Holder.invokeStatic(java.lang.Object, int, java.lang.Object)'> (0x00000000c4450e70) 
thrown [s\src\hotspot\share\interpreter\linkResolver.cpp, line 759]

VM Operations (20 events):
Event: 0.951 Executing VM operation: HandshakeAllThreads
Event: 0.952 Executing VM operation: HandshakeAllThreads done
Event: 1.156 Executing VM operation: HandshakeAllThreads
Event: 1.156 Executing VM operation: HandshakeAllThreads done
Event: 1.156 Executing VM operation: Cleanup
Event: 1.156 Executing VM operation: Cleanup done
Event: 1.922 Executing VM operation: G1CollectForAllocation
Event: 1.937 Executing VM operation: G1CollectForAllocation done
Event: 2.627 Executing VM operation: HandshakeAllThreads
Event: 2.627 Executing VM operation: HandshakeAllThreads done
Event: 3.097 Executing VM operation: G1CollectForAllocation
Event: 3.103 Executing VM operation: G1CollectForAllocation done
Event: 3.357 Executing VM operation: HandshakeAllThreads
Event: 3.357 Executing VM operation: HandshakeAllThreads done
Event: 3.950 Executing VM operation: HandshakeAllThreads
Event: 3.950 Executing VM operation: HandshakeAllThreads done
Event: 3.951 Executing VM operation: HandshakeAllThreads
Event: 3.951 Executing VM operation: HandshakeAllThreads done
Event: 4.483 Executing VM operation: ICBufferFull
Event: 4.485 Executing VM operation: ICBufferFull done

Events (20 events):
Event: 0.167 Thread 0x0000028c2dd22120 Thread added: 0x0000028c2dd22120
Event: 0.167 Thread 0x0000028c2dd22ac0 Thread added: 0x0000028c2dd22ac0
Event: 0.167 Thread 0x0000028c2dd23790 Thread added: 0x0000028c2dd23790
Event: 0.176 Thread 0x0000028c2dd24170 Thread added: 0x0000028c2dd24170
Event: 0.191 Thread 0x0000028c492573d0 Thread added: 0x0000028c492573d0
Event: 0.487 Thread 0x0000028c4d422080 Thread added: 0x0000028c4d422080
Event: 0.604 Loaded shared library C:\Users\ERIN_JAVALead\.jdks\corretto-18.0.2\bin\zip.dll
Event: 0.610 Loaded shared library C:\Users\ERIN_JAVALead\.jdks\corretto-18.0.2\bin\instrument.dll
Event: 0.624 Loaded shared library C:\Users\ERIN_JAVALead\.jdks\corretto-18.0.2\bin\net.dll
Event: 0.627 Loaded shared library C:\Users\ERIN_JAVALead\.jdks\corretto-18.0.2\bin\nio.dll
Event: 0.672 Loaded shared library C:\Users\ERIN_JAVALead\.jdks\corretto-18.0.2\bin\zip.dll
Event: 0.935 Loaded shared library C:\Program Files\JetBrains\IntelliJ IDEA Community Edition 2021.3.3\bin\breakgen64.dll
Event: 0.936 Thread 0x0000028c4d716800 Thread added: 0x0000028c4d716800
Event: 0.937 Thread 0x0000028c4d574cb0 Thread added: 0x0000028c4d574cb0
Event: 1.142 Loaded shared library C:\Users\ERIN_JAVALead\.jdks\corretto-18.0.2\bin\jimage.dll
Event: 2.039 Loaded shared library C:\Users\ERIN_JAVALead\.jdks\corretto-18.0.2\bin\management.dll
Event: 2.055 Loaded shared library C:\Users\ERIN_JAVALead\.jdks\corretto-18.0.2\bin\management_ext.dll
Event: 2.237 Thread 0x0000028c4da87d00 Thread added: 0x0000028c4da87d00
Event: 2.293 Thread 0x0000028c4da88640 Thread added: 0x0000028c4da88640
Event: 3.984 Thread 0x0000028c4df7cc60 Thread added: 0x0000028c4df7cc60


Dynamic libraries:
0x00007ff7f38d0000 - 0x00007ff7f38dd000 	C:\Users\ERIN_JAVALead\.jdks\corretto-18.0.2\bin\java.exe
0x00007ffe69930000 - 0x00007ffe69b28000 	C:\WINDOWS\SYSTEM32\ntdll.dll
0x00007ffe67b80000 - 0x00007ffe67c41000 	C:\WINDOWS\System32\KERNEL32.DLL
0x00007ffe67170000 - 0x00007ffe67466000 	C:\WINDOWS\System32\KERNELBASE.dll
0x00007ffe66fe0000 - 0x00007ffe670e0000 	C:\WINDOWS\System32\ucrtbase.dll
0x00007ffe48bf0000 - 0x00007ffe48c07000 	C:\Users\ERIN_JAVALead\.jdks\corretto-18.0.2\bin\jli.dll
0x00007ffe67d20000 - 0x00007ffe67ebf000 	C:\WINDOWS\System32\USER32.dll
0x00007ffe66fb0000 - 0x00007ffe66fd2000 	C:\WINDOWS\System32\win32u.dll
0x00007ffe67c50000 - 0x00007ffe67c7b000 	C:\WINDOWS\System32\GDI32.dll
0x00007ffe67470000 - 0x00007ffe67587000 	C:\WINDOWS\System32\gdi32full.dll
0x00007ffe676c0000 - 0x00007ffe6775d000 	C:\WINDOWS\System32\msvcp_win.dll
0x00007ffe48300000 - 0x00007ffe48315000 	C:\Users\ERIN_JAVALead\.jdks\corretto-18.0.2\bin\VCRUNTIME140.dll
0x00007ffe4fab0000 - 0x00007ffe4fd4a000 	C:\WINDOWS\WinSxS\amd64_microsoft.windows.common-controls_6595b64144ccf1df_6.0.19041.4355_none_60b8b9eb71f62e16\COMCTL32.dll
0x00007ffe69050000 - 0x00007ffe690ee000 	C:\WINDOWS\System32\msvcrt.dll
0x00007ffe690f0000 - 0x00007ffe6911f000 	C:\WINDOWS\System32\IMM32.DLL
0x00007ffe45680000 - 0x00007ffe4571b000 	C:\Users\ERIN_JAVALead\.jdks\corretto-18.0.2\bin\msvcp140.dll
0x00007ffe2b660000 - 0x00007ffe2c2d1000 	C:\Users\ERIN_JAVALead\.jdks\corretto-18.0.2\bin\server\jvm.dll
0x00007ffe69590000 - 0x00007ffe69640000 	C:\WINDOWS\System32\ADVAPI32.dll
0x00007ffe68360000 - 0x00007ffe68400000 	C:\WINDOWS\System32\sechost.dll
0x00007ffe69640000 - 0x00007ffe69763000 	C:\WINDOWS\System32\RPCRT4.dll
0x00007ffe675e0000 - 0x00007ffe67607000 	C:\WINDOWS\System32\bcrypt.dll
0x00007ffe69850000 - 0x00007ffe69858000 	C:\WINDOWS\System32\PSAPI.DLL
0x00007ffe53dd0000 - 0x00007ffe53dd9000 	C:\WINDOWS\SYSTEM32\WSOCK32.dll
0x00007ffe68dd0000 - 0x00007ffe68e3b000 	C:\WINDOWS\System32\WS2_32.dll
0x00007ffe42e90000 - 0x00007ffe42eb7000 	C:\WINDOWS\SYSTEM32\WINMM.dll
0x00007ffe614c0000 - 0x00007ffe614ca000 	C:\WINDOWS\SYSTEM32\VERSION.dll
0x00007ffe64df0000 - 0x00007ffe64e02000 	C:\WINDOWS\SYSTEM32\kernel.appcore.dll
0x00007ffe56600000 - 0x00007ffe5660a000 	C:\Users\ERIN_JAVALead\.jdks\corretto-18.0.2\bin\jimage.dll
0x00007ffe46c50000 - 0x00007ffe46e34000 	C:\WINDOWS\SYSTEM32\DBGHELP.DLL
0x00007ffe47440000 - 0x00007ffe47474000 	C:\WINDOWS\SYSTEM32\dbgcore.DLL
0x00007ffe670e0000 - 0x00007ffe67162000 	C:\WINDOWS\System32\bcryptPrimitives.dll
0x00007ffe55010000 - 0x00007ffe5501e000 	C:\Users\ERIN_JAVALead\.jdks\corretto-18.0.2\bin\instrument.dll
0x00007ffe46200000 - 0x00007ffe46225000 	C:\Users\ERIN_JAVALead\.jdks\corretto-18.0.2\bin\java.dll
0x00007ffe45280000 - 0x00007ffe45356000 	C:\Users\ERIN_JAVALead\.jdks\corretto-18.0.2\bin\jsvml.dll
0x00007ffe684b0000 - 0x00007ffe68c1c000 	C:\WINDOWS\System32\SHELL32.dll
0x00007ffe64ff0000 - 0x00007ffe6578e000 	C:\WINDOWS\SYSTEM32\windows.storage.dll
0x00007ffe68000000 - 0x00007ffe68353000 	C:\WINDOWS\System32\combase.dll
0x00007ffe66820000 - 0x00007ffe6684e000 	C:\WINDOWS\SYSTEM32\Wldp.dll
0x00007ffe67ec0000 - 0x00007ffe67f8d000 	C:\WINDOWS\System32\OLEAUT32.dll
0x00007ffe68f40000 - 0x00007ffe68fed000 	C:\WINDOWS\System32\SHCORE.dll
0x00007ffe68ee0000 - 0x00007ffe68f35000 	C:\WINDOWS\System32\shlwapi.dll
0x00007ffe66ee0000 - 0x00007ffe66f04000 	C:\WINDOWS\SYSTEM32\profapi.dll
0x00007ffe474b0000 - 0x00007ffe474c8000 	C:\Users\ERIN_JAVALead\.jdks\corretto-18.0.2\bin\zip.dll
0x00007ffe481f0000 - 0x00007ffe48203000 	C:\Users\ERIN_JAVALead\.jdks\corretto-18.0.2\bin\net.dll
0x00007ffe609b0000 - 0x00007ffe60aba000 	C:\WINDOWS\SYSTEM32\WINHTTP.dll
0x00007ffe66600000 - 0x00007ffe6666a000 	C:\WINDOWS\system32\mswsock.dll
0x00007ffe47d50000 - 0x00007ffe47d65000 	C:\Users\ERIN_JAVALead\.jdks\corretto-18.0.2\bin\nio.dll
0x00007ffe46e60000 - 0x00007ffe46e7a000 	C:\Program Files\JetBrains\IntelliJ IDEA Community Edition 2021.3.3\bin\breakgen64.dll
0x00007ffe4c4f0000 - 0x00007ffe4c4f9000 	C:\Users\ERIN_JAVALead\.jdks\corretto-18.0.2\bin\management.dll
0x00007ffe49b30000 - 0x00007ffe49b3b000 	C:\Users\ERIN_JAVALead\.jdks\corretto-18.0.2\bin\management_ext.dll

dbghelp: loaded successfully - version: 4.0.5 - missing functions: none
symbol engine: initialized successfully - sym options: 0x614 - pdb path: .;C:\Users\ERIN_JAVALead\.jdks\corretto-18.0.2\bin;C:\WINDOWS\SYSTEM32;C:\WINDOWS\WinSxS\amd64_microsoft.windows.common-controls_6595b64144ccf1df_6.0.19041.4355_none_60b8b9eb71f62e16;C:\Users\ERIN_JAVALead\.jdks\corretto-18.0.2\bin\server;C:\Program Files\JetBrains\IntelliJ IDEA Community Edition 2021.3.3\bin

VM Arguments:
jvm_args: -javaagent:C:\Program Files\JetBrains\IntelliJ IDEA Community Edition 2021.3.3\lib\idea_rt.jar=63207:C:\Program Files\JetBrains\IntelliJ IDEA Community Edition 2021.3.3\bin -Dfile.encoding=UTF-8 
java_command: com.smart_host.hotelallocation.HotelallocationApplication
java_class_path (initial): C:\Users\ERIN_JAVALead\Downloads\hotelallocation\hotelallocation\target\classes;C:\Users\ERIN_JAVALead\.m2\repository\org\springframework\boot\spring-boot-starter-validation\3.3.1\spring-boot-starter-validation-3.3.1.jar;C:\Users\ERIN_JAVALead\.m2\repository\org\springframework\boot\spring-boot-starter\3.3.1\spring-boot-starter-3.3.1.jar;C:\Users\ERIN_JAVALead\.m2\repository\org\springframework\boot\spring-boot-starter-logging\3.3.1\spring-boot-starter-logging-3.3.1.jar;C:\Users\ERIN_JAVALead\.m2\repository\ch\qos\logback\logback-classic\1.5.6\logback-classic-1.5.6.jar;C:\Users\ERIN_JAVALead\.m2\repository\ch\qos\logback\logback-core\1.5.6\logback-core-1.5.6.jar;C:\Users\ERIN_JAVALead\.m2\repository\org\apache\logging\log4j\log4j-to-slf4j\2.23.1\log4j-to-slf4j-2.23.1.jar;C:\Users\ERIN_JAVALead\.m2\repository\org\apache\logging\log4j\log4j-api\2.23.1\log4j-api-2.23.1.jar;C:\Users\ERIN_JAVALead\.m2\repository\org\slf4j\jul-to-slf4j\2.0.13\jul-to-slf4j-2.0.13.jar;C:\Users\ERIN_JAVALead\.m2\repository\jakarta\annotation\jakarta.annotation-api\2.1.1\jakarta.annotation-api-2.1.1.jar;C:\Users\ERIN_JAVALead\.m2\repository\org\yaml\snakeyaml\2.2\snakeyaml-2.2.jar;C:\Users\ERIN_JAVALead\.m2\repository\org\apache\tomcat\embed\tomcat-embed-el\10.1.25\tomcat-embed-el-10.1.25.jar;C:\Users\ERIN_JAVALead\.m2\repository\org\hibernate\validator\hibernate-validator\8.0.1.Final\hibernate-validator-8.0.1.Final.jar;C:\Users\ERIN_JAVALead\.m2\repository\jakarta\validation\jakarta.validation-api\3.0.2\jakarta.validation-api-3.0.2.jar;C:\Users\ERIN_JAVALead\.m2\repository\org\jboss\logging\jboss-logging\3.5.3.Final\jboss-logging-3.5.3.Final.jar;C:\Users\ERIN_JAVALead\.m2\repository\com\fasterxml\classmate\1.7.0\classmate-1.7.0.jar;C:\Users\ERIN_JAVALead\.m2\repository\org\springframework\boot\spring-boot-starter-data-rest\3.3.1\spring-boot-starter-data-rest-3.3.1.jar;C:\Users\ERIN_JAVALead\.m2\repository\org\springframework\data\spring-data-rest-webmvc\4.3.1\spring-data-rest-webmvc-4.3.1.jar;C:\Users\ERIN_JAVALead\.m2\repository\org\springframework\data\spring-data-rest-core\4.3.1\spring-data-rest-core-4.3.1.jar;C:\Users\ERIN_JAVALead\.m2\repository\org\springframework\spring-tx\6.1.10\spring-tx-6.1.10.jar;C:\Users\ERIN_JAVALead\.m2\repository\org\springframework\hateoas\spring-hateoas\2.3.0\spring-hateoas-2.3.0.jar;C:\Users\ERIN_JAVALead\.m2\repository\org\springframework\data\spring-data-commons\3.3.1\spring-data-commons-3.3.1.jar;C:\Users\ERIN_JAVALead\.m2\repository\org\springframework\plugin\spring-plugin-core\3.0.0\spring-plugin-core-3.0.0.jar;C:\Users\ERIN_JAVALead\.m2\repository\org\atteo\evo-inflector\1.3\evo-inflector-1.3.jar;C:\Users\ERIN_JAVALead\.m2\repository\com\fasterxml\jackson\core\jackson-databind\2.17.1\jackson-databind-2.17.1.jar;C:\Users\ERIN_JAVALead\.m2\repository\com\fasterxml\jackson\core\jackson-core\2.17.1\jackson-core-2.17.1.jar;C:\Users\ERIN_JAVALead\.m2\repository\com\fasterxml\jackson\core\jackson-annotations\2.17.1\jackson-annotations-2.17.1.jar;C:\Users\ERIN_JAVALead\.m2\repository\org\slf4j\slf4j-api\2.0.13\slf4j-api-2.0.13.jar;C:\Users\ERIN_JAVALead\.m2\repository\org\springframework\boot\spring-boot-starter-web\3.3.1\spring-boot-starter-web-3.3.1.jar;C:\Users\ERIN_JAVALead\.m2\repository\org\springframework\boot\spring-boot-starter-json\3.3.1\spring-boot-starter-json-3.3.1.jar;C:\Users\ERIN_JAVALead\.m2\repository\com\fasterxml\jackson\datatype\jackson-datatype-jdk8\2.17.1\jackson-datatype-jdk8-2.17.1.jar;C:\Users\ERIN_JAVALead\.m2\repository\com\fasterxml\jackson\datatype\jackson-datatype-jsr310\2.17.1\jackson-datatype-jsr310-2.17.1.jar;C:\Users\ERIN_JAVALead\.m2\repository\com\fasterxml\jackson\module\jackson-module-parameter-names\2.17.1\jackson-module-parameter-names-2.17.1.jar;C:\Users\ERIN_JAVALead\.m2\repository\org\springframework\boot\spring-boot-starter-tomcat\3.3.1\spring-boot-starter-tomcat-3.3.1.jar;C:\Users\ERIN_JAVALead\.m2\repository\org\apache\tomcat\embed\tomcat-embed-core\10.1.25\tomcat-embed-core-10.1.25.jar;C:\Users\ERIN_JAVALead\.m2\repository\org\apache\tomcat\embed\tomcat-embed-websocket\10.1.25\tomcat-embed-websocket-10.1.25.jar;C:\Users\ERIN_JAVALead\.m2\repository\org\springframework\spring-web\6.1.10\spring-web-6.1.10.jar;C:\Users\ERIN_JAVALead\.m2\repository\org\springframework\spring-beans\6.1.10\spring-beans-6.1.10.jar;C:\Users\ERIN_JAVALead\.m2\repository\io\micrometer\micrometer-observation\1.13.1\micrometer-observation-1.13.1.jar;C:\Users\ERIN_JAVALead\.m2\repository\io\micrometer\micrometer-commons\1.13.1\micrometer-commons-1.13.1.jar;C:\Users\ERIN_JAVALead\.m2\repository\org\springframework\spring-webmvc\6.1.10\spring-webmvc-6.1.10.jar;C:\Users\ERIN_JAVALead\.m2\repository\org\springframework\spring-aop\6.1.10\spring-aop-6.1.10.jar;C:\Users\ERIN_JAVALead\.m2\repository\org\springframework\spring-context\6.1.10\spring-context-6.1.10.jar;C:\Users\ERIN_JAVALead\.m2\repository\org\springframework\spring-expression\6.1.10\spring-expression-6.1.10.jar;C:\Users\ERIN_JAVALead\.m2\repository\org\springframework\boot\spring-boot-devtools\3.3.1\spring-boot-devtools-3.3.1.jar;C:\Users\ERIN_JAVALead\.m2\repository\org\springframework\boot\spring-boot\3.3.1\spring-boot-3.3.1.jar;C:\Users\ERIN_JAVALead\.m2\repository\org\springframework\boot\spring-boot-autoconfigure\3.3.1\spring-boot-autoconfigure-3.3.1.jar;C:\Users\ERIN_JAVALead\.m2\repository\org\projectlombok\lombok\1.18.32\lombok-1.18.32.jar;C:\Users\ERIN_JAVALead\.m2\repository\com\jayway\jsonpath\json-path\2.9.0\json-path-2.9.0.jar;C:\Users\ERIN_JAVALead\.m2\repository\net\minidev\json-smart\2.5.1\json-smart-2.5.1.jar;C:\Users\ERIN_JAVALead\.m2\repository\net\minidev\accessors-smart\2.5.1\accessors-smart-2.5.1.jar;C:\Users\ERIN_JAVALead\.m2\repository\org\ow2\asm\asm\9.6\asm-9.6.jar;C:\Users\ERIN_JAVALead\.m2\repository\org\springframework\spring-core\6.1.10\spring-core-6.1.10.jar;C:\Users\ERIN_JAVALead\.m2\repository\org\springframework\spring-jcl\6.1.10\spring-jcl-6.1.10.jar
Launcher Type: SUN_STANDARD

[Global flags]
     intx CICompilerCount                          = 3                                         {product} {ergonomic}
     uint ConcGCThreads                            = 1                                         {product} {ergonomic}
     uint G1ConcRefinementThreads                  = 4                                         {product} {ergonomic}
   size_t G1HeapRegionSize                         = 1048576                                   {product} {ergonomic}
    uintx GCDrainStackTargetSize                   = 64                                        {product} {ergonomic}
   size_t InitialHeapSize                          = 67108864                                  {product} {ergonomic}
   size_t MarkStackSize                            = 4194304                                   {product} {ergonomic}
   size_t MaxHeapSize                              = 1052770304                                {product} {ergonomic}
   size_t MaxNewSize                               = 631242752                                 {product} {ergonomic}
   size_t MinHeapDeltaBytes                        = 1048576                                   {product} {ergonomic}
   size_t MinHeapSize                              = 8388608                                   {product} {ergonomic}
    uintx NonNMethodCodeHeapSize                   = 5832780                                {pd product} {ergonomic}
    uintx NonProfiledCodeHeapSize                  = 122912730                              {pd product} {ergonomic}
    uintx ProfiledCodeHeapSize                     = 122912730                              {pd product} {ergonomic}
    uintx ReservedCodeCacheSize                    = 251658240                              {pd product} {ergonomic}
     bool SegmentedCodeCache                       = true                                      {product} {ergonomic}
   size_t SoftMaxHeapSize                          = 1052770304                             {manageable} {ergonomic}
     bool UseCompressedClassPointers               = true                           {product lp64_product} {ergonomic}
     bool UseCompressedOops                        = true                           {product lp64_product} {ergonomic}
     bool UseG1GC                                  = true                                      {product} {ergonomic}
     bool UseLargePagesIndividualAllocation        = false                                  {pd product} {ergonomic}

Logging:
Log output configuration:
 #0: stdout all=warning uptime,level,tags foldmultilines=false
 #1: stderr all=off uptime,level,tags foldmultilines=false

Environment Variables:
JAVA_HOME=C:\Program Files\Java\jdk-17
PATH=C:\Program Files (x86)\Common Files\Oracle\Java\javapath;C:\WINDOWS\system32;C:\WINDOWS;C:\WINDOWS\System32\Wbem;C:\WINDOWS\System32\WindowsPowerShell\v1.0\;C:\WINDOWS\System32\OpenSSH\;C:\Program Files (x86)\nodejs\;C:\Program Files (x86)\nodejs\npm;C:\Users\ERIN_JAVALead\AppData\Roaming\npm;C:\Program Files\Git\cmd;C:\Program Files (x86)\dotnet\;C:\Program Files (x86)\Microsoft SQL Server\160\DTS\Binn\;C:\Program Files\Azure Data Studio\bin;C:\Program Files (x86)\Microsoft SQL Server\160\Tools\Binn\;C:\Program Files\Microsoft SQL Server\160\Tools\Binn\;C:\Program Files\Microsoft SQL Server\Client SDK\ODBC\170\Tools\Binn\;C:\Program Files\Microsoft SQL Server\160\DTS\Binn\;C:\Program Files\Java\jdk1.8.0_202\bin;C:\Program Files\Java\jdk1.8.0_202\jre\bin;C:\kafkasrc\bin\windows;C:\Program Files\Docker\Docker\resources\bin;C:\Program Files\Docker\Docker;C:\Users\ERIN_JAVALead\AppData\Local\Microsoft\WindowsApps;;C:\Users\ERIN_JAVALead\AppData\Local\Programs\Microsoft VS Code\bin;C:\Users\ERIN_JAVALead\AppData\Roaming\npm;C:\Program Files\Azure Data Studio\bin
USERNAME=ERIN_JAVALead
OS=Windows_NT
PROCESSOR_IDENTIFIER=Intel64 Family 6 Model 78 Stepping 3, GenuineIntel



---------------  S Y S T E M  ---------------

OS:
 Windows 10 , 64 bit Build 19041 (10.0.19041.4597)
OS uptime: 0 days 4:21 hours
Hyper-V role detected

CPU: total 4 (initial active 4) (2 cores per cpu, 2 threads per core) family 6 model 78 stepping 3 microcode 0xcc, cx8, cmov, fxsr, ht, mmx, 3dnowpref, sse, sse2, sse3, ssse3, sse4.1, sse4.2, popcnt, lzcnt, tsc, tscinvbit, avx, avx2, aes, erms, clmul, bmi1, bmi2, adx, fma, vzeroupper, clflush, clflushopt, hv

Memory: 4k page, system-wide physical 4012M (340M free)
TotalPageFile size 6060M (AvailPageFile size 1M)
current process WorkingSet (physical memory assigned to process): 89M, peak: 89M
current process commit charge ("private bytes"): 161M, peak: 162M

vm_info: OpenJDK 64-Bit Server VM (18.0.2+9-FR) for windows-amd64 JRE (18.0.2+9-FR), built on Jul 15 2022 20:03:03 by "Administrator" with MS VC++ 15.9 (VS2017)

END.
