#
# There is insufficient memory for the Java Runtime Environment to continue.
# Native memory allocation (malloc) failed to allocate 1341616 bytes for Chunk::new
# Possible reasons:
#   The system is out of physical RAM or swap space
#   The process is running with CompressedOops enabled, and the Java Heap may be blocking the growth of the native heap
# Possible solutions:
#   Reduce memory load on the system
#   Increase physical memory or swap space
#   Check if swap backing store is full
#   Decrease Java heap size (-Xmx/-Xms)
#   Decrease number of Java threads
#   Decrease Java thread stack sizes (-Xss)
#   Set larger code cache with -XX:ReservedCodeCacheSize=
#   JVM is running with Unscaled Compressed Oops mode in which the Java heap is
#     placed in the first 4GB address space. The Java Heap base address is the
#     maximum limit for the native heap growth. Please use -XX:HeapBaseMinAddress
#     to set the Java Heap base and to place the Java Heap above 4GB virtual address.
# This output file may be truncated or incomplete.
#
#  Out of Memory Error (arena.cpp:184), pid=6052, tid=6796
#
# JRE version: OpenJDK Runtime Environment Corretto-18.0.2.9.1 (18.0.2+9) (build 18.0.2+9-FR)
# Java VM: OpenJDK 64-Bit Server VM Corretto-18.0.2.9.1 (18.0.2+9-FR, mixed mode, sharing, tiered, compressed oops, compressed class ptrs, g1 gc, windows-amd64)
# No core dump will be written. Minidumps are not enabled by default on client versions of Windows
#

---------------  S U M M A R Y ------------

Command Line: -javaagent:C:\Program Files\JetBrains\IntelliJ IDEA Community Edition 2021.3.3\lib\idea_rt.jar=62815:C:\Program Files\JetBrains\IntelliJ IDEA Community Edition 2021.3.3\bin -Dfile.encoding=UTF-8 com.smart_host.hotelallocation.HotelallocationApplication

Host: Intel(R) Core(TM) i3-6006U CPU @ 2.00GHz, 4 cores, 3G,  Windows 10 , 64 bit Build 19041 (10.0.19041.4597)
Time: Fri Jul 19 12:19:19 2024 W. Europe Daylight Time elapsed time: 7.505880 seconds (0d 0h 0m 7s)

---------------  T H R E A D  ---------------

Current thread (0x000001c46bb12560):  JavaThread "C2 CompilerThread1" daemon [_thread_in_native, id=6796, stack(0x000000b7e2700000,0x000000b7e2800000)]


Current CompileTask:
C2:   7506 2591       4       java.lang.invoke.MethodType::makeImpl (109 bytes)

Stack: [0x000000b7e2700000,0x000000b7e2800000]
Native frames: (J=compiled Java code, j=interpreted, Vv=VM code, C=native code)
V  [jvm.dll+0x685a2a]
V  [jvm.dll+0x82ae8d]
V  [jvm.dll+0x82c75e]
V  [jvm.dll+0x82ce03]
V  [jvm.dll+0x25ef4b]
V  [jvm.dll+0xd42d2]
V  [jvm.dll+0xd4665]
V  [jvm.dll+0x385751]
V  [jvm.dll+0x34d82a]
V  [jvm.dll+0x34cc1a]
V  [jvm.dll+0x233a65]
V  [jvm.dll+0x232f37]
V  [jvm.dll+0x1c0a35]
V  [jvm.dll+0x24212c]
V  [jvm.dll+0x240534]
V  [jvm.dll+0x7df6db]
V  [jvm.dll+0x7d9cba]
V  [jvm.dll+0x6848a5]
C  [ucrtbase.dll+0x21bb2]
C  [KERNEL32.DLL+0x17374]
C  [ntdll.dll+0x4cc91]


---------------  P R O C E S S  ---------------

Threads class SMR info:
_java_thread_list=0x000001c46d217930, length=16, elements={
0x000001c44b3a0900, 0x000001c44b43aca0, 0x000001c44b43b900, 0x000001c44b44fe20,
0x000001c44b4517d0, 0x000001c44b452170, 0x000001c44b452b10, 0x000001c44b4537e0,
0x000001c44b454960, 0x000001c466989fd0, 0x000001c46ac243f0, 0x000001c46aef8100,
0x000001c46ae2b140, 0x000001c46b505e80, 0x000001c46b39d200, 0x000001c46bb12560
}

Java Threads: ( => current thread )
  0x000001c44b3a0900 JavaThread "main" [_thread_blocked, id=3504, stack(0x000000b7e0c00000,0x000000b7e0d00000)]
  0x000001c44b43aca0 JavaThread "Reference Handler" daemon [_thread_blocked, id=9724, stack(0x000000b7e1400000,0x000000b7e1500000)]
  0x000001c44b43b900 JavaThread "Finalizer" daemon [_thread_blocked, id=12148, stack(0x000000b7e1500000,0x000000b7e1600000)]
  0x000001c44b44fe20 JavaThread "Signal Dispatcher" daemon [_thread_blocked, id=6992, stack(0x000000b7e1600000,0x000000b7e1700000)]
  0x000001c44b4517d0 JavaThread "Attach Listener" daemon [_thread_blocked, id=1548, stack(0x000000b7e1700000,0x000000b7e1800000)]
  0x000001c44b452170 JavaThread "Service Thread" daemon [_thread_blocked, id=10140, stack(0x000000b7e1800000,0x000000b7e1900000)]
  0x000001c44b452b10 JavaThread "Monitor Deflation Thread" daemon [_thread_blocked, id=2228, stack(0x000000b7e1900000,0x000000b7e1a00000)]
  0x000001c44b4537e0 JavaThread "C2 CompilerThread0" daemon [_thread_in_native, id=8564, stack(0x000000b7e1a00000,0x000000b7e1b00000)]
  0x000001c44b454960 JavaThread "C1 CompilerThread0" daemon [_thread_blocked, id=13724, stack(0x000000b7e1b00000,0x000000b7e1c00000)]
  0x000001c466989fd0 JavaThread "Sweeper thread" daemon [_thread_blocked, id=12304, stack(0x000000b7e1c00000,0x000000b7e1d00000)]
  0x000001c46ac243f0 JavaThread "Common-Cleaner" daemon [_thread_blocked, id=11000, stack(0x000000b7e1d00000,0x000000b7e1e00000)]
  0x000001c46aef8100 JavaThread "Monitor Ctrl-Break" daemon [_thread_in_native, id=252, stack(0x000000b7e1e00000,0x000000b7e1f00000)]
  0x000001c46ae2b140 JavaThread "Notification Thread" daemon [_thread_blocked, id=4064, stack(0x000000b7e1f00000,0x000000b7e2000000)]
  0x000001c46b505e80 JavaThread "Thread-0" [_thread_blocked, id=10760, stack(0x000000b7e2400000,0x000000b7e2500000)]
  0x000001c46b39d200 JavaThread "restartedMain" [_thread_in_Java, id=3536, stack(0x000000b7e2500000,0x000000b7e2600000)]
=>0x000001c46bb12560 JavaThread "C2 CompilerThread1" daemon [_thread_in_native, id=6796, stack(0x000000b7e2700000,0x000000b7e2800000)]

Other Threads:
  0x000001c44b437500 VMThread "VM Thread" [stack: 0x000000b7e1300000,0x000000b7e1400000] [id=3656]
  0x000001c46adf5140 WatcherThread "VM Periodic Task Thread" [stack: 0x000000b7e2000000,0x000000b7e2100000] [id=4028]
  0x000001c44b3de4a0 WorkerThread "GC Thread#0" [stack: 0x000000b7e0e00000,0x000000b7e0f00000] [id=3508]
  0x000001c46b1a9cd0 WorkerThread "GC Thread#1" [stack: 0x000000b7e2100000,0x000000b7e2200000] [id=1660]
  0x000001c46b1aa210 WorkerThread "GC Thread#2" [stack: 0x000000b7e2200000,0x000000b7e2300000] [id=8852]
  0x000001c46b459ac0 WorkerThread "GC Thread#3" [stack: 0x000000b7e2300000,0x000000b7e2400000] [id=4480]
  0x000001c44b3e6a80 ConcurrentGCThread "G1 Main Marker" [stack: 0x000000b7e0f00000,0x000000b7e1000000] [id=11192]
  0x000001c44928db20 WorkerThread "G1 Conc#0" [stack: 0x000000b7e1000000,0x000000b7e1100000] [id=2160]
  0x000001c44b40c990 ConcurrentGCThread "G1 Refine#0" [stack: 0x000000b7e1100000,0x000000b7e1200000] [id=4416]
  0x000001c44b40d2a0 ConcurrentGCThread "G1 Service" [stack: 0x000000b7e1200000,0x000000b7e1300000] [id=13512]

Threads with active compile tasks:
C2 CompilerThread0     7563 2676       4       java.io.WinNTFileSystem::normalize (224 bytes)
C2 CompilerThread1     7563 2591       4       java.lang.invoke.MethodType::makeImpl (109 bytes)

VM state: not at safepoint (normal execution)

VM Mutex/Monitor currently owned by a thread: None

Heap address: 0x00000000c1400000, size: 1004 MB, Compressed Oops mode: 32-bit

CDS archive(s) mapped at: [0x0000000800000000-0x0000000800ba0000-0x0000000800ba0000), size 12189696, SharedBaseAddress: 0x0000000800000000, ArchiveRelocationMode: 0.
Compressed class space mapped at: 0x0000000800c00000-0x0000000840c00000, reserved size: 1073741824
Narrow klass base: 0x0000000800000000, Narrow klass shift: 0, Narrow klass range: 0x100000000

GC Precious Log:
 CardTable entry size: 512
 Card Set container configuration: InlinePtr #cards 5 size 8 Array Of Cards #cards 12 size 40 Howl #buckets 4 coarsen threshold 1843 Howl Bitmap #cards 512 size 80 coarsen threshold 460 Card regions per heap region 1 cards per card region 2048
 CPUs: 4 total, 4 available
 Memory: 4012M
 Large Page Support: Disabled
 NUMA Support: Disabled
 Compressed Oops: Enabled (32-bit)
 Heap Region Size: 1M
 Heap Min Capacity: 8M
 Heap Initial Capacity: 64M
 Heap Max Capacity: 1004M
 Pre-touch: Disabled
 Parallel Workers: 4
 Concurrent Workers: 1
 Concurrent Refinement Workers: 4
 Periodic GC: Disabled

Heap:
 garbage-first heap   total 65536K, used 20086K [0x00000000c1400000, 0x0000000100000000)
  region size 1024K, 16 young (16384K), 5 survivors (5120K)
 Metaspace       used 20710K, committed 20992K, reserved 1114112K
  class space    used 2578K, committed 2688K, reserved 1048576K

Heap Regions: E=young(eden), S=young(survivor), O=old, HS=humongous(starts), HC=humongous(continues), CS=collection set, F=free, OA=open archive, CA=closed archive, TAMS=top-at-mark-start (previous, next)
|   0|0x00000000c1400000, 0x00000000c1500000, 0x00000000c1500000|100%| O|  |TAMS 0x00000000c1400000, 0x00000000c1400000| Untracked 
|   1|0x00000000c1500000, 0x00000000c1600000, 0x00000000c1600000|100%| O|  |TAMS 0x00000000c1500000, 0x00000000c1500000| Untracked 
|   2|0x00000000c1600000, 0x00000000c1700000, 0x00000000c1700000|100%| O|  |TAMS 0x00000000c1600000, 0x00000000c1600000| Untracked 
|   3|0x00000000c1700000, 0x00000000c1800000, 0x00000000c1800000|100%| O|  |TAMS 0x00000000c1700000, 0x00000000c1700000| Untracked 
|   4|0x00000000c1800000, 0x00000000c189d800, 0x00000000c1900000| 61%| O|  |TAMS 0x00000000c1800000, 0x00000000c1800000| Untracked 
|   5|0x00000000c1900000, 0x00000000c1900000, 0x00000000c1a00000|  0%| F|  |TAMS 0x00000000c1900000, 0x00000000c1900000| Untracked 
|   6|0x00000000c1a00000, 0x00000000c1a00000, 0x00000000c1b00000|  0%| F|  |TAMS 0x00000000c1a00000, 0x00000000c1a00000| Untracked 
|   7|0x00000000c1b00000, 0x00000000c1b00000, 0x00000000c1c00000|  0%| F|  |TAMS 0x00000000c1b00000, 0x00000000c1b00000| Untracked 
|   8|0x00000000c1c00000, 0x00000000c1c00000, 0x00000000c1d00000|  0%| F|  |TAMS 0x00000000c1c00000, 0x00000000c1c00000| Untracked 
|   9|0x00000000c1d00000, 0x00000000c1d00000, 0x00000000c1e00000|  0%| F|  |TAMS 0x00000000c1d00000, 0x00000000c1d00000| Untracked 
|  10|0x00000000c1e00000, 0x00000000c1e00000, 0x00000000c1f00000|  0%| F|  |TAMS 0x00000000c1e00000, 0x00000000c1e00000| Untracked 
|  11|0x00000000c1f00000, 0x00000000c1f00000, 0x00000000c2000000|  0%| F|  |TAMS 0x00000000c1f00000, 0x00000000c1f00000| Untracked 
|  12|0x00000000c2000000, 0x00000000c2000000, 0x00000000c2100000|  0%| F|  |TAMS 0x00000000c2000000, 0x00000000c2000000| Untracked 
|  13|0x00000000c2100000, 0x00000000c2100000, 0x00000000c2200000|  0%| F|  |TAMS 0x00000000c2100000, 0x00000000c2100000| Untracked 
|  14|0x00000000c2200000, 0x00000000c2200000, 0x00000000c2300000|  0%| F|  |TAMS 0x00000000c2200000, 0x00000000c2200000| Untracked 
|  15|0x00000000c2300000, 0x00000000c2300000, 0x00000000c2400000|  0%| F|  |TAMS 0x00000000c2300000, 0x00000000c2300000| Untracked 
|  16|0x00000000c2400000, 0x00000000c2400000, 0x00000000c2500000|  0%| F|  |TAMS 0x00000000c2400000, 0x00000000c2400000| Untracked 
|  17|0x00000000c2500000, 0x00000000c2500000, 0x00000000c2600000|  0%| F|  |TAMS 0x00000000c2500000, 0x00000000c2500000| Untracked 
|  18|0x00000000c2600000, 0x00000000c2600000, 0x00000000c2700000|  0%| F|  |TAMS 0x00000000c2600000, 0x00000000c2600000| Untracked 
|  19|0x00000000c2700000, 0x00000000c2700000, 0x00000000c2800000|  0%| F|  |TAMS 0x00000000c2700000, 0x00000000c2700000| Untracked 
|  20|0x00000000c2800000, 0x00000000c2800000, 0x00000000c2900000|  0%| F|  |TAMS 0x00000000c2800000, 0x00000000c2800000| Untracked 
|  21|0x00000000c2900000, 0x00000000c2900000, 0x00000000c2a00000|  0%| F|  |TAMS 0x00000000c2900000, 0x00000000c2900000| Untracked 
|  22|0x00000000c2a00000, 0x00000000c2a00000, 0x00000000c2b00000|  0%| F|  |TAMS 0x00000000c2a00000, 0x00000000c2a00000| Untracked 
|  23|0x00000000c2b00000, 0x00000000c2c00000, 0x00000000c2c00000|100%| S|CS|TAMS 0x00000000c2b00000, 0x00000000c2b00000| Complete 
|  24|0x00000000c2c00000, 0x00000000c2d00000, 0x00000000c2d00000|100%| S|CS|TAMS 0x00000000c2c00000, 0x00000000c2c00000| Complete 
|  25|0x00000000c2d00000, 0x00000000c2e00000, 0x00000000c2e00000|100%| S|CS|TAMS 0x00000000c2d00000, 0x00000000c2d00000| Complete 
|  26|0x00000000c2e00000, 0x00000000c2f00000, 0x00000000c2f00000|100%| S|CS|TAMS 0x00000000c2e00000, 0x00000000c2e00000| Complete 
|  27|0x00000000c2f00000, 0x00000000c3000000, 0x00000000c3000000|100%| S|CS|TAMS 0x00000000c2f00000, 0x00000000c2f00000| Complete 
|  28|0x00000000c3000000, 0x00000000c3000000, 0x00000000c3100000|  0%| F|  |TAMS 0x00000000c3000000, 0x00000000c3000000| Untracked 
|  29|0x00000000c3100000, 0x00000000c3100000, 0x00000000c3200000|  0%| F|  |TAMS 0x00000000c3100000, 0x00000000c3100000| Untracked 
|  30|0x00000000c3200000, 0x00000000c3200000, 0x00000000c3300000|  0%| F|  |TAMS 0x00000000c3200000, 0x00000000c3200000| Untracked 
|  31|0x00000000c3300000, 0x00000000c3300000, 0x00000000c3400000|  0%| F|  |TAMS 0x00000000c3300000, 0x00000000c3300000| Untracked 
|  32|0x00000000c3400000, 0x00000000c3400000, 0x00000000c3500000|  0%| F|  |TAMS 0x00000000c3400000, 0x00000000c3400000| Untracked 
|  33|0x00000000c3500000, 0x00000000c3500000, 0x00000000c3600000|  0%| F|  |TAMS 0x00000000c3500000, 0x00000000c3500000| Untracked 
|  34|0x00000000c3600000, 0x00000000c3600000, 0x00000000c3700000|  0%| F|  |TAMS 0x00000000c3600000, 0x00000000c3600000| Untracked 
|  35|0x00000000c3700000, 0x00000000c3700000, 0x00000000c3800000|  0%| F|  |TAMS 0x00000000c3700000, 0x00000000c3700000| Untracked 
|  36|0x00000000c3800000, 0x00000000c3800000, 0x00000000c3900000|  0%| F|  |TAMS 0x00000000c3800000, 0x00000000c3800000| Untracked 
|  37|0x00000000c3900000, 0x00000000c3900000, 0x00000000c3a00000|  0%| F|  |TAMS 0x00000000c3900000, 0x00000000c3900000| Untracked 
|  38|0x00000000c3a00000, 0x00000000c3a00000, 0x00000000c3b00000|  0%| F|  |TAMS 0x00000000c3a00000, 0x00000000c3a00000| Untracked 
|  39|0x00000000c3b00000, 0x00000000c3b00000, 0x00000000c3c00000|  0%| F|  |TAMS 0x00000000c3b00000, 0x00000000c3b00000| Untracked 
|  40|0x00000000c3c00000, 0x00000000c3c00000, 0x00000000c3d00000|  0%| F|  |TAMS 0x00000000c3c00000, 0x00000000c3c00000| Untracked 
|  41|0x00000000c3d00000, 0x00000000c3d00000, 0x00000000c3e00000|  0%| F|  |TAMS 0x00000000c3d00000, 0x00000000c3d00000| Untracked 
|  42|0x00000000c3e00000, 0x00000000c3e00000, 0x00000000c3f00000|  0%| F|  |TAMS 0x00000000c3e00000, 0x00000000c3e00000| Untracked 
|  43|0x00000000c3f00000, 0x00000000c3f00000, 0x00000000c4000000|  0%| F|  |TAMS 0x00000000c3f00000, 0x00000000c3f00000| Untracked 
|  44|0x00000000c4000000, 0x00000000c4000000, 0x00000000c4100000|  0%| F|  |TAMS 0x00000000c4000000, 0x00000000c4000000| Untracked 
|  45|0x00000000c4100000, 0x00000000c4100000, 0x00000000c4200000|  0%| F|  |TAMS 0x00000000c4100000, 0x00000000c4100000| Untracked 
|  46|0x00000000c4200000, 0x00000000c4200000, 0x00000000c4300000|  0%| F|  |TAMS 0x00000000c4200000, 0x00000000c4200000| Untracked 
|  47|0x00000000c4300000, 0x00000000c4300000, 0x00000000c4400000|  0%| F|  |TAMS 0x00000000c4300000, 0x00000000c4300000| Untracked 
|  48|0x00000000c4400000, 0x00000000c4400000, 0x00000000c4500000|  0%| F|  |TAMS 0x00000000c4400000, 0x00000000c4400000| Untracked 
|  49|0x00000000c4500000, 0x00000000c4500000, 0x00000000c4600000|  0%| F|  |TAMS 0x00000000c4500000, 0x00000000c4500000| Untracked 
|  50|0x00000000c4600000, 0x00000000c4600000, 0x00000000c4700000|  0%| F|  |TAMS 0x00000000c4600000, 0x00000000c4600000| Untracked 
|  51|0x00000000c4700000, 0x00000000c4700000, 0x00000000c4800000|  0%| F|  |TAMS 0x00000000c4700000, 0x00000000c4700000| Untracked 
|  52|0x00000000c4800000, 0x00000000c4800000, 0x00000000c4900000|  0%| F|  |TAMS 0x00000000c4800000, 0x00000000c4800000| Untracked 
|  53|0x00000000c4900000, 0x00000000c49ec0b8, 0x00000000c4a00000| 92%| E|  |TAMS 0x00000000c4900000, 0x00000000c4900000| Complete 
|  54|0x00000000c4a00000, 0x00000000c4b00000, 0x00000000c4b00000|100%| E|CS|TAMS 0x00000000c4a00000, 0x00000000c4a00000| Complete 
|  55|0x00000000c4b00000, 0x00000000c4c00000, 0x00000000c4c00000|100%| E|CS|TAMS 0x00000000c4b00000, 0x00000000c4b00000| Complete 
|  56|0x00000000c4c00000, 0x00000000c4d00000, 0x00000000c4d00000|100%| E|CS|TAMS 0x00000000c4c00000, 0x00000000c4c00000| Complete 
|  57|0x00000000c4d00000, 0x00000000c4e00000, 0x00000000c4e00000|100%| E|CS|TAMS 0x00000000c4d00000, 0x00000000c4d00000| Complete 
|  58|0x00000000c4e00000, 0x00000000c4f00000, 0x00000000c4f00000|100%| E|CS|TAMS 0x00000000c4e00000, 0x00000000c4e00000| Complete 
|  59|0x00000000c4f00000, 0x00000000c5000000, 0x00000000c5000000|100%| E|CS|TAMS 0x00000000c4f00000, 0x00000000c4f00000| Complete 
|  60|0x00000000c5000000, 0x00000000c5100000, 0x00000000c5100000|100%| E|CS|TAMS 0x00000000c5000000, 0x00000000c5000000| Complete 
|  61|0x00000000c5100000, 0x00000000c5200000, 0x00000000c5200000|100%| E|CS|TAMS 0x00000000c5100000, 0x00000000c5100000| Complete 
|  62|0x00000000c5200000, 0x00000000c5300000, 0x00000000c5300000|100%| E|CS|TAMS 0x00000000c5200000, 0x00000000c5200000| Complete 
|  63|0x00000000c5300000, 0x00000000c5400000, 0x00000000c5400000|100%| E|CS|TAMS 0x00000000c5300000, 0x00000000c5300000| Complete 

Card table byte_map: [0x000001c462160000,0x000001c462360000] _byte_map_base: 0x000001c461b56000

Marking Bits (Prev, Next): (CMBitMap*) 0x000001c44928cf10, (CMBitMap*) 0x000001c44928cf50
 Prev Bits: [0x000001c462560000, 0x000001c463510000)
 Next Bits: [0x000001c463510000, 0x000001c4644c0000)

Polling page: 0x000001c449180000

Metaspace:

Usage:
  Non-class:     17.71 MB used.
      Class:      2.52 MB used.
       Both:     20.23 MB used.

Virtual space:
  Non-class space:       64.00 MB reserved,      17.88 MB ( 28%) committed,  1 nodes.
      Class space:        1.00 GB reserved,       2.63 MB ( <1%) committed,  1 nodes.
             Both:        1.06 GB reserved,      20.50 MB (  2%) committed. 

Chunk freelists:
   Non-Class:  1.70 MB
       Class:  1.39 MB
        Both:  3.09 MB

MaxMetaspaceSize: unlimited
CompressedClassSpaceSize: 1.00 GB
Initial GC threshold: 21.00 MB
Current GC threshold: 21.00 MB
CDS: on
MetaspaceReclaimPolicy: balanced
 - commit_granule_bytes: 65536.
 - commit_granule_words: 8192.
 - virtual_space_node_default_size: 8388608.
 - enlarge_chunks_in_place: 1.
 - new_chunks_are_fully_committed: 0.
 - uncommit_free_chunks: 1.
 - use_allocation_guard: 0.


Internal statistics:

num_allocs_failed_limit: 0.
num_arena_births: 266.
num_arena_deaths: 0.
num_vsnodes_births: 2.
num_vsnodes_deaths: 0.
num_space_committed: 328.
num_space_uncommitted: 0.
num_chunks_returned_to_freelist: 0.
num_chunks_taken_from_freelist: 916.
num_chunk_merges: 0.
num_chunk_splits: 661.
num_chunks_enlarged: 540.
num_inconsistent_stats: 0.

CodeHeap 'non-profiled nmethods': size=120000Kb used=1045Kb max_used=1045Kb free=118954Kb
 bounds [0x000001c45aa30000, 0x000001c45aca0000, 0x000001c461f60000]
CodeHeap 'profiled nmethods': size=120000Kb used=5491Kb max_used=5491Kb free=114508Kb
 bounds [0x000001c453500000, 0x000001c453a60000, 0x000001c45aa30000]
CodeHeap 'non-nmethods': size=5760Kb used=1206Kb max_used=1277Kb free=4554Kb
 bounds [0x000001c452f60000, 0x000001c4531d0000, 0x000001c453500000]
 total_blobs=3180 nmethods=2684 adapters=408
 compilation: enabled
              stopped_count=0, restarted_count=0
 full_count=0

Compilation events (20 events):
Event: 7.496 Thread 0x000001c44b454960 2652       3       java.lang.Class::getConstructor0 (83 bytes)
Event: 7.497 Thread 0x000001c44b454960 nmethod 2652 0x000001c453a45510 code [0x000001c453a45780, 0x000001c453a461f8]
Event: 7.497 Thread 0x000001c44b454960 2653       3       org.springframework.core.OrderComparator::compare (8 bytes)
Event: 7.498 Thread 0x000001c44b454960 nmethod 2653 0x000001c453a46690 code [0x000001c453a46840, 0x000001c453a46988]
Event: 7.498 Thread 0x000001c44b454960 2654       3       org.springframework.core.OrderComparator::doCompare (60 bytes)
Event: 7.498 Thread 0x000001c44b454960 nmethod 2654 0x000001c453a46a10 code [0x000001c453a46c00, 0x000001c453a47258]
Event: 7.499 Thread 0x000001c44b454960 2655       3       org.springframework.boot.autoconfigure.condition.FilteringSpringBootCondition::match (119 bytes)
Event: 7.500 Thread 0x000001c44b454960 nmethod 2655 0x000001c453a47390 code [0x000001c453a475e0, 0x000001c453a48198]
Event: 7.500 Thread 0x000001c44b454960 2656       3       org.springframework.boot.autoconfigure.condition.ConditionEvaluationReport::find (17 bytes)
Event: 7.501 Thread 0x000001c44b454960 nmethod 2656 0x000001c453a48510 code [0x000001c453a486c0, 0x000001c453a48a68]
Event: 7.501 Thread 0x000001c44b454960 2657       3       java.util.RegularEnumSet::size (8 bytes)
Event: 7.501 Thread 0x000001c44b454960 nmethod 2657 0x000001c453a48b10 code [0x000001c453a48ca0, 0x000001c453a48de8]
Event: 7.501 Thread 0x000001c44b454960 2658       3       java.lang.Long::bitCount (61 bytes)
Event: 7.501 Thread 0x000001c44b454960 nmethod 2658 0x000001c453a48e90 code [0x000001c453a49020, 0x000001c453a49198]
Event: 7.501 Thread 0x000001c44b454960 2659       3       java.util.RegularEnumSet::iterator (9 bytes)
Event: 7.501 Thread 0x000001c44b454960 nmethod 2659 0x000001c453a49210 code [0x000001c453a493c0, 0x000001c453a49658]
Event: 7.501 Thread 0x000001c44b454960 2660       3       java.util.RegularEnumSet$EnumSetIterator::<init> (23 bytes)
Event: 7.502 Thread 0x000001c44b454960 nmethod 2660 0x000001c453a49790 code [0x000001c453a49920, 0x000001c453a49af8]
Event: 7.502 Thread 0x000001c44b454960 2661   !   3       jdk.internal.loader.URLClassPath::check (123 bytes)
Event: 7.502 Thread 0x000001c44b454960 nmethod 2661 0x000001c453a49c10 code [0x000001c453a49dc0, 0x000001c453a49f98]

GC Heap History (8 events):
Event: 1.901 GC heap before
{Heap before GC invocations=0 (full 0):
 garbage-first heap   total 65536K, used 12288K [0x00000000c1400000, 0x0000000100000000)
  region size 1024K, 13 young (13312K), 0 survivors (0K)
 Metaspace       used 4017K, committed 4224K, reserved 1114112K
  class space    used 407K, committed 512K, reserved 1048576K
}
Event: 1.916 GC heap after
{Heap after GC invocations=1 (full 0):
 garbage-first heap   total 65536K, used 4599K [0x00000000c1400000, 0x0000000100000000)
  region size 1024K, 2 young (2048K), 2 survivors (2048K)
 Metaspace       used 4017K, committed 4224K, reserved 1114112K
  class space    used 407K, committed 512K, reserved 1048576K
}
Event: 3.166 GC heap before
{Heap before GC invocations=1 (full 0):
 garbage-first heap   total 65536K, used 14839K [0x00000000c1400000, 0x0000000100000000)
  region size 1024K, 13 young (13312K), 2 survivors (2048K)
 Metaspace       used 6946K, committed 7168K, reserved 1114112K
  class space    used 786K, committed 896K, reserved 1048576K
}
Event: 3.171 GC heap after
{Heap after GC invocations=2 (full 0):
 garbage-first heap   total 65536K, used 5626K [0x00000000c1400000, 0x0000000100000000)
  region size 1024K, 1 young (1024K), 1 survivors (1024K)
 Metaspace       used 6946K, committed 7168K, reserved 1114112K
  class space    used 786K, committed 896K, reserved 1048576K
}
Event: 5.309 GC heap before
{Heap before GC invocations=2 (full 0):
 garbage-first heap   total 65536K, used 27130K [0x00000000c1400000, 0x0000000100000000)
  region size 1024K, 23 young (23552K), 1 survivors (1024K)
 Metaspace       used 12284K, committed 12544K, reserved 1114112K
  class space    used 1584K, committed 1728K, reserved 1048576K
}
Event: 5.315 GC heap after
{Heap after GC invocations=3 (full 0):
 garbage-first heap   total 65536K, used 7174K [0x00000000c1400000, 0x0000000100000000)
  region size 1024K, 3 young (3072K), 3 survivors (3072K)
 Metaspace       used 12284K, committed 12544K, reserved 1114112K
  class space    used 1584K, committed 1728K, reserved 1048576K
}
Event: 6.944 GC heap before
{Heap before GC invocations=3 (full 0):
 garbage-first heap   total 65536K, used 39942K [0x00000000c1400000, 0x0000000100000000)
  region size 1024K, 36 young (36864K), 3 survivors (3072K)
 Metaspace       used 19391K, committed 19648K, reserved 1114112K
  class space    used 2424K, committed 2560K, reserved 1048576K
}
Event: 6.954 GC heap after
{Heap after GC invocations=4 (full 0):
 garbage-first heap   total 65536K, used 9846K [0x00000000c1400000, 0x0000000100000000)
  region size 1024K, 5 young (5120K), 5 survivors (5120K)
 Metaspace       used 19391K, committed 19648K, reserved 1114112K
  class space    used 2424K, committed 2560K, reserved 1048576K
}

Deoptimization events (20 events):
Event: 7.019 Thread 0x000001c46b9eed10 DEOPT PACKING pc=0x000001c4536291b1 sp=0x000000b7e26fdb60
Event: 7.019 Thread 0x000001c46b9eed10 DEOPT UNPACKING pc=0x000001c452fb2b43 sp=0x000000b7e26fd050 mode 0
Event: 7.022 Thread 0x000001c46b9eed10 DEOPT PACKING pc=0x000001c453625ae6 sp=0x000000b7e26fdb90
Event: 7.022 Thread 0x000001c46b9eed10 DEOPT UNPACKING pc=0x000001c452fb2b43 sp=0x000000b7e26fd058 mode 0
Event: 7.049 Thread 0x000001c46b9eed10 DEOPT PACKING pc=0x000001c453625ae6 sp=0x000000b7e26fdd40
Event: 7.049 Thread 0x000001c46b9eed10 DEOPT UNPACKING pc=0x000001c452fb2b43 sp=0x000000b7e26fd208 mode 0
Event: 7.089 Thread 0x000001c46b9eed10 Uncommon trap: trap_request=0xffffffc6 fr.pc=0x000001c45aacded0 relative=0x0000000000000310
Event: 7.089 Thread 0x000001c46b9eed10 Uncommon trap: reason=bimorphic_or_optimized_type_check action=maybe_recompile pc=0x000001c45aacded0 method=java.util.HashMap.getNode(Ljava/lang/Object;)Ljava/util/HashMap$Node; @ 128 c2
Event: 7.089 Thread 0x000001c46b9eed10 DEOPT PACKING pc=0x000001c45aacded0 sp=0x000000b7e26fd080
Event: 7.089 Thread 0x000001c46b9eed10 DEOPT UNPACKING pc=0x000001c452fb23a3 sp=0x000000b7e26fcf88 mode 2
Event: 7.089 Thread 0x000001c46b9eed10 Uncommon trap: trap_request=0xffffffc6 fr.pc=0x000001c45aacd694 relative=0x00000000000002d4
Event: 7.089 Thread 0x000001c46b9eed10 Uncommon trap: reason=bimorphic_or_optimized_type_check action=maybe_recompile pc=0x000001c45aacd694 method=java.util.HashMap.getNode(Ljava/lang/Object;)Ljava/util/HashMap$Node; @ 128 c2
Event: 7.089 Thread 0x000001c46b9eed10 DEOPT PACKING pc=0x000001c45aacd694 sp=0x000000b7e26fd000
Event: 7.089 Thread 0x000001c46b9eed10 DEOPT UNPACKING pc=0x000001c452fb23a3 sp=0x000000b7e26fcf88 mode 2
Event: 7.234 Thread 0x000001c46b39d200 Uncommon trap: trap_request=0xffffff45 fr.pc=0x000001c45ab11d80 relative=0x00000000000013c0
Event: 7.234 Thread 0x000001c46b39d200 Uncommon trap: reason=unstable_if action=reinterpret pc=0x000001c45ab11d80 method=jdk.internal.jimage.ImageStringsReader.stringFromByteBufferMatches(Ljava/nio/ByteBuffer;ILjava/lang/String;I)I @ 48 c2
Event: 7.234 Thread 0x000001c46b39d200 DEOPT PACKING pc=0x000001c45ab11d80 sp=0x000000b7e25fd9d0
Event: 7.234 Thread 0x000001c46b39d200 DEOPT UNPACKING pc=0x000001c452fb23a3 sp=0x000000b7e25fd688 mode 2
Event: 7.359 Thread 0x000001c46b39d200 DEOPT PACKING pc=0x000001c45358b1b9 sp=0x000000b7e25fd640
Event: 7.359 Thread 0x000001c46b39d200 DEOPT UNPACKING pc=0x000001c452fb2b43 sp=0x000000b7e25fcb40 mode 0

Classes loaded (20 events):
Event: 7.123 Loading class java/security/spec/ECFieldF2m
Event: 7.123 Loading class java/security/spec/ECFieldF2m done
Event: 7.137 Loading class sun/security/ssl/SunJSSE
Event: 7.137 Loading class sun/security/ssl/SunJSSE done
Event: 7.139 Loading class com/sun/crypto/provider/SunJCE
Event: 7.139 Loading class com/sun/crypto/provider/SunJCE done
Event: 7.152 Loading class com/sun/security/sasl/Provider
Event: 7.152 Loading class com/sun/security/sasl/Provider done
Event: 7.153 Loading class com/sun/security/sasl/Provider$1
Event: 7.153 Loading class com/sun/security/sasl/Provider$1 done
Event: 7.153 Loading class com/sun/security/sasl/Provider$ProviderService
Event: 7.153 Loading class com/sun/security/sasl/Provider$ProviderService done
Event: 7.153 Loading class sun/security/provider/certpath/ldap/JdkLDAP
Event: 7.154 Loading class sun/security/provider/certpath/ldap/JdkLDAP done
Event: 7.155 Loading class sun/security/provider/certpath/ldap/JdkLDAP$ProviderService
Event: 7.155 Loading class sun/security/provider/certpath/ldap/JdkLDAP$ProviderService done
Event: 7.310 Loading class java/nio/charset/UnsupportedCharsetException
Event: 7.310 Loading class java/nio/charset/UnsupportedCharsetException done
Event: 7.310 Loading class java/security/SecureRandom
Event: 7.311 Loading class java/security/SecureRandom done

Classes unloaded (0 events):
No events

Classes redefined (0 events):
No events

Internal exceptions (20 events):
Event: 4.005 Thread 0x000001c46b39d200 Exception <a 'java/lang/NoSuchMethodError'{0x00000000c4e24cb0}: 'void java.lang.invoke.DirectMethodHandle$Holder.invokeInterface(java.lang.Object, java.lang.Object, java.lang.Object)'> (0x00000000c4e24cb0) 
thrown [s\src\hotspot\share\interpreter\linkResolver.cpp, line 759]
Event: 4.061 Thread 0x000001c46b39d200 Exception <a 'java/lang/NoSuchMethodError'{0x00000000c4ec74e8}: 'void java.lang.invoke.DirectMethodHandle$Holder.invokeStaticInit(java.lang.Object, java.lang.Object, java.lang.Object)'> (0x00000000c4ec74e8) 
thrown [s\src\hotspot\share\interpreter\linkResolver.cpp, line 759]
Event: 4.076 Thread 0x000001c46b39d200 Exception <a 'java/lang/NoSuchMethodError'{0x00000000c4d0ede8}: 'java.lang.Object java.lang.invoke.DirectMethodHandle$Holder.invokeVirtual(java.lang.Object, java.lang.Object, java.lang.Object)'> (0x00000000c4d0ede8) 
thrown [s\src\hotspot\share\interpreter\linkResolver.cpp, line 759]
Event: 4.095 Thread 0x000001c46b39d200 Exception <a 'java/lang/NoSuchMethodError'{0x00000000c4d2fda8}: 'java.lang.Object java.lang.invoke.DirectMethodHandle$Holder.invokeStatic(java.lang.Object, java.lang.Object, long, java.lang.Object)'> (0x00000000c4d2fda8) 
thrown [s\src\hotspot\share\interpreter\linkResolver.cpp, line 759]
Event: 4.096 Thread 0x000001c46b39d200 Exception <a 'java/lang/NoSuchMethodError'{0x00000000c4d33838}: 'java.lang.Object java.lang.invoke.DirectMethodHandle$Holder.invokeStaticInit(java.lang.Object, java.lang.Object, long, java.lang.Object)'> (0x00000000c4d33838) 
thrown [s\src\hotspot\share\interpreter\linkResolver.cpp, line 759]
Event: 4.097 Thread 0x000001c46b39d200 Exception <a 'java/lang/NoSuchMethodError'{0x00000000c4d39f40}: 'java.lang.Object java.lang.invoke.DirectMethodHandle$Holder.newInvokeSpecial(java.lang.Object, java.lang.Object, long)'> (0x00000000c4d39f40) 
thrown [s\src\hotspot\share\interpreter\linkResolver.cpp, line 759]
Event: 4.097 Thread 0x000001c46b39d200 Exception <a 'java/lang/NoSuchMethodError'{0x00000000c4d3dd68}: 'java.lang.Object java.lang.invoke.Invokers$Holder.linkToTargetMethod(java.lang.Object, long, java.lang.Object)'> (0x00000000c4d3dd68) 
thrown [s\src\hotspot\share\interpreter\linkResolver.cpp, line 759]
Event: 4.146 Thread 0x000001c46b39d200 Exception <a 'java/lang/NoSuchMethodError'{0x00000000c4d977c8}: 'void java.lang.invoke.DirectMethodHandle$Holder.invokeVirtual(java.lang.Object, java.lang.Object, java.lang.Object, java.lang.Object)'> (0x00000000c4d977c8) 
thrown [s\src\hotspot\share\interpreter\linkResolver.cpp, line 759]
Event: 4.256 Thread 0x000001c46b39d200 Exception <a 'java/lang/IncompatibleClassChangeError'{0x00000000c4b366b0}: Found class java.lang.Object, but interface was expected> (0x00000000c4b366b0) 
thrown [s\src\hotspot\share\interpreter\linkResolver.cpp, line 826]
Event: 4.872 Thread 0x000001c46b39d200 Exception <a 'java/lang/NoSuchMethodError'{0x00000000c42076d8}: 'java.lang.Object java.lang.invoke.DirectMethodHandle$Holder.invokeStatic(java.lang.Object, int, java.lang.Object)'> (0x00000000c42076d8) 
thrown [s\src\hotspot\share\interpreter\linkResolver.cpp, line 759]
Event: 5.636 Thread 0x000001c46b39d200 Exception <a 'sun/nio/fs/WindowsException'{0x00000000c4d22dc8}> (0x00000000c4d22dc8) 
thrown [s\src\hotspot\share\prims\jni.cpp, line 516]
Event: 5.637 Thread 0x000001c46b39d200 Exception <a 'java/lang/NoSuchMethodError'{0x00000000c4d247e8}: 'int java.lang.invoke.DirectMethodHandle$Holder.invokeSpecial(java.lang.Object, java.lang.Object, java.lang.Object, java.lang.Object, java.lang.Object)'> (0x00000000c4d247e8) 
thrown [s\src\hotspot\share\interpreter\linkResolver.cpp, line 759]
Event: 5.645 Thread 0x000001c46b39d200 Exception <a 'java/lang/NoSuchMethodError'{0x00000000c4d2d5e0}: 'void java.lang.invoke.DirectMethodHandle$Holder.invokeVirtual(java.lang.Object, java.lang.Object)'> (0x00000000c4d2d5e0) 
thrown [s\src\hotspot\share\interpreter\linkResolver.cpp, line 759]
Event: 6.337 Thread 0x000001c46b39d200 Exception <a 'java/lang/IncompatibleClassChangeError'{0x00000000c3d1f4a8}: Found class java.lang.Object, but interface was expected> (0x00000000c3d1f4a8) 
thrown [s\src\hotspot\share\interpreter\linkResolver.cpp, line 826]
Event: 6.818 Thread 0x000001c46b9eed10 Exception <a 'java/lang/NoSuchMethodError'{0x00000000c3016e78}: 'long java.lang.invoke.DirectMethodHandle$Holder.invokeSpecial(java.lang.Object, java.lang.Object)'> (0x00000000c3016e78) 
thrown [s\src\hotspot\share\interpreter\linkResolver.cpp, line 759]
Event: 6.839 Thread 0x000001c46b9eed10 Exception <a 'java/lang/NoSuchMethodError'{0x00000000c3021e58}: 'long java.lang.invoke.DirectMethodHandle$Holder.invokeStatic(java.lang.Object, java.lang.Object)'> (0x00000000c3021e58) 
thrown [s\src\hotspot\share\interpreter\linkResolver.cpp, line 759]
Event: 6.840 Thread 0x000001c46b9eed10 Exception <a 'java/lang/NoSuchMethodError'{0x00000000c30254a0}: 'long java.lang.invoke.DirectMethodHandle$Holder.invokeStaticInit(java.lang.Object, java.lang.Object)'> (0x00000000c30254a0) 
thrown [s\src\hotspot\share\interpreter\linkResolver.cpp, line 759]
Event: 6.910 Thread 0x000001c46b9eed10 Exception <a 'java/lang/NoSuchMethodError'{0x00000000c3033360}: 'long java.lang.invoke.DirectMethodHandle$Holder.invokeInterface(java.lang.Object, java.lang.Object)'> (0x00000000c3033360) 
thrown [s\src\hotspot\share\interpreter\linkResolver.cpp, line 759]
Event: 6.915 Thread 0x000001c46b9eed10 Exception <a 'java/lang/IncompatibleClassChangeError'{0x00000000c3036640}: Found class java.lang.Object, but interface was expected> (0x00000000c3036640) 
thrown [s\src\hotspot\share\interpreter\linkResolver.cpp, line 826]
Event: 6.925 Thread 0x000001c46b9eed10 Exception <a 'java/lang/NoSuchMethodError'{0x00000000c30bd890}: 'java.lang.Object java.lang.invoke.DirectMethodHandle$Holder.invokeVirtual(java.lang.Object, java.lang.Object, java.lang.Object, java.lang.Object)'> (0x00000000c30bd890) 
thrown [s\src\hotspot\share\interpreter\linkResolver.cpp, line 759]

VM Operations (20 events):
Event: 5.230 Executing VM operation: Cleanup
Event: 5.230 Executing VM operation: Cleanup done
Event: 5.287 Executing VM operation: G1CollectForAllocation
Event: 5.315 Executing VM operation: G1CollectForAllocation done
Event: 5.328 Executing VM operation: HandshakeAllThreads
Event: 5.328 Executing VM operation: HandshakeAllThreads done
Event: 5.570 Executing VM operation: HandshakeAllThreads
Event: 5.570 Executing VM operation: HandshakeAllThreads done
Event: 6.008 Executing VM operation: HandshakeAllThreads
Event: 6.008 Executing VM operation: HandshakeAllThreads done
Event: 6.935 Executing VM operation: ICBufferFull
Event: 6.938 Executing VM operation: ICBufferFull done
Event: 6.944 Executing VM operation: G1CollectForAllocation
Event: 6.954 Executing VM operation: G1CollectForAllocation done
Event: 7.055 Executing VM operation: HandshakeAllThreads
Event: 7.055 Executing VM operation: HandshakeAllThreads done
Event: 7.108 Executing VM operation: HandshakeAllThreads
Event: 7.108 Executing VM operation: HandshakeAllThreads done
Event: 7.385 Executing VM operation: ICBufferFull
Event: 7.385 Executing VM operation: ICBufferFull done

Events (20 events):
Event: 0.470 Thread 0x000001c46ac243f0 Thread added: 0x000001c46ac243f0
Event: 0.535 Loaded shared library C:\Users\ERIN_JAVALead\.jdks\corretto-18.0.2\bin\zip.dll
Event: 0.541 Loaded shared library C:\Users\ERIN_JAVALead\.jdks\corretto-18.0.2\bin\instrument.dll
Event: 0.561 Loaded shared library C:\Users\ERIN_JAVALead\.jdks\corretto-18.0.2\bin\net.dll
Event: 0.566 Loaded shared library C:\Users\ERIN_JAVALead\.jdks\corretto-18.0.2\bin\nio.dll
Event: 0.573 Loaded shared library C:\Users\ERIN_JAVALead\.jdks\corretto-18.0.2\bin\zip.dll
Event: 0.770 Loaded shared library C:\Program Files\JetBrains\IntelliJ IDEA Community Edition 2021.3.3\bin\breakgen64.dll
Event: 0.771 Thread 0x000001c46aef8100 Thread added: 0x000001c46aef8100
Event: 0.772 Thread 0x000001c46ae2b140 Thread added: 0x000001c46ae2b140
Event: 0.888 Loaded shared library C:\Users\ERIN_JAVALead\.jdks\corretto-18.0.2\bin\jimage.dll
Event: 2.126 Loaded shared library C:\Users\ERIN_JAVALead\.jdks\corretto-18.0.2\bin\management.dll
Event: 2.130 Loaded shared library C:\Users\ERIN_JAVALead\.jdks\corretto-18.0.2\bin\management_ext.dll
Event: 2.316 Thread 0x000001c46b505e80 Thread added: 0x000001c46b505e80
Event: 2.322 Thread 0x000001c46b39d200 Thread added: 0x000001c46b39d200
Event: 4.244 Thread 0x000001c46b9eed10 Thread added: 0x000001c46b9eed10
Event: 5.887 Thread 0x000001c46bb12560 Thread added: 0x000001c46bb12560
Event: 6.100 Thread 0x000001c46bb47b90 Thread added: 0x000001c46bb47b90
Event: 6.311 Thread 0x000001c46bb47b90 Thread exited: 0x000001c46bb47b90
Event: 7.097 Loaded shared library C:\Users\ERIN_JAVALead\.jdks\corretto-18.0.2\bin\sunmscapi.dll
Event: 7.160 Thread 0x000001c46b9eed10 Thread exited: 0x000001c46b9eed10


Dynamic libraries:
0x00007ff7f38d0000 - 0x00007ff7f38dd000 	C:\Users\ERIN_JAVALead\.jdks\corretto-18.0.2\bin\java.exe
0x00007ffe69930000 - 0x00007ffe69b28000 	C:\WINDOWS\SYSTEM32\ntdll.dll
0x00007ffe67b80000 - 0x00007ffe67c41000 	C:\WINDOWS\System32\KERNEL32.DLL
0x00007ffe67170000 - 0x00007ffe67466000 	C:\WINDOWS\System32\KERNELBASE.dll
0x00007ffe66fe0000 - 0x00007ffe670e0000 	C:\WINDOWS\System32\ucrtbase.dll
0x00007ffe54e70000 - 0x00007ffe54e87000 	C:\Users\ERIN_JAVALead\.jdks\corretto-18.0.2\bin\jli.dll
0x00007ffe67d20000 - 0x00007ffe67ebf000 	C:\WINDOWS\System32\USER32.dll
0x00007ffe66fb0000 - 0x00007ffe66fd2000 	C:\WINDOWS\System32\win32u.dll
0x00007ffe67c50000 - 0x00007ffe67c7b000 	C:\WINDOWS\System32\GDI32.dll
0x00007ffe67470000 - 0x00007ffe67587000 	C:\WINDOWS\System32\gdi32full.dll
0x00007ffe676c0000 - 0x00007ffe6775d000 	C:\WINDOWS\System32\msvcp_win.dll
0x00007ffe48bf0000 - 0x00007ffe48c05000 	C:\Users\ERIN_JAVALead\.jdks\corretto-18.0.2\bin\VCRUNTIME140.dll
0x00007ffe4fab0000 - 0x00007ffe4fd4a000 	C:\WINDOWS\WinSxS\amd64_microsoft.windows.common-controls_6595b64144ccf1df_6.0.19041.4355_none_60b8b9eb71f62e16\COMCTL32.dll
0x00007ffe69050000 - 0x00007ffe690ee000 	C:\WINDOWS\System32\msvcrt.dll
0x00007ffe690f0000 - 0x00007ffe6911f000 	C:\WINDOWS\System32\IMM32.DLL
0x00007ffe458e0000 - 0x00007ffe4597b000 	C:\Users\ERIN_JAVALead\.jdks\corretto-18.0.2\bin\msvcp140.dll
0x00007ffe2b660000 - 0x00007ffe2c2d1000 	C:\Users\ERIN_JAVALead\.jdks\corretto-18.0.2\bin\server\jvm.dll
0x00007ffe69590000 - 0x00007ffe69640000 	C:\WINDOWS\System32\ADVAPI32.dll
0x00007ffe68360000 - 0x00007ffe68400000 	C:\WINDOWS\System32\sechost.dll
0x00007ffe69640000 - 0x00007ffe69763000 	C:\WINDOWS\System32\RPCRT4.dll
0x00007ffe675e0000 - 0x00007ffe67607000 	C:\WINDOWS\System32\bcrypt.dll
0x00007ffe69850000 - 0x00007ffe69858000 	C:\WINDOWS\System32\PSAPI.DLL
0x00007ffe53dd0000 - 0x00007ffe53dd9000 	C:\WINDOWS\SYSTEM32\WSOCK32.dll
0x00007ffe68dd0000 - 0x00007ffe68e3b000 	C:\WINDOWS\System32\WS2_32.dll
0x00007ffe42e90000 - 0x00007ffe42eb7000 	C:\WINDOWS\SYSTEM32\WINMM.dll
0x00007ffe614c0000 - 0x00007ffe614ca000 	C:\WINDOWS\SYSTEM32\VERSION.dll
0x00007ffe64df0000 - 0x00007ffe64e02000 	C:\WINDOWS\SYSTEM32\kernel.appcore.dll
0x00007ffe64550000 - 0x00007ffe6455a000 	C:\Users\ERIN_JAVALead\.jdks\corretto-18.0.2\bin\jimage.dll
0x00007ffe46c50000 - 0x00007ffe46e34000 	C:\WINDOWS\SYSTEM32\DBGHELP.DLL
0x00007ffe47440000 - 0x00007ffe47474000 	C:\WINDOWS\SYSTEM32\dbgcore.DLL
0x00007ffe670e0000 - 0x00007ffe67162000 	C:\WINDOWS\System32\bcryptPrimitives.dll
0x00007ffe61600000 - 0x00007ffe6160e000 	C:\Users\ERIN_JAVALead\.jdks\corretto-18.0.2\bin\instrument.dll
0x00007ffe458b0000 - 0x00007ffe458d5000 	C:\Users\ERIN_JAVALead\.jdks\corretto-18.0.2\bin\java.dll
0x00007ffe453e0000 - 0x00007ffe454b6000 	C:\Users\ERIN_JAVALead\.jdks\corretto-18.0.2\bin\jsvml.dll
0x00007ffe684b0000 - 0x00007ffe68c1c000 	C:\WINDOWS\System32\SHELL32.dll
0x00007ffe64ff0000 - 0x00007ffe6578e000 	C:\WINDOWS\SYSTEM32\windows.storage.dll
0x00007ffe68000000 - 0x00007ffe68353000 	C:\WINDOWS\System32\combase.dll
0x00007ffe66820000 - 0x00007ffe6684e000 	C:\WINDOWS\SYSTEM32\Wldp.dll
0x00007ffe67ec0000 - 0x00007ffe67f8d000 	C:\WINDOWS\System32\OLEAUT32.dll
0x00007ffe68f40000 - 0x00007ffe68fed000 	C:\WINDOWS\System32\SHCORE.dll
0x00007ffe68ee0000 - 0x00007ffe68f35000 	C:\WINDOWS\System32\shlwapi.dll
0x00007ffe66ee0000 - 0x00007ffe66f04000 	C:\WINDOWS\SYSTEM32\profapi.dll
0x00007ffe47d50000 - 0x00007ffe47d68000 	C:\Users\ERIN_JAVALead\.jdks\corretto-18.0.2\bin\zip.dll
0x00007ffe483d0000 - 0x00007ffe483e3000 	C:\Users\ERIN_JAVALead\.jdks\corretto-18.0.2\bin\net.dll
0x00007ffe609b0000 - 0x00007ffe60aba000 	C:\WINDOWS\SYSTEM32\WINHTTP.dll
0x00007ffe66600000 - 0x00007ffe6666a000 	C:\WINDOWS\system32\mswsock.dll
0x00007ffe48300000 - 0x00007ffe48315000 	C:\Users\ERIN_JAVALead\.jdks\corretto-18.0.2\bin\nio.dll
0x00007ffe474b0000 - 0x00007ffe474ca000 	C:\Program Files\JetBrains\IntelliJ IDEA Community Edition 2021.3.3\bin\breakgen64.dll
0x00007ffe53500000 - 0x00007ffe53509000 	C:\Users\ERIN_JAVALead\.jdks\corretto-18.0.2\bin\management.dll
0x00007ffe4c4f0000 - 0x00007ffe4c4fb000 	C:\Users\ERIN_JAVALead\.jdks\corretto-18.0.2\bin\management_ext.dll
0x00007ffe48b50000 - 0x00007ffe48b5e000 	C:\Users\ERIN_JAVALead\.jdks\corretto-18.0.2\bin\sunmscapi.dll
0x00007ffe67760000 - 0x00007ffe678be000 	C:\WINDOWS\System32\CRYPT32.dll
0x00007ffe66970000 - 0x00007ffe66999000 	C:\WINDOWS\SYSTEM32\ncrypt.dll
0x00007ffe66930000 - 0x00007ffe6696b000 	C:\WINDOWS\SYSTEM32\NTASN1.dll

dbghelp: loaded successfully - version: 4.0.5 - missing functions: none
symbol engine: initialized successfully - sym options: 0x614 - pdb path: .;C:\Users\ERIN_JAVALead\.jdks\corretto-18.0.2\bin;C:\WINDOWS\SYSTEM32;C:\WINDOWS\WinSxS\amd64_microsoft.windows.common-controls_6595b64144ccf1df_6.0.19041.4355_none_60b8b9eb71f62e16;C:\Users\ERIN_JAVALead\.jdks\corretto-18.0.2\bin\server;C:\Program Files\JetBrains\IntelliJ IDEA Community Edition 2021.3.3\bin

VM Arguments:
jvm_args: -javaagent:C:\Program Files\JetBrains\IntelliJ IDEA Community Edition 2021.3.3\lib\idea_rt.jar=62815:C:\Program Files\JetBrains\IntelliJ IDEA Community Edition 2021.3.3\bin -Dfile.encoding=UTF-8 
java_command: com.smart_host.hotelallocation.HotelallocationApplication
java_class_path (initial): C:\Users\ERIN_JAVALead\Downloads\hotelallocation\hotelallocation\target\classes;C:\Users\ERIN_JAVALead\.m2\repository\org\springframework\boot\spring-boot-starter-validation\3.3.1\spring-boot-starter-validation-3.3.1.jar;C:\Users\ERIN_JAVALead\.m2\repository\org\springframework\boot\spring-boot-starter\3.3.1\spring-boot-starter-3.3.1.jar;C:\Users\ERIN_JAVALead\.m2\repository\org\springframework\boot\spring-boot-starter-logging\3.3.1\spring-boot-starter-logging-3.3.1.jar;C:\Users\ERIN_JAVALead\.m2\repository\ch\qos\logback\logback-classic\1.5.6\logback-classic-1.5.6.jar;C:\Users\ERIN_JAVALead\.m2\repository\ch\qos\logback\logback-core\1.5.6\logback-core-1.5.6.jar;C:\Users\ERIN_JAVALead\.m2\repository\org\apache\logging\log4j\log4j-to-slf4j\2.23.1\log4j-to-slf4j-2.23.1.jar;C:\Users\ERIN_JAVALead\.m2\repository\org\apache\logging\log4j\log4j-api\2.23.1\log4j-api-2.23.1.jar;C:\Users\ERIN_JAVALead\.m2\repository\org\slf4j\jul-to-slf4j\2.0.13\jul-to-slf4j-2.0.13.jar;C:\Users\ERIN_JAVALead\.m2\repository\jakarta\annotation\jakarta.annotation-api\2.1.1\jakarta.annotation-api-2.1.1.jar;C:\Users\ERIN_JAVALead\.m2\repository\org\yaml\snakeyaml\2.2\snakeyaml-2.2.jar;C:\Users\ERIN_JAVALead\.m2\repository\org\apache\tomcat\embed\tomcat-embed-el\10.1.25\tomcat-embed-el-10.1.25.jar;C:\Users\ERIN_JAVALead\.m2\repository\org\hibernate\validator\hibernate-validator\8.0.1.Final\hibernate-validator-8.0.1.Final.jar;C:\Users\ERIN_JAVALead\.m2\repository\jakarta\validation\jakarta.validation-api\3.0.2\jakarta.validation-api-3.0.2.jar;C:\Users\ERIN_JAVALead\.m2\repository\org\jboss\logging\jboss-logging\3.5.3.Final\jboss-logging-3.5.3.Final.jar;C:\Users\ERIN_JAVALead\.m2\repository\com\fasterxml\classmate\1.7.0\classmate-1.7.0.jar;C:\Users\ERIN_JAVALead\.m2\repository\org\springframework\boot\spring-boot-starter-data-rest\3.3.1\spring-boot-starter-data-rest-3.3.1.jar;C:\Users\ERIN_JAVALead\.m2\repository\org\springframework\data\spring-data-rest-webmvc\4.3.1\spring-data-rest-webmvc-4.3.1.jar;C:\Users\ERIN_JAVALead\.m2\repository\org\springframework\data\spring-data-rest-core\4.3.1\spring-data-rest-core-4.3.1.jar;C:\Users\ERIN_JAVALead\.m2\repository\org\springframework\spring-tx\6.1.10\spring-tx-6.1.10.jar;C:\Users\ERIN_JAVALead\.m2\repository\org\springframework\hateoas\spring-hateoas\2.3.0\spring-hateoas-2.3.0.jar;C:\Users\ERIN_JAVALead\.m2\repository\org\springframework\data\spring-data-commons\3.3.1\spring-data-commons-3.3.1.jar;C:\Users\ERIN_JAVALead\.m2\repository\org\springframework\plugin\spring-plugin-core\3.0.0\spring-plugin-core-3.0.0.jar;C:\Users\ERIN_JAVALead\.m2\repository\org\atteo\evo-inflector\1.3\evo-inflector-1.3.jar;C:\Users\ERIN_JAVALead\.m2\repository\com\fasterxml\jackson\core\jackson-databind\2.17.1\jackson-databind-2.17.1.jar;C:\Users\ERIN_JAVALead\.m2\repository\com\fasterxml\jackson\core\jackson-core\2.17.1\jackson-core-2.17.1.jar;C:\Users\ERIN_JAVALead\.m2\repository\com\fasterxml\jackson\core\jackson-annotations\2.17.1\jackson-annotations-2.17.1.jar;C:\Users\ERIN_JAVALead\.m2\repository\org\slf4j\slf4j-api\2.0.13\slf4j-api-2.0.13.jar;C:\Users\ERIN_JAVALead\.m2\repository\org\springframework\boot\spring-boot-starter-web\3.3.1\spring-boot-starter-web-3.3.1.jar;C:\Users\ERIN_JAVALead\.m2\repository\org\springframework\boot\spring-boot-starter-json\3.3.1\spring-boot-starter-json-3.3.1.jar;C:\Users\ERIN_JAVALead\.m2\repository\com\fasterxml\jackson\datatype\jackson-datatype-jdk8\2.17.1\jackson-datatype-jdk8-2.17.1.jar;C:\Users\ERIN_JAVALead\.m2\repository\com\fasterxml\jackson\datatype\jackson-datatype-jsr310\2.17.1\jackson-datatype-jsr310-2.17.1.jar;C:\Users\ERIN_JAVALead\.m2\repository\com\fasterxml\jackson\module\jackson-module-parameter-names\2.17.1\jackson-module-parameter-names-2.17.1.jar;C:\Users\ERIN_JAVALead\.m2\repository\org\springframework\boot\spring-boot-starter-tomcat\3.3.1\spring-boot-starter-tomcat-3.3.1.jar;C:\Users\ERIN_JAVALead\.m2\repository\org\apache\tomcat\embed\tomcat-embed-core\10.1.25\tomcat-embed-core-10.1.25.jar;C:\Users\ERIN_JAVALead\.m2\repository\org\apache\tomcat\embed\tomcat-embed-websocket\10.1.25\tomcat-embed-websocket-10.1.25.jar;C:\Users\ERIN_JAVALead\.m2\repository\org\springframework\spring-web\6.1.10\spring-web-6.1.10.jar;C:\Users\ERIN_JAVALead\.m2\repository\org\springframework\spring-beans\6.1.10\spring-beans-6.1.10.jar;C:\Users\ERIN_JAVALead\.m2\repository\io\micrometer\micrometer-observation\1.13.1\micrometer-observation-1.13.1.jar;C:\Users\ERIN_JAVALead\.m2\repository\io\micrometer\micrometer-commons\1.13.1\micrometer-commons-1.13.1.jar;C:\Users\ERIN_JAVALead\.m2\repository\org\springframework\spring-webmvc\6.1.10\spring-webmvc-6.1.10.jar;C:\Users\ERIN_JAVALead\.m2\repository\org\springframework\spring-aop\6.1.10\spring-aop-6.1.10.jar;C:\Users\ERIN_JAVALead\.m2\repository\org\springframework\spring-context\6.1.10\spring-context-6.1.10.jar;C:\Users\ERIN_JAVALead\.m2\repository\org\springframework\spring-expression\6.1.10\spring-expression-6.1.10.jar;C:\Users\ERIN_JAVALead\.m2\repository\org\springframework\boot\spring-boot-devtools\3.3.1\spring-boot-devtools-3.3.1.jar;C:\Users\ERIN_JAVALead\.m2\repository\org\springframework\boot\spring-boot\3.3.1\spring-boot-3.3.1.jar;C:\Users\ERIN_JAVALead\.m2\repository\org\springframework\boot\spring-boot-autoconfigure\3.3.1\spring-boot-autoconfigure-3.3.1.jar;C:\Users\ERIN_JAVALead\.m2\repository\org\projectlombok\lombok\1.18.32\lombok-1.18.32.jar;C:\Users\ERIN_JAVALead\.m2\repository\com\jayway\jsonpath\json-path\2.9.0\json-path-2.9.0.jar;C:\Users\ERIN_JAVALead\.m2\repository\net\minidev\json-smart\2.5.1\json-smart-2.5.1.jar;C:\Users\ERIN_JAVALead\.m2\repository\net\minidev\accessors-smart\2.5.1\accessors-smart-2.5.1.jar;C:\Users\ERIN_JAVALead\.m2\repository\org\ow2\asm\asm\9.6\asm-9.6.jar;C:\Users\ERIN_JAVALead\.m2\repository\org\springframework\spring-core\6.1.10\spring-core-6.1.10.jar;C:\Users\ERIN_JAVALead\.m2\repository\org\springframework\spring-jcl\6.1.10\spring-jcl-6.1.10.jar
Launcher Type: SUN_STANDARD

[Global flags]
     intx CICompilerCount                          = 3                                         {product} {ergonomic}
     uint ConcGCThreads                            = 1                                         {product} {ergonomic}
     uint G1ConcRefinementThreads                  = 4                                         {product} {ergonomic}
   size_t G1HeapRegionSize                         = 1048576                                   {product} {ergonomic}
    uintx GCDrainStackTargetSize                   = 64                                        {product} {ergonomic}
   size_t InitialHeapSize                          = 67108864                                  {product} {ergonomic}
   size_t MarkStackSize                            = 4194304                                   {product} {ergonomic}
   size_t MaxHeapSize                              = 1052770304                                {product} {ergonomic}
   size_t MaxNewSize                               = 631242752                                 {product} {ergonomic}
   size_t MinHeapDeltaBytes                        = 1048576                                   {product} {ergonomic}
   size_t MinHeapSize                              = 8388608                                   {product} {ergonomic}
    uintx NonNMethodCodeHeapSize                   = 5832780                                {pd product} {ergonomic}
    uintx NonProfiledCodeHeapSize                  = 122912730                              {pd product} {ergonomic}
    uintx ProfiledCodeHeapSize                     = 122912730                              {pd product} {ergonomic}
    uintx ReservedCodeCacheSize                    = 251658240                              {pd product} {ergonomic}
     bool SegmentedCodeCache                       = true                                      {product} {ergonomic}
   size_t SoftMaxHeapSize                          = 1052770304                             {manageable} {ergonomic}
     bool UseCompressedClassPointers               = true                           {product lp64_product} {ergonomic}
     bool UseCompressedOops                        = true                           {product lp64_product} {ergonomic}
     bool UseG1GC                                  = true                                      {product} {ergonomic}
     bool UseLargePagesIndividualAllocation        = false                                  {pd product} {ergonomic}

Logging:
Log output configuration:
 #0: stdout all=warning uptime,level,tags foldmultilines=false
 #1: stderr all=off uptime,level,tags foldmultilines=false

Environment Variables:
JAVA_HOME=C:\Program Files\Java\jdk-17
PATH=C:\Program Files (x86)\Common Files\Oracle\Java\javapath;C:\WINDOWS\system32;C:\WINDOWS;C:\WINDOWS\System32\Wbem;C:\WINDOWS\System32\WindowsPowerShell\v1.0\;C:\WINDOWS\System32\OpenSSH\;C:\Program Files (x86)\nodejs\;C:\Program Files (x86)\nodejs\npm;C:\Users\ERIN_JAVALead\AppData\Roaming\npm;C:\Program Files\Git\cmd;C:\Program Files (x86)\dotnet\;C:\Program Files (x86)\Microsoft SQL Server\160\DTS\Binn\;C:\Program Files\Azure Data Studio\bin;C:\Program Files (x86)\Microsoft SQL Server\160\Tools\Binn\;C:\Program Files\Microsoft SQL Server\160\Tools\Binn\;C:\Program Files\Microsoft SQL Server\Client SDK\ODBC\170\Tools\Binn\;C:\Program Files\Microsoft SQL Server\160\DTS\Binn\;C:\Program Files\Java\jdk1.8.0_202\bin;C:\Program Files\Java\jdk1.8.0_202\jre\bin;C:\kafkasrc\bin\windows;C:\Program Files\Docker\Docker\resources\bin;C:\Program Files\Docker\Docker;C:\Users\ERIN_JAVALead\AppData\Local\Microsoft\WindowsApps;;C:\Users\ERIN_JAVALead\AppData\Local\Programs\Microsoft VS Code\bin;C:\Users\ERIN_JAVALead\AppData\Roaming\npm;C:\Program Files\Azure Data Studio\bin
USERNAME=ERIN_JAVALead
OS=Windows_NT
PROCESSOR_IDENTIFIER=Intel64 Family 6 Model 78 Stepping 3, GenuineIntel



---------------  S Y S T E M  ---------------

OS:
 Windows 10 , 64 bit Build 19041 (10.0.19041.4597)
OS uptime: 0 days 4:04 hours
Hyper-V role detected

CPU: total 4 (initial active 4) (2 cores per cpu, 2 threads per core) family 6 model 78 stepping 3 microcode 0xcc, cx8, cmov, fxsr, ht, mmx, 3dnowpref, sse, sse2, sse3, ssse3, sse4.1, sse4.2, popcnt, lzcnt, tsc, tscinvbit, avx, avx2, aes, erms, clmul, bmi1, bmi2, adx, fma, vzeroupper, clflush, clflushopt, hv

Memory: 4k page, system-wide physical 4012M (452M free)
TotalPageFile size 6060M (AvailPageFile size 4M)
current process WorkingSet (physical memory assigned to process): 144M, peak: 144M
current process commit charge ("private bytes"): 197M, peak: 198M

vm_info: OpenJDK 64-Bit Server VM (18.0.2+9-FR) for windows-amd64 JRE (18.0.2+9-FR), built on Jul 15 2022 20:03:03 by "Administrator" with MS VC++ 15.9 (VS2017)

END.
