#
# There is insufficient memory for the Java Runtime Environment to continue.
# Native memory allocation (mmap) failed to map 13631488 bytes for G1 virtual space
# Possible reasons:
#   The system is out of physical RAM or swap space
#   The process is running with CompressedOops enabled, and the Java Heap may be blocking the growth of the native heap
# Possible solutions:
#   Reduce memory load on the system
#   Increase physical memory or swap space
#   Check if swap backing store is full
#   Decrease Java heap size (-Xmx/-Xms)
#   Decrease number of Java threads
#   Decrease Java thread stack sizes (-Xss)
#   Set larger code cache with -XX:ReservedCodeCacheSize=
#   JVM is running with Unscaled Compressed Oops mode in which the Java heap is
#     placed in the first 4GB address space. The Java Heap base address is the
#     maximum limit for the native heap growth. Please use -XX:HeapBaseMinAddress
#     to set the Java Heap base and to place the Java Heap above 4GB virtual address.
# This output file may be truncated or incomplete.
#
#  Out of Memory Error (os_windows.cpp:3548), pid=5512, tid=13496
#
# JRE version: Java(TM) SE Runtime Environment (17.0.11+7) (build 17.0.11+7-LTS-207)
# Java VM: Java HotSpot(TM) 64-Bit Server VM (17.0.11+7-LTS-207, mixed mode, sharing, tiered, compressed oops, compressed class ptrs, g1 gc, windows-amd64)
# No core dump will be written. Minidumps are not enabled by default on client versions of Windows
#

---------------  S U M M A R Y ------------

Command Line: -Dclassworlds.conf=C:/Users/ERIN_JAVALead/.m2/wrapper/dists/apache-maven-3.9.7/2a4cb831/bin/m2.conf -Dmaven.home=C:/Users/ERIN_JAVALead/.m2/wrapper/dists/apache-maven-3.9.7/2a4cb831 -Dlibrary.jansi.path=C:/Users/ERIN_JAVALead/.m2/wrapper/dists/apache-maven-3.9.7/2a4cb831/lib/jansi-native -Dmaven.multiModuleProjectDirectory=C:/Users/ERIN_JAVALead/Downloads/hotelallocation/hotelallocation org.codehaus.plexus.classworlds.launcher.Launcher spring-boot:run

Host: Intel(R) Core(TM) i3-6006U CPU @ 2.00GHz, 4 cores, 3G,  Windows 10 , 64 bit Build 19041 (10.0.19041.4597)
Time: Sat Jul 20 09:49:14 2024 W. Europe Daylight Time elapsed time: 10.099035 seconds (0d 0h 0m 10s)

---------------  T H R E A D  ---------------

Current thread (0x000001b38d0a3b40):  VMThread "VM Thread" [stack: 0x000000233ee00000,0x000000233ef00000] [id=13496]

Stack: [0x000000233ee00000,0x000000233ef00000]
Native frames: (J=compiled Java code, j=interpreted, Vv=VM code, C=native code)
V  [jvm.dll+0x679cca]
V  [jvm.dll+0x7da13d]
V  [jvm.dll+0x7dba83]
V  [jvm.dll+0x7dc0f3]
V  [jvm.dll+0x2449af]
V  [jvm.dll+0x676ce9]
V  [jvm.dll+0x66b852]
V  [jvm.dll+0x3018d6]
V  [jvm.dll+0x308e76]
V  [jvm.dll+0x3596ee]
V  [jvm.dll+0x35991f]
V  [jvm.dll+0x2d89a8]
V  [jvm.dll+0x2d6ddd]
V  [jvm.dll+0x2d642c]
V  [jvm.dll+0x31a2b1]
V  [jvm.dll+0x7e09eb]
V  [jvm.dll+0x7e1724]
V  [jvm.dll+0x7e1c3d]
V  [jvm.dll+0x7e2014]
V  [jvm.dll+0x7e20e0]
V  [jvm.dll+0x78a85a]
V  [jvm.dll+0x678bb5]
C  [ucrtbase.dll+0x21bb2]
C  [KERNEL32.DLL+0x17374]
C  [ntdll.dll+0x4cc91]

VM_Operation (0x000000233e8fd2e8): G1TryInitiateConcMark, mode: safepoint, requested by thread 0x000001b38cfe9b70


---------------  P R O C E S S  ---------------

Threads class SMR info:
_java_thread_list=0x000001b3f07b4510, length=13, elements={
0x000001b38cfe9b70, 0x000001b38d0a8660, 0x000001b38d0a93f0, 0x000001b3aa1cefe0,
0x000001b3aa1cf8b0, 0x000001b3aa1d2190, 0x000001b3aa1d2a60, 0x000001b3aa1dec20,
0x000001b3aa1df5e0, 0x000001b3aa1eb6e0, 0x000001b3aa4539f0, 0x000001b3aa4534e0,
0x000001b3aa4525b0
}

Java Threads: ( => current thread )
  0x000001b38cfe9b70 JavaThread "main" [_thread_blocked, id=5524, stack(0x000000233e800000,0x000000233e900000)]
  0x000001b38d0a8660 JavaThread "Reference Handler" daemon [_thread_blocked, id=9544, stack(0x000000233ef00000,0x000000233f000000)]
  0x000001b38d0a93f0 JavaThread "Finalizer" daemon [_thread_blocked, id=6780, stack(0x000000233f000000,0x000000233f100000)]
  0x000001b3aa1cefe0 JavaThread "Signal Dispatcher" daemon [_thread_blocked, id=9368, stack(0x000000233f100000,0x000000233f200000)]
  0x000001b3aa1cf8b0 JavaThread "Attach Listener" daemon [_thread_blocked, id=6500, stack(0x000000233f200000,0x000000233f300000)]
  0x000001b3aa1d2190 JavaThread "Service Thread" daemon [_thread_blocked, id=11784, stack(0x000000233f300000,0x000000233f400000)]
  0x000001b3aa1d2a60 JavaThread "Monitor Deflation Thread" daemon [_thread_blocked, id=3580, stack(0x000000233f400000,0x000000233f500000)]
  0x000001b3aa1dec20 JavaThread "C2 CompilerThread0" daemon [_thread_blocked, id=8416, stack(0x000000233f500000,0x000000233f600000)]
  0x000001b3aa1df5e0 JavaThread "C1 CompilerThread0" daemon [_thread_blocked, id=11916, stack(0x000000233f600000,0x000000233f700000)]
  0x000001b3aa1eb6e0 JavaThread "Sweeper thread" daemon [_thread_blocked, id=7144, stack(0x000000233f700000,0x000000233f800000)]
  0x000001b3aa4539f0 JavaThread "Notification Thread" daemon [_thread_blocked, id=1188, stack(0x000000233f800000,0x000000233f900000)]
  0x000001b3aa4534e0 JavaThread "Common-Cleaner" daemon [_thread_blocked, id=9636, stack(0x000000233fa00000,0x000000233fb00000)]
  0x000001b3aa4525b0 JavaThread "Thread-1" daemon [_thread_blocked, id=10164, stack(0x0000002340000000,0x0000002340100000)]

Other Threads:
=>0x000001b38d0a3b40 VMThread "VM Thread" [stack: 0x000000233ee00000,0x000000233ef00000] [id=13496]
  0x000001b3aa45aa80 WatcherThread [stack: 0x000000233f900000,0x000000233fa00000] [id=6996]
  0x000001b38d024d10 GCTaskThread "GC Thread#0" [stack: 0x000000233e900000,0x000000233ea00000] [id=7728]
  0x000001b3aade8070 GCTaskThread "GC Thread#1" [stack: 0x000000233fc00000,0x000000233fd00000] [id=1100]
  0x000001b3f0263010 GCTaskThread "GC Thread#2" [stack: 0x000000233fd00000,0x000000233fe00000] [id=1260]
  0x000001b3aa9026e0 GCTaskThread "GC Thread#3" [stack: 0x000000233fe00000,0x000000233ff00000] [id=12728]
  0x000001b38d02f910 ConcurrentGCThread "G1 Main Marker" [stack: 0x000000233ea00000,0x000000233eb00000] [id=2148]
  0x000001b38d0309d0 ConcurrentGCThread "G1 Conc#0" [stack: 0x000000233eb00000,0x000000233ec00000] [id=11484]
  0x000001b38d07de10 ConcurrentGCThread "G1 Refine#0" [stack: 0x000000233ec00000,0x000000233ed00000] [id=6156]
  0x000001b3aa8d0be0 ConcurrentGCThread "G1 Refine#1" [stack: 0x000000233ff00000,0x0000002340000000] [id=12192]
  0x000001b38d07e750 ConcurrentGCThread "G1 Service" [stack: 0x000000233ed00000,0x000000233ee00000] [id=12704]

Threads with active compile tasks:
C2 CompilerThread0    10207 3956       4       java.util.concurrent.ConcurrentHashMap::putAll (63 bytes)

VM state: at safepoint (normal execution)

VM Mutex/Monitor currently owned by a thread:  ([mutex/lock_event])
[0x000001b38cfe6e90] Threads_lock - owner thread: 0x000001b38d0a3b40
[0x000001b38cfe67d0] Heap_lock - owner thread: 0x000001b38cfe9b70

Heap address: 0x00000000c1400000, size: 1004 MB, Compressed Oops mode: 32-bit

CDS archive(s) mapped at: [0x000001b3ab000000-0x000001b3abbd0000-0x000001b3abbd0000), size 12386304, SharedBaseAddress: 0x000001b3ab000000, ArchiveRelocationMode: 1.
Compressed class space mapped at: 0x000001b3ac000000-0x000001b3ec000000, reserved size: 1073741824
Narrow klass base: 0x000001b3ab000000, Narrow klass shift: 0, Narrow klass range: 0x100000000

GC Precious Log:
 CPUs: 4 total, 4 available
 Memory: 4012M
 Large Page Support: Disabled
 NUMA Support: Disabled
 Compressed Oops: Enabled (32-bit)
 Heap Region Size: 1M
 Heap Min Capacity: 8M
 Heap Initial Capacity: 64M
 Heap Max Capacity: 1004M
 Pre-touch: Disabled
 Parallel Workers: 4
 Concurrent Workers: 1
 Concurrent Refinement Workers: 4
 Periodic GC: Disabled

Heap:
 garbage-first heap   total 65536K, used 24576K [0x00000000c1400000, 0x0000000100000000)
  region size 1024K, 3 young (3072K), 3 survivors (3072K)
 Metaspace       used 16950K, committed 17152K, reserved 1114112K
  class space    used 1975K, committed 2048K, reserved 1048576K

Heap Regions: E=young(eden), S=young(survivor), O=old, HS=humongous(starts), HC=humongous(continues), CS=collection set, F=free, OA=open archive, CA=closed archive, TAMS=top-at-mark-start (previous, next)
|   0|0x00000000c1400000, 0x00000000c1500000, 0x00000000c1500000|100%| O|  |TAMS 0x00000000c1400000, 0x00000000c1500000| Untracked 
|   1|0x00000000c1500000, 0x00000000c1600000, 0x00000000c1600000|100%| O|  |TAMS 0x00000000c1500000, 0x00000000c1600000| Untracked 
|   2|0x00000000c1600000, 0x00000000c1700000, 0x00000000c1700000|100%| O|  |TAMS 0x00000000c1600000, 0x00000000c1700000| Untracked 
|   3|0x00000000c1700000, 0x00000000c1800000, 0x00000000c1800000|100%| O|  |TAMS 0x00000000c1700000, 0x00000000c1800000| Untracked 
|   4|0x00000000c1800000, 0x00000000c1900000, 0x00000000c1900000|100%| O|  |TAMS 0x00000000c1800000, 0x00000000c1900000| Untracked 
|   5|0x00000000c1900000, 0x00000000c1a00000, 0x00000000c1a00000|100%| O|  |TAMS 0x00000000c1900000, 0x00000000c1a00000| Untracked 
|   6|0x00000000c1a00000, 0x00000000c1b00000, 0x00000000c1b00000|100%| O|  |TAMS 0x00000000c1a00000, 0x00000000c1b00000| Untracked 
|   7|0x00000000c1b00000, 0x00000000c1c00000, 0x00000000c1c00000|100%| O|  |TAMS 0x00000000c1b00000, 0x00000000c1c00000| Untracked 
|   8|0x00000000c1c00000, 0x00000000c1d00000, 0x00000000c1d00000|100%| O|  |TAMS 0x00000000c1c00000, 0x00000000c1d00000| Untracked 
|   9|0x00000000c1d00000, 0x00000000c1e00000, 0x00000000c1e00000|100%| O|  |TAMS 0x00000000c1d00000, 0x00000000c1e00000| Untracked 
|  10|0x00000000c1e00000, 0x00000000c1f00000, 0x00000000c1f00000|100%| O|  |TAMS 0x00000000c1e00000, 0x00000000c1f00000| Untracked 
|  11|0x00000000c1f00000, 0x00000000c2000000, 0x00000000c2000000|100%| O|  |TAMS 0x00000000c1f00000, 0x00000000c2000000| Untracked 
|  12|0x00000000c2000000, 0x00000000c2100000, 0x00000000c2100000|100%| O|  |TAMS 0x00000000c2000000, 0x00000000c2100000| Untracked 
|  13|0x00000000c2100000, 0x00000000c2200000, 0x00000000c2200000|100%|HS|  |TAMS 0x00000000c2100000, 0x00000000c2200000| Complete 
|  14|0x00000000c2200000, 0x00000000c2300000, 0x00000000c2300000|100%|HC|  |TAMS 0x00000000c2200000, 0x00000000c2300000| Complete 
|  15|0x00000000c2300000, 0x00000000c2400000, 0x00000000c2400000|100%|HC|  |TAMS 0x00000000c2300000, 0x00000000c2400000| Complete 
|  16|0x00000000c2400000, 0x00000000c2500000, 0x00000000c2500000|100%|HC|  |TAMS 0x00000000c2400000, 0x00000000c2500000| Complete 
|  17|0x00000000c2500000, 0x00000000c2600000, 0x00000000c2600000|100%|HC|  |TAMS 0x00000000c2500000, 0x00000000c2600000| Complete 
|  18|0x00000000c2600000, 0x00000000c2700000, 0x00000000c2700000|100%|HC|  |TAMS 0x00000000c2600000, 0x00000000c2700000| Complete 
|  19|0x00000000c2700000, 0x00000000c2800000, 0x00000000c2800000|100%|HC|  |TAMS 0x00000000c2700000, 0x00000000c2800000| Complete 
|  20|0x00000000c2800000, 0x00000000c2900000, 0x00000000c2900000|100%|HC|  |TAMS 0x00000000c2800000, 0x00000000c2900000| Complete 
|  21|0x00000000c2900000, 0x00000000c2900000, 0x00000000c2a00000|  0%| F|  |TAMS 0x00000000c2900000, 0x00000000c2900000| Untracked 
|  22|0x00000000c2a00000, 0x00000000c2a00000, 0x00000000c2b00000|  0%| F|  |TAMS 0x00000000c2a00000, 0x00000000c2a00000| Untracked 
|  23|0x00000000c2b00000, 0x00000000c2b00000, 0x00000000c2c00000|  0%| F|  |TAMS 0x00000000c2b00000, 0x00000000c2b00000| Untracked 
|  24|0x00000000c2c00000, 0x00000000c2c00000, 0x00000000c2d00000|  0%| F|  |TAMS 0x00000000c2c00000, 0x00000000c2c00000| Untracked 
|  25|0x00000000c2d00000, 0x00000000c2d00000, 0x00000000c2e00000|  0%| F|  |TAMS 0x00000000c2d00000, 0x00000000c2d00000| Untracked 
|  26|0x00000000c2e00000, 0x00000000c2e00000, 0x00000000c2f00000|  0%| F|  |TAMS 0x00000000c2e00000, 0x00000000c2e00000| Untracked 
|  27|0x00000000c2f00000, 0x00000000c2f00000, 0x00000000c3000000|  0%| F|  |TAMS 0x00000000c2f00000, 0x00000000c2f00000| Untracked 
|  28|0x00000000c3000000, 0x00000000c3000000, 0x00000000c3100000|  0%| F|  |TAMS 0x00000000c3000000, 0x00000000c3000000| Untracked 
|  29|0x00000000c3100000, 0x00000000c3100000, 0x00000000c3200000|  0%| F|  |TAMS 0x00000000c3100000, 0x00000000c3100000| Untracked 
|  30|0x00000000c3200000, 0x00000000c3200000, 0x00000000c3300000|  0%| F|  |TAMS 0x00000000c3200000, 0x00000000c3200000| Untracked 
|  31|0x00000000c3300000, 0x00000000c3300000, 0x00000000c3400000|  0%| F|  |TAMS 0x00000000c3300000, 0x00000000c3300000| Untracked 
|  32|0x00000000c3400000, 0x00000000c3400000, 0x00000000c3500000|  0%| F|  |TAMS 0x00000000c3400000, 0x00000000c3400000| Untracked 
|  33|0x00000000c3500000, 0x00000000c3500000, 0x00000000c3600000|  0%| F|  |TAMS 0x00000000c3500000, 0x00000000c3500000| Untracked 
|  34|0x00000000c3600000, 0x00000000c3600000, 0x00000000c3700000|  0%| F|  |TAMS 0x00000000c3600000, 0x00000000c3600000| Untracked 
|  35|0x00000000c3700000, 0x00000000c3700000, 0x00000000c3800000|  0%| F|  |TAMS 0x00000000c3700000, 0x00000000c3700000| Untracked 
|  36|0x00000000c3800000, 0x00000000c3800000, 0x00000000c3900000|  0%| F|  |TAMS 0x00000000c3800000, 0x00000000c3800000| Untracked 
|  37|0x00000000c3900000, 0x00000000c3900000, 0x00000000c3a00000|  0%| F|  |TAMS 0x00000000c3900000, 0x00000000c3900000| Untracked 
|  38|0x00000000c3a00000, 0x00000000c3a00000, 0x00000000c3b00000|  0%| F|  |TAMS 0x00000000c3a00000, 0x00000000c3a00000| Untracked 
|  39|0x00000000c3b00000, 0x00000000c3b00000, 0x00000000c3c00000|  0%| F|  |TAMS 0x00000000c3b00000, 0x00000000c3b00000| Untracked 
|  40|0x00000000c3c00000, 0x00000000c3c00000, 0x00000000c3d00000|  0%| F|  |TAMS 0x00000000c3c00000, 0x00000000c3c00000| Untracked 
|  41|0x00000000c3d00000, 0x00000000c3d00000, 0x00000000c3e00000|  0%| F|  |TAMS 0x00000000c3d00000, 0x00000000c3d00000| Untracked 
|  42|0x00000000c3e00000, 0x00000000c3e00000, 0x00000000c3f00000|  0%| F|  |TAMS 0x00000000c3e00000, 0x00000000c3e00000| Untracked 
|  43|0x00000000c3f00000, 0x00000000c3f00000, 0x00000000c4000000|  0%| F|  |TAMS 0x00000000c3f00000, 0x00000000c3f00000| Untracked 
|  44|0x00000000c4000000, 0x00000000c4000000, 0x00000000c4100000|  0%| F|  |TAMS 0x00000000c4000000, 0x00000000c4000000| Untracked 
|  45|0x00000000c4100000, 0x00000000c4100000, 0x00000000c4200000|  0%| F|  |TAMS 0x00000000c4100000, 0x00000000c4100000| Untracked 
|  46|0x00000000c4200000, 0x00000000c4200000, 0x00000000c4300000|  0%| F|  |TAMS 0x00000000c4200000, 0x00000000c4200000| Untracked 
|  47|0x00000000c4300000, 0x00000000c4300000, 0x00000000c4400000|  0%| F|  |TAMS 0x00000000c4300000, 0x00000000c4300000| Untracked 
|  48|0x00000000c4400000, 0x00000000c4500000, 0x00000000c4500000|100%| S|CS|TAMS 0x00000000c4400000, 0x00000000c4400000| Complete 
|  49|0x00000000c4500000, 0x00000000c4600000, 0x00000000c4600000|100%| S|CS|TAMS 0x00000000c4500000, 0x00000000c4500000| Complete 
|  50|0x00000000c4600000, 0x00000000c4700000, 0x00000000c4700000|100%| S|CS|TAMS 0x00000000c4600000, 0x00000000c4600000| Complete 
|  51|0x00000000c4700000, 0x00000000c4700000, 0x00000000c4800000|  0%| F|  |TAMS 0x00000000c4700000, 0x00000000c4700000| Untracked 
|  52|0x00000000c4800000, 0x00000000c4800000, 0x00000000c4900000|  0%| F|  |TAMS 0x00000000c4800000, 0x00000000c4800000| Untracked 
|  53|0x00000000c4900000, 0x00000000c4900000, 0x00000000c4a00000|  0%| F|  |TAMS 0x00000000c4900000, 0x00000000c4900000| Untracked 
|  54|0x00000000c4a00000, 0x00000000c4a00000, 0x00000000c4b00000|  0%| F|  |TAMS 0x00000000c4a00000, 0x00000000c4a00000| Untracked 
|  55|0x00000000c4b00000, 0x00000000c4b00000, 0x00000000c4c00000|  0%| F|  |TAMS 0x00000000c4b00000, 0x00000000c4b00000| Untracked 
|  56|0x00000000c4c00000, 0x00000000c4c00000, 0x00000000c4d00000|  0%| F|  |TAMS 0x00000000c4c00000, 0x00000000c4c00000| Untracked 
|  57|0x00000000c4d00000, 0x00000000c4d00000, 0x00000000c4e00000|  0%| F|  |TAMS 0x00000000c4d00000, 0x00000000c4d00000| Untracked 
|  58|0x00000000c4e00000, 0x00000000c4e00000, 0x00000000c4f00000|  0%| F|  |TAMS 0x00000000c4e00000, 0x00000000c4e00000| Untracked 
|  59|0x00000000c4f00000, 0x00000000c4f00000, 0x00000000c5000000|  0%| F|  |TAMS 0x00000000c4f00000, 0x00000000c4f00000| Untracked 
|  60|0x00000000c5000000, 0x00000000c5000000, 0x00000000c5100000|  0%| F|  |TAMS 0x00000000c5000000, 0x00000000c5000000| Untracked 
|  61|0x00000000c5100000, 0x00000000c5100000, 0x00000000c5200000|  0%| F|  |TAMS 0x00000000c5100000, 0x00000000c5100000| Untracked 
|  62|0x00000000c5200000, 0x00000000c5200000, 0x00000000c5300000|  0%| F|  |TAMS 0x00000000c5200000, 0x00000000c5200000| Untracked 
|  63|0x00000000c5300000, 0x00000000c5300000, 0x00000000c5400000|  0%| F|  |TAMS 0x00000000c5300000, 0x00000000c5300000| Untracked 

Card table byte_map: [0x000001b3a58b0000,0x000001b3a5ab0000] _byte_map_base: 0x000001b3a52a6000

Marking Bits (Prev, Next): (CMBitMap*) 0x000001b38d026250, (CMBitMap*) 0x000001b38d026290
 Prev Bits: [0x000001b3a5cb0000, 0x000001b3a6c60000)
 Next Bits: [0x000001b3a6c60000, 0x000001b3a7c10000)

Polling page: 0x000001b38d0c0000

Metaspace:

Usage:
  Non-class:     14.62 MB used.
      Class:      1.93 MB used.
       Both:     16.55 MB used.

Virtual space:
  Non-class space:       64.00 MB reserved,      14.75 MB ( 23%) committed,  1 nodes.
      Class space:        1.00 GB reserved,       2.00 MB ( <1%) committed,  1 nodes.
             Both:        1.06 GB reserved,      16.75 MB (  2%) committed. 

Chunk freelists:
   Non-Class:  864.00 KB
       Class:  13.83 MB
        Both:  14.67 MB

MaxMetaspaceSize: unlimited
CompressedClassSpaceSize: 1.00 GB
Initial GC threshold: 21.00 MB
Current GC threshold: 21.00 MB
CDS: on
MetaspaceReclaimPolicy: balanced
 - commit_granule_bytes: 65536.
 - commit_granule_words: 8192.
 - virtual_space_node_default_size: 8388608.
 - enlarge_chunks_in_place: 1.
 - new_chunks_are_fully_committed: 0.
 - uncommit_free_chunks: 1.
 - use_allocation_guard: 0.
 - handle_deallocations: 1.


Internal statistics:

num_allocs_failed_limit: 0.
num_arena_births: 116.
num_arena_deaths: 0.
num_vsnodes_births: 2.
num_vsnodes_deaths: 0.
num_space_committed: 268.
num_space_uncommitted: 0.
num_chunks_returned_to_freelist: 0.
num_chunks_taken_from_freelist: 714.
num_chunk_merges: 0.
num_chunk_splits: 477.
num_chunks_enlarged: 386.
num_inconsistent_stats: 0.

CodeHeap 'non-profiled nmethods': size=120000Kb used=1771Kb max_used=1771Kb free=118228Kb
 bounds [0x000001b39db60000, 0x000001b39ddd0000, 0x000001b3a5090000]
CodeHeap 'profiled nmethods': size=120000Kb used=8609Kb max_used=8609Kb free=111390Kb
 bounds [0x000001b396090000, 0x000001b396900000, 0x000001b39d5c0000]
CodeHeap 'non-nmethods': size=5760Kb used=1182Kb max_used=1254Kb free=4578Kb
 bounds [0x000001b39d5c0000, 0x000001b39d830000, 0x000001b39db60000]
 total_blobs=4660 nmethods=4186 adapters=386
 compilation: enabled
              stopped_count=0, restarted_count=0
 full_count=0

Compilation events (20 events):
Event: 9.936 Thread 0x000001b3aa1dec20 nmethod 3946 0x000001b39dd07910 code [0x000001b39dd07e20, 0x000001b39dd11938]
Event: 9.938 Thread 0x000001b3aa1dec20 4032       4       java.util.regex.Pattern$CharPropertyGreedy::match (160 bytes)
Event: 9.986 Thread 0x000001b3aa1dec20 nmethod 4032 0x000001b39dd17410 code [0x000001b39dd17640, 0x000001b39dd185f8]
Event: 9.987 Thread 0x000001b3aa1dec20 4142       4       java.lang.String::indexOf (7 bytes)
Event: 9.989 Thread 0x000001b3aa1dec20 nmethod 4142 0x000001b39dd19210 code [0x000001b39dd193a0, 0x000001b39dd19588]
Event: 9.989 Thread 0x000001b3aa1dec20 4089   !   4       java.nio.charset.CharsetDecoder::decode (275 bytes)
Event: 9.994 Thread 0x000001b3aa1dec20 nmethod 4089 0x000001b39dd19710 code [0x000001b39dd198c0, 0x000001b39dd19b08]
Event: 9.994 Thread 0x000001b3aa1dec20 4006       4       java.util.HashMap::containsKey (14 bytes)
Event: 10.002 Thread 0x000001b3aa1dec20 nmethod 4006 0x000001b39dd19e10 code [0x000001b39dd19fa0, 0x000001b39dd1a278]
Event: 10.002 Thread 0x000001b3aa1dec20 4146       4       java.lang.String::lastIndexOf (12 bytes)
Event: 10.006 Thread 0x000001b3aa1dec20 nmethod 4146 0x000001b39dd1a490 code [0x000001b39dd1a620, 0x000001b39dd1a778]
Event: 10.006 Thread 0x000001b3aa1dec20 4001       4       java.util.IdentityHashMap::get (60 bytes)
Event: 10.008 Thread 0x000001b3aa1df5e0 4201       3       java.util.Hashtable::rehash (142 bytes)
Event: 10.009 Thread 0x000001b3aa1df5e0 nmethod 4201 0x000001b3968f2090 code [0x000001b3968f22a0, 0x000001b3968f29a8]
Event: 10.011 Thread 0x000001b3aa1dec20 nmethod 4001 0x000001b39dd1a910 code [0x000001b39dd1aaa0, 0x000001b39dd1ac88]
Event: 10.011 Thread 0x000001b3aa1df5e0 4202       3       org.codehaus.plexus.classworlds.realm.Entry::matches (282 bytes)
Event: 10.011 Thread 0x000001b3aa1dec20 3956       4       java.util.concurrent.ConcurrentHashMap::putAll (63 bytes)
Event: 10.018 Thread 0x000001b3aa1df5e0 nmethod 4202 0x000001b3968f2c10 code [0x000001b3968f3320, 0x000001b3968f6f38]
Event: 10.052 Thread 0x000001b3aa1df5e0 4203  s    3       java.io.ByteArrayOutputStream::reset (6 bytes)
Event: 10.052 Thread 0x000001b3aa1df5e0 nmethod 4203 0x000001b3968f8310 code [0x000001b3968f84a0, 0x000001b3968f8658]

GC Heap History (13 events):
Event: 1.231 GC heap before
{Heap before GC invocations=0 (full 0):
 garbage-first heap   total 65536K, used 13312K [0x00000000c1400000, 0x0000000100000000)
  region size 1024K, 13 young (13312K), 0 survivors (0K)
 Metaspace       used 3473K, committed 3584K, reserved 1114112K
  class space    used 362K, committed 384K, reserved 1048576K
}
Event: 1.256 GC heap after
{Heap after GC invocations=1 (full 0):
 garbage-first heap   total 65536K, used 3520K [0x00000000c1400000, 0x0000000100000000)
  region size 1024K, 2 young (2048K), 2 survivors (2048K)
 Metaspace       used 3473K, committed 3584K, reserved 1114112K
  class space    used 362K, committed 384K, reserved 1048576K
}
Event: 1.859 GC heap before
{Heap before GC invocations=1 (full 0):
 garbage-first heap   total 65536K, used 14784K [0x00000000c1400000, 0x0000000100000000)
  region size 1024K, 13 young (13312K), 2 survivors (2048K)
 Metaspace       used 5547K, committed 5760K, reserved 1114112K
  class space    used 661K, committed 768K, reserved 1048576K
}
Event: 1.866 GC heap after
{Heap after GC invocations=2 (full 0):
 garbage-first heap   total 65536K, used 4394K [0x00000000c1400000, 0x0000000100000000)
  region size 1024K, 1 young (1024K), 1 survivors (1024K)
 Metaspace       used 5547K, committed 5760K, reserved 1114112K
  class space    used 661K, committed 768K, reserved 1048576K
}
Event: 3.098 GC heap before
{Heap before GC invocations=2 (full 0):
 garbage-first heap   total 65536K, used 28970K [0x00000000c1400000, 0x0000000100000000)
  region size 1024K, 26 young (26624K), 1 survivors (1024K)
 Metaspace       used 8788K, committed 8960K, reserved 1114112K
  class space    used 1047K, committed 1152K, reserved 1048576K
}
Event: 3.106 GC heap after
{Heap after GC invocations=3 (full 0):
 garbage-first heap   total 65536K, used 5535K [0x00000000c1400000, 0x0000000100000000)
  region size 1024K, 2 young (2048K), 2 survivors (2048K)
 Metaspace       used 8788K, committed 8960K, reserved 1114112K
  class space    used 1047K, committed 1152K, reserved 1048576K
}
Event: 6.135 GC heap before
{Heap before GC invocations=3 (full 0):
 garbage-first heap   total 65536K, used 39327K [0x00000000c1400000, 0x0000000100000000)
  region size 1024K, 35 young (35840K), 2 survivors (2048K)
 Metaspace       used 14764K, committed 15040K, reserved 1114112K
  class space    used 1791K, committed 1920K, reserved 1048576K
}
Event: 6.157 GC heap after
{Heap after GC invocations=4 (full 0):
 garbage-first heap   total 65536K, used 9255K [0x00000000c1400000, 0x0000000100000000)
  region size 1024K, 5 young (5120K), 5 survivors (5120K)
 Metaspace       used 14764K, committed 15040K, reserved 1114112K
  class space    used 1791K, committed 1920K, reserved 1048576K
}
Event: 7.809 GC heap before
{Heap before GC invocations=4 (full 0):
 garbage-first heap   total 65536K, used 42023K [0x00000000c1400000, 0x0000000100000000)
  region size 1024K, 37 young (37888K), 5 survivors (5120K)
 Metaspace       used 15645K, committed 15872K, reserved 1114112K
  class space    used 1857K, committed 1920K, reserved 1048576K
}
Event: 7.841 GC heap after
{Heap after GC invocations=5 (full 0):
 garbage-first heap   total 65536K, used 13464K [0x00000000c1400000, 0x0000000100000000)
  region size 1024K, 5 young (5120K), 5 survivors (5120K)
 Metaspace       used 15645K, committed 15872K, reserved 1114112K
  class space    used 1857K, committed 1920K, reserved 1048576K
}
Event: 9.442 GC heap before
{Heap before GC invocations=5 (full 0):
 garbage-first heap   total 65536K, used 44184K [0x00000000c1400000, 0x0000000100000000)
  region size 1024K, 35 young (35840K), 5 survivors (5120K)
 Metaspace       used 16064K, committed 16320K, reserved 1114112K
  class space    used 1874K, committed 1984K, reserved 1048576K
}
Event: 9.465 GC heap after
{Heap after GC invocations=6 (full 0):
 garbage-first heap   total 65536K, used 15786K [0x00000000c1400000, 0x0000000100000000)
  region size 1024K, 3 young (3072K), 3 survivors (3072K)
 Metaspace       used 16064K, committed 16320K, reserved 1114112K
  class space    used 1874K, committed 1984K, reserved 1048576K
}
Event: 10.081 GC heap before
{Heap before GC invocations=6 (full 0):
 garbage-first heap   total 65536K, used 36266K [0x00000000c1400000, 0x0000000100000000)
  region size 1024K, 16 young (16384K), 3 survivors (3072K)
 Metaspace       used 16950K, committed 17152K, reserved 1114112K
  class space    used 1975K, committed 2048K, reserved 1048576K
}

Deoptimization events (20 events):
Event: 9.793 Thread 0x000001b38cfe9b70 DEOPT PACKING pc=0x000001b3960f6f4b sp=0x000000233e8fc480
Event: 9.793 Thread 0x000001b38cfe9b70 DEOPT UNPACKING pc=0x000001b39d612b43 sp=0x000000233e8fb9a0 mode 0
Event: 9.810 Thread 0x000001b38cfe9b70 Uncommon trap: trap_request=0xffffffc6 fr.pc=0x000001b39dc3b72c relative=0x000000000000008c
Event: 9.810 Thread 0x000001b38cfe9b70 Uncommon trap: reason=bimorphic_or_optimized_type_check action=maybe_recompile pc=0x000001b39dc3b72c method=com.google.inject.internal.LinkedBindingImpl.acceptTargetVisitor(Lcom/google/inject/spi/BindingTargetVisitor;)Ljava/lang/Object; @ 2 c2
Event: 9.810 Thread 0x000001b38cfe9b70 DEOPT PACKING pc=0x000001b39dc3b72c sp=0x000000233e8fce40
Event: 9.810 Thread 0x000001b38cfe9b70 DEOPT UNPACKING pc=0x000001b39d6123a3 sp=0x000000233e8fcdc8 mode 2
Event: 9.810 Thread 0x000001b38cfe9b70 Uncommon trap: trap_request=0xffffffc6 fr.pc=0x000001b39dc3b72c relative=0x000000000000008c
Event: 9.810 Thread 0x000001b38cfe9b70 Uncommon trap: reason=bimorphic_or_optimized_type_check action=maybe_recompile pc=0x000001b39dc3b72c method=com.google.inject.internal.LinkedBindingImpl.acceptTargetVisitor(Lcom/google/inject/spi/BindingTargetVisitor;)Ljava/lang/Object; @ 2 c2
Event: 9.810 Thread 0x000001b38cfe9b70 DEOPT PACKING pc=0x000001b39dc3b72c sp=0x000000233e8fce40
Event: 9.810 Thread 0x000001b38cfe9b70 DEOPT UNPACKING pc=0x000001b39d6123a3 sp=0x000000233e8fcdc8 mode 2
Event: 9.824 Thread 0x000001b38cfe9b70 Uncommon trap: trap_request=0xffffffc6 fr.pc=0x000001b39dc3b72c relative=0x000000000000008c
Event: 9.824 Thread 0x000001b38cfe9b70 Uncommon trap: reason=bimorphic_or_optimized_type_check action=maybe_recompile pc=0x000001b39dc3b72c method=com.google.inject.internal.LinkedBindingImpl.acceptTargetVisitor(Lcom/google/inject/spi/BindingTargetVisitor;)Ljava/lang/Object; @ 2 c2
Event: 9.824 Thread 0x000001b38cfe9b70 DEOPT PACKING pc=0x000001b39dc3b72c sp=0x000000233e8fce40
Event: 9.824 Thread 0x000001b38cfe9b70 DEOPT UNPACKING pc=0x000001b39d6123a3 sp=0x000000233e8fcdc8 mode 2
Event: 9.830 Thread 0x000001b38cfe9b70 Uncommon trap: trap_request=0xffffffc6 fr.pc=0x000001b39dc3b72c relative=0x000000000000008c
Event: 9.830 Thread 0x000001b38cfe9b70 Uncommon trap: reason=bimorphic_or_optimized_type_check action=maybe_recompile pc=0x000001b39dc3b72c method=com.google.inject.internal.LinkedBindingImpl.acceptTargetVisitor(Lcom/google/inject/spi/BindingTargetVisitor;)Ljava/lang/Object; @ 2 c2
Event: 9.830 Thread 0x000001b38cfe9b70 DEOPT PACKING pc=0x000001b39dc3b72c sp=0x000000233e8fce40
Event: 9.830 Thread 0x000001b38cfe9b70 DEOPT UNPACKING pc=0x000001b39d6123a3 sp=0x000000233e8fcdc8 mode 2
Event: 10.066 Thread 0x000001b38cfe9b70 DEOPT PACKING pc=0x000001b3968d9d10 sp=0x000000233e8fc770
Event: 10.066 Thread 0x000001b38cfe9b70 DEOPT UNPACKING pc=0x000001b39d612b43 sp=0x000000233e8fbc88 mode 0

Classes unloaded (0 events):
No events

Classes redefined (0 events):
No events

Internal exceptions (20 events):
Event: 7.373 Thread 0x000001b38cfe9b70 Exception <a 'java/io/IOException'{0x00000000c3e30de8}> (0x00000000c3e30de8) 
thrown [s\open\src\hotspot\share\prims\jni.cpp, line 516]
Event: 7.373 Thread 0x000001b38cfe9b70 Exception <a 'java/io/IOException'{0x00000000c3e313d8}> (0x00000000c3e313d8) 
thrown [s\open\src\hotspot\share\prims\jni.cpp, line 516]
Event: 7.373 Thread 0x000001b38cfe9b70 Exception <a 'java/io/IOException'{0x00000000c3e31990}> (0x00000000c3e31990) 
thrown [s\open\src\hotspot\share\prims\jni.cpp, line 516]
Event: 7.373 Thread 0x000001b38cfe9b70 Exception <a 'java/io/IOException'{0x00000000c3e31f48}> (0x00000000c3e31f48) 
thrown [s\open\src\hotspot\share\prims\jni.cpp, line 516]
Event: 9.161 Thread 0x000001b38cfe9b70 Implicit null exception at 0x000001b39dc03b8f to 0x000001b39dc03c09
Event: 9.490 Thread 0x000001b38cfe9b70 Exception <a 'java/io/IOException'{0x00000000c53461b0}> (0x00000000c53461b0) 
thrown [s\open\src\hotspot\share\prims\jni.cpp, line 516]
Event: 9.490 Thread 0x000001b38cfe9b70 Exception <a 'java/io/IOException'{0x00000000c53467a0}> (0x00000000c53467a0) 
thrown [s\open\src\hotspot\share\prims\jni.cpp, line 516]
Event: 9.490 Thread 0x000001b38cfe9b70 Exception <a 'java/io/IOException'{0x00000000c5346d58}> (0x00000000c5346d58) 
thrown [s\open\src\hotspot\share\prims\jni.cpp, line 516]
Event: 9.490 Thread 0x000001b38cfe9b70 Exception <a 'java/io/IOException'{0x00000000c5347310}> (0x00000000c5347310) 
thrown [s\open\src\hotspot\share\prims\jni.cpp, line 516]
Event: 9.491 Thread 0x000001b38cfe9b70 Exception <a 'java/io/IOException'{0x00000000c53487a8}> (0x00000000c53487a8) 
thrown [s\open\src\hotspot\share\prims\jni.cpp, line 516]
Event: 9.491 Thread 0x000001b38cfe9b70 Exception <a 'java/io/IOException'{0x00000000c5348d98}> (0x00000000c5348d98) 
thrown [s\open\src\hotspot\share\prims\jni.cpp, line 516]
Event: 9.491 Thread 0x000001b38cfe9b70 Exception <a 'java/io/IOException'{0x00000000c5349350}> (0x00000000c5349350) 
thrown [s\open\src\hotspot\share\prims\jni.cpp, line 516]
Event: 9.491 Thread 0x000001b38cfe9b70 Exception <a 'java/io/IOException'{0x00000000c5349908}> (0x00000000c5349908) 
thrown [s\open\src\hotspot\share\prims\jni.cpp, line 516]
Event: 9.496 Thread 0x000001b38cfe9b70 Exception <a 'java/lang/NoSuchMethodError'{0x00000000c535b8e0}: 'java.lang.Object java.lang.invoke.DirectMethodHandle$Holder.newInvokeSpecial(java.lang.Object, java.lang.Object, java.lang.Object, java.lang.Object, java.lang.Object, java.lang.Object, java.lang.Object)'> (0x00000000c535b8e0) 
thrown [s\open\src\hotspot\share\interpreter\linkResolver.cpp, line 759]
Event: 9.496 Thread 0x000001b38cfe9b70 Exception <a 'java/lang/NoSuchMethodError'{0x00000000c53601f0}: 'java.lang.Object java.lang.invoke.Invokers$Holder.linkToTargetMethod(java.lang.Object, java.lang.Object, java.lang.Object, java.lang.Object, java.lang.Object, java.lang.Object, java.lang.Object)'> (0x00000000c53601f0) 
thrown [s\open\src\hotspot\share\interpreter\linkResolver.cpp, line 759]
Event: 9.888 Thread 0x000001b38cfe9b70 Exception <a 'java/lang/NoSuchMethodError'{0x00000000c4965128}: 'int java.lang.invoke.DirectMethodHandle$Holder.invokeVirtual(java.lang.Object, java.lang.Object)'> (0x00000000c4965128) 
thrown [s\open\src\hotspot\share\interpreter\linkResolver.cpp, line 759]
Event: 10.050 Thread 0x000001b38cfe9b70 Exception <a 'java/io/IOException'{0x00000000c4761690}> (0x00000000c4761690) 
thrown [s\open\src\hotspot\share\prims\jni.cpp, line 516]
Event: 10.051 Thread 0x000001b38cfe9b70 Exception <a 'java/io/IOException'{0x00000000c4761c80}> (0x00000000c4761c80) 
thrown [s\open\src\hotspot\share\prims\jni.cpp, line 516]
Event: 10.051 Thread 0x000001b38cfe9b70 Exception <a 'java/io/IOException'{0x00000000c4762238}> (0x00000000c4762238) 
thrown [s\open\src\hotspot\share\prims\jni.cpp, line 516]
Event: 10.051 Thread 0x000001b38cfe9b70 Exception <a 'java/io/IOException'{0x00000000c47627f0}> (0x00000000c47627f0) 
thrown [s\open\src\hotspot\share\prims\jni.cpp, line 516]

VM Operations (20 events):
Event: 5.230 Executing VM operation: HandshakeAllThreads done
Event: 5.538 Executing VM operation: HandshakeAllThreads
Event: 5.538 Executing VM operation: HandshakeAllThreads done
Event: 5.540 Executing VM operation: HandshakeAllThreads
Event: 5.540 Executing VM operation: HandshakeAllThreads done
Event: 6.134 Executing VM operation: G1CollectForAllocation
Event: 6.157 Executing VM operation: G1CollectForAllocation done
Event: 7.137 Executing VM operation: ICBufferFull
Event: 7.137 Executing VM operation: ICBufferFull done
Event: 7.447 Executing VM operation: HandshakeAllThreads
Event: 7.447 Executing VM operation: HandshakeAllThreads done
Event: 7.498 Executing VM operation: ICBufferFull
Event: 7.498 Executing VM operation: ICBufferFull done
Event: 7.809 Executing VM operation: G1CollectForAllocation
Event: 7.841 Executing VM operation: G1CollectForAllocation done
Event: 8.841 Executing VM operation: Cleanup
Event: 8.842 Executing VM operation: Cleanup done
Event: 9.442 Executing VM operation: G1CollectForAllocation
Event: 9.465 Executing VM operation: G1CollectForAllocation done
Event: 10.081 Executing VM operation: G1TryInitiateConcMark

Events (20 events):
Event: 9.071 loading class sun/nio/cs/ISO_8859_1$Decoder
Event: 9.072 loading class sun/nio/cs/ISO_8859_1$Decoder done
Event: 9.811 loading class org/w3c/dom/Node
Event: 9.812 loading class org/w3c/dom/Node done
Event: 9.812 loading class javax/xml/parsers/ParserConfigurationException
Event: 9.812 loading class javax/xml/parsers/ParserConfigurationException done
Event: 9.812 loading class org/xml/sax/SAXException
Event: 9.813 loading class org/xml/sax/SAXException done
Event: 9.813 loading class org/w3c/dom/Document
Event: 9.814 loading class org/w3c/dom/Document done
Event: 9.814 loading class org/w3c/dom/Element
Event: 9.814 loading class org/w3c/dom/Element done
Event: 9.916 loading class java/net/URISyntaxException
Event: 9.917 loading class java/net/URISyntaxException done
Event: 9.944 loading class jdk/internal/reflect/UnsafeBooleanFieldAccessorImpl
Event: 9.992 loading class jdk/internal/reflect/UnsafeBooleanFieldAccessorImpl done
Event: 10.056 loading class java/nio/file/NoSuchFileException
Event: 10.057 loading class java/nio/file/NoSuchFileException done
Event: 10.071 loading class sun/nio/cs/UTF_8$Encoder
Event: 10.072 loading class sun/nio/cs/UTF_8$Encoder done


Dynamic libraries:
0x00007ff6821b0000 - 0x00007ff6821c0000 	C:\Program Files\Java\jdk-17\bin\java.exe
0x00007ffd054b0000 - 0x00007ffd056a8000 	C:\WINDOWS\SYSTEM32\ntdll.dll
0x00007ffd03810000 - 0x00007ffd038d1000 	C:\WINDOWS\System32\KERNEL32.DLL
0x00007ffd02eb0000 - 0x00007ffd031a6000 	C:\WINDOWS\System32\KERNELBASE.dll
0x00007ffd02db0000 - 0x00007ffd02eb0000 	C:\WINDOWS\System32\ucrtbase.dll
0x00007ffcf1c60000 - 0x00007ffcf1c7b000 	C:\Program Files\Java\jdk-17\bin\VCRUNTIME140.dll
0x00007ffcfe690000 - 0x00007ffcfe6a9000 	C:\Program Files\Java\jdk-17\bin\jli.dll
0x00007ffd040c0000 - 0x00007ffd04170000 	C:\WINDOWS\System32\ADVAPI32.dll
0x00007ffd03560000 - 0x00007ffd035fe000 	C:\WINDOWS\System32\msvcrt.dll
0x00007ffd04b10000 - 0x00007ffd04bb0000 	C:\WINDOWS\System32\sechost.dll
0x00007ffd05230000 - 0x00007ffd05353000 	C:\WINDOWS\System32\RPCRT4.dll
0x00007ffd03270000 - 0x00007ffd03297000 	C:\WINDOWS\System32\bcrypt.dll
0x00007ffd03610000 - 0x00007ffd037af000 	C:\WINDOWS\System32\USER32.dll
0x00007ffd031b0000 - 0x00007ffd031d2000 	C:\WINDOWS\System32\win32u.dll
0x00007ffcede30000 - 0x00007ffcee0ca000 	C:\WINDOWS\WinSxS\amd64_microsoft.windows.common-controls_6595b64144ccf1df_6.0.19041.4355_none_60b8b9eb71f62e16\COMCTL32.dll
0x00007ffd04210000 - 0x00007ffd0423b000 	C:\WINDOWS\System32\GDI32.dll
0x00007ffd03390000 - 0x00007ffd034a7000 	C:\WINDOWS\System32\gdi32full.dll
0x00007ffd032f0000 - 0x00007ffd0338d000 	C:\WINDOWS\System32\msvcp_win.dll
0x00007ffcfd040000 - 0x00007ffcfd04a000 	C:\WINDOWS\SYSTEM32\VERSION.dll
0x00007ffd05410000 - 0x00007ffd0543f000 	C:\WINDOWS\System32\IMM32.DLL
0x00007ffcffd50000 - 0x00007ffcffd5c000 	C:\Program Files\Java\jdk-17\bin\vcruntime140_1.dll
0x00007ffcd1c10000 - 0x00007ffcd1c9e000 	C:\Program Files\Java\jdk-17\bin\msvcp140.dll
0x00007ffcc6510000 - 0x00007ffcc70f0000 	C:\Program Files\Java\jdk-17\bin\server\jvm.dll
0x00007ffd04b00000 - 0x00007ffd04b08000 	C:\WINDOWS\System32\PSAPI.DLL
0x00007ffceb0a0000 - 0x00007ffceb0a9000 	C:\WINDOWS\SYSTEM32\WSOCK32.dll
0x00007ffcdfe10000 - 0x00007ffcdfe37000 	C:\WINDOWS\SYSTEM32\WINMM.dll
0x00007ffd04890000 - 0x00007ffd048fb000 	C:\WINDOWS\System32\WS2_32.dll
0x00007ffd00970000 - 0x00007ffd00982000 	C:\WINDOWS\SYSTEM32\kernel.appcore.dll
0x00007ffcf9e00000 - 0x00007ffcf9e0a000 	C:\Program Files\Java\jdk-17\bin\jimage.dll
0x00007ffce4470000 - 0x00007ffce4654000 	C:\WINDOWS\SYSTEM32\DBGHELP.DLL
0x00007ffce4430000 - 0x00007ffce4464000 	C:\WINDOWS\SYSTEM32\dbgcore.DLL
0x00007ffd031e0000 - 0x00007ffd03262000 	C:\WINDOWS\System32\bcryptPrimitives.dll
0x00007ffce7550000 - 0x00007ffce7575000 	C:\Program Files\Java\jdk-17\bin\java.dll
0x00007ffcd1b30000 - 0x00007ffcd1c07000 	C:\Program Files\Java\jdk-17\bin\jsvml.dll
0x00007ffd03950000 - 0x00007ffd040bc000 	C:\WINDOWS\System32\SHELL32.dll
0x00007ffd00b70000 - 0x00007ffd0130e000 	C:\WINDOWS\SYSTEM32\windows.storage.dll
0x00007ffd043b0000 - 0x00007ffd04703000 	C:\WINDOWS\System32\combase.dll
0x00007ffd023a0000 - 0x00007ffd023ce000 	C:\WINDOWS\SYSTEM32\Wldp.dll
0x00007ffd04a30000 - 0x00007ffd04afd000 	C:\WINDOWS\System32\OLEAUT32.dll
0x00007ffd05360000 - 0x00007ffd0540d000 	C:\WINDOWS\System32\SHCORE.dll
0x00007ffd037b0000 - 0x00007ffd03805000 	C:\WINDOWS\System32\shlwapi.dll
0x00007ffd02a60000 - 0x00007ffd02a84000 	C:\WINDOWS\SYSTEM32\profapi.dll
0x00007ffce7530000 - 0x00007ffce7549000 	C:\Program Files\Java\jdk-17\bin\net.dll
0x00007ffcfc530000 - 0x00007ffcfc63a000 	C:\WINDOWS\SYSTEM32\WINHTTP.dll
0x00007ffd02180000 - 0x00007ffd021ea000 	C:\WINDOWS\system32\mswsock.dll
0x00007ffce7510000 - 0x00007ffce7526000 	C:\Program Files\Java\jdk-17\bin\nio.dll
0x00007ffce46a0000 - 0x00007ffce46b8000 	C:\Program Files\Java\jdk-17\bin\zip.dll
0x00007ffce1d30000 - 0x00007ffce1d54000 	C:\Users\ERIN_JAVALead\.m2\wrapper\dists\apache-maven-3.9.7\2a4cb831\lib\jansi-native\Windows\x86_64\jansi.dll
0x00007ffcf1c50000 - 0x00007ffcf1c60000 	C:\Program Files\Java\jdk-17\bin\verify.dll

dbghelp: loaded successfully - version: 4.0.5 - missing functions: none
symbol engine: initialized successfully - sym options: 0x614 - pdb path: .;C:\Program Files\Java\jdk-17\bin;C:\WINDOWS\SYSTEM32;C:\WINDOWS\WinSxS\amd64_microsoft.windows.common-controls_6595b64144ccf1df_6.0.19041.4355_none_60b8b9eb71f62e16;C:\Program Files\Java\jdk-17\bin\server;C:\Users\ERIN_JAVALead\.m2\wrapper\dists\apache-maven-3.9.7\2a4cb831\lib\jansi-native\Windows\x86_64

VM Arguments:
jvm_args: -Dclassworlds.conf=C:/Users/ERIN_JAVALead/.m2/wrapper/dists/apache-maven-3.9.7/2a4cb831/bin/m2.conf -Dmaven.home=C:/Users/ERIN_JAVALead/.m2/wrapper/dists/apache-maven-3.9.7/2a4cb831 -Dlibrary.jansi.path=C:/Users/ERIN_JAVALead/.m2/wrapper/dists/apache-maven-3.9.7/2a4cb831/lib/jansi-native -Dmaven.multiModuleProjectDirectory=C:/Users/ERIN_JAVALead/Downloads/hotelallocation/hotelallocation 
java_command: org.codehaus.plexus.classworlds.launcher.Launcher spring-boot:run
java_class_path (initial): C:/Users/ERIN_JAVALead/.m2/wrapper/dists/apache-maven-3.9.7/2a4cb831/boot/plexus-classworlds-2.8.0.jar
Launcher Type: SUN_STANDARD

[Global flags]
     intx CICompilerCount                          = 3                                         {product} {ergonomic}
     uint ConcGCThreads                            = 1                                         {product} {ergonomic}
     uint G1ConcRefinementThreads                  = 4                                         {product} {ergonomic}
   size_t G1HeapRegionSize                         = 1048576                                   {product} {ergonomic}
    uintx GCDrainStackTargetSize                   = 64                                        {product} {ergonomic}
   size_t InitialHeapSize                          = 67108864                                  {product} {ergonomic}
   size_t MarkStackSize                            = 4194304                                   {product} {ergonomic}
   size_t MaxHeapSize                              = 1052770304                                {product} {ergonomic}
   size_t MaxNewSize                               = 631242752                                 {product} {ergonomic}
   size_t MinHeapDeltaBytes                        = 1048576                                   {product} {ergonomic}
   size_t MinHeapSize                              = 8388608                                   {product} {ergonomic}
    uintx NonNMethodCodeHeapSize                   = 5832780                                {pd product} {ergonomic}
    uintx NonProfiledCodeHeapSize                  = 122912730                              {pd product} {ergonomic}
    uintx ProfiledCodeHeapSize                     = 122912730                              {pd product} {ergonomic}
    uintx ReservedCodeCacheSize                    = 251658240                              {pd product} {ergonomic}
     bool SegmentedCodeCache                       = true                                      {product} {ergonomic}
   size_t SoftMaxHeapSize                          = 1052770304                             {manageable} {ergonomic}
     bool UseCompressedClassPointers               = true                           {product lp64_product} {ergonomic}
     bool UseCompressedOops                        = true                           {product lp64_product} {ergonomic}
     bool UseG1GC                                  = true                                      {product} {ergonomic}
     bool UseLargePagesIndividualAllocation        = false                                  {pd product} {ergonomic}

Logging:
Log output configuration:
 #0: stdout all=warning uptime,level,tags
 #1: stderr all=off uptime,level,tags

Environment Variables:
JAVA_HOME=C:/Program Files/Java/jdk-17
PATH=C:\Users\ERIN_JAVALead\bin;C:\Program Files\Git\mingw64\bin;C:\Program Files\Git\usr\local\bin;C:\Program Files\Git\usr\bin;C:\Program Files\Git\usr\bin;C:\Program Files\Git\mingw64\bin;C:\Program Files\Git\usr\bin;C:\Users\ERIN_JAVALead\bin;C:\Program Files (x86)\Common Files\Oracle\Java\javapath;C:\WINDOWS\system32;C:\WINDOWS;C:\WINDOWS\System32\Wbem;C:\WINDOWS\System32\WindowsPowerShell\v1.0;C:\WINDOWS\System32\OpenSSH;C:\Program Files (x86)\nodejs;C:\Program Files (x86)\nodejs\npm;C:\Users\ERIN_JAVALead\AppData\Roaming\npm;C:\Program Files\Git\cmd;C:\Program Files (x86)\dotnet;C:\Program Files (x86)\Microsoft SQL Server\160\DTS\Binn;C:\Program Files\Azure Data Studio\bin;C:\Program Files (x86)\Microsoft SQL Server\160\Tools\Binn;C:\Program Files\Microsoft SQL Server\160\Tools\Binn;C:\Program Files\Microsoft SQL Server\Client SDK\ODBC\170\Tools\Binn;C:\Program Files\Microsoft SQL Server\160\DTS\Binn;C:\Program Files\Java\jdk1.8.0_202\bin;C:\Program Files\Java\jdk1.8.0_202\jre\bin;C:\kafkasrc\bin\windows;C:\Program Files\Docker\Docker\resources\bin;C:\Program Files\Docker\Docker;C:\Users\ERIN_JAVALead\AppData\Local\Microsoft\WindowsApps;C:\Users\ERIN_JAVALead\AppData\Local\Programs\Microsoft VS Code\bin;C:\Users\ERIN_JAVALead\AppData\Roaming\npm;C:\Program Files\Azure Data Studio\bin;C:\Program Files\Git\usr\bin\vendor_perl;C:\Program Files\Git\usr\bin\core_perl
USERNAME=ERIN_JAVALead
SHELL=C:\Program Files\Git\usr\bin\bash.exe
DISPLAY=needs-to-be-defined
LC_CTYPE=en_US.UTF-8
OS=Windows_NT
PROCESSOR_IDENTIFIER=Intel64 Family 6 Model 78 Stepping 3, GenuineIntel



---------------  S Y S T E M  ---------------

OS:
 Windows 10 , 64 bit Build 19041 (10.0.19041.4597)
OS uptime: 0 days 1:03 hours
Hyper-V role detected

CPU: total 4 (initial active 4) (2 cores per cpu, 2 threads per core) family 6 model 78 stepping 3 microcode 0xcc, cx8, cmov, fxsr, ht, mmx, 3dnowpref, sse, sse2, sse3, ssse3, sse4.1, sse4.2, popcnt, lzcnt, tsc, tscinvbit, avx, avx2, aes, erms, clmul, bmi1, bmi2, adx, fma, vzeroupper, clflush, clflushopt, hv

Memory: 4k page, system-wide physical 4012M (264M free)
TotalPageFile size 6060M (AvailPageFile size 6M)
current process WorkingSet (physical memory assigned to process): 149M, peak: 149M
current process commit charge ("private bytes"): 185M, peak: 198M

vm_info: Java HotSpot(TM) 64-Bit Server VM (17.0.11+7-LTS-207) for windows-amd64 JRE (17.0.11+7-LTS-207), built on Mar 11 2024 19:01:50 by "mach5one" with MS VC++ 17.6 (VS2022)

END.
