#
# There is insufficient memory for the Java Runtime Environment to continue.
# Native memory allocation (malloc) failed to allocate 1020896 bytes for Chunk::new
# Possible reasons:
#   The system is out of physical RAM or swap space
#   The process is running with CompressedOops enabled, and the Java Heap may be blocking the growth of the native heap
# Possible solutions:
#   Reduce memory load on the system
#   Increase physical memory or swap space
#   Check if swap backing store is full
#   Decrease Java heap size (-Xmx/-Xms)
#   Decrease number of Java threads
#   Decrease Java thread stack sizes (-Xss)
#   Set larger code cache with -XX:ReservedCodeCacheSize=
#   JVM is running with Unscaled Compressed Oops mode in which the Java heap is
#     placed in the first 4GB address space. The Java Heap base address is the
#     maximum limit for the native heap growth. Please use -XX:HeapBaseMinAddress
#     to set the Java Heap base and to place the Java Heap above 4GB virtual address.
# This output file may be truncated or incomplete.
#
#  Out of Memory Error (arena.cpp:184), pid=5128, tid=13880
#
# JRE version: OpenJDK Runtime Environment Corretto-18.0.2.9.1 (18.0.2+9) (build 18.0.2+9-FR)
# Java VM: OpenJDK 64-Bit Server VM Corretto-18.0.2.9.1 (18.0.2+9-FR, mixed mode, sharing, tiered, compressed oops, compressed class ptrs, g1 gc, windows-amd64)
# No core dump will be written. Minidumps are not enabled by default on client versions of Windows
#

---------------  S U M M A R Y ------------

Command Line: -javaagent:C:\Program Files\JetBrains\IntelliJ IDEA Community Edition 2021.3.3\lib\idea_rt.jar=56524:C:\Program Files\JetBrains\IntelliJ IDEA Community Edition 2021.3.3\bin -Dfile.encoding=UTF-8 com.smart_host.hotelallocation.HotelallocationApplication

Host: Intel(R) Core(TM) i3-6006U CPU @ 2.00GHz, 4 cores, 3G,  Windows 10 , 64 bit Build 19041 (10.0.19041.4597)
Time: Thu Jul 18 15:00:33 2024 W. Europe Daylight Time elapsed time: 40.178316 seconds (0d 0h 0m 40s)

---------------  T H R E A D  ---------------

Current thread (0x000001905d7f9ed0):  JavaThread "C2 CompilerThread0" daemon [_thread_in_native, id=13880, stack(0x000000299c100000,0x000000299c200000)]


Current CompileTask:
C2:  40178 4304       4       org.springframework.beans.factory.support.AbstractBeanFactory::isTypeMatch (745 bytes)

Stack: [0x000000299c100000,0x000000299c200000]
Native frames: (J=compiled Java code, j=interpreted, Vv=VM code, C=native code)
V  [jvm.dll+0x685a2a]
V  [jvm.dll+0x82ae8d]
V  [jvm.dll+0x82c75e]
V  [jvm.dll+0x82ce03]
V  [jvm.dll+0x25ef4b]
V  [jvm.dll+0xd42d2]
V  [jvm.dll+0xd4665]
V  [jvm.dll+0x2ca852]
V  [jvm.dll+0x5907bf]
V  [jvm.dll+0x23bf2a]
V  [jvm.dll+0x235650]
V  [jvm.dll+0x232e1f]
V  [jvm.dll+0x1c0a35]
V  [jvm.dll+0x24212c]
V  [jvm.dll+0x240534]
V  [jvm.dll+0x7df6db]
V  [jvm.dll+0x7d9cba]
V  [jvm.dll+0x6848a5]
C  [ucrtbase.dll+0x21bb2]
C  [KERNEL32.DLL+0x17374]
C  [ntdll.dll+0x4cc91]


---------------  P R O C E S S  ---------------

Threads class SMR info:
_java_thread_list=0x000001907e52a4e0, length=30, elements={
0x000001905d7da210, 0x000001905d7dae70, 0x000001905d7f7520, 0x000001905d7f7ec0,
0x000001905d7f8860, 0x000001905d7f9200, 0x000001905d7f9ed0, 0x0000019078d14eb0,
0x0000019078d177c0, 0x000001907d020040, 0x000001907d18f130, 0x000001907d355fd0,
0x000001907d98c4a0, 0x000001907d989950, 0x000001907d98a7c0, 0x000001907d98c970,
0x000001907d98b630, 0x000001907d98ac90, 0x000001907d98bb00, 0x000001907d98ce40,
0x000001907d98d310, 0x000001907d98a2f0, 0x000001907d98b160, 0x000001907d98bfd0,
0x0000019000ad7090, 0x0000019000ad4a10, 0x0000019000ad7560, 0x0000019000ad1520,
0x0000019000ad7a30, 0x0000019000ad6220
}

Java Threads: ( => current thread )
  0x000001905d7da210 JavaThread "Reference Handler" daemon [_thread_blocked, id=4272, stack(0x000000299bb00000,0x000000299bc00000)]
  0x000001905d7dae70 JavaThread "Finalizer" daemon [_thread_blocked, id=6808, stack(0x000000299bc00000,0x000000299bd00000)]
  0x000001905d7f7520 JavaThread "Signal Dispatcher" daemon [_thread_blocked, id=4688, stack(0x000000299bd00000,0x000000299be00000)]
  0x000001905d7f7ec0 JavaThread "Attach Listener" daemon [_thread_blocked, id=12352, stack(0x000000299be00000,0x000000299bf00000)]
  0x000001905d7f8860 JavaThread "Service Thread" daemon [_thread_blocked, id=11828, stack(0x000000299bf00000,0x000000299c000000)]
  0x000001905d7f9200 JavaThread "Monitor Deflation Thread" daemon [_thread_blocked, id=7944, stack(0x000000299c000000,0x000000299c100000)]
=>0x000001905d7f9ed0 JavaThread "C2 CompilerThread0" daemon [_thread_in_native, id=13880, stack(0x000000299c100000,0x000000299c200000)]
  0x0000019078d14eb0 JavaThread "C1 CompilerThread0" daemon [_thread_blocked, id=13064, stack(0x000000299c200000,0x000000299c300000)]
  0x0000019078d177c0 JavaThread "Sweeper thread" daemon [_thread_blocked, id=7884, stack(0x000000299c300000,0x000000299c400000)]
  0x000001907d020040 JavaThread "Common-Cleaner" daemon [_thread_blocked, id=1048, stack(0x000000299c400000,0x000000299c500000)]
  0x000001907d18f130 JavaThread "Monitor Ctrl-Break" daemon [_thread_in_native, id=4420, stack(0x000000299c700000,0x000000299c800000)]
  0x000001907d355fd0 JavaThread "Notification Thread" daemon [_thread_blocked, id=13120, stack(0x000000299c800000,0x000000299c900000)]
  0x000001907d98c4a0 JavaThread "Catalina-utility-1" [_thread_blocked, id=1496, stack(0x000000299ce00000,0x000000299cf00000)]
  0x000001907d989950 JavaThread "Catalina-utility-2" [_thread_blocked, id=12204, stack(0x000000299cf00000,0x000000299d000000)]
  0x000001907d98a7c0 JavaThread "container-0" [_thread_blocked, id=9280, stack(0x000000299d000000,0x000000299d100000)]
  0x000001907d98c970 JavaThread "File Watcher" daemon [_thread_blocked, id=13264, stack(0x000000299d100000,0x000000299d200000)]
  0x000001907d98b630 JavaThread "Live Reload Server" daemon [_thread_in_native, id=2360, stack(0x000000299d200000,0x000000299d300000)]
  0x000001907d98ac90 JavaThread "http-nio-8080-exec-1" daemon [_thread_blocked, id=3572, stack(0x000000299d300000,0x000000299d400000)]
  0x000001907d98bb00 JavaThread "http-nio-8080-exec-2" daemon [_thread_blocked, id=5240, stack(0x000000299d400000,0x000000299d500000)]
  0x000001907d98ce40 JavaThread "http-nio-8080-exec-3" daemon [_thread_blocked, id=9708, stack(0x000000299d500000,0x000000299d600000)]
  0x000001907d98d310 JavaThread "http-nio-8080-exec-4" daemon [_thread_blocked, id=2212, stack(0x000000299d600000,0x000000299d700000)]
  0x000001907d98a2f0 JavaThread "http-nio-8080-exec-5" daemon [_thread_blocked, id=13068, stack(0x000000299d700000,0x000000299d800000)]
  0x000001907d98b160 JavaThread "http-nio-8080-exec-6" daemon [_thread_blocked, id=13472, stack(0x000000299d800000,0x000000299d900000)]
  0x000001907d98bfd0 JavaThread "http-nio-8080-exec-7" daemon [_thread_blocked, id=3472, stack(0x000000299d900000,0x000000299da00000)]
  0x0000019000ad7090 JavaThread "http-nio-8080-exec-8" daemon [_thread_blocked, id=3120, stack(0x000000299da00000,0x000000299db00000)]
  0x0000019000ad4a10 JavaThread "http-nio-8080-exec-9" daemon [_thread_blocked, id=6240, stack(0x000000299db00000,0x000000299dc00000)]
  0x0000019000ad7560 JavaThread "http-nio-8080-exec-10" daemon [_thread_blocked, id=944, stack(0x000000299dc00000,0x000000299dd00000)]
  0x0000019000ad1520 JavaThread "http-nio-8080-Poller" daemon [_thread_in_native, id=13168, stack(0x000000299dd00000,0x000000299de00000)]
  0x0000019000ad7a30 JavaThread "http-nio-8080-Acceptor" daemon [_thread_in_native, id=4540, stack(0x000000299de00000,0x000000299df00000)]
  0x0000019000ad6220 JavaThread "DestroyJavaVM" [_thread_blocked, id=11072, stack(0x000000299b400000,0x000000299b500000)]

Other Threads:
  0x000001905d7d6e10 VMThread "VM Thread" [stack: 0x000000299ba00000,0x000000299bb00000] [id=2832]
  0x000001907d357570 WatcherThread "VM Periodic Task Thread" [stack: 0x000000299c900000,0x000000299ca00000] [id=11248]
  0x000001905d77e790 WorkerThread "GC Thread#0" [stack: 0x000000299b500000,0x000000299b600000] [id=13028]
  0x000001907d6d42e0 WorkerThread "GC Thread#1" [stack: 0x000000299c500000,0x000000299c600000] [id=10012]
  0x000001907d6d4c20 WorkerThread "GC Thread#2" [stack: 0x000000299c600000,0x000000299c700000] [id=10624]
  0x000001907da0bd00 WorkerThread "GC Thread#3" [stack: 0x000000299ca00000,0x000000299cb00000] [id=14028]
  0x000001905b61d620 ConcurrentGCThread "G1 Main Marker" [stack: 0x000000299b600000,0x000000299b700000] [id=1656]
  0x000001905b61de20 WorkerThread "G1 Conc#0" [stack: 0x000000299b700000,0x000000299b800000] [id=9948]
  0x000001905d7accf0 ConcurrentGCThread "G1 Refine#0" [stack: 0x000000299b800000,0x000000299b900000] [id=3416]
  0x000001907d6d4580 ConcurrentGCThread "G1 Refine#1" [stack: 0x000000299cb00000,0x000000299cc00000] [id=6380]
  0x000001905d7ad600 ConcurrentGCThread "G1 Service" [stack: 0x000000299b900000,0x000000299ba00000] [id=3260]

Threads with active compile tasks:
C2 CompilerThread0    40256 4304       4       org.springframework.beans.factory.support.AbstractBeanFactory::isTypeMatch (745 bytes)

VM state: not at safepoint (normal execution)

VM Mutex/Monitor currently owned by a thread: None

Heap address: 0x00000000c1400000, size: 1004 MB, Compressed Oops mode: 32-bit

CDS archive(s) mapped at: [0x0000000800000000-0x0000000800ba0000-0x0000000800ba0000), size 12189696, SharedBaseAddress: 0x0000000800000000, ArchiveRelocationMode: 0.
Compressed class space mapped at: 0x0000000800c00000-0x0000000840c00000, reserved size: 1073741824
Narrow klass base: 0x0000000800000000, Narrow klass shift: 0, Narrow klass range: 0x100000000

GC Precious Log:
 CardTable entry size: 512
 Card Set container configuration: InlinePtr #cards 5 size 8 Array Of Cards #cards 12 size 40 Howl #buckets 4 coarsen threshold 1843 Howl Bitmap #cards 512 size 80 coarsen threshold 460 Card regions per heap region 1 cards per card region 2048
 CPUs: 4 total, 4 available
 Memory: 4012M
 Large Page Support: Disabled
 NUMA Support: Disabled
 Compressed Oops: Enabled (32-bit)
 Heap Region Size: 1M
 Heap Min Capacity: 8M
 Heap Initial Capacity: 64M
 Heap Max Capacity: 1004M
 Pre-touch: Disabled
 Parallel Workers: 4
 Concurrent Workers: 1
 Concurrent Refinement Workers: 4
 Periodic GC: Disabled

Heap:
 garbage-first heap   total 45056K, used 29608K [0x00000000c1400000, 0x0000000100000000)
  region size 1024K, 16 young (16384K), 2 survivors (2048K)
 Metaspace       used 34898K, committed 35584K, reserved 1114112K
  class space    used 4427K, committed 4736K, reserved 1048576K

Heap Regions: E=young(eden), S=young(survivor), O=old, HS=humongous(starts), HC=humongous(continues), CS=collection set, F=free, OA=open archive, CA=closed archive, TAMS=top-at-mark-start (previous, next)
|   0|0x00000000c1400000, 0x00000000c1500000, 0x00000000c1500000|100%| O|  |TAMS 0x00000000c1500000, 0x00000000c1400000| Untracked 
|   1|0x00000000c1500000, 0x00000000c1600000, 0x00000000c1600000|100%| O|  |TAMS 0x00000000c1600000, 0x00000000c1500000| Untracked 
|   2|0x00000000c1600000, 0x00000000c1700000, 0x00000000c1700000|100%| O|  |TAMS 0x00000000c1700000, 0x00000000c1600000| Untracked 
|   3|0x00000000c1700000, 0x00000000c1800000, 0x00000000c1800000|100%| O|  |TAMS 0x00000000c1800000, 0x00000000c1700000| Untracked 
|   4|0x00000000c1800000, 0x00000000c1900000, 0x00000000c1900000|100%| O|  |TAMS 0x00000000c1900000, 0x00000000c1800000| Untracked 
|   5|0x00000000c1900000, 0x00000000c1a00000, 0x00000000c1a00000|100%| O|  |TAMS 0x00000000c191c600, 0x00000000c1900000| Untracked 
|   6|0x00000000c1a00000, 0x00000000c1b00000, 0x00000000c1b00000|100%| O|  |TAMS 0x00000000c1a00000, 0x00000000c1a00000| Untracked 
|   7|0x00000000c1b00000, 0x00000000c1c00000, 0x00000000c1c00000|100%| O|  |TAMS 0x00000000c1b00000, 0x00000000c1b00000| Untracked 
|   8|0x00000000c1c00000, 0x00000000c1d00000, 0x00000000c1d00000|100%| O|  |TAMS 0x00000000c1c00000, 0x00000000c1c00000| Untracked 
|   9|0x00000000c1d00000, 0x00000000c1e00000, 0x00000000c1e00000|100%| O|  |TAMS 0x00000000c1d00000, 0x00000000c1d00000| Untracked 
|  10|0x00000000c1e00000, 0x00000000c1f00000, 0x00000000c1f00000|100%| O|  |TAMS 0x00000000c1e00000, 0x00000000c1e00000| Untracked 
|  11|0x00000000c1f00000, 0x00000000c2000000, 0x00000000c2000000|100%| O|  |TAMS 0x00000000c1f00000, 0x00000000c1f00000| Untracked 
|  12|0x00000000c2000000, 0x00000000c2100000, 0x00000000c2100000|100%| O|  |TAMS 0x00000000c2000000, 0x00000000c2000000| Untracked 
|  13|0x00000000c2100000, 0x00000000c2200000, 0x00000000c2200000|100%| O|  |TAMS 0x00000000c2100000, 0x00000000c2100000| Untracked 
|  14|0x00000000c2200000, 0x00000000c22ed800, 0x00000000c2300000| 92%| O|  |TAMS 0x00000000c2200000, 0x00000000c2200000| Untracked 
|  15|0x00000000c2300000, 0x00000000c2300000, 0x00000000c2400000|  0%| F|  |TAMS 0x00000000c2300000, 0x00000000c2300000| Untracked 
|  16|0x00000000c2400000, 0x00000000c2400000, 0x00000000c2500000|  0%| F|  |TAMS 0x00000000c2400000, 0x00000000c2400000| Untracked 
|  17|0x00000000c2500000, 0x00000000c2500000, 0x00000000c2600000|  0%| F|  |TAMS 0x00000000c2500000, 0x00000000c2500000| Untracked 
|  18|0x00000000c2600000, 0x00000000c2600000, 0x00000000c2700000|  0%| F|  |TAMS 0x00000000c2600000, 0x00000000c2600000| Untracked 
|  19|0x00000000c2700000, 0x00000000c2700000, 0x00000000c2800000|  0%| F|  |TAMS 0x00000000c2700000, 0x00000000c2700000| Untracked 
|  20|0x00000000c2800000, 0x00000000c2800000, 0x00000000c2900000|  0%| F|  |TAMS 0x00000000c2800000, 0x00000000c2800000| Untracked 
|  21|0x00000000c2900000, 0x00000000c2900000, 0x00000000c2a00000|  0%| F|  |TAMS 0x00000000c2900000, 0x00000000c2900000| Untracked 
|  22|0x00000000c2a00000, 0x00000000c2a00000, 0x00000000c2b00000|  0%| F|  |TAMS 0x00000000c2a00000, 0x00000000c2a00000| Untracked 
|  23|0x00000000c2b00000, 0x00000000c2b00000, 0x00000000c2c00000|  0%| F|  |TAMS 0x00000000c2b00000, 0x00000000c2b00000| Untracked 
|  24|0x00000000c2c00000, 0x00000000c2c00000, 0x00000000c2d00000|  0%| F|  |TAMS 0x00000000c2c00000, 0x00000000c2c00000| Untracked 
|  25|0x00000000c2d00000, 0x00000000c2d00000, 0x00000000c2e00000|  0%| F|  |TAMS 0x00000000c2d00000, 0x00000000c2d00000| Untracked 
|  26|0x00000000c2e00000, 0x00000000c2efcad8, 0x00000000c2f00000| 98%| S|CS|TAMS 0x00000000c2e00000, 0x00000000c2e00000| Complete 
|  27|0x00000000c2f00000, 0x00000000c3000000, 0x00000000c3000000|100%| S|CS|TAMS 0x00000000c2f00000, 0x00000000c2f00000| Complete 
|  28|0x00000000c3000000, 0x00000000c3000000, 0x00000000c3100000|  0%| F|  |TAMS 0x00000000c3000000, 0x00000000c3000000| Untracked 
|  29|0x00000000c3100000, 0x00000000c3100000, 0x00000000c3200000|  0%| F|  |TAMS 0x00000000c3100000, 0x00000000c3100000| Untracked 
|  30|0x00000000c3200000, 0x00000000c3254250, 0x00000000c3300000| 32%| E|  |TAMS 0x00000000c3200000, 0x00000000c3200000| Complete 
|  31|0x00000000c3300000, 0x00000000c3400000, 0x00000000c3400000|100%| E|CS|TAMS 0x00000000c3300000, 0x00000000c3300000| Complete 
|  32|0x00000000c3400000, 0x00000000c3500000, 0x00000000c3500000|100%| E|CS|TAMS 0x00000000c3400000, 0x00000000c3400000| Complete 
|  33|0x00000000c3500000, 0x00000000c3600000, 0x00000000c3600000|100%| E|CS|TAMS 0x00000000c3500000, 0x00000000c3500000| Complete 
|  34|0x00000000c3600000, 0x00000000c3700000, 0x00000000c3700000|100%| E|CS|TAMS 0x00000000c3600000, 0x00000000c3600000| Complete 
|  35|0x00000000c3700000, 0x00000000c3800000, 0x00000000c3800000|100%| E|CS|TAMS 0x00000000c3700000, 0x00000000c3700000| Complete 
|  36|0x00000000c3800000, 0x00000000c3900000, 0x00000000c3900000|100%| E|CS|TAMS 0x00000000c3800000, 0x00000000c3800000| Complete 
|  37|0x00000000c3900000, 0x00000000c3a00000, 0x00000000c3a00000|100%| E|  |TAMS 0x00000000c3900000, 0x00000000c3900000| Complete 
|  38|0x00000000c3a00000, 0x00000000c3b00000, 0x00000000c3b00000|100%| E|CS|TAMS 0x00000000c3a00000, 0x00000000c3a00000| Complete 
|  39|0x00000000c3b00000, 0x00000000c3c00000, 0x00000000c3c00000|100%| E|CS|TAMS 0x00000000c3b00000, 0x00000000c3b00000| Complete 
|  40|0x00000000c3c00000, 0x00000000c3d00000, 0x00000000c3d00000|100%| E|CS|TAMS 0x00000000c3c00000, 0x00000000c3c00000| Complete 
|  44|0x00000000c4000000, 0x00000000c4100000, 0x00000000c4100000|100%| E|CS|TAMS 0x00000000c4000000, 0x00000000c4000000| Complete 
|  45|0x00000000c4100000, 0x00000000c4200000, 0x00000000c4200000|100%| E|CS|TAMS 0x00000000c4100000, 0x00000000c4100000| Complete 
|  63|0x00000000c5300000, 0x00000000c5400000, 0x00000000c5400000|100%| E|CS|TAMS 0x00000000c5300000, 0x00000000c5300000| Complete 

Card table byte_map: [0x0000019074500000,0x0000019074700000] _byte_map_base: 0x0000019073ef6000

Marking Bits (Prev, Next): (CMBitMap*) 0x000001905b61cfa0, (CMBitMap*) 0x000001905b61cf60
 Prev Bits: [0x00000190758b0000, 0x0000019076860000)
 Next Bits: [0x0000019074900000, 0x00000190758b0000)

Polling page: 0x000001905cf00000

Metaspace:

Usage:
  Non-class:     29.76 MB used.
      Class:      4.32 MB used.
       Both:     34.08 MB used.

Virtual space:
  Non-class space:       64.00 MB reserved,      30.13 MB ( 47%) committed,  1 nodes.
      Class space:        1.00 GB reserved,       4.63 MB ( <1%) committed,  1 nodes.
             Both:        1.06 GB reserved,      34.75 MB (  3%) committed. 

Chunk freelists:
   Non-Class:  1.86 MB
       Class:  3.32 MB
        Both:  5.18 MB

MaxMetaspaceSize: unlimited
CompressedClassSpaceSize: 1.00 GB
Initial GC threshold: 21.00 MB
Current GC threshold: 35.31 MB
CDS: on
MetaspaceReclaimPolicy: balanced
 - commit_granule_bytes: 65536.
 - commit_granule_words: 8192.
 - virtual_space_node_default_size: 8388608.
 - enlarge_chunks_in_place: 1.
 - new_chunks_are_fully_committed: 0.
 - uncommit_free_chunks: 1.
 - use_allocation_guard: 0.


Internal statistics:

num_allocs_failed_limit: 3.
num_arena_births: 952.
num_arena_deaths: 0.
num_vsnodes_births: 2.
num_vsnodes_deaths: 0.
num_space_committed: 556.
num_space_uncommitted: 0.
num_chunks_returned_to_freelist: 3.
num_chunks_taken_from_freelist: 2244.
num_chunk_merges: 3.
num_chunk_splits: 1528.
num_chunks_enlarged: 1121.
num_inconsistent_stats: 0.

CodeHeap 'non-profiled nmethods': size=120000Kb used=1906Kb max_used=1906Kb free=118094Kb
 bounds [0x000001906cdd0000, 0x000001906d040000, 0x0000019074300000]
CodeHeap 'profiled nmethods': size=120000Kb used=9690Kb max_used=9690Kb free=110309Kb
 bounds [0x00000190658a0000, 0x0000019066220000, 0x000001906cdd0000]
CodeHeap 'non-nmethods': size=5760Kb used=1258Kb max_used=1310Kb free=4501Kb
 bounds [0x0000019065300000, 0x0000019065570000, 0x00000190658a0000]
 total_blobs=4884 nmethods=4323 adapters=473
 compilation: enabled
              stopped_count=0, restarted_count=0
 full_count=0

Compilation events (20 events):
Event: 40.046 Thread 0x0000019078d14eb0 4343       1       com.fasterxml.jackson.databind.type.SimpleType::isContainerType (2 bytes)
Event: 40.046 Thread 0x0000019078d14eb0 nmethod 4343 0x000001906cfaa410 code [0x000001906cfaa5a0, 0x000001906cfaa678]
Event: 40.046 Thread 0x0000019078d14eb0 4344       3       com.fasterxml.jackson.databind.AnnotationIntrospector::_findAnnotation (6 bytes)
Event: 40.046 Thread 0x0000019078d14eb0 nmethod 4344 0x000001906620b790 code [0x000001906620b940, 0x000001906620bb28]
Event: 40.093 Thread 0x0000019078d14eb0 4348       3       java.lang.invoke.DirectMethodHandle::getFunction (53 bytes)
Event: 40.094 Thread 0x0000019078d14eb0 nmethod 4348 0x000001906620bc10 code [0x000001906620bde0, 0x000001906620c148]
Event: 40.095 Thread 0x0000019078d14eb0 4351       3       java.lang.invoke.LambdaFormBuffer::lambdaForm (41 bytes)
Event: 40.095 Thread 0x0000019078d14eb0 nmethod 4351 0x000001906620c290 code [0x000001906620c460, 0x000001906620c8a8]
Event: 40.113 Thread 0x0000019078d14eb0 4352       3       java.lang.ClassLoader::definePackage (85 bytes)
Event: 40.115 Thread 0x0000019078d14eb0 nmethod 4352 0x000001906620ca90 code [0x000001906620cd60, 0x000001906620dd98]
Event: 40.131 Thread 0x0000019078d14eb0 4353       3       java.lang.ClassLoader::checkCerts (121 bytes)
Event: 40.133 Thread 0x0000019078d14eb0 nmethod 4353 0x000001906620e210 code [0x000001906620e500, 0x000001906620f3c8]
Event: 40.133 Thread 0x0000019078d14eb0 4354       3       java.lang.ClassLoader::getNamedPackage (73 bytes)
Event: 40.134 Thread 0x0000019078d14eb0 nmethod 4354 0x000001906620f910 code [0x000001906620fb00, 0x0000019066210148]
Event: 40.161 Thread 0x0000019078d14eb0 4355       1       com.fasterxml.jackson.databind.JavaType::getReferencedType (2 bytes)
Event: 40.161 Thread 0x0000019078d14eb0 nmethod 4355 0x000001906cfab310 code [0x000001906cfab4a0, 0x000001906cfab578]
Event: 40.164 Thread 0x0000019078d14eb0 4356       3       com.fasterxml.jackson.databind.introspect.AnnotatedMember::getAnnotation (18 bytes)
Event: 40.165 Thread 0x0000019078d14eb0 nmethod 4356 0x0000019066210310 code [0x00000190662104e0, 0x00000190662108e8]
Event: 40.165 Thread 0x0000019078d14eb0 4357       3       com.fasterxml.jackson.databind.introspect.AnnotationMap::get (21 bytes)
Event: 40.165 Thread 0x0000019078d14eb0 nmethod 4357 0x0000019066210a10 code [0x0000019066210bc0, 0x0000019066210f08]

GC Heap History (18 events):
Event: 6.369 GC heap before
{Heap before GC invocations=0 (full 0):
 garbage-first heap   total 65536K, used 12288K [0x00000000c1400000, 0x0000000100000000)
  region size 1024K, 13 young (13312K), 0 survivors (0K)
 Metaspace       used 4032K, committed 4224K, reserved 1114112K
  class space    used 407K, committed 512K, reserved 1048576K
}
Event: 6.528 GC heap after
{Heap after GC invocations=1 (full 0):
 garbage-first heap   total 65536K, used 4368K [0x00000000c1400000, 0x0000000100000000)
  region size 1024K, 2 young (2048K), 2 survivors (2048K)
 Metaspace       used 4032K, committed 4224K, reserved 1114112K
  class space    used 407K, committed 512K, reserved 1048576K
}
Event: 10.447 GC heap before
{Heap before GC invocations=1 (full 0):
 garbage-first heap   total 65536K, used 14608K [0x00000000c1400000, 0x0000000100000000)
  region size 1024K, 13 young (13312K), 2 survivors (2048K)
 Metaspace       used 6986K, committed 7232K, reserved 1114112K
  class space    used 791K, committed 896K, reserved 1048576K
}
Event: 10.454 GC heap after
{Heap after GC invocations=2 (full 0):
 garbage-first heap   total 65536K, used 5323K [0x00000000c1400000, 0x0000000100000000)
  region size 1024K, 1 young (1024K), 1 survivors (1024K)
 Metaspace       used 6986K, committed 7232K, reserved 1114112K
  class space    used 791K, committed 896K, reserved 1048576K
}
Event: 13.184 GC heap before
{Heap before GC invocations=2 (full 0):
 garbage-first heap   total 65536K, used 27851K [0x00000000c1400000, 0x0000000100000000)
  region size 1024K, 24 young (24576K), 1 survivors (1024K)
 Metaspace       used 12841K, committed 13120K, reserved 1114112K
  class space    used 1482K, committed 1600K, reserved 1048576K
}
Event: 13.192 GC heap after
{Heap after GC invocations=3 (full 0):
 garbage-first heap   total 65536K, used 7243K [0x00000000c1400000, 0x0000000100000000)
  region size 1024K, 3 young (3072K), 3 survivors (3072K)
 Metaspace       used 12841K, committed 13120K, reserved 1114112K
  class space    used 1482K, committed 1600K, reserved 1048576K
}
Event: 15.541 GC heap before
{Heap before GC invocations=3 (full 0):
 garbage-first heap   total 65536K, used 38987K [0x00000000c1400000, 0x0000000100000000)
  region size 1024K, 35 young (35840K), 3 survivors (3072K)
 Metaspace       used 18308K, committed 18624K, reserved 1114112K
  class space    used 2193K, committed 2368K, reserved 1048576K
}
Event: 15.556 GC heap after
{Heap after GC invocations=4 (full 0):
 garbage-first heap   total 65536K, used 10210K [0x00000000c1400000, 0x0000000100000000)
  region size 1024K, 5 young (5120K), 5 survivors (5120K)
 Metaspace       used 18308K, committed 18624K, reserved 1114112K
  class space    used 2193K, committed 2368K, reserved 1048576K
}
Event: 24.052 GC heap before
{Heap before GC invocations=4 (full 0):
 garbage-first heap   total 65536K, used 27618K [0x00000000c1400000, 0x0000000100000000)
  region size 1024K, 23 young (23552K), 5 survivors (5120K)
 Metaspace       used 21146K, committed 21504K, reserved 1114112K
  class space    used 2561K, committed 2752K, reserved 1048576K
}
Event: 24.067 GC heap after
{Heap after GC invocations=5 (full 0):
 garbage-first heap   total 65536K, used 11581K [0x00000000c1400000, 0x0000000100000000)
  region size 1024K, 2 young (2048K), 2 survivors (2048K)
 Metaspace       used 21146K, committed 21504K, reserved 1114112K
  class space    used 2561K, committed 2752K, reserved 1048576K
}
Event: 26.542 GC heap before
{Heap before GC invocations=6 (full 0):
 garbage-first heap   total 45056K, used 36157K [0x00000000c1400000, 0x0000000100000000)
  region size 1024K, 26 young (26624K), 2 survivors (2048K)
 Metaspace       used 26196K, committed 26624K, reserved 1114112K
  class space    used 3222K, committed 3456K, reserved 1048576K
}
Event: 26.552 GC heap after
{Heap after GC invocations=7 (full 0):
 garbage-first heap   total 45056K, used 13365K [0x00000000c1400000, 0x0000000100000000)
  region size 1024K, 4 young (4096K), 4 survivors (4096K)
 Metaspace       used 26196K, committed 26624K, reserved 1114112K
  class space    used 3222K, committed 3456K, reserved 1048576K
}
Event: 26.642 GC heap before
{Heap before GC invocations=7 (full 0):
 garbage-first heap   total 45056K, used 14389K [0x00000000c1400000, 0x0000000100000000)
  region size 1024K, 5 young (5120K), 4 survivors (4096K)
 Metaspace       used 26395K, committed 26880K, reserved 1114112K
  class space    used 3247K, committed 3520K, reserved 1048576K
}
Event: 26.653 GC heap after
{Heap after GC invocations=8 (full 0):
 garbage-first heap   total 45056K, used 13643K [0x00000000c1400000, 0x0000000100000000)
  region size 1024K, 1 young (1024K), 1 survivors (1024K)
 Metaspace       used 26395K, committed 26880K, reserved 1114112K
  class space    used 3247K, committed 3520K, reserved 1048576K
}
Event: 27.628 GC heap before
{Heap before GC invocations=8 (full 0):
 garbage-first heap   total 45056K, used 30027K [0x00000000c1400000, 0x0000000100000000)
  region size 1024K, 18 young (18432K), 1 survivors (1024K)
 Metaspace       used 28921K, committed 29504K, reserved 1114112K
  class space    used 3622K, committed 3904K, reserved 1048576K
}
Event: 27.635 GC heap after
{Heap after GC invocations=9 (full 0):
 garbage-first heap   total 45056K, used 15427K [0x00000000c1400000, 0x0000000100000000)
  region size 1024K, 3 young (3072K), 3 survivors (3072K)
 Metaspace       used 28921K, committed 29504K, reserved 1114112K
  class space    used 3622K, committed 3904K, reserved 1048576K
}
Event: 28.499 GC heap before
{Heap before GC invocations=9 (full 0):
 garbage-first heap   total 45056K, used 30787K [0x00000000c1400000, 0x0000000100000000)
  region size 1024K, 19 young (19456K), 3 survivors (3072K)
 Metaspace       used 31573K, committed 32192K, reserved 1114112K
  class space    used 4009K, committed 4288K, reserved 1048576K
}
Event: 28.512 GC heap after
{Heap after GC invocations=10 (full 0):
 garbage-first heap   total 45056K, used 17320K [0x00000000c1400000, 0x0000000100000000)
  region size 1024K, 2 young (2048K), 2 survivors (2048K)
 Metaspace       used 31573K, committed 32192K, reserved 1114112K
  class space    used 4009K, committed 4288K, reserved 1048576K
}

Deoptimization events (20 events):
Event: 27.770 Thread 0x000001907da56dc0 Uncommon trap: trap_request=0xffffff45 fr.pc=0x000001906cdda540 relative=0x00000000000000a0
Event: 27.770 Thread 0x000001907da56dc0 Uncommon trap: reason=unstable_if action=reinterpret pc=0x000001906cdda540 method=java.lang.String.isLatin1()Z @ 10 c2
Event: 27.770 Thread 0x000001907da56dc0 DEOPT PACKING pc=0x000001906cdda540 sp=0x000000299cdfb220
Event: 27.770 Thread 0x000001907da56dc0 DEOPT UNPACKING pc=0x00000190653523a3 sp=0x000000299cdfb150 mode 2
Event: 28.104 Thread 0x000001907da56dc0 Uncommon trap: trap_request=0xffffff45 fr.pc=0x000001906cea06e8 relative=0x00000000000007e8
Event: 28.104 Thread 0x000001907da56dc0 Uncommon trap: reason=unstable_if action=reinterpret pc=0x000001906cea06e8 method=java.util.HashMap.putVal(ILjava/lang/Object;Ljava/lang/Object;ZZ)Ljava/lang/Object; @ 94 c2
Event: 28.104 Thread 0x000001907da56dc0 DEOPT PACKING pc=0x000001906cea06e8 sp=0x000000299cdfdab0
Event: 28.104 Thread 0x000001907da56dc0 DEOPT UNPACKING pc=0x00000190653523a3 sp=0x000000299cdfd9e0 mode 2
Event: 28.186 Thread 0x000001907da56dc0 Uncommon trap: trap_request=0xffffff45 fr.pc=0x000001906ce9f420 relative=0x00000000000007c0
Event: 28.186 Thread 0x000001907da56dc0 Uncommon trap: reason=unstable_if action=reinterpret pc=0x000001906ce9f420 method=java.util.HashMap.putVal(ILjava/lang/Object;Ljava/lang/Object;ZZ)Ljava/lang/Object; @ 94 c2
Event: 28.186 Thread 0x000001907da56dc0 DEOPT PACKING pc=0x000001906ce9f420 sp=0x000000299cdfd8d0
Event: 28.186 Thread 0x000001907da56dc0 DEOPT UNPACKING pc=0x00000190653523a3 sp=0x000000299cdfd858 mode 2
Event: 28.626 Thread 0x000001907da56dc0 Uncommon trap: trap_request=0xffffff45 fr.pc=0x000001906ce369e0 relative=0x0000000000000060
Event: 28.626 Thread 0x000001907da56dc0 Uncommon trap: reason=unstable_if action=reinterpret pc=0x000001906ce369e0 method=org.springframework.util.ConcurrentReferenceHashMap$Segment.clear()V @ 7 c2
Event: 28.626 Thread 0x000001907da56dc0 DEOPT PACKING pc=0x000001906ce369e0 sp=0x000000299cdfecb0
Event: 28.626 Thread 0x000001907da56dc0 DEOPT UNPACKING pc=0x00000190653523a3 sp=0x000000299cdfec40 mode 2
Event: 28.703 Thread 0x000001907da56dc0 DEOPT PACKING pc=0x0000019065c6c0e2 sp=0x000000299cdfe420
Event: 28.703 Thread 0x000001907da56dc0 DEOPT UNPACKING pc=0x0000019065352b43 sp=0x000000299cdfd8b0 mode 3
Event: 28.760 Thread 0x000001907d98c4a0 DEOPT PACKING pc=0x0000019065c6b4b1 sp=0x000000299ceff080
Event: 28.760 Thread 0x000001907d98c4a0 DEOPT UNPACKING pc=0x0000019065352b43 sp=0x000000299cefe4d8 mode 3

Classes loaded (20 events):
Event: 39.769 Loading class sun/nio/cs/ThreadLocalCoders$2
Event: 39.769 Loading class sun/nio/cs/ThreadLocalCoders$2 done
Event: 39.934 Loading class java/time/format/DateTimeFormatterBuilder$ZoneTextPrinterParser
Event: 39.935 Loading class java/time/format/DateTimeFormatterBuilder$ZoneTextPrinterParser done
Event: 39.935 Loading class java/time/format/DateTimeFormatterBuilder$ReducedPrinterParser
Event: 39.935 Loading class java/time/format/DateTimeFormatterBuilder$ReducedPrinterParser done
Event: 39.938 Loading class java/io/PushbackInputStream
Event: 39.939 Loading class java/io/PushbackInputStream done
Event: 39.948 Loading class org/w3c/dom/Node
Event: 39.948 Loading class org/w3c/dom/Node done
Event: 39.948 Loading class org/w3c/dom/Document
Event: 39.949 Loading class org/w3c/dom/Document done
Event: 39.988 Loading class sun/reflect/generics/tree/IntSignature
Event: 39.988 Loading class sun/reflect/generics/tree/IntSignature done
Event: 40.013 Loading class jdk/internal/ValueBased
Event: 40.013 Loading class jdk/internal/ValueBased done
Event: 40.161 Loading class java/util/stream/LongStream
Event: 40.162 Loading class java/util/stream/LongStream done
Event: 40.162 Loading class java/util/stream/DoubleStream
Event: 40.163 Loading class java/util/stream/DoubleStream done

Classes unloaded (0 events):
No events

Classes redefined (0 events):
No events

Internal exceptions (20 events):
Event: 26.972 Thread 0x000001907da56dc0 Exception <a 'java/lang/NoSuchMethodError'{0x00000000c39c66b8}: 'java.lang.Object java.lang.invoke.DirectMethodHandle$Holder.newInvokeSpecial(java.lang.Object, java.lang.Object, java.lang.Object, java.lang.Object, java.lang.Object, java.lang.Object, java.lang.Object, java.lang.Object, java.lang.Object)'> (0x00000000c39c66b8) 
thrown [s\src\hotspot\share\interpreter\linkResolver.cpp, line 759]
Event: 26.981 Thread 0x000001907da56dc0 Exception <a 'java/lang/IncompatibleClassChangeError'{0x00000000c3803e58}: Found class java.lang.Object, but interface was expected> (0x00000000c3803e58) 
thrown [s\src\hotspot\share\interpreter\linkResolver.cpp, line 826]
Event: 27.027 Thread 0x000001907da56dc0 Exception <a 'sun/nio/fs/WindowsException'{0x00000000c38e97b8}> (0x00000000c38e97b8) 
thrown [s\src\hotspot\share\prims\jni.cpp, line 516]
Event: 27.131 Thread 0x000001907da56dc0 Exception <a 'java/lang/NoSuchMethodError'{0x00000000c3562bd8}: 'java.lang.Object java.lang.invoke.DirectMethodHandle$Holder.newInvokeSpecial(java.lang.Object, java.lang.Object, java.lang.Object, java.lang.Object, java.lang.Object, java.lang.Object, java.lang.Object, java.lang.Object, java.lang.Object, java.lang.Object, java.lang.Object)'> (0x00000000c3562bd8) 
thrown [s\src\hotspot\share\interpreter\linkResolver.cpp, line 759]
Event: 27.132 Thread 0x000001907da56dc0 Exception <a 'java/lang/NoSuchMethodError'{0x00000000c3568068}: 'java.lang.Object java.lang.invoke.DirectMethodHandle$Holder.invokeSpecial(java.lang.Object, java.lang.Object, java.lang.Object, java.lang.Object, java.lang.Object, java.lang.Object, java.lang.Object, java.lang.Object, java.lang.Object, java.lang.Object, java.lang.Object, java.lang.Object)'> (0x00000000c3568068) 
thrown [s\src\hotspot\share\interpreter\linkResolver.cpp, line 759]
Event: 27.323 Thread 0x000001907da56dc0 Exception <a 'java/lang/NoSuchMethodError'{0x00000000c3382f88}: 'java.lang.Object java.lang.invoke.DirectMethodHandle$Holder.invokeVirtual(java.lang.Object, java.lang.Object, int)'> (0x00000000c3382f88) 
thrown [s\src\hotspot\share\interpreter\linkResolver.cpp, line 759]
Event: 27.408 Thread 0x000001907da56dc0 Exception <a 'java/lang/NoSuchMethodError'{0x00000000c3125848}: 'java.lang.Object java.lang.invoke.DirectMethodHandle$Holder.invokeVirtual(java.lang.Object, java.lang.Object, java.lang.Object, java.lang.Object, java.lang.Object, java.lang.Object, java.lang.Object, java.lang.Object)'> (0x00000000c3125848) 
thrown [s\src\hotspot\share\interpreter\linkResolver.cpp, line 759]
Event: 27.423 Thread 0x000001907da56dc0 Implicit null exception at 0x000001906ceb5f46 to 0x000001906ceb6002
Event: 27.706 Thread 0x000001907da56dc0 Exception <a 'java/lang/NoSuchMethodError'{0x00000000c4183710}: 'java.lang.Object java.lang.invoke.DirectMethodHandle$Holder.invokeSpecialIFC(java.lang.Object, java.lang.Object, java.lang.Object)'> (0x00000000c4183710) 
thrown [s\src\hotspot\share\interpreter\linkResolver.cpp, line 759]
Event: 27.914 Thread 0x000001907da56dc0 Exception <a 'java/lang/IncompatibleClassChangeError'{0x00000000c3ba5078}: Found class java.lang.Object, but interface was expected> (0x00000000c3ba5078) 
thrown [s\src\hotspot\share\interpreter\linkResolver.cpp, line 826]
Event: 28.000 Thread 0x000001907da56dc0 Exception <a 'java/lang/NoSuchMethodError'{0x00000000c3936d18}: 'void java.lang.invoke.DirectMethodHandle$Holder.invokeVirtual(java.lang.Object, java.lang.Object, long)'> (0x00000000c3936d18) 
thrown [s\src\hotspot\share\interpreter\linkResolver.cpp, line 759]
Event: 28.139 Thread 0x000001907da56dc0 Exception <a 'java/lang/NoSuchMethodError'{0x00000000c365fa70}: 'java.lang.Object java.lang.invoke.DirectMethodHandle$Holder.invokeVirtual(java.lang.Object, java.lang.Object, java.lang.Object, java.lang.Object, java.lang.Object, java.lang.Object, java.lang.Object)'> (0x00000000c365fa70) 
thrown [s\src\hotspot\share\interpreter\linkResolver.cpp, line 759]
Event: 28.204 Thread 0x000001907da56dc0 Exception <a 'java/lang/NoSuchMethodError'{0x00000000c359ef18}: 'int java.lang.invoke.DirectMethodHandle$Holder.invokeStaticInit(java.lang.Object, java.lang.Object, java.lang.Object, java.lang.Object)'> (0x00000000c359ef18) 
thrown [s\src\hotspot\share\interpreter\linkResolver.cpp, line 759]
Event: 28.377 Thread 0x000001907da56dc0 Exception <a 'java/lang/NoSuchMethodError'{0x00000000c3277618}: 'java.lang.Object java.lang.invoke.DirectMethodHandle$Holder.invokeVirtual(java.lang.Object, java.lang.Object, java.lang.Object, java.lang.Object, java.lang.Object, java.lang.Object, java.lang.Object, java.lang.Object, java.lang.Object, java.lang.Object)'> (0x00000000c3277618) 
thrown [s\src\hotspot\share\interpreter\linkResolver.cpp, line 759]
Event: 28.378 Thread 0x000001907da56dc0 Exception <a 'java/lang/NoSuchMethodError'{0x00000000c327bc50}: 'java.lang.Object java.lang.invoke.DirectMethodHandle$Holder.invokeSpecial(java.lang.Object, java.lang.Object, java.lang.Object, java.lang.Object, java.lang.Object, java.lang.Object, java.lang.Object, java.lang.Object, java.lang.Object, java.lang.Object, java.lang.Object)'> (0x00000000c327bc50) 
thrown [s\src\hotspot\share\interpreter\linkResolver.cpp, line 759]
Event: 28.635 Thread 0x000001907da56dc0 Exception <a 'java/lang/NoSuchMethodError'{0x00000000c41aab88}: 'java.lang.Object java.lang.invoke.DirectMethodHandle$Holder.newInvokeSpecial(java.lang.Object, java.lang.Object, int, java.lang.Object, java.lang.Object)'> (0x00000000c41aab88) 
thrown [s\src\hotspot\share\interpreter\linkResolver.cpp, line 759]
Event: 39.711 Thread 0x000001907d98ac90 Exception <a 'java/lang/NoSuchMethodError'{0x00000000c39c7200}: 'java.lang.Object java.lang.invoke.DirectMethodHandle$Holder.invokeSpecial(java.lang.Object, java.lang.Object, java.lang.Object, java.lang.Object, java.lang.Object, long)'> (0x00000000c39c7200) 
thrown [s\src\hotspot\share\interpreter\linkResolver.cpp, line 759]
Event: 39.711 Thread 0x000001907d98ac90 Exception <a 'java/lang/NoSuchMethodError'{0x00000000c39cac48}: 'java.lang.Object java.lang.invoke.Invokers$Holder.linkToTargetMethod(java.lang.Object, java.lang.Object, java.lang.Object, long, java.lang.Object)'> (0x00000000c39cac48) 
thrown [s\src\hotspot\share\interpreter\linkResolver.cpp, line 759]
Event: 39.945 Thread 0x000001907d98bb00 Exception <a 'java/lang/NoSuchMethodError'{0x00000000c369a4c8}: method resolution failed> (0x00000000c369a4c8) 
thrown [s\src\hotspot\share\prims\methodHandles.cpp, line 1264]
Event: 40.094 Thread 0x000001907d98bb00 Exception <a 'java/lang/NoSuchMethodError'{0x00000000c34e4e38}: 'java.lang.Object java.lang.invoke.DelegatingMethodHandle$Holder.reinvoke_L(java.lang.Object, int, int, java.lang.Object)'> (0x00000000c34e4e38) 
thrown [s\src\hotspot\share\interpreter\linkResolver.cpp, line 759]

VM Operations (20 events):
Event: 28.373 Executing VM operation: ICBufferFull
Event: 28.373 Executing VM operation: ICBufferFull done
Event: 28.499 Executing VM operation: G1CollectForAllocation
Event: 28.512 Executing VM operation: G1CollectForAllocation done
Event: 28.694 Executing VM operation: HandshakeAllThreads
Event: 28.703 Executing VM operation: HandshakeAllThreads done
Event: 29.705 Executing VM operation: Cleanup
Event: 29.705 Executing VM operation: Cleanup done
Event: 37.803 Executing VM operation: Cleanup
Event: 37.803 Executing VM operation: Cleanup done
Event: 39.796 Executing VM operation: HandshakeAllThreads
Event: 39.796 Executing VM operation: HandshakeAllThreads done
Event: 39.796 Executing VM operation: Cleanup
Event: 39.797 Executing VM operation: Cleanup done
Event: 39.984 Executing VM operation: HandshakeAllThreads
Event: 39.984 Executing VM operation: HandshakeAllThreads done
Event: 40.111 Executing VM operation: HandshakeAllThreads
Event: 40.111 Executing VM operation: HandshakeAllThreads done
Event: 40.143 Executing VM operation: HandshakeAllThreads
Event: 40.143 Executing VM operation: HandshakeAllThreads done

Events (20 events):
Event: 28.585 Thread 0x000001907d98c970 Thread added: 0x000001907d98c970
Event: 28.598 Thread 0x000001907d98ac90 Thread added: 0x000001907d98ac90
Event: 28.604 Thread 0x000001907d98ac90 Thread exited: 0x000001907d98ac90
Event: 28.605 Thread 0x000001907d98b630 Thread added: 0x000001907d98b630
Event: 28.655 Thread 0x000001907d98ac90 Thread added: 0x000001907d98ac90
Event: 28.655 Thread 0x000001907d98bb00 Thread added: 0x000001907d98bb00
Event: 28.655 Thread 0x000001907d98ce40 Thread added: 0x000001907d98ce40
Event: 28.655 Thread 0x000001907d98d310 Thread added: 0x000001907d98d310
Event: 28.656 Thread 0x000001907d98a2f0 Thread added: 0x000001907d98a2f0
Event: 28.656 Thread 0x000001907d98b160 Thread added: 0x000001907d98b160
Event: 28.656 Thread 0x000001907d98bfd0 Thread added: 0x000001907d98bfd0
Event: 28.656 Thread 0x0000019000ad7090 Thread added: 0x0000019000ad7090
Event: 28.657 Thread 0x0000019000ad4a10 Thread added: 0x0000019000ad4a10
Event: 28.657 Thread 0x0000019000ad7560 Thread added: 0x0000019000ad7560
Event: 28.690 Thread 0x0000019000ad1520 Thread added: 0x0000019000ad1520
Event: 28.693 Thread 0x0000019000ad7a30 Thread added: 0x0000019000ad7a30
Event: 28.747 Thread 0x000001907da56dc0 Thread exited: 0x000001907da56dc0
Event: 28.753 Thread 0x000001907d2dfc70 Thread exited: 0x000001907d2dfc70
Event: 28.754 Thread 0x000001905d740130 Thread exited: 0x000001905d740130
Event: 28.754 Thread 0x0000019000ad6220 Thread added: 0x0000019000ad6220


Dynamic libraries:
0x00007ff7c3340000 - 0x00007ff7c334d000 	C:\Users\ERIN_JAVALead\.jdks\corretto-18.0.2\bin\java.exe
0x00007ffa76fd0000 - 0x00007ffa771c8000 	C:\WINDOWS\SYSTEM32\ntdll.dll
0x00007ffa757f0000 - 0x00007ffa758b1000 	C:\WINDOWS\System32\KERNEL32.DLL
0x00007ffa74b00000 - 0x00007ffa74df6000 	C:\WINDOWS\System32\KERNELBASE.dll
0x00007ffa74a00000 - 0x00007ffa74b00000 	C:\WINDOWS\System32\ucrtbase.dll
0x00007ffa55fb0000 - 0x00007ffa55fc5000 	C:\Users\ERIN_JAVALead\.jdks\corretto-18.0.2\bin\VCRUNTIME140.dll
0x00007ffa581d0000 - 0x00007ffa581e7000 	C:\Users\ERIN_JAVALead\.jdks\corretto-18.0.2\bin\jli.dll
0x00007ffa75100000 - 0x00007ffa7529f000 	C:\WINDOWS\System32\USER32.dll
0x00007ffa74780000 - 0x00007ffa747a2000 	C:\WINDOWS\System32\win32u.dll
0x00007ffa5cc40000 - 0x00007ffa5ceda000 	C:\WINDOWS\WinSxS\amd64_microsoft.windows.common-controls_6595b64144ccf1df_6.0.19041.4355_none_60b8b9eb71f62e16\COMCTL32.dll
0x00007ffa755b0000 - 0x00007ffa755db000 	C:\WINDOWS\System32\GDI32.dll
0x00007ffa76eb0000 - 0x00007ffa76f4e000 	C:\WINDOWS\System32\msvcrt.dll
0x00007ffa74e00000 - 0x00007ffa74f17000 	C:\WINDOWS\System32\gdi32full.dll
0x00007ffa746e0000 - 0x00007ffa7477d000 	C:\WINDOWS\System32\msvcp_win.dll
0x00007ffa750d0000 - 0x00007ffa750ff000 	C:\WINDOWS\System32\IMM32.DLL
0x00007ffa49db0000 - 0x00007ffa49e4b000 	C:\Users\ERIN_JAVALead\.jdks\corretto-18.0.2\bin\msvcp140.dll
0x00007ffa33d30000 - 0x00007ffa349a1000 	C:\Users\ERIN_JAVALead\.jdks\corretto-18.0.2\bin\server\jvm.dll
0x00007ffa76d20000 - 0x00007ffa76dd0000 	C:\WINDOWS\System32\ADVAPI32.dll
0x00007ffa76c80000 - 0x00007ffa76d20000 	C:\WINDOWS\System32\sechost.dll
0x00007ffa762d0000 - 0x00007ffa763f3000 	C:\WINDOWS\System32\RPCRT4.dll
0x00007ffa74870000 - 0x00007ffa74897000 	C:\WINDOWS\System32\bcrypt.dll
0x00007ffa76f50000 - 0x00007ffa76f58000 	C:\WINDOWS\System32\PSAPI.DLL
0x00007ffa5ff60000 - 0x00007ffa5ff69000 	C:\WINDOWS\SYSTEM32\WSOCK32.dll
0x00007ffa76de0000 - 0x00007ffa76e4b000 	C:\WINDOWS\System32\WS2_32.dll
0x00007ffa4eb70000 - 0x00007ffa4eb97000 	C:\WINDOWS\SYSTEM32\WINMM.dll
0x00007ffa6e920000 - 0x00007ffa6e92a000 	C:\WINDOWS\SYSTEM32\VERSION.dll
0x00007ffa723b0000 - 0x00007ffa723c2000 	C:\WINDOWS\SYSTEM32\kernel.appcore.dll
0x00007ffa6b7a0000 - 0x00007ffa6b7aa000 	C:\Users\ERIN_JAVALead\.jdks\corretto-18.0.2\bin\jimage.dll
0x00007ffa543a0000 - 0x00007ffa54584000 	C:\WINDOWS\SYSTEM32\DBGHELP.DLL
0x00007ffa54360000 - 0x00007ffa54394000 	C:\WINDOWS\SYSTEM32\dbgcore.DLL
0x00007ffa74650000 - 0x00007ffa746d2000 	C:\WINDOWS\System32\bcryptPrimitives.dll
0x00007ffa62a60000 - 0x00007ffa62a6e000 	C:\Users\ERIN_JAVALead\.jdks\corretto-18.0.2\bin\instrument.dll
0x00007ffa54e30000 - 0x00007ffa54e55000 	C:\Users\ERIN_JAVALead\.jdks\corretto-18.0.2\bin\java.dll
0x00007ffa46030000 - 0x00007ffa46106000 	C:\Users\ERIN_JAVALead\.jdks\corretto-18.0.2\bin\jsvml.dll
0x00007ffa76460000 - 0x00007ffa76bcc000 	C:\WINDOWS\System32\SHELL32.dll
0x00007ffa72690000 - 0x00007ffa72e2e000 	C:\WINDOWS\SYSTEM32\windows.storage.dll
0x00007ffa75b00000 - 0x00007ffa75e53000 	C:\WINDOWS\System32\combase.dll
0x00007ffa73ec0000 - 0x00007ffa73eee000 	C:\WINDOWS\SYSTEM32\Wldp.dll
0x00007ffa75450000 - 0x00007ffa7551d000 	C:\WINDOWS\System32\OLEAUT32.dll
0x00007ffa76bd0000 - 0x00007ffa76c7d000 	C:\WINDOWS\System32\SHCORE.dll
0x00007ffa758c0000 - 0x00007ffa75915000 	C:\WINDOWS\System32\shlwapi.dll
0x00007ffa74580000 - 0x00007ffa745a4000 	C:\WINDOWS\SYSTEM32\profapi.dll
0x00007ffa546e0000 - 0x00007ffa546f8000 	C:\Users\ERIN_JAVALead\.jdks\corretto-18.0.2\bin\zip.dll
0x00007ffa55f90000 - 0x00007ffa55fa3000 	C:\Users\ERIN_JAVALead\.jdks\corretto-18.0.2\bin\net.dll
0x00007ffa6e780000 - 0x00007ffa6e88a000 	C:\WINDOWS\SYSTEM32\WINHTTP.dll
0x00007ffa73ca0000 - 0x00007ffa73d0a000 	C:\WINDOWS\system32\mswsock.dll
0x00007ffa54e10000 - 0x00007ffa54e25000 	C:\Users\ERIN_JAVALead\.jdks\corretto-18.0.2\bin\nio.dll
0x00007ffa546c0000 - 0x00007ffa546da000 	C:\Program Files\JetBrains\IntelliJ IDEA Community Edition 2021.3.3\bin\breakgen64.dll
0x00007ffa62370000 - 0x00007ffa62379000 	C:\Users\ERIN_JAVALead\.jdks\corretto-18.0.2\bin\management.dll
0x00007ffa622f0000 - 0x00007ffa622fb000 	C:\Users\ERIN_JAVALead\.jdks\corretto-18.0.2\bin\management_ext.dll
0x00007ffa61160000 - 0x00007ffa6116e000 	C:\Users\ERIN_JAVALead\.jdks\corretto-18.0.2\bin\sunmscapi.dll
0x00007ffa748a0000 - 0x00007ffa749fe000 	C:\WINDOWS\System32\CRYPT32.dll
0x00007ffa74010000 - 0x00007ffa74039000 	C:\WINDOWS\SYSTEM32\ncrypt.dll
0x00007ffa73fd0000 - 0x00007ffa7400b000 	C:\WINDOWS\SYSTEM32\NTASN1.dll
0x00007ffa73f00000 - 0x00007ffa73f18000 	C:\WINDOWS\SYSTEM32\CRYPTSP.dll
0x00007ffa735e0000 - 0x00007ffa73614000 	C:\WINDOWS\system32\rsaenh.dll
0x00007ffa744f0000 - 0x00007ffa7451e000 	C:\WINDOWS\SYSTEM32\USERENV.dll
0x00007ffa73e30000 - 0x00007ffa73e3c000 	C:\WINDOWS\SYSTEM32\CRYPTBASE.dll
0x00007ffa739a0000 - 0x00007ffa739db000 	C:\WINDOWS\SYSTEM32\IPHLPAPI.DLL
0x00007ffa76dd0000 - 0x00007ffa76dd8000 	C:\WINDOWS\System32\NSI.dll
0x00007ffa6e540000 - 0x00007ffa6e557000 	C:\WINDOWS\SYSTEM32\dhcpcsvc6.DLL
0x00007ffa6e520000 - 0x00007ffa6e53d000 	C:\WINDOWS\SYSTEM32\dhcpcsvc.DLL
0x00007ffa739e0000 - 0x00007ffa73aaa000 	C:\WINDOWS\SYSTEM32\DNSAPI.dll

dbghelp: loaded successfully - version: 4.0.5 - missing functions: none
symbol engine: initialized successfully - sym options: 0x614 - pdb path: .;C:\Users\ERIN_JAVALead\.jdks\corretto-18.0.2\bin;C:\WINDOWS\SYSTEM32;C:\WINDOWS\WinSxS\amd64_microsoft.windows.common-controls_6595b64144ccf1df_6.0.19041.4355_none_60b8b9eb71f62e16;C:\Users\ERIN_JAVALead\.jdks\corretto-18.0.2\bin\server;C:\Program Files\JetBrains\IntelliJ IDEA Community Edition 2021.3.3\bin

VM Arguments:
jvm_args: -javaagent:C:\Program Files\JetBrains\IntelliJ IDEA Community Edition 2021.3.3\lib\idea_rt.jar=56524:C:\Program Files\JetBrains\IntelliJ IDEA Community Edition 2021.3.3\bin -Dfile.encoding=UTF-8 
java_command: com.smart_host.hotelallocation.HotelallocationApplication
java_class_path (initial): C:\Users\ERIN_JAVALead\Downloads\hotelallocation\hotelallocation\target\classes;C:\Users\ERIN_JAVALead\.m2\repository\org\springframework\boot\spring-boot-starter-data-rest\3.3.1\spring-boot-starter-data-rest-3.3.1.jar;C:\Users\ERIN_JAVALead\.m2\repository\org\springframework\data\spring-data-rest-webmvc\4.3.1\spring-data-rest-webmvc-4.3.1.jar;C:\Users\ERIN_JAVALead\.m2\repository\org\springframework\data\spring-data-rest-core\4.3.1\spring-data-rest-core-4.3.1.jar;C:\Users\ERIN_JAVALead\.m2\repository\org\springframework\spring-tx\6.1.10\spring-tx-6.1.10.jar;C:\Users\ERIN_JAVALead\.m2\repository\org\springframework\hateoas\spring-hateoas\2.3.0\spring-hateoas-2.3.0.jar;C:\Users\ERIN_JAVALead\.m2\repository\org\springframework\data\spring-data-commons\3.3.1\spring-data-commons-3.3.1.jar;C:\Users\ERIN_JAVALead\.m2\repository\org\springframework\plugin\spring-plugin-core\3.0.0\spring-plugin-core-3.0.0.jar;C:\Users\ERIN_JAVALead\.m2\repository\org\atteo\evo-inflector\1.3\evo-inflector-1.3.jar;C:\Users\ERIN_JAVALead\.m2\repository\com\fasterxml\jackson\core\jackson-databind\2.17.1\jackson-databind-2.17.1.jar;C:\Users\ERIN_JAVALead\.m2\repository\com\fasterxml\jackson\core\jackson-core\2.17.1\jackson-core-2.17.1.jar;C:\Users\ERIN_JAVALead\.m2\repository\com\fasterxml\jackson\core\jackson-annotations\2.17.1\jackson-annotations-2.17.1.jar;C:\Users\ERIN_JAVALead\.m2\repository\org\slf4j\slf4j-api\2.0.13\slf4j-api-2.0.13.jar;C:\Users\ERIN_JAVALead\.m2\repository\org\springframework\boot\spring-boot-starter-web\3.3.1\spring-boot-starter-web-3.3.1.jar;C:\Users\ERIN_JAVALead\.m2\repository\org\springframework\boot\spring-boot-starter\3.3.1\spring-boot-starter-3.3.1.jar;C:\Users\ERIN_JAVALead\.m2\repository\org\springframework\boot\spring-boot-starter-logging\3.3.1\spring-boot-starter-logging-3.3.1.jar;C:\Users\ERIN_JAVALead\.m2\repository\ch\qos\logback\logback-classic\1.5.6\logback-classic-1.5.6.jar;C:\Users\ERIN_JAVALead\.m2\repository\ch\qos\logback\logback-core\1.5.6\logback-core-1.5.6.jar;C:\Users\ERIN_JAVALead\.m2\repository\org\apache\logging\log4j\log4j-to-slf4j\2.23.1\log4j-to-slf4j-2.23.1.jar;C:\Users\ERIN_JAVALead\.m2\repository\org\apache\logging\log4j\log4j-api\2.23.1\log4j-api-2.23.1.jar;C:\Users\ERIN_JAVALead\.m2\repository\org\slf4j\jul-to-slf4j\2.0.13\jul-to-slf4j-2.0.13.jar;C:\Users\ERIN_JAVALead\.m2\repository\jakarta\annotation\jakarta.annotation-api\2.1.1\jakarta.annotation-api-2.1.1.jar;C:\Users\ERIN_JAVALead\.m2\repository\org\yaml\snakeyaml\2.2\snakeyaml-2.2.jar;C:\Users\ERIN_JAVALead\.m2\repository\org\springframework\boot\spring-boot-starter-json\3.3.1\spring-boot-starter-json-3.3.1.jar;C:\Users\ERIN_JAVALead\.m2\repository\com\fasterxml\jackson\datatype\jackson-datatype-jdk8\2.17.1\jackson-datatype-jdk8-2.17.1.jar;C:\Users\ERIN_JAVALead\.m2\repository\com\fasterxml\jackson\datatype\jackson-datatype-jsr310\2.17.1\jackson-datatype-jsr310-2.17.1.jar;C:\Users\ERIN_JAVALead\.m2\repository\com\fasterxml\jackson\module\jackson-module-parameter-names\2.17.1\jackson-module-parameter-names-2.17.1.jar;C:\Users\ERIN_JAVALead\.m2\repository\org\springframework\boot\spring-boot-starter-tomcat\3.3.1\spring-boot-starter-tomcat-3.3.1.jar;C:\Users\ERIN_JAVALead\.m2\repository\org\apache\tomcat\embed\tomcat-embed-core\10.1.25\tomcat-embed-core-10.1.25.jar;C:\Users\ERIN_JAVALead\.m2\repository\org\apache\tomcat\embed\tomcat-embed-el\10.1.25\tomcat-embed-el-10.1.25.jar;C:\Users\ERIN_JAVALead\.m2\repository\org\apache\tomcat\embed\tomcat-embed-websocket\10.1.25\tomcat-embed-websocket-10.1.25.jar;C:\Users\ERIN_JAVALead\.m2\repository\org\springframework\spring-web\6.1.10\spring-web-6.1.10.jar;C:\Users\ERIN_JAVALead\.m2\repository\org\springframework\spring-beans\6.1.10\spring-beans-6.1.10.jar;C:\Users\ERIN_JAVALead\.m2\repository\io\micrometer\micrometer-observation\1.13.1\micrometer-observation-1.13.1.jar;C:\Users\ERIN_JAVALead\.m2\repository\io\micrometer\micrometer-commons\1.13.1\micrometer-commons-1.13.1.jar;C:\Users\ERIN_JAVALead\.m2\repository\org\springframework\spring-webmvc\6.1.10\spring-webmvc-6.1.10.jar;C:\Users\ERIN_JAVALead\.m2\repository\org\springframework\spring-aop\6.1.10\spring-aop-6.1.10.jar;C:\Users\ERIN_JAVALead\.m2\repository\org\springframework\spring-context\6.1.10\spring-context-6.1.10.jar;C:\Users\ERIN_JAVALead\.m2\repository\org\springframework\spring-expression\6.1.10\spring-expression-6.1.10.jar;C:\Users\ERIN_JAVALead\.m2\repository\org\springframework\boot\spring-boot-devtools\3.3.1\spring-boot-devtools-3.3.1.jar;C:\Users\ERIN_JAVALead\.m2\repository\org\springframework\boot\spring-boot\3.3.1\spring-boot-3.3.1.jar;C:\Users\ERIN_JAVALead\.m2\repository\org\springframework\boot\spring-boot-autoconfigure\3.3.1\spring-boot-autoconfigure-3.3.1.jar;C:\Users\ERIN_JAVALead\.m2\repository\org\projectlombok\lombok\1.18.32\lombok-1.18.32.jar;C:\Users\ERIN_JAVALead\.m2\repository\com\jayway\jsonpath\json-path\2.9.0\json-path-2.9.0.jar;C:\Users\ERIN_JAVALead\.m2\repository\net\minidev\json-smart\2.5.1\json-smart-2.5.1.jar;C:\Users\ERIN_JAVALead\.m2\repository\net\minidev\accessors-smart\2.5.1\accessors-smart-2.5.1.jar;C:\Users\ERIN_JAVALead\.m2\repository\org\ow2\asm\asm\9.6\asm-9.6.jar;C:\Users\ERIN_JAVALead\.m2\repository\org\springframework\spring-core\6.1.10\spring-core-6.1.10.jar;C:\Users\ERIN_JAVALead\.m2\repository\org\springframework\spring-jcl\6.1.10\spring-jcl-6.1.10.jar
Launcher Type: SUN_STANDARD

[Global flags]
     intx CICompilerCount                          = 3                                         {product} {ergonomic}
     uint ConcGCThreads                            = 1                                         {product} {ergonomic}
     uint G1ConcRefinementThreads                  = 4                                         {product} {ergonomic}
   size_t G1HeapRegionSize                         = 1048576                                   {product} {ergonomic}
    uintx GCDrainStackTargetSize                   = 64                                        {product} {ergonomic}
   size_t InitialHeapSize                          = 67108864                                  {product} {ergonomic}
   size_t MarkStackSize                            = 4194304                                   {product} {ergonomic}
   size_t MaxHeapSize                              = 1052770304                                {product} {ergonomic}
   size_t MaxNewSize                               = 631242752                                 {product} {ergonomic}
   size_t MinHeapDeltaBytes                        = 1048576                                   {product} {ergonomic}
   size_t MinHeapSize                              = 8388608                                   {product} {ergonomic}
    uintx NonNMethodCodeHeapSize                   = 5832780                                {pd product} {ergonomic}
    uintx NonProfiledCodeHeapSize                  = 122912730                              {pd product} {ergonomic}
    uintx ProfiledCodeHeapSize                     = 122912730                              {pd product} {ergonomic}
    uintx ReservedCodeCacheSize                    = 251658240                              {pd product} {ergonomic}
     bool SegmentedCodeCache                       = true                                      {product} {ergonomic}
   size_t SoftMaxHeapSize                          = 1052770304                             {manageable} {ergonomic}
     bool UseCompressedClassPointers               = true                           {product lp64_product} {ergonomic}
     bool UseCompressedOops                        = true                           {product lp64_product} {ergonomic}
     bool UseG1GC                                  = true                                      {product} {ergonomic}
     bool UseLargePagesIndividualAllocation        = false                                  {pd product} {ergonomic}

Logging:
Log output configuration:
 #0: stdout all=warning uptime,level,tags foldmultilines=false
 #1: stderr all=off uptime,level,tags foldmultilines=false

Environment Variables:
JAVA_HOME=C:\Program Files\Java\jdk-17
PATH=C:\Program Files (x86)\Common Files\Oracle\Java\javapath;C:\WINDOWS\system32;C:\WINDOWS;C:\WINDOWS\System32\Wbem;C:\WINDOWS\System32\WindowsPowerShell\v1.0\;C:\WINDOWS\System32\OpenSSH\;C:\Program Files (x86)\nodejs\;C:\Program Files (x86)\nodejs\npm;C:\Users\ERIN_JAVALead\AppData\Roaming\npm;C:\Program Files\Git\cmd;C:\Program Files (x86)\dotnet\;C:\Program Files (x86)\Microsoft SQL Server\160\DTS\Binn\;C:\Program Files\Azure Data Studio\bin;C:\Program Files (x86)\Microsoft SQL Server\160\Tools\Binn\;C:\Program Files\Microsoft SQL Server\160\Tools\Binn\;C:\Program Files\Microsoft SQL Server\Client SDK\ODBC\170\Tools\Binn\;C:\Program Files\Microsoft SQL Server\160\DTS\Binn\;C:\Program Files\Java\jdk1.8.0_202\bin;C:\Program Files\Java\jdk1.8.0_202\jre\bin;C:\kafkasrc\bin\windows;C:\Program Files\Docker\Docker\resources\bin;C:\Program Files\Docker\Docker;C:\Users\ERIN_JAVALead\AppData\Local\Microsoft\WindowsApps;;C:\Users\ERIN_JAVALead\AppData\Local\Programs\Microsoft VS Code\bin;C:\Users\ERIN_JAVALead\AppData\Roaming\npm;C:\Program Files\Azure Data Studio\bin
USERNAME=ERIN_JAVALead
OS=Windows_NT
PROCESSOR_IDENTIFIER=Intel64 Family 6 Model 78 Stepping 3, GenuineIntel



---------------  S Y S T E M  ---------------

OS:
 Windows 10 , 64 bit Build 19041 (10.0.19041.4597)
OS uptime: 0 days 5:49 hours
Hyper-V role detected

CPU: total 4 (initial active 4) (2 cores per cpu, 2 threads per core) family 6 model 78 stepping 3 microcode 0xcc, cx8, cmov, fxsr, ht, mmx, 3dnowpref, sse, sse2, sse3, ssse3, sse4.1, sse4.2, popcnt, lzcnt, tsc, tscinvbit, avx, avx2, aes, erms, clmul, bmi1, bmi2, adx, fma, vzeroupper, clflush, clflushopt, hv

Memory: 4k page, system-wide physical 4012M (361M free)
TotalPageFile size 6060M (AvailPageFile size 5M)
current process WorkingSet (physical memory assigned to process): 162M, peak: 167M
current process commit charge ("private bytes"): 194M, peak: 198M

vm_info: OpenJDK 64-Bit Server VM (18.0.2+9-FR) for windows-amd64 JRE (18.0.2+9-FR), built on Jul 15 2022 20:03:03 by "Administrator" with MS VC++ 15.9 (VS2017)

END.
