#
# There is insufficient memory for the Java Runtime Environment to continue.
# Native memory allocation (malloc) failed to allocate 541456 bytes for Chunk::new
# Possible reasons:
#   The system is out of physical RAM or swap space
#   The process is running with CompressedOops enabled, and the Java Heap may be blocking the growth of the native heap
# Possible solutions:
#   Reduce memory load on the system
#   Increase physical memory or swap space
#   Check if swap backing store is full
#   Decrease Java heap size (-Xmx/-Xms)
#   Decrease number of Java threads
#   Decrease Java thread stack sizes (-Xss)
#   Set larger code cache with -XX:ReservedCodeCacheSize=
#   JVM is running with Unscaled Compressed Oops mode in which the Java heap is
#     placed in the first 4GB address space. The Java Heap base address is the
#     maximum limit for the native heap growth. Please use -XX:HeapBaseMinAddress
#     to set the Java Heap base and to place the Java Heap above 4GB virtual address.
# This output file may be truncated or incomplete.
#
#  Out of Memory Error (arena.cpp:184), pid=2856, tid=5768
#
# JRE version: OpenJDK Runtime Environment Corretto-18.0.2.9.1 (18.0.2+9) (build 18.0.2+9-FR)
# Java VM: OpenJDK 64-Bit Server VM Corretto-18.0.2.9.1 (18.0.2+9-FR, mixed mode, sharing, tiered, compressed oops, compressed class ptrs, g1 gc, windows-amd64)
# No core dump will be written. Minidumps are not enabled by default on client versions of Windows
#

---------------  S U M M A R Y ------------

Command Line: -javaagent:C:\Program Files\JetBrains\IntelliJ IDEA Community Edition 2021.3.3\lib\idea_rt.jar=55106:C:\Program Files\JetBrains\IntelliJ IDEA Community Edition 2021.3.3\bin -Dfile.encoding=UTF-8 com.smart_host.hotelallocation.HotelallocationApplication

Host: Intel(R) Core(TM) i3-6006U CPU @ 2.00GHz, 4 cores, 3G,  Windows 10 , 64 bit Build 19041 (10.0.19041.4597)
Time: Thu Jul 18 14:05:40 2024 W. Europe Daylight Time elapsed time: 4.097446 seconds (0d 0h 0m 4s)

---------------  T H R E A D  ---------------

Current thread (0x000001eba55608a0):  JavaThread "C2 CompilerThread0" daemon [_thread_in_native, id=5768, stack(0x0000007a2b900000,0x0000007a2ba00000)]


Current CompileTask:
C2:   4097 1614       4       jdk.internal.loader.URLClassPath::getResource (74 bytes)

Stack: [0x0000007a2b900000,0x0000007a2ba00000]
Native frames: (J=compiled Java code, j=interpreted, Vv=VM code, C=native code)
V  [jvm.dll+0x685a2a]
V  [jvm.dll+0x82ae8d]
V  [jvm.dll+0x82c75e]
V  [jvm.dll+0x82ce03]
V  [jvm.dll+0x25ef4b]
V  [jvm.dll+0xd42d2]
V  [jvm.dll+0xd4665]
V  [jvm.dll+0x385751]
V  [jvm.dll+0x34d82a]
V  [jvm.dll+0x34cc1a]
V  [jvm.dll+0x233a65]
V  [jvm.dll+0x232f37]
V  [jvm.dll+0x1c0a35]
V  [jvm.dll+0x24212c]
V  [jvm.dll+0x240534]
V  [jvm.dll+0x7df6db]
V  [jvm.dll+0x7d9cba]
V  [jvm.dll+0x6848a5]
C  [ucrtbase.dll+0x21bb2]
C  [KERNEL32.DLL+0x17374]
C  [ntdll.dll+0x4cc91]


---------------  P R O C E S S  ---------------

Threads class SMR info:
_java_thread_list=0x000001ebaa3d18e0, length=16, elements={
0x000001eb89ffa920, 0x000001eba5546d20, 0x000001eba5547980, 0x000001eba555def0,
0x000001eba555e890, 0x000001eba555f230, 0x000001eba555fbd0, 0x000001eba55608a0,
0x000001eba55ad7a0, 0x000001eba55d4560, 0x000001eba564e040, 0x000001eba9844f60,
0x000001eba9845420, 0x000001ebaa2d2e40, 0x000001ebaa2d63c0, 0x000001ebaa5b8bb0
}

Java Threads: ( => current thread )
  0x000001eb89ffa920 JavaThread "main" [_thread_blocked, id=10388, stack(0x0000007a2ac00000,0x0000007a2ad00000)]
  0x000001eba5546d20 JavaThread "Reference Handler" daemon [_thread_blocked, id=12560, stack(0x0000007a2b300000,0x0000007a2b400000)]
  0x000001eba5547980 JavaThread "Finalizer" daemon [_thread_blocked, id=11172, stack(0x0000007a2b400000,0x0000007a2b500000)]
  0x000001eba555def0 JavaThread "Signal Dispatcher" daemon [_thread_blocked, id=3660, stack(0x0000007a2b500000,0x0000007a2b600000)]
  0x000001eba555e890 JavaThread "Attach Listener" daemon [_thread_blocked, id=3432, stack(0x0000007a2b600000,0x0000007a2b700000)]
  0x000001eba555f230 JavaThread "Service Thread" daemon [_thread_blocked, id=12564, stack(0x0000007a2b700000,0x0000007a2b800000)]
  0x000001eba555fbd0 JavaThread "Monitor Deflation Thread" daemon [_thread_blocked, id=7416, stack(0x0000007a2b800000,0x0000007a2b900000)]
=>0x000001eba55608a0 JavaThread "C2 CompilerThread0" daemon [_thread_in_native, id=5768, stack(0x0000007a2b900000,0x0000007a2ba00000)]
  0x000001eba55ad7a0 JavaThread "C1 CompilerThread0" daemon [_thread_blocked, id=14268, stack(0x0000007a2ba00000,0x0000007a2bb00000)]
  0x000001eba55d4560 JavaThread "Sweeper thread" daemon [_thread_blocked, id=6068, stack(0x0000007a2bb00000,0x0000007a2bc00000)]
  0x000001eba564e040 JavaThread "Common-Cleaner" daemon [_thread_blocked, id=9024, stack(0x0000007a2bc00000,0x0000007a2bd00000)]
  0x000001eba9844f60 JavaThread "Monitor Ctrl-Break" daemon [_thread_in_native, id=12976, stack(0x0000007a2bd00000,0x0000007a2be00000)]
  0x000001eba9845420 JavaThread "Notification Thread" daemon [_thread_blocked, id=1188, stack(0x0000007a2be00000,0x0000007a2bf00000)]
  0x000001ebaa2d2e40 JavaThread "Thread-0" [_thread_blocked, id=9408, stack(0x0000007a2c300000,0x0000007a2c400000)]
  0x000001ebaa2d63c0 JavaThread "restartedMain" [_thread_in_Java, id=2300, stack(0x0000007a2c400000,0x0000007a2c500000)]
  0x000001ebaa5b8bb0 JavaThread "background-preinit" [_thread_in_vm, id=10380, stack(0x0000007a2c500000,0x0000007a2c600000)]

Other Threads:
  0x000001eba5543580 VMThread "VM Thread" [stack: 0x0000007a2b200000,0x0000007a2b300000] [id=11736]
  0x000001eba9b6ed60 WatcherThread "VM Periodic Task Thread" [stack: 0x0000007a2bf00000,0x0000007a2c000000] [id=4492]
  0x000001eb8a03a5c0 WorkerThread "GC Thread#0" [stack: 0x0000007a2ad00000,0x0000007a2ae00000] [id=12668]
  0x000001eba9d9c810 WorkerThread "GC Thread#1" [stack: 0x0000007a2c000000,0x0000007a2c100000] [id=9288]
  0x000001eba9dbce80 WorkerThread "GC Thread#2" [stack: 0x0000007a2c100000,0x0000007a2c200000] [id=11404]
  0x000001ebaa175930 WorkerThread "GC Thread#3" [stack: 0x0000007a2c200000,0x0000007a2c300000] [id=14248]
  0x000001eb8a044280 ConcurrentGCThread "G1 Main Marker" [stack: 0x0000007a2ae00000,0x0000007a2af00000] [id=1772]
  0x000001eb8a044c70 WorkerThread "G1 Conc#0" [stack: 0x0000007a2af00000,0x0000007a2b000000] [id=2840]
  0x000001eb8a06bb40 ConcurrentGCThread "G1 Refine#0" [stack: 0x0000007a2b000000,0x0000007a2b100000] [id=3536]
  0x000001eb8a06c450 ConcurrentGCThread "G1 Service" [stack: 0x0000007a2b100000,0x0000007a2b200000] [id=4640]

Threads with active compile tasks:
C2 CompilerThread0     4173 1614       4       jdk.internal.loader.URLClassPath::getResource (74 bytes)

VM state: not at safepoint (normal execution)

VM Mutex/Monitor currently owned by a thread: None

Heap address: 0x00000000c1400000, size: 1004 MB, Compressed Oops mode: 32-bit

CDS archive(s) mapped at: [0x0000000800000000-0x0000000800ba0000-0x0000000800ba0000), size 12189696, SharedBaseAddress: 0x0000000800000000, ArchiveRelocationMode: 0.
Compressed class space mapped at: 0x0000000800c00000-0x0000000840c00000, reserved size: 1073741824
Narrow klass base: 0x0000000800000000, Narrow klass shift: 0, Narrow klass range: 0x100000000

GC Precious Log:
 CardTable entry size: 512
 Card Set container configuration: InlinePtr #cards 5 size 8 Array Of Cards #cards 12 size 40 Howl #buckets 4 coarsen threshold 1843 Howl Bitmap #cards 512 size 80 coarsen threshold 460 Card regions per heap region 1 cards per card region 2048
 CPUs: 4 total, 4 available
 Memory: 4012M
 Large Page Support: Disabled
 NUMA Support: Disabled
 Compressed Oops: Enabled (32-bit)
 Heap Region Size: 1M
 Heap Min Capacity: 8M
 Heap Initial Capacity: 64M
 Heap Max Capacity: 1004M
 Pre-touch: Disabled
 Parallel Workers: 4
 Concurrent Workers: 1
 Concurrent Refinement Workers: 4
 Periodic GC: Disabled

Heap:
 garbage-first heap   total 65536K, used 15284K [0x00000000c1400000, 0x0000000100000000)
  region size 1024K, 13 young (13312K), 1 survivors (1024K)
 Metaspace       used 10025K, committed 10304K, reserved 1114112K
  class space    used 1206K, committed 1344K, reserved 1048576K

Heap Regions: E=young(eden), S=young(survivor), O=old, HS=humongous(starts), HC=humongous(continues), CS=collection set, F=free, OA=open archive, CA=closed archive, TAMS=top-at-mark-start (previous, next)
|   0|0x00000000c1400000, 0x00000000c1500000, 0x00000000c1500000|100%| O|  |TAMS 0x00000000c1400000, 0x00000000c1400000| Untracked 
|   1|0x00000000c1500000, 0x00000000c1600000, 0x00000000c1600000|100%| O|  |TAMS 0x00000000c1500000, 0x00000000c1500000| Untracked 
|   2|0x00000000c1600000, 0x00000000c1700000, 0x00000000c1700000|100%| O|  |TAMS 0x00000000c1600000, 0x00000000c1600000| Untracked 
|   3|0x00000000c1700000, 0x00000000c1800000, 0x00000000c1800000|100%| O|  |TAMS 0x00000000c1700000, 0x00000000c1700000| Untracked 
|   4|0x00000000c1800000, 0x00000000c1800000, 0x00000000c1900000|  0%| F|  |TAMS 0x00000000c1800000, 0x00000000c1800000| Untracked 
|   5|0x00000000c1900000, 0x00000000c1900000, 0x00000000c1a00000|  0%| F|  |TAMS 0x00000000c1900000, 0x00000000c1900000| Untracked 
|   6|0x00000000c1a00000, 0x00000000c1a00000, 0x00000000c1b00000|  0%| F|  |TAMS 0x00000000c1a00000, 0x00000000c1a00000| Untracked 
|   7|0x00000000c1b00000, 0x00000000c1b00000, 0x00000000c1c00000|  0%| F|  |TAMS 0x00000000c1b00000, 0x00000000c1b00000| Untracked 
|   8|0x00000000c1c00000, 0x00000000c1c00000, 0x00000000c1d00000|  0%| F|  |TAMS 0x00000000c1c00000, 0x00000000c1c00000| Untracked 
|   9|0x00000000c1d00000, 0x00000000c1d00000, 0x00000000c1e00000|  0%| F|  |TAMS 0x00000000c1d00000, 0x00000000c1d00000| Untracked 
|  10|0x00000000c1e00000, 0x00000000c1e00000, 0x00000000c1f00000|  0%| F|  |TAMS 0x00000000c1e00000, 0x00000000c1e00000| Untracked 
|  11|0x00000000c1f00000, 0x00000000c1f00000, 0x00000000c2000000|  0%| F|  |TAMS 0x00000000c1f00000, 0x00000000c1f00000| Untracked 
|  12|0x00000000c2000000, 0x00000000c2000000, 0x00000000c2100000|  0%| F|  |TAMS 0x00000000c2000000, 0x00000000c2000000| Untracked 
|  13|0x00000000c2100000, 0x00000000c2100000, 0x00000000c2200000|  0%| F|  |TAMS 0x00000000c2100000, 0x00000000c2100000| Untracked 
|  14|0x00000000c2200000, 0x00000000c2200000, 0x00000000c2300000|  0%| F|  |TAMS 0x00000000c2200000, 0x00000000c2200000| Untracked 
|  15|0x00000000c2300000, 0x00000000c2300000, 0x00000000c2400000|  0%| F|  |TAMS 0x00000000c2300000, 0x00000000c2300000| Untracked 
|  16|0x00000000c2400000, 0x00000000c2400000, 0x00000000c2500000|  0%| F|  |TAMS 0x00000000c2400000, 0x00000000c2400000| Untracked 
|  17|0x00000000c2500000, 0x00000000c2500000, 0x00000000c2600000|  0%| F|  |TAMS 0x00000000c2500000, 0x00000000c2500000| Untracked 
|  18|0x00000000c2600000, 0x00000000c2600000, 0x00000000c2700000|  0%| F|  |TAMS 0x00000000c2600000, 0x00000000c2600000| Untracked 
|  19|0x00000000c2700000, 0x00000000c2700000, 0x00000000c2800000|  0%| F|  |TAMS 0x00000000c2700000, 0x00000000c2700000| Untracked 
|  20|0x00000000c2800000, 0x00000000c2800000, 0x00000000c2900000|  0%| F|  |TAMS 0x00000000c2800000, 0x00000000c2800000| Untracked 
|  21|0x00000000c2900000, 0x00000000c2900000, 0x00000000c2a00000|  0%| F|  |TAMS 0x00000000c2900000, 0x00000000c2900000| Untracked 
|  22|0x00000000c2a00000, 0x00000000c2a00000, 0x00000000c2b00000|  0%| F|  |TAMS 0x00000000c2a00000, 0x00000000c2a00000| Untracked 
|  23|0x00000000c2b00000, 0x00000000c2b00000, 0x00000000c2c00000|  0%| F|  |TAMS 0x00000000c2b00000, 0x00000000c2b00000| Untracked 
|  24|0x00000000c2c00000, 0x00000000c2c00000, 0x00000000c2d00000|  0%| F|  |TAMS 0x00000000c2c00000, 0x00000000c2c00000| Untracked 
|  25|0x00000000c2d00000, 0x00000000c2d00000, 0x00000000c2e00000|  0%| F|  |TAMS 0x00000000c2d00000, 0x00000000c2d00000| Untracked 
|  26|0x00000000c2e00000, 0x00000000c2e00000, 0x00000000c2f00000|  0%| F|  |TAMS 0x00000000c2e00000, 0x00000000c2e00000| Untracked 
|  27|0x00000000c2f00000, 0x00000000c2f00000, 0x00000000c3000000|  0%| F|  |TAMS 0x00000000c2f00000, 0x00000000c2f00000| Untracked 
|  28|0x00000000c3000000, 0x00000000c3000000, 0x00000000c3100000|  0%| F|  |TAMS 0x00000000c3000000, 0x00000000c3000000| Untracked 
|  29|0x00000000c3100000, 0x00000000c3100000, 0x00000000c3200000|  0%| F|  |TAMS 0x00000000c3100000, 0x00000000c3100000| Untracked 
|  30|0x00000000c3200000, 0x00000000c3200000, 0x00000000c3300000|  0%| F|  |TAMS 0x00000000c3200000, 0x00000000c3200000| Untracked 
|  31|0x00000000c3300000, 0x00000000c3300000, 0x00000000c3400000|  0%| F|  |TAMS 0x00000000c3300000, 0x00000000c3300000| Untracked 
|  32|0x00000000c3400000, 0x00000000c3400000, 0x00000000c3500000|  0%| F|  |TAMS 0x00000000c3400000, 0x00000000c3400000| Untracked 
|  33|0x00000000c3500000, 0x00000000c3500000, 0x00000000c3600000|  0%| F|  |TAMS 0x00000000c3500000, 0x00000000c3500000| Untracked 
|  34|0x00000000c3600000, 0x00000000c3600000, 0x00000000c3700000|  0%| F|  |TAMS 0x00000000c3600000, 0x00000000c3600000| Untracked 
|  35|0x00000000c3700000, 0x00000000c3700000, 0x00000000c3800000|  0%| F|  |TAMS 0x00000000c3700000, 0x00000000c3700000| Untracked 
|  36|0x00000000c3800000, 0x00000000c3800000, 0x00000000c3900000|  0%| F|  |TAMS 0x00000000c3800000, 0x00000000c3800000| Untracked 
|  37|0x00000000c3900000, 0x00000000c3900000, 0x00000000c3a00000|  0%| F|  |TAMS 0x00000000c3900000, 0x00000000c3900000| Untracked 
|  38|0x00000000c3a00000, 0x00000000c3a00000, 0x00000000c3b00000|  0%| F|  |TAMS 0x00000000c3a00000, 0x00000000c3a00000| Untracked 
|  39|0x00000000c3b00000, 0x00000000c3b00000, 0x00000000c3c00000|  0%| F|  |TAMS 0x00000000c3b00000, 0x00000000c3b00000| Untracked 
|  40|0x00000000c3c00000, 0x00000000c3c00000, 0x00000000c3d00000|  0%| F|  |TAMS 0x00000000c3c00000, 0x00000000c3c00000| Untracked 
|  41|0x00000000c3d00000, 0x00000000c3d00000, 0x00000000c3e00000|  0%| F|  |TAMS 0x00000000c3d00000, 0x00000000c3d00000| Untracked 
|  42|0x00000000c3e00000, 0x00000000c3e00000, 0x00000000c3f00000|  0%| F|  |TAMS 0x00000000c3e00000, 0x00000000c3e00000| Untracked 
|  43|0x00000000c3f00000, 0x00000000c3f00000, 0x00000000c4000000|  0%| F|  |TAMS 0x00000000c3f00000, 0x00000000c3f00000| Untracked 
|  44|0x00000000c4000000, 0x00000000c4000000, 0x00000000c4100000|  0%| F|  |TAMS 0x00000000c4000000, 0x00000000c4000000| Untracked 
|  45|0x00000000c4100000, 0x00000000c4100000, 0x00000000c4200000|  0%| F|  |TAMS 0x00000000c4100000, 0x00000000c4100000| Untracked 
|  46|0x00000000c4200000, 0x00000000c4200000, 0x00000000c4300000|  0%| F|  |TAMS 0x00000000c4200000, 0x00000000c4200000| Untracked 
|  47|0x00000000c4300000, 0x00000000c4300000, 0x00000000c4400000|  0%| F|  |TAMS 0x00000000c4300000, 0x00000000c4300000| Untracked 
|  48|0x00000000c4400000, 0x00000000c4400000, 0x00000000c4500000|  0%| F|  |TAMS 0x00000000c4400000, 0x00000000c4400000| Untracked 
|  49|0x00000000c4500000, 0x00000000c4500000, 0x00000000c4600000|  0%| F|  |TAMS 0x00000000c4500000, 0x00000000c4500000| Untracked 
|  50|0x00000000c4600000, 0x00000000c4600000, 0x00000000c4700000|  0%| F|  |TAMS 0x00000000c4600000, 0x00000000c4600000| Untracked 
|  51|0x00000000c4700000, 0x00000000c47ed3c0, 0x00000000c4800000| 92%| S|CS|TAMS 0x00000000c4700000, 0x00000000c4700000| Complete 
|  52|0x00000000c4800000, 0x00000000c4881b28, 0x00000000c4900000| 50%| E|  |TAMS 0x00000000c4800000, 0x00000000c4800000| Complete 
|  53|0x00000000c4900000, 0x00000000c4a00000, 0x00000000c4a00000|100%| E|CS|TAMS 0x00000000c4900000, 0x00000000c4900000| Complete 
|  54|0x00000000c4a00000, 0x00000000c4b00000, 0x00000000c4b00000|100%| E|CS|TAMS 0x00000000c4a00000, 0x00000000c4a00000| Complete 
|  55|0x00000000c4b00000, 0x00000000c4c00000, 0x00000000c4c00000|100%| E|CS|TAMS 0x00000000c4b00000, 0x00000000c4b00000| Complete 
|  56|0x00000000c4c00000, 0x00000000c4d00000, 0x00000000c4d00000|100%| E|  |TAMS 0x00000000c4c00000, 0x00000000c4c00000| Complete 
|  57|0x00000000c4d00000, 0x00000000c4e00000, 0x00000000c4e00000|100%| E|CS|TAMS 0x00000000c4d00000, 0x00000000c4d00000| Complete 
|  58|0x00000000c4e00000, 0x00000000c4f00000, 0x00000000c4f00000|100%| E|CS|TAMS 0x00000000c4e00000, 0x00000000c4e00000| Complete 
|  59|0x00000000c4f00000, 0x00000000c5000000, 0x00000000c5000000|100%| E|CS|TAMS 0x00000000c4f00000, 0x00000000c4f00000| Complete 
|  60|0x00000000c5000000, 0x00000000c5100000, 0x00000000c5100000|100%| E|CS|TAMS 0x00000000c5000000, 0x00000000c5000000| Complete 
|  61|0x00000000c5100000, 0x00000000c5200000, 0x00000000c5200000|100%| E|CS|TAMS 0x00000000c5100000, 0x00000000c5100000| Complete 
|  62|0x00000000c5200000, 0x00000000c5300000, 0x00000000c5300000|100%| E|CS|TAMS 0x00000000c5200000, 0x00000000c5200000| Complete 
|  63|0x00000000c5300000, 0x00000000c5400000, 0x00000000c5400000|100%| E|CS|TAMS 0x00000000c5300000, 0x00000000c5300000| Complete 

Card table byte_map: [0x000001eba0dc0000,0x000001eba0fc0000] _byte_map_base: 0x000001eba07b6000

Marking Bits (Prev, Next): (CMBitMap*) 0x000001eb8a03bbd0, (CMBitMap*) 0x000001eb8a03bc10
 Prev Bits: [0x000001eba11c0000, 0x000001eba2170000)
 Next Bits: [0x000001eba2170000, 0x000001eba3120000)

Polling page: 0x000001eb87f80000

Metaspace:

Usage:
  Non-class:      8.63 MB used.
      Class:      1.18 MB used.
       Both:      9.81 MB used.

Virtual space:
  Non-class space:       64.00 MB reserved,       8.81 MB ( 14%) committed,  1 nodes.
      Class space:        1.00 GB reserved,       1.31 MB ( <1%) committed,  1 nodes.
             Both:        1.06 GB reserved,      10.13 MB ( <1%) committed. 

Chunk freelists:
   Non-Class:  2.73 MB
       Class:  2.59 MB
        Both:  5.33 MB

MaxMetaspaceSize: unlimited
CompressedClassSpaceSize: 1.00 GB
Initial GC threshold: 21.00 MB
Current GC threshold: 21.00 MB
CDS: on
MetaspaceReclaimPolicy: balanced
 - commit_granule_bytes: 65536.
 - commit_granule_words: 8192.
 - virtual_space_node_default_size: 8388608.
 - enlarge_chunks_in_place: 1.
 - new_chunks_are_fully_committed: 0.
 - uncommit_free_chunks: 1.
 - use_allocation_guard: 0.


Internal statistics:

num_allocs_failed_limit: 0.
num_arena_births: 218.
num_arena_deaths: 0.
num_vsnodes_births: 2.
num_vsnodes_deaths: 0.
num_space_committed: 162.
num_space_uncommitted: 0.
num_chunks_returned_to_freelist: 0.
num_chunks_taken_from_freelist: 514.
num_chunk_merges: 0.
num_chunk_splits: 341.
num_chunks_enlarged: 256.
num_inconsistent_stats: 0.

CodeHeap 'non-profiled nmethods': size=120000Kb used=529Kb max_used=529Kb free=119470Kb
 bounds [0x000001eb99690000, 0x000001eb99900000, 0x000001eba0bc0000]
CodeHeap 'profiled nmethods': size=120000Kb used=2943Kb max_used=2943Kb free=117056Kb
 bounds [0x000001eb92160000, 0x000001eb92440000, 0x000001eb99690000]
CodeHeap 'non-nmethods': size=5760Kb used=1173Kb max_used=1191Kb free=4586Kb
 bounds [0x000001eb91bc0000, 0x000001eb91e30000, 0x000001eb92160000]
 total_blobs=2078 nmethods=1625 adapters=365
 compilation: enabled
              stopped_count=0, restarted_count=0
 full_count=0

Compilation events (20 events):
Event: 4.003 Thread 0x000001eba55ad7a0 nmethod 1608 0x000001eb9242fb10 code [0x000001eb9242fcc0, 0x000001eb92430068]
Event: 4.003 Thread 0x000001eba55ad7a0 1611       3       org.springframework.core.ResolvableType::equals (143 bytes)
Event: 4.004 Thread 0x000001eba55ad7a0 nmethod 1611 0x000001eb92430190 code [0x000001eb92430400, 0x000001eb92430fb8]
Event: 4.004 Thread 0x000001eba55ad7a0 1612       3       org.springframework.core.ResolvableType::equalsType (34 bytes)
Event: 4.004 Thread 0x000001eba55ad7a0 nmethod 1612 0x000001eb92431210 code [0x000001eb924313c0, 0x000001eb924315d8]
Event: 4.004 Thread 0x000001eba55ad7a0 1607       3       org.springframework.core.convert.support.GenericConversionService::invalidateCache (10 bytes)
Event: 4.005 Thread 0x000001eba55ad7a0 nmethod 1607 0x000001eb92431710 code [0x000001eb924318c0, 0x000001eb92431a88]
Event: 4.005 Thread 0x000001eba55ad7a0 1613       3       java.util.concurrent.ConcurrentLinkedDeque::linkFirst (114 bytes)
Event: 4.012 Thread 0x000001eba55ad7a0 nmethod 1613 0x000001eb92431b90 code [0x000001eb92432080, 0x000001eb92434788]
Event: 4.012 Thread 0x000001eba55ad7a0 1605       3       org.springframework.core.convert.support.GenericConversionService::addConverter (13 bytes)
Event: 4.012 Thread 0x000001eba55ad7a0 nmethod 1605 0x000001eb92435410 code [0x000001eb924355c0, 0x000001eb92435858]
Event: 4.012 Thread 0x000001eba55ad7a0 1610       3       org.springframework.core.convert.support.GenericConversionService$Converters$$Lambda$105/0x0000000800ca0400::apply (8 bytes)
Event: 4.013 Thread 0x000001eba55ad7a0 nmethod 1610 0x000001eb92435990 code [0x000001eb92435b80, 0x000001eb924362b8]
Event: 4.013 Thread 0x000001eba55608a0 1614       4       jdk.internal.loader.URLClassPath::getResource (74 bytes)
Event: 4.021 Thread 0x000001eba55ad7a0 1615       3       java.util.BitSet::wordIndex (5 bytes)
Event: 4.022 Thread 0x000001eba55ad7a0 nmethod 1615 0x000001eb92436510 code [0x000001eb924366a0, 0x000001eb92436798]
Event: 4.022 Thread 0x000001eba55ad7a0 1616       3       java.util.BitSet::checkInvariants (111 bytes)
Event: 4.022 Thread 0x000001eba55ad7a0 nmethod 1616 0x000001eb92436810 code [0x000001eb924369a0, 0x000001eb92436ad8]
Event: 4.032 Thread 0x000001eba55ad7a0 1617       3       java.util.BitSet::get (69 bytes)
Event: 4.033 Thread 0x000001eba55ad7a0 nmethod 1617 0x000001eb92436b90 code [0x000001eb92436de0, 0x000001eb924375e8]

GC Heap History (4 events):
Event: 2.158 GC heap before
{Heap before GC invocations=0 (full 0):
 garbage-first heap   total 65536K, used 13312K [0x00000000c1400000, 0x0000000100000000)
  region size 1024K, 13 young (13312K), 0 survivors (0K)
 Metaspace       used 4128K, committed 4352K, reserved 1114112K
  class space    used 446K, committed 576K, reserved 1048576K
}
Event: 2.189 GC heap after
{Heap after GC invocations=1 (full 0):
 garbage-first heap   total 65536K, used 4051K [0x00000000c1400000, 0x0000000100000000)
  region size 1024K, 2 young (2048K), 2 survivors (2048K)
 Metaspace       used 4128K, committed 4352K, reserved 1114112K
  class space    used 446K, committed 576K, reserved 1048576K
}
Event: 3.317 GC heap before
{Heap before GC invocations=1 (full 0):
 garbage-first heap   total 65536K, used 15315K [0x00000000c1400000, 0x0000000100000000)
  region size 1024K, 14 young (14336K), 2 survivors (2048K)
 Metaspace       used 7180K, committed 7296K, reserved 1114112K
  class space    used 842K, committed 896K, reserved 1048576K
}
Event: 3.323 GC heap after
{Heap after GC invocations=2 (full 0):
 garbage-first heap   total 65536K, used 5044K [0x00000000c1400000, 0x0000000100000000)
  region size 1024K, 1 young (1024K), 1 survivors (1024K)
 Metaspace       used 7180K, committed 7296K, reserved 1114112K
  class space    used 842K, committed 896K, reserved 1048576K
}

Deoptimization events (20 events):
Event: 2.771 Thread 0x000001ebaa2d63c0 DEOPT PACKING pc=0x000001eb996e0b24 sp=0x0000007a2c4fdff0
Event: 2.771 Thread 0x000001ebaa2d63c0 DEOPT UNPACKING pc=0x000001eb91c123a3 sp=0x0000007a2c4fdf20 mode 2
Event: 2.956 Thread 0x000001ebaa2d63c0 DEOPT PACKING pc=0x000001eb9219fec7 sp=0x0000007a2c4fdd90
Event: 2.956 Thread 0x000001ebaa2d63c0 DEOPT UNPACKING pc=0x000001eb91c12b43 sp=0x0000007a2c4fd268 mode 0
Event: 3.501 Thread 0x000001ebaa2d63c0 Uncommon trap: trap_request=0xffffff45 fr.pc=0x000001eb996c1200 relative=0x0000000000000260
Event: 3.501 Thread 0x000001ebaa2d63c0 Uncommon trap: reason=unstable_if action=reinterpret pc=0x000001eb996c1200 method=java.lang.String.startsWith(Ljava/lang/String;I)Z @ 1 c2
Event: 3.501 Thread 0x000001ebaa2d63c0 DEOPT PACKING pc=0x000001eb996c1200 sp=0x0000007a2c4fe580
Event: 3.502 Thread 0x000001ebaa2d63c0 DEOPT UNPACKING pc=0x000001eb91c123a3 sp=0x0000007a2c4fe4e8 mode 2
Event: 3.562 Thread 0x000001ebaa2d63c0 Uncommon trap: trap_request=0xffffffc6 fr.pc=0x000001eb997021b4 relative=0x0000000000000354
Event: 3.562 Thread 0x000001ebaa2d63c0 Uncommon trap: reason=bimorphic_or_optimized_type_check action=maybe_recompile pc=0x000001eb997021b4 method=java.util.HashMap.getNode(Ljava/lang/Object;)Ljava/util/HashMap$Node; @ 63 c2
Event: 3.562 Thread 0x000001ebaa2d63c0 DEOPT PACKING pc=0x000001eb997021b4 sp=0x0000007a2c4fe6d0
Event: 3.562 Thread 0x000001ebaa2d63c0 DEOPT UNPACKING pc=0x000001eb91c123a3 sp=0x0000007a2c4fe648 mode 2
Event: 3.562 Thread 0x000001ebaa2d63c0 Uncommon trap: trap_request=0xffffffc6 fr.pc=0x000001eb997021b4 relative=0x0000000000000354
Event: 3.562 Thread 0x000001ebaa2d63c0 Uncommon trap: reason=bimorphic_or_optimized_type_check action=maybe_recompile pc=0x000001eb997021b4 method=java.util.HashMap.getNode(Ljava/lang/Object;)Ljava/util/HashMap$Node; @ 63 c2
Event: 3.562 Thread 0x000001ebaa2d63c0 DEOPT PACKING pc=0x000001eb997021b4 sp=0x0000007a2c4fe6d0
Event: 3.562 Thread 0x000001ebaa2d63c0 DEOPT UNPACKING pc=0x000001eb91c123a3 sp=0x0000007a2c4fe648 mode 2
Event: 3.575 Thread 0x000001ebaa2d63c0 Uncommon trap: trap_request=0xffffffc6 fr.pc=0x000001eb997021b4 relative=0x0000000000000354
Event: 3.575 Thread 0x000001ebaa2d63c0 Uncommon trap: reason=bimorphic_or_optimized_type_check action=maybe_recompile pc=0x000001eb997021b4 method=java.util.HashMap.getNode(Ljava/lang/Object;)Ljava/util/HashMap$Node; @ 63 c2
Event: 3.575 Thread 0x000001ebaa2d63c0 DEOPT PACKING pc=0x000001eb997021b4 sp=0x0000007a2c4fe6d0
Event: 3.575 Thread 0x000001ebaa2d63c0 DEOPT UNPACKING pc=0x000001eb91c123a3 sp=0x0000007a2c4fe648 mode 2

Classes loaded (20 events):
Event: 3.722 Loading class java/util/Stack
Event: 3.722 Loading class java/util/Stack done
Event: 3.725 Loading class java/util/Vector$Itr
Event: 3.725 Loading class java/util/Vector$Itr done
Event: 3.897 Loading class java/io/Console
Event: 3.899 Loading class java/io/Console done
Event: 3.899 Loading class java/io/Console$2
Event: 3.899 Loading class jdk/internal/access/JavaIOAccess
Event: 3.899 Loading class jdk/internal/access/JavaIOAccess done
Event: 3.900 Loading class java/io/Console$2 done
Event: 3.967 Loading class java/util/zip/ZipException
Event: 3.968 Loading class java/util/zip/ZipException done
Event: 3.968 Loading class java/nio/file/FileSystemNotFoundException
Event: 3.968 Loading class java/nio/file/FileSystemNotFoundException done
Event: 4.027 Loading class java/lang/StrictMath
Event: 4.028 Loading class java/lang/StrictMath done
Event: 4.066 Loading class java/io/NotSerializableException
Event: 4.066 Loading class java/io/ObjectStreamException
Event: 4.067 Loading class java/io/ObjectStreamException done
Event: 4.067 Loading class java/io/NotSerializableException done

Classes unloaded (0 events):
No events

Classes redefined (0 events):
No events

Internal exceptions (20 events):
Event: 3.286 Thread 0x000001ebaa2d63c0 Exception <a 'java/lang/NoSuchMethodError'{0x00000000c48ad100}: 'java.lang.Object java.lang.invoke.DirectMethodHandle$Holder.invokeSpecial(java.lang.Object, java.lang.Object, java.lang.Object, java.lang.Object, java.lang.Object, java.lang.Object, int)'> (0x00000000c48ad100) 
thrown [s\src\hotspot\share\interpreter\linkResolver.cpp, line 759]
Event: 3.288 Thread 0x000001ebaa2d63c0 Exception <a 'java/lang/NoSuchMethodError'{0x00000000c48b7a70}: 'java.lang.Object java.lang.invoke.DirectMethodHandle$Holder.newInvokeSpecial(java.lang.Object, java.lang.Object, java.lang.Object, java.lang.Object, java.lang.Object, java.lang.Object, int)'> (0x00000000c48b7a70) 
thrown [s\src\hotspot\share\interpreter\linkResolver.cpp, line 759]
Event: 3.289 Thread 0x000001ebaa2d63c0 Exception <a 'java/lang/NoSuchMethodError'{0x00000000c48bcac0}: 'java.lang.Object java.lang.invoke.DirectMethodHandle$Holder.invokeSpecial(java.lang.Object, java.lang.Object, java.lang.Object, java.lang.Object, java.lang.Object, java.lang.Object, java.lang.Object, int)'> (0x00000000c48bcac0) 
thrown [s\src\hotspot\share\interpreter\linkResolver.cpp, line 759]
Event: 3.390 Thread 0x000001ebaa2d63c0 Exception <a 'java/lang/NoSuchMethodError'{0x00000000c5201228}: 'int java.lang.invoke.DirectMethodHandle$Holder.invokeInterface(java.lang.Object, java.lang.Object)'> (0x00000000c5201228) 
thrown [s\src\hotspot\share\interpreter\linkResolver.cpp, line 759]
Event: 3.401 Thread 0x000001ebaa2d63c0 Exception <a 'java/lang/NoSuchMethodError'{0x00000000c5227688}: 'void java.lang.invoke.DirectMethodHandle$Holder.invokeSpecial(java.lang.Object, java.lang.Object, java.lang.Object, java.lang.Object, java.lang.Object)'> (0x00000000c5227688) 
thrown [s\src\hotspot\share\interpreter\linkResolver.cpp, line 759]
Event: 3.473 Thread 0x000001ebaa2d63c0 Exception <a 'java/lang/NoSuchMethodError'{0x00000000c5108378}: 'java.lang.Object java.lang.invoke.DirectMethodHandle$Holder.invokeSpecial(java.lang.Object, java.lang.Object, java.lang.Object, int, java.lang.Object)'> (0x00000000c5108378) 
thrown [s\src\hotspot\share\interpreter\linkResolver.cpp, line 759]
Event: 3.474 Thread 0x000001ebaa2d63c0 Exception <a 'java/lang/NoSuchMethodError'{0x00000000c51109d8}: 'java.lang.Object java.lang.invoke.DirectMethodHandle$Holder.newInvokeSpecial(java.lang.Object, java.lang.Object, java.lang.Object, int, java.lang.Object)'> (0x00000000c51109d8) 
thrown [s\src\hotspot\share\interpreter\linkResolver.cpp, line 759]
Event: 3.476 Thread 0x000001ebaa2d63c0 Exception <a 'java/lang/NoSuchMethodError'{0x00000000c51183b8}: 'java.lang.Object java.lang.invoke.Invokers$Holder.linkToTargetMethod(java.lang.Object, java.lang.Object, int, java.lang.Object, java.lang.Object)'> (0x00000000c51183b8) 
thrown [s\src\hotspot\share\interpreter\linkResolver.cpp, line 759]
Event: 3.479 Thread 0x000001ebaa2d63c0 Exception <a 'java/lang/NoSuchMethodError'{0x00000000c5127620}: 'java.lang.Object java.lang.invoke.DirectMethodHandle$Holder.newInvokeSpecial(java.lang.Object, int, java.lang.Object)'> (0x00000000c5127620) 
thrown [s\src\hotspot\share\interpreter\linkResolver.cpp, line 759]
Event: 3.480 Thread 0x000001ebaa2d63c0 Exception <a 'java/lang/NoSuchMethodError'{0x00000000c512c398}: 'int java.lang.invoke.DirectMethodHandle$Holder.invokeSpecialIFC(java.lang.Object, java.lang.Object, java.lang.Object, java.lang.Object)'> (0x00000000c512c398) 
thrown [s\src\hotspot\share\interpreter\linkResolver.cpp, line 759]
Event: 3.533 Thread 0x000001ebaa2d63c0 Exception <a 'java/lang/NoSuchMethodError'{0x00000000c51fce40}: 'void java.lang.invoke.DirectMethodHandle$Holder.invokeInterface(java.lang.Object, java.lang.Object, java.lang.Object)'> (0x00000000c51fce40) 
thrown [s\src\hotspot\share\interpreter\linkResolver.cpp, line 759]
Event: 3.603 Thread 0x000001ebaa2d63c0 Exception <a 'java/lang/NoSuchMethodError'{0x00000000c509f570}: 'void java.lang.invoke.DirectMethodHandle$Holder.invokeStaticInit(java.lang.Object, java.lang.Object, java.lang.Object)'> (0x00000000c509f570) 
thrown [s\src\hotspot\share\interpreter\linkResolver.cpp, line 759]
Event: 3.614 Thread 0x000001ebaa2d63c0 Exception <a 'java/lang/NoSuchMethodError'{0x00000000c50baca8}: 'java.lang.Object java.lang.invoke.DirectMethodHandle$Holder.invokeVirtual(java.lang.Object, java.lang.Object, java.lang.Object)'> (0x00000000c50baca8) 
thrown [s\src\hotspot\share\interpreter\linkResolver.cpp, line 759]
Event: 3.627 Thread 0x000001ebaa2d63c0 Exception <a 'java/lang/NoSuchMethodError'{0x00000000c50dbc18}: 'java.lang.Object java.lang.invoke.DirectMethodHandle$Holder.invokeStatic(java.lang.Object, java.lang.Object, long, java.lang.Object)'> (0x00000000c50dbc18) 
thrown [s\src\hotspot\share\interpreter\linkResolver.cpp, line 759]
Event: 3.628 Thread 0x000001ebaa2d63c0 Exception <a 'java/lang/NoSuchMethodError'{0x00000000c50df6a8}: 'java.lang.Object java.lang.invoke.DirectMethodHandle$Holder.invokeStaticInit(java.lang.Object, java.lang.Object, long, java.lang.Object)'> (0x00000000c50df6a8) 
thrown [s\src\hotspot\share\interpreter\linkResolver.cpp, line 759]
Event: 3.629 Thread 0x000001ebaa2d63c0 Exception <a 'java/lang/NoSuchMethodError'{0x00000000c50e5db0}: 'java.lang.Object java.lang.invoke.DirectMethodHandle$Holder.newInvokeSpecial(java.lang.Object, java.lang.Object, long)'> (0x00000000c50e5db0) 
thrown [s\src\hotspot\share\interpreter\linkResolver.cpp, line 759]
Event: 3.630 Thread 0x000001ebaa2d63c0 Exception <a 'java/lang/NoSuchMethodError'{0x00000000c50e9928}: 'java.lang.Object java.lang.invoke.Invokers$Holder.linkToTargetMethod(java.lang.Object, long, java.lang.Object)'> (0x00000000c50e9928) 
thrown [s\src\hotspot\share\interpreter\linkResolver.cpp, line 759]
Event: 3.670 Thread 0x000001ebaa2d63c0 Exception <a 'java/lang/NoSuchMethodError'{0x00000000c4f410e8}: 'void java.lang.invoke.DirectMethodHandle$Holder.invokeVirtual(java.lang.Object, java.lang.Object, java.lang.Object, java.lang.Object)'> (0x00000000c4f410e8) 
thrown [s\src\hotspot\share\interpreter\linkResolver.cpp, line 759]
Event: 3.886 Thread 0x000001ebaa2d63c0 Exception <a 'java/lang/IncompatibleClassChangeError'{0x00000000c4ec54d8}: Found class java.lang.Object, but interface was expected> (0x00000000c4ec54d8) 
thrown [s\src\hotspot\share\interpreter\linkResolver.cpp, line 826]
Event: 4.003 Thread 0x000001ebaa5b8bb0 Exception <a 'java/lang/NoClassDefFoundError'{0x00000000c4d81b18}: jakarta/validation/Validation> (0x00000000c4d81b18) 
thrown [s\src\hotspot\share\classfile\systemDictionary.cpp, line 244]

VM Operations (20 events):
Event: 0.541 Executing VM operation: HandshakeAllThreads
Event: 0.541 Executing VM operation: HandshakeAllThreads done
Event: 0.868 Executing VM operation: HandshakeAllThreads
Event: 0.868 Executing VM operation: HandshakeAllThreads done
Event: 0.992 Executing VM operation: HandshakeAllThreads
Event: 0.992 Executing VM operation: HandshakeAllThreads done
Event: 2.000 Executing VM operation: Cleanup
Event: 2.000 Executing VM operation: Cleanup done
Event: 2.157 Executing VM operation: G1CollectForAllocation
Event: 2.189 Executing VM operation: G1CollectForAllocation done
Event: 2.770 Executing VM operation: HandshakeAllThreads
Event: 2.770 Executing VM operation: HandshakeAllThreads done
Event: 3.317 Executing VM operation: G1CollectForAllocation
Event: 3.323 Executing VM operation: G1CollectForAllocation done
Event: 3.422 Executing VM operation: HandshakeAllThreads
Event: 3.422 Executing VM operation: HandshakeAllThreads done
Event: 3.801 Executing VM operation: HandshakeAllThreads
Event: 3.801 Executing VM operation: HandshakeAllThreads done
Event: 3.801 Executing VM operation: HandshakeAllThreads
Event: 3.801 Executing VM operation: HandshakeAllThreads done

Events (20 events):
Event: 0.293 Thread 0x000001eba555f230 Thread added: 0x000001eba555f230
Event: 0.293 Thread 0x000001eba555fbd0 Thread added: 0x000001eba555fbd0
Event: 0.294 Thread 0x000001eba55608a0 Thread added: 0x000001eba55608a0
Event: 0.312 Thread 0x000001eba55ad7a0 Thread added: 0x000001eba55ad7a0
Event: 0.337 Thread 0x000001eba55d4560 Thread added: 0x000001eba55d4560
Event: 0.519 Thread 0x000001eba564e040 Thread added: 0x000001eba564e040
Event: 0.629 Loaded shared library C:\Users\ERIN_JAVALead\.jdks\corretto-18.0.2\bin\zip.dll
Event: 0.637 Loaded shared library C:\Users\ERIN_JAVALead\.jdks\corretto-18.0.2\bin\instrument.dll
Event: 0.663 Loaded shared library C:\Users\ERIN_JAVALead\.jdks\corretto-18.0.2\bin\net.dll
Event: 0.668 Loaded shared library C:\Users\ERIN_JAVALead\.jdks\corretto-18.0.2\bin\nio.dll
Event: 0.675 Loaded shared library C:\Users\ERIN_JAVALead\.jdks\corretto-18.0.2\bin\zip.dll
Event: 0.846 Loaded shared library C:\Program Files\JetBrains\IntelliJ IDEA Community Edition 2021.3.3\bin\breakgen64.dll
Event: 0.847 Thread 0x000001eba9844f60 Thread added: 0x000001eba9844f60
Event: 0.847 Thread 0x000001eba9845420 Thread added: 0x000001eba9845420
Event: 0.981 Loaded shared library C:\Users\ERIN_JAVALead\.jdks\corretto-18.0.2\bin\jimage.dll
Event: 2.305 Loaded shared library C:\Users\ERIN_JAVALead\.jdks\corretto-18.0.2\bin\management.dll
Event: 2.330 Loaded shared library C:\Users\ERIN_JAVALead\.jdks\corretto-18.0.2\bin\management_ext.dll
Event: 2.499 Thread 0x000001ebaa2d2e40 Thread added: 0x000001ebaa2d2e40
Event: 2.530 Thread 0x000001ebaa2d63c0 Thread added: 0x000001ebaa2d63c0
Event: 3.876 Thread 0x000001ebaa5b8bb0 Thread added: 0x000001ebaa5b8bb0


Dynamic libraries:
0x00007ff7c3e70000 - 0x00007ff7c3e7d000 	C:\Users\ERIN_JAVALead\.jdks\corretto-18.0.2\bin\java.exe
0x00007ffa76fd0000 - 0x00007ffa771c8000 	C:\WINDOWS\SYSTEM32\ntdll.dll
0x00007ffa757f0000 - 0x00007ffa758b1000 	C:\WINDOWS\System32\KERNEL32.DLL
0x00007ffa74b00000 - 0x00007ffa74df6000 	C:\WINDOWS\System32\KERNELBASE.dll
0x00007ffa74a00000 - 0x00007ffa74b00000 	C:\WINDOWS\System32\ucrtbase.dll
0x00007ffa581d0000 - 0x00007ffa581e7000 	C:\Users\ERIN_JAVALead\.jdks\corretto-18.0.2\bin\jli.dll
0x00007ffa55530000 - 0x00007ffa55545000 	C:\Users\ERIN_JAVALead\.jdks\corretto-18.0.2\bin\VCRUNTIME140.dll
0x00007ffa75100000 - 0x00007ffa7529f000 	C:\WINDOWS\System32\USER32.dll
0x00007ffa74780000 - 0x00007ffa747a2000 	C:\WINDOWS\System32\win32u.dll
0x00007ffa755b0000 - 0x00007ffa755db000 	C:\WINDOWS\System32\GDI32.dll
0x00007ffa5cc40000 - 0x00007ffa5ceda000 	C:\WINDOWS\WinSxS\amd64_microsoft.windows.common-controls_6595b64144ccf1df_6.0.19041.4355_none_60b8b9eb71f62e16\COMCTL32.dll
0x00007ffa74e00000 - 0x00007ffa74f17000 	C:\WINDOWS\System32\gdi32full.dll
0x00007ffa76eb0000 - 0x00007ffa76f4e000 	C:\WINDOWS\System32\msvcrt.dll
0x00007ffa746e0000 - 0x00007ffa7477d000 	C:\WINDOWS\System32\msvcp_win.dll
0x00007ffa750d0000 - 0x00007ffa750ff000 	C:\WINDOWS\System32\IMM32.DLL
0x00007ffa46cf0000 - 0x00007ffa46d8b000 	C:\Users\ERIN_JAVALead\.jdks\corretto-18.0.2\bin\msvcp140.dll
0x00007ffa3fd60000 - 0x00007ffa409d1000 	C:\Users\ERIN_JAVALead\.jdks\corretto-18.0.2\bin\server\jvm.dll
0x00007ffa76d20000 - 0x00007ffa76dd0000 	C:\WINDOWS\System32\ADVAPI32.dll
0x00007ffa76c80000 - 0x00007ffa76d20000 	C:\WINDOWS\System32\sechost.dll
0x00007ffa762d0000 - 0x00007ffa763f3000 	C:\WINDOWS\System32\RPCRT4.dll
0x00007ffa74870000 - 0x00007ffa74897000 	C:\WINDOWS\System32\bcrypt.dll
0x00007ffa76f50000 - 0x00007ffa76f58000 	C:\WINDOWS\System32\PSAPI.DLL
0x00007ffa5ff60000 - 0x00007ffa5ff69000 	C:\WINDOWS\SYSTEM32\WSOCK32.dll
0x00007ffa76de0000 - 0x00007ffa76e4b000 	C:\WINDOWS\System32\WS2_32.dll
0x00007ffa4eb70000 - 0x00007ffa4eb97000 	C:\WINDOWS\SYSTEM32\WINMM.dll
0x00007ffa6e920000 - 0x00007ffa6e92a000 	C:\WINDOWS\SYSTEM32\VERSION.dll
0x00007ffa723b0000 - 0x00007ffa723c2000 	C:\WINDOWS\SYSTEM32\kernel.appcore.dll
0x00007ffa6b7a0000 - 0x00007ffa6b7aa000 	C:\Users\ERIN_JAVALead\.jdks\corretto-18.0.2\bin\jimage.dll
0x00007ffa543a0000 - 0x00007ffa54584000 	C:\WINDOWS\SYSTEM32\DBGHELP.DLL
0x00007ffa54360000 - 0x00007ffa54394000 	C:\WINDOWS\SYSTEM32\dbgcore.DLL
0x00007ffa74650000 - 0x00007ffa746d2000 	C:\WINDOWS\System32\bcryptPrimitives.dll
0x00007ffa62ad0000 - 0x00007ffa62ade000 	C:\Users\ERIN_JAVALead\.jdks\corretto-18.0.2\bin\instrument.dll
0x00007ffa55500000 - 0x00007ffa55525000 	C:\Users\ERIN_JAVALead\.jdks\corretto-18.0.2\bin\java.dll
0x00007ffa45500000 - 0x00007ffa455d6000 	C:\Users\ERIN_JAVALead\.jdks\corretto-18.0.2\bin\jsvml.dll
0x00007ffa76460000 - 0x00007ffa76bcc000 	C:\WINDOWS\System32\SHELL32.dll
0x00007ffa72690000 - 0x00007ffa72e2e000 	C:\WINDOWS\SYSTEM32\windows.storage.dll
0x00007ffa75b00000 - 0x00007ffa75e53000 	C:\WINDOWS\System32\combase.dll
0x00007ffa73ec0000 - 0x00007ffa73eee000 	C:\WINDOWS\SYSTEM32\Wldp.dll
0x00007ffa75450000 - 0x00007ffa7551d000 	C:\WINDOWS\System32\OLEAUT32.dll
0x00007ffa76bd0000 - 0x00007ffa76c7d000 	C:\WINDOWS\System32\SHCORE.dll
0x00007ffa758c0000 - 0x00007ffa75915000 	C:\WINDOWS\System32\shlwapi.dll
0x00007ffa74580000 - 0x00007ffa745a4000 	C:\WINDOWS\SYSTEM32\profapi.dll
0x00007ffa546e0000 - 0x00007ffa546f8000 	C:\Users\ERIN_JAVALead\.jdks\corretto-18.0.2\bin\zip.dll
0x00007ffa54e30000 - 0x00007ffa54e43000 	C:\Users\ERIN_JAVALead\.jdks\corretto-18.0.2\bin\net.dll
0x00007ffa6e780000 - 0x00007ffa6e88a000 	C:\WINDOWS\SYSTEM32\WINHTTP.dll
0x00007ffa73ca0000 - 0x00007ffa73d0a000 	C:\WINDOWS\system32\mswsock.dll
0x00007ffa54e10000 - 0x00007ffa54e25000 	C:\Users\ERIN_JAVALead\.jdks\corretto-18.0.2\bin\nio.dll
0x00007ffa546c0000 - 0x00007ffa546da000 	C:\Program Files\JetBrains\IntelliJ IDEA Community Edition 2021.3.3\bin\breakgen64.dll
0x00007ffa629c0000 - 0x00007ffa629c9000 	C:\Users\ERIN_JAVALead\.jdks\corretto-18.0.2\bin\management.dll
0x00007ffa62370000 - 0x00007ffa6237b000 	C:\Users\ERIN_JAVALead\.jdks\corretto-18.0.2\bin\management_ext.dll

dbghelp: loaded successfully - version: 4.0.5 - missing functions: none
symbol engine: initialized successfully - sym options: 0x614 - pdb path: .;C:\Users\ERIN_JAVALead\.jdks\corretto-18.0.2\bin;C:\WINDOWS\SYSTEM32;C:\WINDOWS\WinSxS\amd64_microsoft.windows.common-controls_6595b64144ccf1df_6.0.19041.4355_none_60b8b9eb71f62e16;C:\Users\ERIN_JAVALead\.jdks\corretto-18.0.2\bin\server;C:\Program Files\JetBrains\IntelliJ IDEA Community Edition 2021.3.3\bin

VM Arguments:
jvm_args: -javaagent:C:\Program Files\JetBrains\IntelliJ IDEA Community Edition 2021.3.3\lib\idea_rt.jar=55106:C:\Program Files\JetBrains\IntelliJ IDEA Community Edition 2021.3.3\bin -Dfile.encoding=UTF-8 
java_command: com.smart_host.hotelallocation.HotelallocationApplication
java_class_path (initial): C:\Users\ERIN_JAVALead\Downloads\hotelallocation\hotelallocation\target\classes;C:\Users\ERIN_JAVALead\.m2\repository\org\springframework\boot\spring-boot-starter-data-rest\3.3.1\spring-boot-starter-data-rest-3.3.1.jar;C:\Users\ERIN_JAVALead\.m2\repository\org\springframework\data\spring-data-rest-webmvc\4.3.1\spring-data-rest-webmvc-4.3.1.jar;C:\Users\ERIN_JAVALead\.m2\repository\org\springframework\data\spring-data-rest-core\4.3.1\spring-data-rest-core-4.3.1.jar;C:\Users\ERIN_JAVALead\.m2\repository\org\springframework\spring-tx\6.1.10\spring-tx-6.1.10.jar;C:\Users\ERIN_JAVALead\.m2\repository\org\springframework\hateoas\spring-hateoas\2.3.0\spring-hateoas-2.3.0.jar;C:\Users\ERIN_JAVALead\.m2\repository\org\springframework\data\spring-data-commons\3.3.1\spring-data-commons-3.3.1.jar;C:\Users\ERIN_JAVALead\.m2\repository\org\springframework\plugin\spring-plugin-core\3.0.0\spring-plugin-core-3.0.0.jar;C:\Users\ERIN_JAVALead\.m2\repository\org\atteo\evo-inflector\1.3\evo-inflector-1.3.jar;C:\Users\ERIN_JAVALead\.m2\repository\com\fasterxml\jackson\core\jackson-databind\2.17.1\jackson-databind-2.17.1.jar;C:\Users\ERIN_JAVALead\.m2\repository\com\fasterxml\jackson\core\jackson-core\2.17.1\jackson-core-2.17.1.jar;C:\Users\ERIN_JAVALead\.m2\repository\com\fasterxml\jackson\core\jackson-annotations\2.17.1\jackson-annotations-2.17.1.jar;C:\Users\ERIN_JAVALead\.m2\repository\org\slf4j\slf4j-api\2.0.13\slf4j-api-2.0.13.jar;C:\Users\ERIN_JAVALead\.m2\repository\org\springframework\boot\spring-boot-starter-web\3.3.1\spring-boot-starter-web-3.3.1.jar;C:\Users\ERIN_JAVALead\.m2\repository\org\springframework\boot\spring-boot-starter\3.3.1\spring-boot-starter-3.3.1.jar;C:\Users\ERIN_JAVALead\.m2\repository\org\springframework\boot\spring-boot-starter-logging\3.3.1\spring-boot-starter-logging-3.3.1.jar;C:\Users\ERIN_JAVALead\.m2\repository\ch\qos\logback\logback-classic\1.5.6\logback-classic-1.5.6.jar;C:\Users\ERIN_JAVALead\.m2\repository\ch\qos\logback\logback-core\1.5.6\logback-core-1.5.6.jar;C:\Users\ERIN_JAVALead\.m2\repository\org\apache\logging\log4j\log4j-to-slf4j\2.23.1\log4j-to-slf4j-2.23.1.jar;C:\Users\ERIN_JAVALead\.m2\repository\org\apache\logging\log4j\log4j-api\2.23.1\log4j-api-2.23.1.jar;C:\Users\ERIN_JAVALead\.m2\repository\org\slf4j\jul-to-slf4j\2.0.13\jul-to-slf4j-2.0.13.jar;C:\Users\ERIN_JAVALead\.m2\repository\jakarta\annotation\jakarta.annotation-api\2.1.1\jakarta.annotation-api-2.1.1.jar;C:\Users\ERIN_JAVALead\.m2\repository\org\yaml\snakeyaml\2.2\snakeyaml-2.2.jar;C:\Users\ERIN_JAVALead\.m2\repository\org\springframework\boot\spring-boot-starter-json\3.3.1\spring-boot-starter-json-3.3.1.jar;C:\Users\ERIN_JAVALead\.m2\repository\com\fasterxml\jackson\datatype\jackson-datatype-jdk8\2.17.1\jackson-datatype-jdk8-2.17.1.jar;C:\Users\ERIN_JAVALead\.m2\repository\com\fasterxml\jackson\datatype\jackson-datatype-jsr310\2.17.1\jackson-datatype-jsr310-2.17.1.jar;C:\Users\ERIN_JAVALead\.m2\repository\com\fasterxml\jackson\module\jackson-module-parameter-names\2.17.1\jackson-module-parameter-names-2.17.1.jar;C:\Users\ERIN_JAVALead\.m2\repository\org\springframework\boot\spring-boot-starter-tomcat\3.3.1\spring-boot-starter-tomcat-3.3.1.jar;C:\Users\ERIN_JAVALead\.m2\repository\org\apache\tomcat\embed\tomcat-embed-core\10.1.25\tomcat-embed-core-10.1.25.jar;C:\Users\ERIN_JAVALead\.m2\repository\org\apache\tomcat\embed\tomcat-embed-el\10.1.25\tomcat-embed-el-10.1.25.jar;C:\Users\ERIN_JAVALead\.m2\repository\org\apache\tomcat\embed\tomcat-embed-websocket\10.1.25\tomcat-embed-websocket-10.1.25.jar;C:\Users\ERIN_JAVALead\.m2\repository\org\springframework\spring-web\6.1.10\spring-web-6.1.10.jar;C:\Users\ERIN_JAVALead\.m2\repository\org\springframework\spring-beans\6.1.10\spring-beans-6.1.10.jar;C:\Users\ERIN_JAVALead\.m2\repository\io\micrometer\micrometer-observation\1.13.1\micrometer-observation-1.13.1.jar;C:\Users\ERIN_JAVALead\.m2\repository\io\micrometer\micrometer-commons\1.13.1\micrometer-commons-1.13.1.jar;C:\Users\ERIN_JAVALead\.m2\repository\org\springframework\spring-webmvc\6.1.10\spring-webmvc-6.1.10.jar;C:\Users\ERIN_JAVALead\.m2\repository\org\springframework\spring-aop\6.1.10\spring-aop-6.1.10.jar;C:\Users\ERIN_JAVALead\.m2\repository\org\springframework\spring-context\6.1.10\spring-context-6.1.10.jar;C:\Users\ERIN_JAVALead\.m2\repository\org\springframework\spring-expression\6.1.10\spring-expression-6.1.10.jar;C:\Users\ERIN_JAVALead\.m2\repository\org\springframework\boot\spring-boot-devtools\3.3.1\spring-boot-devtools-3.3.1.jar;C:\Users\ERIN_JAVALead\.m2\repository\org\springframework\boot\spring-boot\3.3.1\spring-boot-3.3.1.jar;C:\Users\ERIN_JAVALead\.m2\repository\org\springframework\boot\spring-boot-autoconfigure\3.3.1\spring-boot-autoconfigure-3.3.1.jar;C:\Users\ERIN_JAVALead\.m2\repository\org\projectlombok\lombok\1.18.32\lombok-1.18.32.jar;C:\Users\ERIN_JAVALead\.m2\repository\com\jayway\jsonpath\json-path\2.9.0\json-path-2.9.0.jar;C:\Users\ERIN_JAVALead\.m2\repository\net\minidev\json-smart\2.5.1\json-smart-2.5.1.jar;C:\Users\ERIN_JAVALead\.m2\repository\net\minidev\accessors-smart\2.5.1\accessors-smart-2.5.1.jar;C:\Users\ERIN_JAVALead\.m2\repository\org\ow2\asm\asm\9.6\asm-9.6.jar;C:\Users\ERIN_JAVALead\.m2\repository\org\springframework\spring-core\6.1.10\spring-core-6.1.10.jar;C:\Users\ERIN_JAVALead\.m2\repository\org\springframework\spring-jcl\6.1.10\spring-jcl-6.1.10.jar
Launcher Type: SUN_STANDARD

[Global flags]
     intx CICompilerCount                          = 3                                         {product} {ergonomic}
     uint ConcGCThreads                            = 1                                         {product} {ergonomic}
     uint G1ConcRefinementThreads                  = 4                                         {product} {ergonomic}
   size_t G1HeapRegionSize                         = 1048576                                   {product} {ergonomic}
    uintx GCDrainStackTargetSize                   = 64                                        {product} {ergonomic}
   size_t InitialHeapSize                          = 67108864                                  {product} {ergonomic}
   size_t MarkStackSize                            = 4194304                                   {product} {ergonomic}
   size_t MaxHeapSize                              = 1052770304                                {product} {ergonomic}
   size_t MaxNewSize                               = 631242752                                 {product} {ergonomic}
   size_t MinHeapDeltaBytes                        = 1048576                                   {product} {ergonomic}
   size_t MinHeapSize                              = 8388608                                   {product} {ergonomic}
    uintx NonNMethodCodeHeapSize                   = 5832780                                {pd product} {ergonomic}
    uintx NonProfiledCodeHeapSize                  = 122912730                              {pd product} {ergonomic}
    uintx ProfiledCodeHeapSize                     = 122912730                              {pd product} {ergonomic}
    uintx ReservedCodeCacheSize                    = 251658240                              {pd product} {ergonomic}
     bool SegmentedCodeCache                       = true                                      {product} {ergonomic}
   size_t SoftMaxHeapSize                          = 1052770304                             {manageable} {ergonomic}
     bool UseCompressedClassPointers               = true                           {product lp64_product} {ergonomic}
     bool UseCompressedOops                        = true                           {product lp64_product} {ergonomic}
     bool UseG1GC                                  = true                                      {product} {ergonomic}
     bool UseLargePagesIndividualAllocation        = false                                  {pd product} {ergonomic}

Logging:
Log output configuration:
 #0: stdout all=warning uptime,level,tags foldmultilines=false
 #1: stderr all=off uptime,level,tags foldmultilines=false

Environment Variables:
JAVA_HOME=C:\Program Files\Java\jdk-17
PATH=C:\Program Files (x86)\Common Files\Oracle\Java\javapath;C:\WINDOWS\system32;C:\WINDOWS;C:\WINDOWS\System32\Wbem;C:\WINDOWS\System32\WindowsPowerShell\v1.0\;C:\WINDOWS\System32\OpenSSH\;C:\Program Files (x86)\nodejs\;C:\Program Files (x86)\nodejs\npm;C:\Users\ERIN_JAVALead\AppData\Roaming\npm;C:\Program Files\Git\cmd;C:\Program Files (x86)\dotnet\;C:\Program Files (x86)\Microsoft SQL Server\160\DTS\Binn\;C:\Program Files\Azure Data Studio\bin;C:\Program Files (x86)\Microsoft SQL Server\160\Tools\Binn\;C:\Program Files\Microsoft SQL Server\160\Tools\Binn\;C:\Program Files\Microsoft SQL Server\Client SDK\ODBC\170\Tools\Binn\;C:\Program Files\Microsoft SQL Server\160\DTS\Binn\;C:\Program Files\Java\jdk1.8.0_202\bin;C:\Program Files\Java\jdk1.8.0_202\jre\bin;C:\kafkasrc\bin\windows;C:\Program Files\Docker\Docker\resources\bin;C:\Program Files\Docker\Docker;C:\Users\ERIN_JAVALead\AppData\Local\Microsoft\WindowsApps;;C:\Users\ERIN_JAVALead\AppData\Local\Programs\Microsoft VS Code\bin;C:\Users\ERIN_JAVALead\AppData\Roaming\npm;C:\Program Files\Azure Data Studio\bin
USERNAME=ERIN_JAVALead
OS=Windows_NT
PROCESSOR_IDENTIFIER=Intel64 Family 6 Model 78 Stepping 3, GenuineIntel



---------------  S Y S T E M  ---------------

OS:
 Windows 10 , 64 bit Build 19041 (10.0.19041.4597)
OS uptime: 0 days 4:54 hours
Hyper-V role detected

CPU: total 4 (initial active 4) (2 cores per cpu, 2 threads per core) family 6 model 78 stepping 3 microcode 0xcc, cx8, cmov, fxsr, ht, mmx, 3dnowpref, sse, sse2, sse3, ssse3, sse4.1, sse4.2, popcnt, lzcnt, tsc, tscinvbit, avx, avx2, aes, erms, clmul, bmi1, bmi2, adx, fma, vzeroupper, clflush, clflushopt, hv

Memory: 4k page, system-wide physical 4012M (278M free)
TotalPageFile size 6060M (AvailPageFile size 2M)
current process WorkingSet (physical memory assigned to process): 78M, peak: 78M
current process commit charge ("private bytes"): 158M, peak: 158M

vm_info: OpenJDK 64-Bit Server VM (18.0.2+9-FR) for windows-amd64 JRE (18.0.2+9-FR), built on Jul 15 2022 20:03:03 by "Administrator" with MS VC++ 15.9 (VS2017)

END.
