#
# There is insufficient memory for the Java Runtime Environment to continue.
# Native memory allocation (malloc) failed to allocate 287424 bytes for Chunk::new
# Possible reasons:
#   The system is out of physical RAM or swap space
#   The process is running with CompressedOops enabled, and the Java Heap may be blocking the growth of the native heap
# Possible solutions:
#   Reduce memory load on the system
#   Increase physical memory or swap space
#   Check if swap backing store is full
#   Decrease Java heap size (-Xmx/-Xms)
#   Decrease number of Java threads
#   Decrease Java thread stack sizes (-Xss)
#   Set larger code cache with -XX:ReservedCodeCacheSize=
#   JVM is running with Unscaled Compressed Oops mode in which the Java heap is
#     placed in the first 4GB address space. The Java Heap base address is the
#     maximum limit for the native heap growth. Please use -XX:HeapBaseMinAddress
#     to set the Java Heap base and to place the Java Heap above 4GB virtual address.
# This output file may be truncated or incomplete.
#
#  Out of Memory Error (arena.cpp:184), pid=1520, tid=12448
#
# JRE version: OpenJDK Runtime Environment Corretto-18.0.2.9.1 (18.0.2+9) (build 18.0.2+9-FR)
# Java VM: OpenJDK 64-Bit Server VM Corretto-18.0.2.9.1 (18.0.2+9-FR, mixed mode, sharing, tiered, compressed oops, compressed class ptrs, g1 gc, windows-amd64)
# No core dump will be written. Minidumps are not enabled by default on client versions of Windows
#

---------------  S U M M A R Y ------------

Command Line: -agentlib:jdwp=transport=dt_socket,address=127.0.0.1:56063,suspend=y,server=n -javaagent:C:\Users\ERIN_JAVALead\AppData\Local\JetBrains\IdeaIC2021.3\captureAgent\debugger-agent.jar -Dfile.encoding=UTF-8 com.smart_host.hotelallocation.HotelallocationApplication

Host: Intel(R) Core(TM) i3-6006U CPU @ 2.00GHz, 4 cores, 3G,  Windows 10 , 64 bit Build 19041 (10.0.19041.4597)
Time: Thu Jul 18 14:49:27 2024 W. Europe Daylight Time elapsed time: 23.130918 seconds (0d 0h 0m 23s)

---------------  T H R E A D  ---------------

Current thread (0x0000025bb27c4b20):  JavaThread "C2 CompilerThread0" daemon [_thread_in_native, id=12448, stack(0x000000a1cf300000,0x000000a1cf400000)]


Current CompileTask:
C2:  23131 4302 %     4       java.util.Properties$LineReader::readLine @ 293 (584 bytes)

Stack: [0x000000a1cf300000,0x000000a1cf400000]
Native frames: (J=compiled Java code, j=interpreted, Vv=VM code, C=native code)
V  [jvm.dll+0x685a2a]
V  [jvm.dll+0x82ae8d]
V  [jvm.dll+0x82c75e]
V  [jvm.dll+0x82ce03]
V  [jvm.dll+0x25ef4b]
V  [jvm.dll+0xd42d2]
V  [jvm.dll+0xd4665]
V  [jvm.dll+0x38578b]
V  [jvm.dll+0x1d8d32]
V  [jvm.dll+0x233b4f]
V  [jvm.dll+0x232f37]
V  [jvm.dll+0x1c0a35]
V  [jvm.dll+0x24212c]
V  [jvm.dll+0x240534]
V  [jvm.dll+0x7df6db]
V  [jvm.dll+0x7d9cba]
V  [jvm.dll+0x6848a5]
C  [ucrtbase.dll+0x21bb2]
C  [KERNEL32.DLL+0x17374]
C  [ntdll.dll+0x4cc91]


---------------  P R O C E S S  ---------------

Threads class SMR info:
_java_thread_list=0x0000025bd490f3e0, length=32, elements={
0x0000025bb27acab0, 0x0000025bb27ad620, 0x0000025bb27c1520, 0x0000025bb27c2de0,
0x0000025bb27c3690, 0x0000025bb27c3f40, 0x0000025bb27c4b20, 0x0000025bcdce71b0,
0x0000025bcdcebe70, 0x0000025bb2793130, 0x0000025bd2111e10, 0x0000025bd2115640,
0x0000025bd2116130, 0x0000025bd213ee20, 0x0000025bd2d70340, 0x0000025bd2d70810,
0x0000025bd3ac33a0, 0x0000025bd3ac8a40, 0x0000025bd3ac7230, 0x0000025bd3ac4bb0,
0x0000025bd3ac7bd0, 0x0000025bd3ac6890, 0x0000025bd3ac3870, 0x0000025bd3ac4210,
0x0000025bd3ac63c0, 0x0000025bd3ac5080, 0x0000025bd3ac2a00, 0x0000025bd3ac2ed0,
0x0000025bd3ac46e0, 0x0000025bd3ac6d60, 0x0000025bd3ac7700, 0x0000025bd3ac5a20
}

Java Threads: ( => current thread )
  0x0000025bb27acab0 JavaThread "Reference Handler" daemon [_thread_blocked, id=1536, stack(0x000000a1ced00000,0x000000a1cee00000)]
  0x0000025bb27ad620 JavaThread "Finalizer" daemon [_thread_blocked, id=1160, stack(0x000000a1cee00000,0x000000a1cef00000)]
  0x0000025bb27c1520 JavaThread "Signal Dispatcher" daemon [_thread_blocked, id=13808, stack(0x000000a1cef00000,0x000000a1cf000000)]
  0x0000025bb27c2de0 JavaThread "Attach Listener" daemon [_thread_blocked, id=4036, stack(0x000000a1cf000000,0x000000a1cf100000)]
  0x0000025bb27c3690 JavaThread "Service Thread" daemon [_thread_blocked, id=12940, stack(0x000000a1cf100000,0x000000a1cf200000)]
  0x0000025bb27c3f40 JavaThread "Monitor Deflation Thread" daemon [_thread_blocked, id=10356, stack(0x000000a1cf200000,0x000000a1cf300000)]
=>0x0000025bb27c4b20 JavaThread "C2 CompilerThread0" daemon [_thread_in_native, id=12448, stack(0x000000a1cf300000,0x000000a1cf400000)]
  0x0000025bcdce71b0 JavaThread "C1 CompilerThread0" daemon [_thread_blocked, id=13752, stack(0x000000a1cf400000,0x000000a1cf500000)]
  0x0000025bcdcebe70 JavaThread "Sweeper thread" daemon [_thread_blocked, id=5816, stack(0x000000a1cf500000,0x000000a1cf600000)]
  0x0000025bb2793130 JavaThread "Common-Cleaner" daemon [_thread_blocked, id=12968, stack(0x000000a1cf600000,0x000000a1cf700000)]
  0x0000025bd2111e10 JavaThread "JDWP Transport Listener: dt_socket" daemon [_thread_blocked, id=10788, stack(0x000000a1cf700000,0x000000a1cf800000)]
  0x0000025bd2115640 JavaThread "JDWP Event Helper Thread" daemon [_thread_blocked, id=11864, stack(0x000000a1cf800000,0x000000a1cf900000)]
  0x0000025bd2116130 JavaThread "JDWP Command Reader" daemon [_thread_in_native, id=12596, stack(0x000000a1cf900000,0x000000a1cfa00000)]
  0x0000025bd213ee20 JavaThread "Notification Thread" daemon [_thread_blocked, id=12284, stack(0x000000a1cfa00000,0x000000a1cfb00000)]
  0x0000025bd2d70340 JavaThread "Catalina-utility-1" [_thread_blocked, id=7044, stack(0x000000a1d0100000,0x000000a1d0200000)]
  0x0000025bd2d70810 JavaThread "Catalina-utility-2" [_thread_blocked, id=8784, stack(0x000000a1d0200000,0x000000a1d0300000)]
  0x0000025bd3ac33a0 JavaThread "container-0" [_thread_blocked, id=8080, stack(0x000000a1d0300000,0x000000a1d0400000)]
  0x0000025bd3ac8a40 JavaThread "File Watcher" daemon [_thread_blocked, id=2352, stack(0x000000a1d0400000,0x000000a1d0500000)]
  0x0000025bd3ac7230 JavaThread "Live Reload Server" daemon [_thread_in_native, id=5520, stack(0x000000a1d0600000,0x000000a1d0700000)]
  0x0000025bd3ac4bb0 JavaThread "http-nio-8080-exec-1" daemon [_thread_blocked, id=10748, stack(0x000000a1d0500000,0x000000a1d0600000)]
  0x0000025bd3ac7bd0 JavaThread "http-nio-8080-exec-2" daemon [_thread_blocked, id=4952, stack(0x000000a1d0700000,0x000000a1d0800000)]
  0x0000025bd3ac6890 JavaThread "http-nio-8080-exec-3" daemon [_thread_in_vm, id=5528, stack(0x000000a1d0800000,0x000000a1d0900000)]
  0x0000025bd3ac3870 JavaThread "http-nio-8080-exec-4" daemon [_thread_blocked, id=5460, stack(0x000000a1d0900000,0x000000a1d0a00000)]
  0x0000025bd3ac4210 JavaThread "http-nio-8080-exec-5" daemon [_thread_blocked, id=8908, stack(0x000000a1d0a00000,0x000000a1d0b00000)]
  0x0000025bd3ac63c0 JavaThread "http-nio-8080-exec-6" daemon [_thread_blocked, id=2668, stack(0x000000a1d0b00000,0x000000a1d0c00000)]
  0x0000025bd3ac5080 JavaThread "http-nio-8080-exec-7" daemon [_thread_blocked, id=9004, stack(0x000000a1d0c00000,0x000000a1d0d00000)]
  0x0000025bd3ac2a00 JavaThread "http-nio-8080-exec-8" daemon [_thread_blocked, id=3852, stack(0x000000a1d0d00000,0x000000a1d0e00000)]
  0x0000025bd3ac2ed0 JavaThread "http-nio-8080-exec-9" daemon [_thread_blocked, id=13044, stack(0x000000a1d0e00000,0x000000a1d0f00000)]
  0x0000025bd3ac46e0 JavaThread "http-nio-8080-exec-10" daemon [_thread_blocked, id=9812, stack(0x000000a1d0f00000,0x000000a1d1000000)]
  0x0000025bd3ac6d60 JavaThread "http-nio-8080-Poller" daemon [_thread_in_native, id=13632, stack(0x000000a1d1000000,0x000000a1d1100000)]
  0x0000025bd3ac7700 JavaThread "http-nio-8080-Acceptor" daemon [_thread_in_native, id=6944, stack(0x000000a1d1100000,0x000000a1d1200000)]
  0x0000025bd3ac5a20 JavaThread "DestroyJavaVM" [_thread_blocked, id=7188, stack(0x000000a1ce600000,0x000000a1ce700000)]

Other Threads:
  0x0000025bb27a60b0 VMThread "VM Thread" [stack: 0x000000a1cec00000,0x000000a1ced00000] [id=12272]
  0x0000025bd214d560 WatcherThread "VM Periodic Task Thread" [stack: 0x000000a1cfb00000,0x000000a1cfc00000] [id=11144]
  0x0000025bb274d5d0 WorkerThread "GC Thread#0" [stack: 0x000000a1ce700000,0x000000a1ce800000] [id=12480]
  0x0000025bd2540960 WorkerThread "GC Thread#1" [stack: 0x000000a1cfc00000,0x000000a1cfd00000] [id=13024]
  0x0000025bd2569220 WorkerThread "GC Thread#2" [stack: 0x000000a1cfd00000,0x000000a1cfe00000] [id=11480]
  0x0000025bd25627d0 WorkerThread "GC Thread#3" [stack: 0x000000a1cfe00000,0x000000a1cff00000] [id=13912]
  0x0000025bb27571a0 ConcurrentGCThread "G1 Main Marker" [stack: 0x000000a1ce800000,0x000000a1ce900000] [id=4272]
  0x0000025bb2757aa0 WorkerThread "G1 Conc#0" [stack: 0x000000a1ce900000,0x000000a1cea00000] [id=9996]
  0x0000025bb2780c30 ConcurrentGCThread "G1 Refine#0" [stack: 0x000000a1cea00000,0x000000a1ceb00000] [id=13028]
  0x0000025bb2782460 ConcurrentGCThread "G1 Service" [stack: 0x000000a1ceb00000,0x000000a1cec00000] [id=7944]

Threads with active compile tasks:
C2 CompilerThread0    23196 4302 %     4       java.util.Properties$LineReader::readLine @ 293 (584 bytes)

VM state: not at safepoint (normal execution)

VM Mutex/Monitor currently owned by a thread: None

Heap address: 0x00000000c1400000, size: 1004 MB, Compressed Oops mode: 32-bit

CDS archive(s) mapped at: [0x0000000800000000-0x0000000800ba0000-0x0000000800ba0000), size 12189696, SharedBaseAddress: 0x0000000800000000, ArchiveRelocationMode: 0.
Compressed class space mapped at: 0x0000000800c00000-0x0000000840c00000, reserved size: 1073741824
Narrow klass base: 0x0000000800000000, Narrow klass shift: 0, Narrow klass range: 0x100000000

GC Precious Log:
 CardTable entry size: 512
 Card Set container configuration: InlinePtr #cards 5 size 8 Array Of Cards #cards 12 size 40 Howl #buckets 4 coarsen threshold 1843 Howl Bitmap #cards 512 size 80 coarsen threshold 460 Card regions per heap region 1 cards per card region 2048
 CPUs: 4 total, 4 available
 Memory: 4012M
 Large Page Support: Disabled
 NUMA Support: Disabled
 Compressed Oops: Enabled (32-bit)
 Heap Region Size: 1M
 Heap Min Capacity: 8M
 Heap Initial Capacity: 64M
 Heap Max Capacity: 1004M
 Pre-touch: Disabled
 Parallel Workers: 4
 Concurrent Workers: 1
 Concurrent Refinement Workers: 4
 Periodic GC: Disabled

Heap:
 garbage-first heap   total 45056K, used 22312K [0x00000000c1400000, 0x0000000100000000)
  region size 1024K, 8 young (8192K), 3 survivors (3072K)
 Metaspace       used 34392K, committed 35008K, reserved 1114112K
  class space    used 4316K, committed 4608K, reserved 1048576K

Heap Regions: E=young(eden), S=young(survivor), O=old, HS=humongous(starts), HC=humongous(continues), CS=collection set, F=free, OA=open archive, CA=closed archive, TAMS=top-at-mark-start (previous, next)
|   0|0x00000000c1400000, 0x00000000c1500000, 0x00000000c1500000|100%| O|  |TAMS 0x00000000c1500000, 0x00000000c1400000| Untracked 
|   1|0x00000000c1500000, 0x00000000c1600000, 0x00000000c1600000|100%| O|  |TAMS 0x00000000c1600000, 0x00000000c1500000| Untracked 
|   2|0x00000000c1600000, 0x00000000c1700000, 0x00000000c1700000|100%| O|  |TAMS 0x00000000c1700000, 0x00000000c1600000| Untracked 
|   3|0x00000000c1700000, 0x00000000c1800000, 0x00000000c1800000|100%| O|  |TAMS 0x00000000c1800000, 0x00000000c1700000| Untracked 
|   4|0x00000000c1800000, 0x00000000c1900000, 0x00000000c1900000|100%| O|  |TAMS 0x00000000c180ee00, 0x00000000c1800000| Untracked 
|   5|0x00000000c1900000, 0x00000000c1a00000, 0x00000000c1a00000|100%| O|  |TAMS 0x00000000c1900000, 0x00000000c1900000| Untracked 
|   6|0x00000000c1a00000, 0x00000000c1b00000, 0x00000000c1b00000|100%| O|  |TAMS 0x00000000c1a00000, 0x00000000c1a00000| Untracked 
|   7|0x00000000c1b00000, 0x00000000c1c00000, 0x00000000c1c00000|100%| O|  |TAMS 0x00000000c1b00000, 0x00000000c1b00000| Untracked 
|   8|0x00000000c1c00000, 0x00000000c1c89000, 0x00000000c1d00000| 53%| O|  |TAMS 0x00000000c1c00000, 0x00000000c1c00000| Untracked 
|   9|0x00000000c1d00000, 0x00000000c1e00000, 0x00000000c1e00000|100%| O|  |TAMS 0x00000000c1d00000, 0x00000000c1d00000| Untracked 
|  10|0x00000000c1e00000, 0x00000000c1f00000, 0x00000000c1f00000|100%| O|  |TAMS 0x00000000c1e00000, 0x00000000c1e00000| Untracked 
|  11|0x00000000c1f00000, 0x00000000c2000000, 0x00000000c2000000|100%| O|  |TAMS 0x00000000c1f00000, 0x00000000c1f00000| Untracked 
|  12|0x00000000c2000000, 0x00000000c2100000, 0x00000000c2100000|100%| O|  |TAMS 0x00000000c2000000, 0x00000000c2000000| Untracked 
|  13|0x00000000c2100000, 0x00000000c2200000, 0x00000000c2200000|100%| O|  |TAMS 0x00000000c2100000, 0x00000000c2100000| Untracked 
|  14|0x00000000c2200000, 0x00000000c2300000, 0x00000000c2300000|100%| O|  |TAMS 0x00000000c2200000, 0x00000000c2200000| Untracked 
|  15|0x00000000c2300000, 0x00000000c2366200, 0x00000000c2400000| 39%| O|  |TAMS 0x00000000c2300000, 0x00000000c2300000| Untracked 
|  16|0x00000000c2400000, 0x00000000c2400000, 0x00000000c2500000|  0%| F|  |TAMS 0x00000000c2400000, 0x00000000c2400000| Untracked 
|  17|0x00000000c2500000, 0x00000000c2500000, 0x00000000c2600000|  0%| F|  |TAMS 0x00000000c2500000, 0x00000000c2500000| Untracked 
|  18|0x00000000c2600000, 0x00000000c2600000, 0x00000000c2700000|  0%| F|  |TAMS 0x00000000c2600000, 0x00000000c2600000| Untracked 
|  19|0x00000000c2700000, 0x00000000c2700000, 0x00000000c2800000|  0%| F|  |TAMS 0x00000000c2700000, 0x00000000c2700000| Untracked 
|  20|0x00000000c2800000, 0x00000000c2800000, 0x00000000c2900000|  0%| F|  |TAMS 0x00000000c2800000, 0x00000000c2800000| Untracked 
|  21|0x00000000c2900000, 0x00000000c2900000, 0x00000000c2a00000|  0%| F|  |TAMS 0x00000000c2900000, 0x00000000c2900000| Untracked 
|  22|0x00000000c2a00000, 0x00000000c2a00000, 0x00000000c2b00000|  0%| F|  |TAMS 0x00000000c2a00000, 0x00000000c2a00000| Untracked 
|  23|0x00000000c2b00000, 0x00000000c2b00000, 0x00000000c2c00000|  0%| F|  |TAMS 0x00000000c2b00000, 0x00000000c2b00000| Untracked 
|  24|0x00000000c2c00000, 0x00000000c2c00000, 0x00000000c2d00000|  0%| F|  |TAMS 0x00000000c2c00000, 0x00000000c2c00000| Untracked 
|  25|0x00000000c2d00000, 0x00000000c2ddaf28, 0x00000000c2e00000| 85%| S|CS|TAMS 0x00000000c2d00000, 0x00000000c2d00000| Complete 
|  26|0x00000000c2e00000, 0x00000000c2f00000, 0x00000000c2f00000|100%| S|CS|TAMS 0x00000000c2e00000, 0x00000000c2e00000| Complete 
|  27|0x00000000c2f00000, 0x00000000c2f00000, 0x00000000c3000000|  0%| F|  |TAMS 0x00000000c2f00000, 0x00000000c2f00000| Untracked 
|  28|0x00000000c3000000, 0x00000000c3100000, 0x00000000c3100000|100%| S|CS|TAMS 0x00000000c3000000, 0x00000000c3000000| Complete 
|  29|0x00000000c3100000, 0x00000000c3100000, 0x00000000c3200000|  0%| F|  |TAMS 0x00000000c3100000, 0x00000000c3100000| Untracked 
|  30|0x00000000c3200000, 0x00000000c3200000, 0x00000000c3300000|  0%| F|  |TAMS 0x00000000c3200000, 0x00000000c3200000| Untracked 
|  31|0x00000000c3300000, 0x00000000c3300000, 0x00000000c3400000|  0%| F|  |TAMS 0x00000000c3300000, 0x00000000c3300000| Untracked 
|  32|0x00000000c3400000, 0x00000000c3400000, 0x00000000c3500000|  0%| F|  |TAMS 0x00000000c3400000, 0x00000000c3400000| Untracked 
|  33|0x00000000c3500000, 0x00000000c3500000, 0x00000000c3600000|  0%| F|  |TAMS 0x00000000c3500000, 0x00000000c3500000| Untracked 
|  34|0x00000000c3600000, 0x00000000c3600000, 0x00000000c3700000|  0%| F|  |TAMS 0x00000000c3600000, 0x00000000c3600000| Untracked 
|  35|0x00000000c3700000, 0x00000000c3700000, 0x00000000c3800000|  0%| F|  |TAMS 0x00000000c3700000, 0x00000000c3700000| Untracked 
|  36|0x00000000c3800000, 0x00000000c3800000, 0x00000000c3900000|  0%| F|  |TAMS 0x00000000c3800000, 0x00000000c3800000| Untracked 
|  37|0x00000000c3900000, 0x00000000c3900000, 0x00000000c3a00000|  0%| F|  |TAMS 0x00000000c3900000, 0x00000000c3900000| Untracked 
|  38|0x00000000c3a00000, 0x00000000c3a00000, 0x00000000c3b00000|  0%| F|  |TAMS 0x00000000c3a00000, 0x00000000c3a00000| Untracked 
|  39|0x00000000c3b00000, 0x00000000c3bd2cf8, 0x00000000c3c00000| 82%| E|  |TAMS 0x00000000c3b00000, 0x00000000c3b00000| Complete 
|  40|0x00000000c3c00000, 0x00000000c3d00000, 0x00000000c3d00000|100%| E|CS|TAMS 0x00000000c3c00000, 0x00000000c3c00000| Complete 
|  41|0x00000000c3d00000, 0x00000000c3e00000, 0x00000000c3e00000|100%| E|CS|TAMS 0x00000000c3d00000, 0x00000000c3d00000| Complete 
|  42|0x00000000c3e00000, 0x00000000c3f00000, 0x00000000c3f00000|100%| E|CS|TAMS 0x00000000c3e00000, 0x00000000c3e00000| Complete 
|  63|0x00000000c5300000, 0x00000000c5400000, 0x00000000c5400000|100%| E|CS|TAMS 0x00000000c5300000, 0x00000000c5300000| Complete 

Card table byte_map: [0x0000025bc94d0000,0x0000025bc96d0000] _byte_map_base: 0x0000025bc8ec6000

Marking Bits (Prev, Next): (CMBitMap*) 0x0000025bb274eb30, (CMBitMap*) 0x0000025bb274eaf0
 Prev Bits: [0x0000025bca880000, 0x0000025bcb830000)
 Next Bits: [0x0000025bc98d0000, 0x0000025bca880000)

Polling page: 0x0000025bb0880000

Metaspace:

Usage:
  Non-class:     29.38 MB used.
      Class:      4.22 MB used.
       Both:     33.59 MB used.

Virtual space:
  Non-class space:       64.00 MB reserved,      29.69 MB ( 46%) committed,  1 nodes.
      Class space:        1.00 GB reserved,       4.50 MB ( <1%) committed,  1 nodes.
             Both:        1.06 GB reserved,      34.19 MB (  3%) committed. 

Chunk freelists:
   Non-Class:  1.95 MB
       Class:  3.47 MB
        Both:  5.43 MB

MaxMetaspaceSize: unlimited
CompressedClassSpaceSize: 1.00 GB
Initial GC threshold: 21.00 MB
Current GC threshold: 35.25 MB
CDS: on
MetaspaceReclaimPolicy: balanced
 - commit_granule_bytes: 65536.
 - commit_granule_words: 8192.
 - virtual_space_node_default_size: 8388608.
 - enlarge_chunks_in_place: 1.
 - new_chunks_are_fully_committed: 0.
 - uncommit_free_chunks: 1.
 - use_allocation_guard: 0.


Internal statistics:

num_allocs_failed_limit: 3.
num_arena_births: 918.
num_arena_deaths: 0.
num_vsnodes_births: 2.
num_vsnodes_deaths: 0.
num_space_committed: 547.
num_space_uncommitted: 0.
num_chunks_returned_to_freelist: 3.
num_chunks_taken_from_freelist: 2191.
num_chunk_merges: 0.
num_chunk_splits: 1475.
num_chunks_enlarged: 1069.
num_inconsistent_stats: 0.

CodeHeap 'non-profiled nmethods': size=120000Kb used=1891Kb max_used=1891Kb free=118108Kb
 bounds [0x0000025bc1da0000, 0x0000025bc2010000, 0x0000025bc92d0000]
CodeHeap 'profiled nmethods': size=120000Kb used=9724Kb max_used=9724Kb free=110275Kb
 bounds [0x0000025bba870000, 0x0000025bbb1f0000, 0x0000025bc1da0000]
CodeHeap 'non-nmethods': size=5760Kb used=1307Kb max_used=1402Kb free=4452Kb
 bounds [0x0000025bba2d0000, 0x0000025bba540000, 0x0000025bba870000]
 total_blobs=4819 nmethods=4285 adapters=446
 compilation: enabled
              stopped_count=0, restarted_count=0
 full_count=0

Compilation events (20 events):
Event: 22.996 Thread 0x0000025bcdce71b0 4308       3       java.util.ArrayList::sort (45 bytes)
Event: 22.997 Thread 0x0000025bcdce71b0 nmethod 4308 0x0000025bbb1e3310 code [0x0000025bbb1e34e0, 0x0000025bbb1e3778]
Event: 23.020 Thread 0x0000025bcdce71b0 4309       1       java.lang.invoke.MethodHandle::isVarargsCollector (2 bytes)
Event: 23.020 Thread 0x0000025bcdce71b0 nmethod 4309 0x0000025bc1f74290 code [0x0000025bc1f74420, 0x0000025bc1f744f8]
Event: 23.061 Thread 0x0000025bb27c4b20 nmethod 4293 0x0000025bc1f74590 code [0x0000025bc1f748a0, 0x0000025bc1f76ca8]
Event: 23.062 Thread 0x0000025bb27c4b20 4302 %     4       java.util.Properties$LineReader::readLine @ 293 (584 bytes)
Event: 23.072 Thread 0x0000025bcdce71b0 4310       3       java.lang.invoke.MethodHandles::constant (88 bytes)
Event: 23.074 Thread 0x0000025bcdce71b0 nmethod 4310 0x0000025bbb1e3890 code [0x0000025bbb1e3ba0, 0x0000025bbb1e4b38]
Event: 23.074 Thread 0x0000025bcdce71b0 4312       3       java.lang.invoke.MethodHandle::viewAsType (33 bytes)
Event: 23.075 Thread 0x0000025bcdce71b0 nmethod 4312 0x0000025bbb1e5090 code [0x0000025bbb1e5240, 0x0000025bbb1e5448]
Event: 23.077 Thread 0x0000025bcdce71b0 4313   !   3       org.springframework.core.annotation.AnnotationTypeMappings::addIfPossible (68 bytes)
Event: 23.079 Thread 0x0000025bcdce71b0 nmethod 4313 0x0000025bbb1e5510 code [0x0000025bbb1e57e0, 0x0000025bbb1e6818]
Event: 23.079 Thread 0x0000025bcdce71b0 4315       3       org.springframework.core.annotation.AnnotationTypeMapping::resolveAliasedForTargets (89 bytes)
Event: 23.081 Thread 0x0000025bcdce71b0 nmethod 4315 0x0000025bbb1e6e10 code [0x0000025bbb1e7080, 0x0000025bbb1e7e58]
Event: 23.081 Thread 0x0000025bcdce71b0 4314       3       org.springframework.core.annotation.AnnotationTypeMapping::<init> (191 bytes)
Event: 23.085 Thread 0x0000025bcdce71b0 nmethod 4314 0x0000025bbb1e8310 code [0x0000025bbb1e8680, 0x0000025bbb1ea098]
Event: 23.100 Thread 0x0000025bcdce71b0 4317   !   3       jdk.proxy2.$Proxy11::annotation (29 bytes)
Event: 23.101 Thread 0x0000025bcdce71b0 nmethod 4317 0x0000025bbb1ea890 code [0x0000025bbb1eaa60, 0x0000025bbb1eaeb8]
Event: 23.101 Thread 0x0000025bcdce71b0 4318       3       org.springframework.core.annotation.AnnotationTypeMapping$MirrorSets::updateFrom (148 bytes)
Event: 23.104 Thread 0x0000025bcdce71b0 nmethod 4318 0x0000025bbb1eb090 code [0x0000025bbb1eb3e0, 0x0000025bbb1eccd8]

GC Heap History (18 events):
Event: 3.461 GC heap before
{Heap before GC invocations=0 (full 0):
 garbage-first heap   total 65536K, used 12288K [0x00000000c1400000, 0x0000000100000000)
  region size 1024K, 13 young (13312K), 0 survivors (0K)
 Metaspace       used 2834K, committed 3008K, reserved 1114112K
  class space    used 269K, committed 384K, reserved 1048576K
}
Event: 3.472 GC heap after
{Heap after GC invocations=1 (full 0):
 garbage-first heap   total 65536K, used 3907K [0x00000000c1400000, 0x0000000100000000)
  region size 1024K, 2 young (2048K), 2 survivors (2048K)
 Metaspace       used 2834K, committed 3008K, reserved 1114112K
  class space    used 269K, committed 384K, reserved 1048576K
}
Event: 4.355 GC heap before
{Heap before GC invocations=1 (full 0):
 garbage-first heap   total 65536K, used 16195K [0x00000000c1400000, 0x0000000100000000)
  region size 1024K, 14 young (14336K), 2 survivors (2048K)
 Metaspace       used 5606K, committed 5888K, reserved 1114112K
  class space    used 632K, committed 768K, reserved 1048576K
}
Event: 4.359 GC heap after
{Heap after GC invocations=2 (full 0):
 garbage-first heap   total 65536K, used 4627K [0x00000000c1400000, 0x0000000100000000)
  region size 1024K, 1 young (1024K), 1 survivors (1024K)
 Metaspace       used 5606K, committed 5888K, reserved 1114112K
  class space    used 632K, committed 768K, reserved 1048576K
}
Event: 5.442 GC heap before
{Heap before GC invocations=2 (full 0):
 garbage-first heap   total 65536K, used 27155K [0x00000000c1400000, 0x0000000100000000)
  region size 1024K, 24 young (24576K), 1 survivors (1024K)
 Metaspace       used 10563K, committed 10880K, reserved 1114112K
  class space    used 1242K, committed 1408K, reserved 1048576K
}
Event: 5.447 GC heap after
{Heap after GC invocations=3 (full 0):
 garbage-first heap   total 65536K, used 5885K [0x00000000c1400000, 0x0000000100000000)
  region size 1024K, 2 young (2048K), 2 survivors (2048K)
 Metaspace       used 10563K, committed 10880K, reserved 1114112K
  class space    used 1242K, committed 1408K, reserved 1048576K
}
Event: 6.866 GC heap before
{Heap before GC invocations=3 (full 0):
 garbage-first heap   total 65536K, used 41725K [0x00000000c1400000, 0x0000000100000000)
  region size 1024K, 38 young (38912K), 2 survivors (2048K)
 Metaspace       used 17461K, committed 17728K, reserved 1114112K
  class space    used 2096K, committed 2240K, reserved 1048576K
}
Event: 6.880 GC heap after
{Heap after GC invocations=4 (full 0):
 garbage-first heap   total 65536K, used 9275K [0x00000000c1400000, 0x0000000100000000)
  region size 1024K, 5 young (5120K), 5 survivors (5120K)
 Metaspace       used 17461K, committed 17728K, reserved 1114112K
  class space    used 2096K, committed 2240K, reserved 1048576K
}
Event: 8.892 GC heap before
{Heap before GC invocations=4 (full 0):
 garbage-first heap   total 65536K, used 39995K [0x00000000c1400000, 0x0000000100000000)
  region size 1024K, 36 young (36864K), 5 survivors (5120K)
 Metaspace       used 21180K, committed 21504K, reserved 1114112K
  class space    used 2544K, committed 2688K, reserved 1048576K
}
Event: 8.906 GC heap after
{Heap after GC invocations=5 (full 0):
 garbage-first heap   total 65536K, used 11422K [0x00000000c1400000, 0x0000000100000000)
  region size 1024K, 3 young (3072K), 3 survivors (3072K)
 Metaspace       used 21180K, committed 21504K, reserved 1114112K
  class space    used 2544K, committed 2688K, reserved 1048576K
}
Event: 10.331 GC heap before
{Heap before GC invocations=6 (full 0):
 garbage-first heap   total 45056K, used 33950K [0x00000000c1400000, 0x0000000100000000)
  region size 1024K, 26 young (26624K), 3 survivors (3072K)
 Metaspace       used 25656K, committed 26112K, reserved 1114112K
  class space    used 3126K, committed 3328K, reserved 1048576K
}
Event: 10.341 GC heap after
{Heap after GC invocations=7 (full 0):
 garbage-first heap   total 45056K, used 13447K [0x00000000c1400000, 0x0000000100000000)
  region size 1024K, 3 young (3072K), 3 survivors (3072K)
 Metaspace       used 25656K, committed 26112K, reserved 1114112K
  class space    used 3126K, committed 3328K, reserved 1048576K
}
Event: 11.492 GC heap before
{Heap before GC invocations=7 (full 0):
 garbage-first heap   total 45056K, used 30855K [0x00000000c1400000, 0x0000000100000000)
  region size 1024K, 20 young (20480K), 3 survivors (3072K)
 Metaspace       used 28127K, committed 28608K, reserved 1114112K
  class space    used 3466K, committed 3712K, reserved 1048576K
}
Event: 11.501 GC heap after
{Heap after GC invocations=8 (full 0):
 garbage-first heap   total 45056K, used 15479K [0x00000000c1400000, 0x0000000100000000)
  region size 1024K, 3 young (3072K), 3 survivors (3072K)
 Metaspace       used 28127K, committed 28608K, reserved 1114112K
  class space    used 3466K, committed 3712K, reserved 1048576K
}
Event: 12.747 GC heap before
{Heap before GC invocations=8 (full 0):
 garbage-first heap   total 45056K, used 31863K [0x00000000c1400000, 0x0000000100000000)
  region size 1024K, 19 young (19456K), 3 survivors (3072K)
 Metaspace       used 30907K, committed 31488K, reserved 1114112K
  class space    used 3871K, committed 4160K, reserved 1048576K
}
Event: 12.755 GC heap after
{Heap after GC invocations=9 (full 0):
 garbage-first heap   total 45056K, used 16997K [0x00000000c1400000, 0x0000000100000000)
  region size 1024K, 2 young (2048K), 2 survivors (2048K)
 Metaspace       used 30907K, committed 31488K, reserved 1114112K
  class space    used 3871K, committed 4160K, reserved 1048576K
}
Event: 22.877 GC heap before
{Heap before GC invocations=9 (full 0):
 garbage-first heap   total 45056K, used 31333K [0x00000000c1400000, 0x0000000100000000)
  region size 1024K, 17 young (17408K), 2 survivors (2048K)
 Metaspace       used 33200K, committed 33792K, reserved 1114112K
  class space    used 4157K, committed 4416K, reserved 1048576K
}
Event: 22.886 GC heap after
{Heap after GC invocations=10 (full 0):
 garbage-first heap   total 45056K, used 18216K [0x00000000c1400000, 0x0000000100000000)
  region size 1024K, 3 young (3072K), 3 survivors (3072K)
 Metaspace       used 33200K, committed 33792K, reserved 1114112K
  class space    used 4157K, committed 4416K, reserved 1048576K
}

Deoptimization events (20 events):
Event: 23.013 Thread 0x0000025bd3ac6890 DEOPT PACKING pc=0x0000025bbace3b04 sp=0x000000a1d08fd460
Event: 23.013 Thread 0x0000025bd3ac6890 DEOPT UNPACKING pc=0x0000025bba322b43 sp=0x000000a1d08fcaa0 mode 1
Event: 23.094 Thread 0x0000025bd3ac6890 DEOPT PACKING pc=0x0000025bba982941 sp=0x000000a1d08fc5e0
Event: 23.094 Thread 0x0000025bd3ac6890 DEOPT UNPACKING pc=0x0000025bba322b43 sp=0x000000a1d08fba38 mode 1
Event: 23.094 Thread 0x0000025bd3ac6890 DEOPT PACKING pc=0x0000025bba9822dc sp=0x000000a1d08fc670
Event: 23.094 Thread 0x0000025bd3ac6890 DEOPT UNPACKING pc=0x0000025bba322b43 sp=0x000000a1d08fbb28 mode 1
Event: 23.095 Thread 0x0000025bd3ac6890 DEOPT PACKING pc=0x0000025bba982941 sp=0x000000a1d08fc6a0
Event: 23.095 Thread 0x0000025bd3ac6890 DEOPT UNPACKING pc=0x0000025bba322b43 sp=0x000000a1d08fbaf8 mode 1
Event: 23.095 Thread 0x0000025bd3ac6890 DEOPT PACKING pc=0x0000025bba9822dc sp=0x000000a1d08fc730
Event: 23.095 Thread 0x0000025bd3ac6890 DEOPT UNPACKING pc=0x0000025bba322b43 sp=0x000000a1d08fbbe8 mode 1
Event: 23.096 Thread 0x0000025bd3ac6890 DEOPT PACKING pc=0x0000025bba982941 sp=0x000000a1d08fc770
Event: 23.096 Thread 0x0000025bd3ac6890 DEOPT UNPACKING pc=0x0000025bba322b43 sp=0x000000a1d08fbbc8 mode 1
Event: 23.096 Thread 0x0000025bd3ac6890 DEOPT PACKING pc=0x0000025bba9822dc sp=0x000000a1d08fc800
Event: 23.096 Thread 0x0000025bd3ac6890 DEOPT UNPACKING pc=0x0000025bba322b43 sp=0x000000a1d08fbcb8 mode 1
Event: 23.119 Thread 0x0000025bd3ac6890 DEOPT PACKING pc=0x0000025bbad01aa1 sp=0x000000a1d08fbf80
Event: 23.119 Thread 0x0000025bd3ac6890 DEOPT UNPACKING pc=0x0000025bba322b43 sp=0x000000a1d08fb458 mode 1
Event: 23.119 Thread 0x0000025bd3ac6890 DEOPT PACKING pc=0x0000025bbad0044c sp=0x000000a1d08fc010
Event: 23.119 Thread 0x0000025bd3ac6890 DEOPT UNPACKING pc=0x0000025bba322b43 sp=0x000000a1d08fb5b0 mode 1
Event: 23.119 Thread 0x0000025bd3ac6890 DEOPT PACKING pc=0x0000025bbacfda1c sp=0x000000a1d08fc170
Event: 23.119 Thread 0x0000025bd3ac6890 DEOPT UNPACKING pc=0x0000025bba322b43 sp=0x000000a1d08fb710 mode 1

Classes loaded (20 events):
Event: 23.114 Loading class org/springframework/web/bind/support/SimpleSessionStatus
Event: 23.114 Loading class org/springframework/web/bind/support/SimpleSessionStatus done
Event: 23.114 Loading class org/springframework/web/servlet/support/RequestContextUtils
Event: 23.114 Loading class org/springframework/web/servlet/support/RequestContextUtils done
Event: 23.117 Loading class org/springframework/ui/ModelMap
Event: 23.117 Loading class org/springframework/ui/ModelMap done
Event: 23.119 Loading class org/springframework/web/bind/annotation/RequestParam
Event: 23.119 Loading class org/springframework/web/bind/annotation/RequestParam done
Event: 23.120 Loading class org/springframework/web/bind/annotation/RequestPart
Event: 23.120 Loading class org/springframework/web/bind/annotation/RequestPart done
Event: 23.120 Loading class org/springframework/web/multipart/support/MultipartResolutionDelegate
Event: 23.120 Loading class org/springframework/web/multipart/support/MultipartResolutionDelegate done
Event: 23.122 Loading class org/springframework/web/multipart/MultipartFile
Event: 23.122 Loading class org/springframework/web/multipart/MultipartFile done
Event: 23.123 Loading class jakarta/servlet/http/Part
Event: 23.123 Loading class jakarta/servlet/http/Part done
Event: 23.123 Loading class org/springframework/web/bind/annotation/MatrixVariable
Event: 23.123 Loading class org/springframework/web/bind/annotation/MatrixVariable done
Event: 23.124 Loading class org/springframework/http/server/ServletServerHttpRequest
Event: 23.124 Loading class org/springframework/http/server/ServletServerHttpRequest done

Classes unloaded (0 events):
No events

Classes redefined (0 events):
No events

Internal exceptions (20 events):
Event: 11.062 Thread 0x0000025bd277bc80 Exception <a 'java/lang/NoSuchMethodError'{0x00000000c36a53a0}: 'java.lang.Object java.lang.invoke.DirectMethodHandle$Holder.newInvokeSpecial(java.lang.Object, java.lang.Object, java.lang.Object, java.lang.Object, java.lang.Object, java.lang.Object)'> (0x00000000c36a53a0) 
thrown [s\src\hotspot\share\interpreter\linkResolver.cpp, line 759]
Event: 11.095 Thread 0x0000025bd277bc80 Exception <a 'java/lang/NoSuchMethodError'{0x00000000c350b8d8}: 'java.lang.Object java.lang.invoke.DirectMethodHandle$Holder.newInvokeSpecial(java.lang.Object, java.lang.Object, java.lang.Object, java.lang.Object, java.lang.Object, java.lang.Object, java.lang.Object, java.lang.Object)'> (0x00000000c350b8d8) 
thrown [s\src\hotspot\share\interpreter\linkResolver.cpp, line 759]
Event: 11.197 Thread 0x0000025bd277bc80 Exception <a 'java/lang/NoSuchMethodError'{0x00000000c34995d0}: 'java.lang.Object java.lang.invoke.DirectMethodHandle$Holder.newInvokeSpecial(java.lang.Object, java.lang.Object, java.lang.Object, java.lang.Object, java.lang.Object, java.lang.Object, java.lang.Object, java.lang.Object, java.lang.Object)'> (0x00000000c34995d0) 
thrown [s\src\hotspot\share\interpreter\linkResolver.cpp, line 759]
Event: 11.211 Thread 0x0000025bd277bc80 Exception <a 'java/lang/IncompatibleClassChangeError'{0x00000000c34d9ed0}: Found class java.lang.Object, but interface was expected> (0x00000000c34d9ed0) 
thrown [s\src\hotspot\share\interpreter\linkResolver.cpp, line 826]
Event: 11.269 Thread 0x0000025bd277bc80 Exception <a 'sun/nio/fs/WindowsException'{0x00000000c33c5980}> (0x00000000c33c5980) 
thrown [s\src\hotspot\share\prims\jni.cpp, line 516]
Event: 11.405 Thread 0x0000025bd277bc80 Exception <a 'java/lang/NoSuchMethodError'{0x00000000c30705c0}: 'java.lang.Object java.lang.invoke.DirectMethodHandle$Holder.newInvokeSpecial(java.lang.Object, java.lang.Object, java.lang.Object, java.lang.Object, java.lang.Object, java.lang.Object, java.lang.Object, java.lang.Object, java.lang.Object, java.lang.Object, java.lang.Object)'> (0x00000000c30705c0) 
thrown [s\src\hotspot\share\interpreter\linkResolver.cpp, line 759]
Event: 11.406 Thread 0x0000025bd277bc80 Exception <a 'java/lang/NoSuchMethodError'{0x00000000c3075a50}: 'java.lang.Object java.lang.invoke.DirectMethodHandle$Holder.invokeSpecial(java.lang.Object, java.lang.Object, java.lang.Object, java.lang.Object, java.lang.Object, java.lang.Object, java.lang.Object, java.lang.Object, java.lang.Object, java.lang.Object, java.lang.Object, java.lang.Object)'> (0x00000000c3075a50) 
thrown [s\src\hotspot\share\interpreter\linkResolver.cpp, line 759]
Event: 11.529 Thread 0x0000025bd277bc80 Exception <a 'java/lang/NoSuchMethodError'{0x00000000c53b68b0}: 'java.lang.Object java.lang.invoke.DirectMethodHandle$Holder.invokeVirtual(java.lang.Object, java.lang.Object, int)'> (0x00000000c53b68b0) 
thrown [s\src\hotspot\share\interpreter\linkResolver.cpp, line 759]
Event: 11.677 Thread 0x0000025bd277bc80 Exception <a 'java/lang/NoSuchMethodError'{0x00000000c3d7e4f8}: 'java.lang.Object java.lang.invoke.DirectMethodHandle$Holder.invokeVirtual(java.lang.Object, java.lang.Object, java.lang.Object, java.lang.Object, java.lang.Object, java.lang.Object, java.lang.Object, java.lang.Object)'> (0x00000000c3d7e4f8) 
thrown [s\src\hotspot\share\interpreter\linkResolver.cpp, line 759]
Event: 11.699 Thread 0x0000025bd277bc80 Implicit null exception at 0x0000025bc1e87946 to 0x0000025bc1e87a06
Event: 12.099 Thread 0x0000025bd277bc80 Exception <a 'java/lang/NoSuchMethodError'{0x00000000c37721b0}: 'java.lang.Object java.lang.invoke.DirectMethodHandle$Holder.invokeSpecialIFC(java.lang.Object, java.lang.Object, java.lang.Object)'> (0x00000000c37721b0) 
thrown [s\src\hotspot\share\interpreter\linkResolver.cpp, line 759]
Event: 12.465 Thread 0x0000025bd277bc80 Exception <a 'java/lang/IncompatibleClassChangeError'{0x00000000c331dc38}: Found class java.lang.Object, but interface was expected> (0x00000000c331dc38) 
thrown [s\src\hotspot\share\interpreter\linkResolver.cpp, line 826]
Event: 12.649 Thread 0x0000025bd277bc80 Exception <a 'java/lang/NoSuchMethodError'{0x00000000c32ea1d8}: 'void java.lang.invoke.DirectMethodHandle$Holder.invokeVirtual(java.lang.Object, java.lang.Object, long)'> (0x00000000c32ea1d8) 
thrown [s\src\hotspot\share\interpreter\linkResolver.cpp, line 759]
Event: 12.870 Thread 0x0000025bd277bc80 Exception <a 'java/lang/NoSuchMethodError'{0x00000000c3eab788}: 'java.lang.Object java.lang.invoke.DirectMethodHandle$Holder.invokeVirtual(java.lang.Object, java.lang.Object, java.lang.Object, java.lang.Object, java.lang.Object, java.lang.Object, java.lang.Object)'> (0x00000000c3eab788) 
thrown [s\src\hotspot\share\interpreter\linkResolver.cpp, line 759]
Event: 12.939 Thread 0x0000025bd277bc80 Exception <a 'java/lang/NoSuchMethodError'{0x00000000c3c14630}: 'int java.lang.invoke.DirectMethodHandle$Holder.invokeStaticInit(java.lang.Object, java.lang.Object, java.lang.Object, java.lang.Object)'> (0x00000000c3c14630) 
thrown [s\src\hotspot\share\interpreter\linkResolver.cpp, line 759]
Event: 13.112 Thread 0x0000025bd277bc80 Exception <a 'java/lang/NoSuchMethodError'{0x00000000c3927040}: 'java.lang.Object java.lang.invoke.DirectMethodHandle$Holder.invokeVirtual(java.lang.Object, java.lang.Object, java.lang.Object, java.lang.Object, java.lang.Object, java.lang.Object, java.lang.Object, java.lang.Object, java.lang.Object, java.lang.Object)'> (0x00000000c3927040) 
thrown [s\src\hotspot\share\interpreter\linkResolver.cpp, line 759]
Event: 13.113 Thread 0x0000025bd277bc80 Exception <a 'java/lang/NoSuchMethodError'{0x00000000c392b678}: 'java.lang.Object java.lang.invoke.DirectMethodHandle$Holder.invokeSpecial(java.lang.Object, java.lang.Object, java.lang.Object, java.lang.Object, java.lang.Object, java.lang.Object, java.lang.Object, java.lang.Object, java.lang.Object, java.lang.Object, java.lang.Object)'> (0x00000000c392b678) 
thrown [s\src\hotspot\share\interpreter\linkResolver.cpp, line 759]
Event: 13.383 Thread 0x0000025bd277bc80 Exception <a 'java/lang/NoSuchMethodError'{0x00000000c3586150}: 'java.lang.Object java.lang.invoke.DirectMethodHandle$Holder.newInvokeSpecial(java.lang.Object, java.lang.Object, int, java.lang.Object, java.lang.Object)'> (0x00000000c3586150) 
thrown [s\src\hotspot\share\interpreter\linkResolver.cpp, line 759]
Event: 22.907 Thread 0x0000025bd3ac6890 Exception <a 'java/lang/NoSuchMethodError'{0x00000000c53771f0}: 'java.lang.Object java.lang.invoke.DirectMethodHandle$Holder.invokeSpecial(java.lang.Object, java.lang.Object, java.lang.Object, java.lang.Object, java.lang.Object, long)'> (0x00000000c53771f0) 
thrown [s\src\hotspot\share\interpreter\linkResolver.cpp, line 759]
Event: 22.907 Thread 0x0000025bd3ac6890 Exception <a 'java/lang/NoSuchMethodError'{0x00000000c537ac38}: 'java.lang.Object java.lang.invoke.Invokers$Holder.linkToTargetMethod(java.lang.Object, java.lang.Object, java.lang.Object, long, java.lang.Object)'> (0x00000000c537ac38) 
thrown [s\src\hotspot\share\interpreter\linkResolver.cpp, line 759]

VM Operations (20 events):
Event: 11.976 Executing VM operation: HandshakeAllThreads
Event: 11.976 Executing VM operation: HandshakeAllThreads done
Event: 11.977 Executing VM operation: HandshakeAllThreads
Event: 11.977 Executing VM operation: HandshakeAllThreads done
Event: 12.716 Executing VM operation: HandshakeAllThreads
Event: 12.716 Executing VM operation: HandshakeAllThreads done
Event: 12.716 Executing VM operation: Cleanup
Event: 12.716 Executing VM operation: Cleanup done
Event: 12.747 Executing VM operation: G1CollectForAllocation
Event: 12.755 Executing VM operation: G1CollectForAllocation done
Event: 13.459 Executing VM operation: HandshakeAllThreads
Event: 13.471 Executing VM operation: HandshakeAllThreads done
Event: 14.474 Executing VM operation: Cleanup
Event: 14.474 Executing VM operation: Cleanup done
Event: 21.556 Executing VM operation: Cleanup
Event: 21.556 Executing VM operation: Cleanup done
Event: 22.877 Executing VM operation: G1CollectForAllocation
Event: 22.886 Executing VM operation: G1CollectForAllocation done
Event: 22.947 Executing VM operation: HandshakeAllThreads
Event: 22.947 Executing VM operation: HandshakeAllThreads done

Events (20 events):
Event: 13.327 Thread 0x0000025bd3ac8a40 Thread added: 0x0000025bd3ac8a40
Event: 13.351 Thread 0x0000025bd3ac2060 Thread added: 0x0000025bd3ac2060
Event: 13.352 Thread 0x0000025bd3ac2060 Thread exited: 0x0000025bd3ac2060
Event: 13.353 Thread 0x0000025bd3ac7230 Thread added: 0x0000025bd3ac7230
Event: 13.402 Thread 0x0000025bd3ac4bb0 Thread added: 0x0000025bd3ac4bb0
Event: 13.402 Thread 0x0000025bd3ac7bd0 Thread added: 0x0000025bd3ac7bd0
Event: 13.403 Thread 0x0000025bd3ac6890 Thread added: 0x0000025bd3ac6890
Event: 13.403 Thread 0x0000025bd3ac3870 Thread added: 0x0000025bd3ac3870
Event: 13.403 Thread 0x0000025bd3ac4210 Thread added: 0x0000025bd3ac4210
Event: 13.403 Thread 0x0000025bd3ac63c0 Thread added: 0x0000025bd3ac63c0
Event: 13.404 Thread 0x0000025bd3ac5080 Thread added: 0x0000025bd3ac5080
Event: 13.404 Thread 0x0000025bd3ac2a00 Thread added: 0x0000025bd3ac2a00
Event: 13.404 Thread 0x0000025bd3ac2ed0 Thread added: 0x0000025bd3ac2ed0
Event: 13.404 Thread 0x0000025bd3ac46e0 Thread added: 0x0000025bd3ac46e0
Event: 13.453 Thread 0x0000025bd3ac6d60 Thread added: 0x0000025bd3ac6d60
Event: 13.457 Thread 0x0000025bd3ac7700 Thread added: 0x0000025bd3ac7700
Event: 13.529 Thread 0x0000025bd277bc80 Thread exited: 0x0000025bd277bc80
Event: 13.534 Thread 0x0000025bd297ab60 Thread exited: 0x0000025bd297ab60
Event: 13.535 Thread 0x0000025bb270cee0 Thread exited: 0x0000025bb270cee0
Event: 13.535 Thread 0x0000025bd3ac5a20 Thread added: 0x0000025bd3ac5a20


Dynamic libraries:
0x00007ff67f0d0000 - 0x00007ff67f0dd000 	C:\Users\ERIN_JAVALead\.jdks\corretto-18.0.2\bin\java.exe
0x00007ffa76fd0000 - 0x00007ffa771c8000 	C:\WINDOWS\SYSTEM32\ntdll.dll
0x00007ffa757f0000 - 0x00007ffa758b1000 	C:\WINDOWS\System32\KERNEL32.DLL
0x00007ffa74b00000 - 0x00007ffa74df6000 	C:\WINDOWS\System32\KERNELBASE.dll
0x00007ffa74a00000 - 0x00007ffa74b00000 	C:\WINDOWS\System32\ucrtbase.dll
0x00007ffa60e50000 - 0x00007ffa60e65000 	C:\Users\ERIN_JAVALead\.jdks\corretto-18.0.2\bin\VCRUNTIME140.dll
0x00007ffa58b70000 - 0x00007ffa58b87000 	C:\Users\ERIN_JAVALead\.jdks\corretto-18.0.2\bin\jli.dll
0x00007ffa75100000 - 0x00007ffa7529f000 	C:\WINDOWS\System32\USER32.dll
0x00007ffa74780000 - 0x00007ffa747a2000 	C:\WINDOWS\System32\win32u.dll
0x00007ffa755b0000 - 0x00007ffa755db000 	C:\WINDOWS\System32\GDI32.dll
0x00007ffa74e00000 - 0x00007ffa74f17000 	C:\WINDOWS\System32\gdi32full.dll
0x00007ffa5cc40000 - 0x00007ffa5ceda000 	C:\WINDOWS\WinSxS\amd64_microsoft.windows.common-controls_6595b64144ccf1df_6.0.19041.4355_none_60b8b9eb71f62e16\COMCTL32.dll
0x00007ffa76eb0000 - 0x00007ffa76f4e000 	C:\WINDOWS\System32\msvcrt.dll
0x00007ffa746e0000 - 0x00007ffa7477d000 	C:\WINDOWS\System32\msvcp_win.dll
0x00007ffa750d0000 - 0x00007ffa750ff000 	C:\WINDOWS\System32\IMM32.DLL
0x00007ffa46140000 - 0x00007ffa461db000 	C:\Users\ERIN_JAVALead\.jdks\corretto-18.0.2\bin\msvcp140.dll
0x00007ffa418e0000 - 0x00007ffa42551000 	C:\Users\ERIN_JAVALead\.jdks\corretto-18.0.2\bin\server\jvm.dll
0x00007ffa76d20000 - 0x00007ffa76dd0000 	C:\WINDOWS\System32\ADVAPI32.dll
0x00007ffa76c80000 - 0x00007ffa76d20000 	C:\WINDOWS\System32\sechost.dll
0x00007ffa762d0000 - 0x00007ffa763f3000 	C:\WINDOWS\System32\RPCRT4.dll
0x00007ffa74870000 - 0x00007ffa74897000 	C:\WINDOWS\System32\bcrypt.dll
0x00007ffa76f50000 - 0x00007ffa76f58000 	C:\WINDOWS\System32\PSAPI.DLL
0x00007ffa5ff60000 - 0x00007ffa5ff69000 	C:\WINDOWS\SYSTEM32\WSOCK32.dll
0x00007ffa76de0000 - 0x00007ffa76e4b000 	C:\WINDOWS\System32\WS2_32.dll
0x00007ffa4eb70000 - 0x00007ffa4eb97000 	C:\WINDOWS\SYSTEM32\WINMM.dll
0x00007ffa6e920000 - 0x00007ffa6e92a000 	C:\WINDOWS\SYSTEM32\VERSION.dll
0x00007ffa723b0000 - 0x00007ffa723c2000 	C:\WINDOWS\SYSTEM32\kernel.appcore.dll
0x00007ffa6b7a0000 - 0x00007ffa6b7aa000 	C:\Users\ERIN_JAVALead\.jdks\corretto-18.0.2\bin\jimage.dll
0x00007ffa543a0000 - 0x00007ffa54584000 	C:\WINDOWS\SYSTEM32\DBGHELP.DLL
0x00007ffa54360000 - 0x00007ffa54394000 	C:\WINDOWS\SYSTEM32\dbgcore.DLL
0x00007ffa74650000 - 0x00007ffa746d2000 	C:\WINDOWS\System32\bcryptPrimitives.dll
0x00007ffa545a0000 - 0x00007ffa545da000 	C:\Users\ERIN_JAVALead\.jdks\corretto-18.0.2\bin\jdwp.dll
0x00007ffa629c0000 - 0x00007ffa629ce000 	C:\Users\ERIN_JAVALead\.jdks\corretto-18.0.2\bin\instrument.dll
0x00007ffa546d0000 - 0x00007ffa546f5000 	C:\Users\ERIN_JAVALead\.jdks\corretto-18.0.2\bin\java.dll
0x00007ffa546b0000 - 0x00007ffa546c8000 	C:\Users\ERIN_JAVALead\.jdks\corretto-18.0.2\bin\zip.dll
0x00007ffa45f50000 - 0x00007ffa46026000 	C:\Users\ERIN_JAVALead\.jdks\corretto-18.0.2\bin\jsvml.dll
0x00007ffa76460000 - 0x00007ffa76bcc000 	C:\WINDOWS\System32\SHELL32.dll
0x00007ffa72690000 - 0x00007ffa72e2e000 	C:\WINDOWS\SYSTEM32\windows.storage.dll
0x00007ffa75b00000 - 0x00007ffa75e53000 	C:\WINDOWS\System32\combase.dll
0x00007ffa73ec0000 - 0x00007ffa73eee000 	C:\WINDOWS\SYSTEM32\Wldp.dll
0x00007ffa75450000 - 0x00007ffa7551d000 	C:\WINDOWS\System32\OLEAUT32.dll
0x00007ffa76bd0000 - 0x00007ffa76c7d000 	C:\WINDOWS\System32\SHCORE.dll
0x00007ffa758c0000 - 0x00007ffa75915000 	C:\WINDOWS\System32\shlwapi.dll
0x00007ffa74580000 - 0x00007ffa745a4000 	C:\WINDOWS\SYSTEM32\profapi.dll
0x00007ffa617a0000 - 0x00007ffa617ac000 	C:\Users\ERIN_JAVALead\.jdks\corretto-18.0.2\bin\dt_socket.dll
0x00007ffa739a0000 - 0x00007ffa739db000 	C:\WINDOWS\SYSTEM32\IPHLPAPI.DLL
0x00007ffa73ca0000 - 0x00007ffa73d0a000 	C:\WINDOWS\system32\mswsock.dll
0x00007ffa581d0000 - 0x00007ffa581e3000 	C:\Users\ERIN_JAVALead\.jdks\corretto-18.0.2\bin\net.dll
0x00007ffa6e780000 - 0x00007ffa6e88a000 	C:\WINDOWS\SYSTEM32\WINHTTP.dll
0x00007ffa55500000 - 0x00007ffa55515000 	C:\Users\ERIN_JAVALead\.jdks\corretto-18.0.2\bin\nio.dll
0x00007ffa62370000 - 0x00007ffa62379000 	C:\Users\ERIN_JAVALead\.jdks\corretto-18.0.2\bin\management.dll
0x00007ffa622f0000 - 0x00007ffa622fb000 	C:\Users\ERIN_JAVALead\.jdks\corretto-18.0.2\bin\management_ext.dll
0x00007ffa61150000 - 0x00007ffa6115e000 	C:\Users\ERIN_JAVALead\.jdks\corretto-18.0.2\bin\sunmscapi.dll
0x00007ffa748a0000 - 0x00007ffa749fe000 	C:\WINDOWS\System32\CRYPT32.dll
0x00007ffa74010000 - 0x00007ffa74039000 	C:\WINDOWS\SYSTEM32\ncrypt.dll
0x00007ffa73fd0000 - 0x00007ffa7400b000 	C:\WINDOWS\SYSTEM32\NTASN1.dll
0x00007ffa73f00000 - 0x00007ffa73f18000 	C:\WINDOWS\SYSTEM32\CRYPTSP.dll
0x00007ffa735e0000 - 0x00007ffa73614000 	C:\WINDOWS\system32\rsaenh.dll
0x00007ffa744f0000 - 0x00007ffa7451e000 	C:\WINDOWS\SYSTEM32\USERENV.dll
0x00007ffa73e30000 - 0x00007ffa73e3c000 	C:\WINDOWS\SYSTEM32\CRYPTBASE.dll
0x00007ffa76dd0000 - 0x00007ffa76dd8000 	C:\WINDOWS\System32\NSI.dll
0x00007ffa6e540000 - 0x00007ffa6e557000 	C:\WINDOWS\SYSTEM32\dhcpcsvc6.DLL
0x00007ffa6e520000 - 0x00007ffa6e53d000 	C:\WINDOWS\SYSTEM32\dhcpcsvc.DLL
0x00007ffa739e0000 - 0x00007ffa73aaa000 	C:\WINDOWS\SYSTEM32\DNSAPI.dll

dbghelp: loaded successfully - version: 4.0.5 - missing functions: none
symbol engine: initialized successfully - sym options: 0x614 - pdb path: .;C:\Users\ERIN_JAVALead\.jdks\corretto-18.0.2\bin;C:\WINDOWS\SYSTEM32;C:\WINDOWS\WinSxS\amd64_microsoft.windows.common-controls_6595b64144ccf1df_6.0.19041.4355_none_60b8b9eb71f62e16;C:\Users\ERIN_JAVALead\.jdks\corretto-18.0.2\bin\server

VM Arguments:
jvm_args: -agentlib:jdwp=transport=dt_socket,address=127.0.0.1:56063,suspend=y,server=n -javaagent:C:\Users\ERIN_JAVALead\AppData\Local\JetBrains\IdeaIC2021.3\captureAgent\debugger-agent.jar -Dfile.encoding=UTF-8 
java_command: com.smart_host.hotelallocation.HotelallocationApplication
java_class_path (initial): C:\Users\ERIN_JAVALead\Downloads\hotelallocation\hotelallocation\target\classes;C:\Users\ERIN_JAVALead\.m2\repository\org\springframework\boot\spring-boot-starter-data-rest\3.3.1\spring-boot-starter-data-rest-3.3.1.jar;C:\Users\ERIN_JAVALead\.m2\repository\org\springframework\data\spring-data-rest-webmvc\4.3.1\spring-data-rest-webmvc-4.3.1.jar;C:\Users\ERIN_JAVALead\.m2\repository\org\springframework\data\spring-data-rest-core\4.3.1\spring-data-rest-core-4.3.1.jar;C:\Users\ERIN_JAVALead\.m2\repository\org\springframework\spring-tx\6.1.10\spring-tx-6.1.10.jar;C:\Users\ERIN_JAVALead\.m2\repository\org\springframework\hateoas\spring-hateoas\2.3.0\spring-hateoas-2.3.0.jar;C:\Users\ERIN_JAVALead\.m2\repository\org\springframework\data\spring-data-commons\3.3.1\spring-data-commons-3.3.1.jar;C:\Users\ERIN_JAVALead\.m2\repository\org\springframework\plugin\spring-plugin-core\3.0.0\spring-plugin-core-3.0.0.jar;C:\Users\ERIN_JAVALead\.m2\repository\org\atteo\evo-inflector\1.3\evo-inflector-1.3.jar;C:\Users\ERIN_JAVALead\.m2\repository\com\fasterxml\jackson\core\jackson-databind\2.17.1\jackson-databind-2.17.1.jar;C:\Users\ERIN_JAVALead\.m2\repository\com\fasterxml\jackson\core\jackson-core\2.17.1\jackson-core-2.17.1.jar;C:\Users\ERIN_JAVALead\.m2\repository\com\fasterxml\jackson\core\jackson-annotations\2.17.1\jackson-annotations-2.17.1.jar;C:\Users\ERIN_JAVALead\.m2\repository\org\slf4j\slf4j-api\2.0.13\slf4j-api-2.0.13.jar;C:\Users\ERIN_JAVALead\.m2\repository\org\springframework\boot\spring-boot-starter-web\3.3.1\spring-boot-starter-web-3.3.1.jar;C:\Users\ERIN_JAVALead\.m2\repository\org\springframework\boot\spring-boot-starter\3.3.1\spring-boot-starter-3.3.1.jar;C:\Users\ERIN_JAVALead\.m2\repository\org\springframework\boot\spring-boot-starter-logging\3.3.1\spring-boot-starter-logging-3.3.1.jar;C:\Users\ERIN_JAVALead\.m2\repository\ch\qos\logback\logback-classic\1.5.6\logback-classic-1.5.6.jar;C:\Users\ERIN_JAVALead\.m2\repository\ch\qos\logback\logback-core\1.5.6\logback-core-1.5.6.jar;C:\Users\ERIN_JAVALead\.m2\repository\org\apache\logging\log4j\log4j-to-slf4j\2.23.1\log4j-to-slf4j-2.23.1.jar;C:\Users\ERIN_JAVALead\.m2\repository\org\apache\logging\log4j\log4j-api\2.23.1\log4j-api-2.23.1.jar;C:\Users\ERIN_JAVALead\.m2\repository\org\slf4j\jul-to-slf4j\2.0.13\jul-to-slf4j-2.0.13.jar;C:\Users\ERIN_JAVALead\.m2\repository\jakarta\annotation\jakarta.annotation-api\2.1.1\jakarta.annotation-api-2.1.1.jar;C:\Users\ERIN_JAVALead\.m2\repository\org\yaml\snakeyaml\2.2\snakeyaml-2.2.jar;C:\Users\ERIN_JAVALead\.m2\repository\org\springframework\boot\spring-boot-starter-json\3.3.1\spring-boot-starter-json-3.3.1.jar;C:\Users\ERIN_JAVALead\.m2\repository\com\fasterxml\jackson\datatype\jackson-datatype-jdk8\2.17.1\jackson-datatype-jdk8-2.17.1.jar;C:\Users\ERIN_JAVALead\.m2\repository\com\fasterxml\jackson\datatype\jackson-datatype-jsr310\2.17.1\jackson-datatype-jsr310-2.17.1.jar;C:\Users\ERIN_JAVALead\.m2\repository\com\fasterxml\jackson\module\jackson-module-parameter-names\2.17.1\jackson-module-parameter-names-2.17.1.jar;C:\Users\ERIN_JAVALead\.m2\repository\org\springframework\boot\spring-boot-starter-tomcat\3.3.1\spring-boot-starter-tomcat-3.3.1.jar;C:\Users\ERIN_JAVALead\.m2\repository\org\apache\tomcat\embed\tomcat-embed-core\10.1.25\tomcat-embed-core-10.1.25.jar;C:\Users\ERIN_JAVALead\.m2\repository\org\apache\tomcat\embed\tomcat-embed-el\10.1.25\tomcat-embed-el-10.1.25.jar;C:\Users\ERIN_JAVALead\.m2\repository\org\apache\tomcat\embed\tomcat-embed-websocket\10.1.25\tomcat-embed-websocket-10.1.25.jar;C:\Users\ERIN_JAVALead\.m2\repository\org\springframework\spring-web\6.1.10\spring-web-6.1.10.jar;C:\Users\ERIN_JAVALead\.m2\repository\org\springframework\spring-beans\6.1.10\spring-beans-6.1.10.jar;C:\Users\ERIN_JAVALead\.m2\repository\io\micrometer\micrometer-observation\1.13.1\micrometer-observation-1.13.1.jar;C:\Users\ERIN_JAVALead\.m2\repository\io\micrometer\micrometer-commons\1.13.1\micrometer-commons-1.13.1.jar;C:\Users\ERIN_JAVALead\.m2\repository\org\springframework\spring-webmvc\6.1.10\spring-webmvc-6.1.10.jar;C:\Users\ERIN_JAVALead\.m2\repository\org\springframework\spring-aop\6.1.10\spring-aop-6.1.10.jar;C:\Users\ERIN_JAVALead\.m2\repository\org\springframework\spring-context\6.1.10\spring-context-6.1.10.jar;C:\Users\ERIN_JAVALead\.m2\repository\org\springframework\spring-expression\6.1.10\spring-expression-6.1.10.jar;C:\Users\ERIN_JAVALead\.m2\repository\org\springframework\boot\spring-boot-devtools\3.3.1\spring-boot-devtools-3.3.1.jar;C:\Users\ERIN_JAVALead\.m2\repository\org\springframework\boot\spring-boot\3.3.1\spring-boot-3.3.1.jar;C:\Users\ERIN_JAVALead\.m2\repository\org\springframework\boot\spring-boot-autoconfigure\3.3.1\spring-boot-autoconfigure-3.3.1.jar;C:\Users\ERIN_JAVALead\.m2\repository\org\projectlombok\lombok\1.18.32\lombok-1.18.32.jar;C:\Users\ERIN_JAVALead\.m2\repository\com\jayway\jsonpath\json-path\2.9.0\json-path-2.9.0.jar;C:\Users\ERIN_JAVALead\.m2\repository\net\minidev\json-smart\2.5.1\json-smart-2.5.1.jar;C:\Users\ERIN_JAVALead\.m2\repository\net\minidev\accessors-smart\2.5.1\accessors-smart-2.5.1.jar;C:\Users\ERIN_JAVALead\.m2\repository\org\ow2\asm\asm\9.6\asm-9.6.jar;C:\Users\ERIN_JAVALead\.m2\repository\org\springframework\spring-core\6.1.10\spring-core-6.1.10.jar;C:\Users\ERIN_JAVALead\.m2\repository\org\springframework\spring-jcl\6.1.10\spring-jcl-6.1.10.jar;C:\Program Files\JetBrains\IntelliJ IDEA Community Edition 2021.3.3\lib\idea_rt.jar
Launcher Type: SUN_STANDARD

[Global flags]
     intx CICompilerCount                          = 3                                         {product} {ergonomic}
     uint ConcGCThreads                            = 1                                         {product} {ergonomic}
     uint G1ConcRefinementThreads                  = 4                                         {product} {ergonomic}
   size_t G1HeapRegionSize                         = 1048576                                   {product} {ergonomic}
    uintx GCDrainStackTargetSize                   = 64                                        {product} {ergonomic}
   size_t InitialHeapSize                          = 67108864                                  {product} {ergonomic}
   size_t MarkStackSize                            = 4194304                                   {product} {ergonomic}
   size_t MaxHeapSize                              = 1052770304                                {product} {ergonomic}
   size_t MaxNewSize                               = 631242752                                 {product} {ergonomic}
   size_t MinHeapDeltaBytes                        = 1048576                                   {product} {ergonomic}
   size_t MinHeapSize                              = 8388608                                   {product} {ergonomic}
    uintx NonNMethodCodeHeapSize                   = 5832780                                {pd product} {ergonomic}
    uintx NonProfiledCodeHeapSize                  = 122912730                              {pd product} {ergonomic}
    uintx ProfiledCodeHeapSize                     = 122912730                              {pd product} {ergonomic}
    uintx ReservedCodeCacheSize                    = 251658240                              {pd product} {ergonomic}
     bool SegmentedCodeCache                       = true                                      {product} {ergonomic}
   size_t SoftMaxHeapSize                          = 1052770304                             {manageable} {ergonomic}
     bool UseCompressedClassPointers               = true                           {product lp64_product} {ergonomic}
     bool UseCompressedOops                        = true                           {product lp64_product} {ergonomic}
     bool UseG1GC                                  = true                                      {product} {ergonomic}
     bool UseLargePagesIndividualAllocation        = false                                  {pd product} {ergonomic}

Logging:
Log output configuration:
 #0: stdout all=warning uptime,level,tags foldmultilines=false
 #1: stderr all=off uptime,level,tags foldmultilines=false

Environment Variables:
JAVA_HOME=C:\Program Files\Java\jdk-17
PATH=C:\Program Files (x86)\Common Files\Oracle\Java\javapath;C:\WINDOWS\system32;C:\WINDOWS;C:\WINDOWS\System32\Wbem;C:\WINDOWS\System32\WindowsPowerShell\v1.0\;C:\WINDOWS\System32\OpenSSH\;C:\Program Files (x86)\nodejs\;C:\Program Files (x86)\nodejs\npm;C:\Users\ERIN_JAVALead\AppData\Roaming\npm;C:\Program Files\Git\cmd;C:\Program Files (x86)\dotnet\;C:\Program Files (x86)\Microsoft SQL Server\160\DTS\Binn\;C:\Program Files\Azure Data Studio\bin;C:\Program Files (x86)\Microsoft SQL Server\160\Tools\Binn\;C:\Program Files\Microsoft SQL Server\160\Tools\Binn\;C:\Program Files\Microsoft SQL Server\Client SDK\ODBC\170\Tools\Binn\;C:\Program Files\Microsoft SQL Server\160\DTS\Binn\;C:\Program Files\Java\jdk1.8.0_202\bin;C:\Program Files\Java\jdk1.8.0_202\jre\bin;C:\kafkasrc\bin\windows;C:\Program Files\Docker\Docker\resources\bin;C:\Program Files\Docker\Docker;C:\Users\ERIN_JAVALead\AppData\Local\Microsoft\WindowsApps;;C:\Users\ERIN_JAVALead\AppData\Local\Programs\Microsoft VS Code\bin;C:\Users\ERIN_JAVALead\AppData\Roaming\npm;C:\Program Files\Azure Data Studio\bin
USERNAME=ERIN_JAVALead
OS=Windows_NT
PROCESSOR_IDENTIFIER=Intel64 Family 6 Model 78 Stepping 3, GenuineIntel



---------------  S Y S T E M  ---------------

OS:
 Windows 10 , 64 bit Build 19041 (10.0.19041.4597)
OS uptime: 0 days 5:38 hours
Hyper-V role detected

CPU: total 4 (initial active 4) (2 cores per cpu, 2 threads per core) family 6 model 78 stepping 3 microcode 0xcc, cx8, cmov, fxsr, ht, mmx, 3dnowpref, sse, sse2, sse3, ssse3, sse4.1, sse4.2, popcnt, lzcnt, tsc, tscinvbit, avx, avx2, aes, erms, clmul, bmi1, bmi2, adx, fma, vzeroupper, clflush, clflushopt, hv

Memory: 4k page, system-wide physical 4012M (339M free)
TotalPageFile size 6060M (AvailPageFile size 1M)
current process WorkingSet (physical memory assigned to process): 155M, peak: 189M
current process commit charge ("private bytes"): 187M, peak: 222M

vm_info: OpenJDK 64-Bit Server VM (18.0.2+9-FR) for windows-amd64 JRE (18.0.2+9-FR), built on Jul 15 2022 20:03:03 by "Administrator" with MS VC++ 15.9 (VS2017)

END.
