#
# There is insufficient memory for the Java Runtime Environment to continue.
# Native memory allocation (malloc) failed to allocate 1247328 bytes for Chunk::new
# Possible reasons:
#   The system is out of physical RAM or swap space
#   The process is running with CompressedOops enabled, and the Java Heap may be blocking the growth of the native heap
# Possible solutions:
#   Reduce memory load on the system
#   Increase physical memory or swap space
#   Check if swap backing store is full
#   Decrease Java heap size (-Xmx/-Xms)
#   Decrease number of Java threads
#   Decrease Java thread stack sizes (-Xss)
#   Set larger code cache with -XX:ReservedCodeCacheSize=
#   JVM is running with Unscaled Compressed Oops mode in which the Java heap is
#     placed in the first 4GB address space. The Java Heap base address is the
#     maximum limit for the native heap growth. Please use -XX:HeapBaseMinAddress
#     to set the Java Heap base and to place the Java Heap above 4GB virtual address.
# This output file may be truncated or incomplete.
#
#  Out of Memory Error (arena.cpp:184), pid=5588, tid=1660
#
# JRE version: OpenJDK Runtime Environment Corretto-18.0.2.9.1 (18.0.2+9) (build 18.0.2+9-FR)
# Java VM: OpenJDK 64-Bit Server VM Corretto-18.0.2.9.1 (18.0.2+9-FR, mixed mode, sharing, tiered, compressed oops, compressed class ptrs, g1 gc, windows-amd64)
# No core dump will be written. Minidumps are not enabled by default on client versions of Windows
#

---------------  S U M M A R Y ------------

Command Line: -javaagent:C:\Program Files\JetBrains\IntelliJ IDEA Community Edition 2021.3.3\lib\idea_rt.jar=54417:C:\Program Files\JetBrains\IntelliJ IDEA Community Edition 2021.3.3\bin -Dfile.encoding=UTF-8 com.smart_host.hotelallocation.HotelallocationApplication

Host: Intel(R) Core(TM) i3-6006U CPU @ 2.00GHz, 4 cores, 3G,  Windows 10 , 64 bit Build 19041 (10.0.19041.4597)
Time: Thu Jul 18 13:46:11 2024 W. Europe Daylight Time elapsed time: 7.671027 seconds (0d 0h 0m 7s)

---------------  T H R E A D  ---------------

Current thread (0x00000202c4cef890):  JavaThread "C2 CompilerThread0" daemon [_thread_in_native, id=1660, stack(0x00000034c4a00000,0x00000034c4b00000)]


Current CompileTask:
C2:   7671 2743   !   4       jdk.internal.loader.BuiltinClassLoader::loadClassOrNull (143 bytes)

Stack: [0x00000034c4a00000,0x00000034c4b00000]
Native frames: (J=compiled Java code, j=interpreted, Vv=VM code, C=native code)
V  [jvm.dll+0x685a2a]
V  [jvm.dll+0x82ae8d]
V  [jvm.dll+0x82c75e]
V  [jvm.dll+0x82ce03]
V  [jvm.dll+0x25ef4b]
V  [jvm.dll+0xd42d2]
V  [jvm.dll+0xd4665]
V  [jvm.dll+0x38578b]
V  [jvm.dll+0x1d8d32]
V  [jvm.dll+0x233b4f]
V  [jvm.dll+0x232f37]
V  [jvm.dll+0x1c0a35]
V  [jvm.dll+0x24212c]
V  [jvm.dll+0x240534]
V  [jvm.dll+0x7df6db]
V  [jvm.dll+0x7d9cba]
V  [jvm.dll+0x6848a5]
C  [ucrtbase.dll+0x21bb2]
C  [KERNEL32.DLL+0x17374]
C  [ntdll.dll+0x4cc91]


---------------  P R O C E S S  ---------------

Threads class SMR info:
_java_thread_list=0x00000202ca326480, length=15, elements={
0x00000202a978a920, 0x00000202c4cd6da0, 0x00000202c4cd7a00, 0x00000202c4cecee0,
0x00000202c4ced880, 0x00000202c4cee220, 0x00000202c4ceebc0, 0x00000202c4cef890,
0x00000202c4d575e0, 0x00000202c4d7c350, 0x00000202c4dc1890, 0x00000202c93996d0,
0x00000202c9399b90, 0x00000202c96d2310, 0x00000202c93e1680
}

Java Threads: ( => current thread )
  0x00000202a978a920 JavaThread "main" [_thread_blocked, id=11952, stack(0x00000034c3d00000,0x00000034c3e00000)]
  0x00000202c4cd6da0 JavaThread "Reference Handler" daemon [_thread_blocked, id=10920, stack(0x00000034c4400000,0x00000034c4500000)]
  0x00000202c4cd7a00 JavaThread "Finalizer" daemon [_thread_blocked, id=13684, stack(0x00000034c4500000,0x00000034c4600000)]
  0x00000202c4cecee0 JavaThread "Signal Dispatcher" daemon [_thread_blocked, id=6560, stack(0x00000034c4600000,0x00000034c4700000)]
  0x00000202c4ced880 JavaThread "Attach Listener" daemon [_thread_blocked, id=8904, stack(0x00000034c4700000,0x00000034c4800000)]
  0x00000202c4cee220 JavaThread "Service Thread" daemon [_thread_blocked, id=3664, stack(0x00000034c4800000,0x00000034c4900000)]
  0x00000202c4ceebc0 JavaThread "Monitor Deflation Thread" daemon [_thread_blocked, id=10436, stack(0x00000034c4900000,0x00000034c4a00000)]
=>0x00000202c4cef890 JavaThread "C2 CompilerThread0" daemon [_thread_in_native, id=1660, stack(0x00000034c4a00000,0x00000034c4b00000)]
  0x00000202c4d575e0 JavaThread "C1 CompilerThread0" daemon [_thread_blocked, id=3120, stack(0x00000034c4b00000,0x00000034c4c00000)]
  0x00000202c4d7c350 JavaThread "Sweeper thread" daemon [_thread_blocked, id=10212, stack(0x00000034c4c00000,0x00000034c4d00000)]
  0x00000202c4dc1890 JavaThread "Common-Cleaner" daemon [_thread_blocked, id=9880, stack(0x00000034c4d00000,0x00000034c4e00000)]
  0x00000202c93996d0 JavaThread "Monitor Ctrl-Break" daemon [_thread_in_native, id=11812, stack(0x00000034c4f00000,0x00000034c5000000)]
  0x00000202c9399b90 JavaThread "Notification Thread" daemon [_thread_blocked, id=4272, stack(0x00000034c5000000,0x00000034c5100000)]
  0x00000202c96d2310 JavaThread "Thread-0" [_thread_blocked, id=13696, stack(0x00000034c5400000,0x00000034c5500000)]
  0x00000202c93e1680 JavaThread "restartedMain" [_thread_in_Java, id=3636, stack(0x00000034c5500000,0x00000034c5600000)]

Other Threads:
  0x00000202c4cd3600 VMThread "VM Thread" [stack: 0x00000034c4300000,0x00000034c4400000] [id=13040]
  0x00000202a978b8c0 WatcherThread "VM Periodic Task Thread" [stack: 0x00000034c5100000,0x00000034c5200000] [id=13996]
  0x00000202a97ca5c0 WorkerThread "GC Thread#0" [stack: 0x00000034c3e00000,0x00000034c3f00000] [id=13060]
  0x00000202c9672260 WorkerThread "GC Thread#1" [stack: 0x00000034c4e00000,0x00000034c4f00000] [id=11628]
  0x00000202c9781ef0 WorkerThread "GC Thread#2" [stack: 0x00000034c5200000,0x00000034c5300000] [id=7496]
  0x00000202c96de420 WorkerThread "GC Thread#3" [stack: 0x00000034c5300000,0x00000034c5400000] [id=12372]
  0x00000202a97d4280 ConcurrentGCThread "G1 Main Marker" [stack: 0x00000034c3f00000,0x00000034c4000000] [id=8576]
  0x00000202a97d4c70 WorkerThread "G1 Conc#0" [stack: 0x00000034c4000000,0x00000034c4100000] [id=2280]
  0x00000202a97fbb40 ConcurrentGCThread "G1 Refine#0" [stack: 0x00000034c4100000,0x00000034c4200000] [id=13140]
  0x00000202a97fc450 ConcurrentGCThread "G1 Service" [stack: 0x00000034c4200000,0x00000034c4300000] [id=3604]

Threads with active compile tasks:
C2 CompilerThread0     7719 2743   !   4       jdk.internal.loader.BuiltinClassLoader::loadClassOrNull (143 bytes)

VM state: not at safepoint (normal execution)

VM Mutex/Monitor currently owned by a thread: None

Heap address: 0x00000000c1400000, size: 1004 MB, Compressed Oops mode: 32-bit

CDS archive(s) mapped at: [0x0000000800000000-0x0000000800ba0000-0x0000000800ba0000), size 12189696, SharedBaseAddress: 0x0000000800000000, ArchiveRelocationMode: 0.
Compressed class space mapped at: 0x0000000800c00000-0x0000000840c00000, reserved size: 1073741824
Narrow klass base: 0x0000000800000000, Narrow klass shift: 0, Narrow klass range: 0x100000000

GC Precious Log:
 CardTable entry size: 512
 Card Set container configuration: InlinePtr #cards 5 size 8 Array Of Cards #cards 12 size 40 Howl #buckets 4 coarsen threshold 1843 Howl Bitmap #cards 512 size 80 coarsen threshold 460 Card regions per heap region 1 cards per card region 2048
 CPUs: 4 total, 4 available
 Memory: 4012M
 Large Page Support: Disabled
 NUMA Support: Disabled
 Compressed Oops: Enabled (32-bit)
 Heap Region Size: 1M
 Heap Min Capacity: 8M
 Heap Initial Capacity: 64M
 Heap Max Capacity: 1004M
 Pre-touch: Disabled
 Parallel Workers: 4
 Concurrent Workers: 1
 Concurrent Refinement Workers: 4
 Periodic GC: Disabled

Heap:
 garbage-first heap   total 65536K, used 24580K [0x00000000c1400000, 0x0000000100000000)
  region size 1024K, 20 young (20480K), 5 survivors (5120K)
 Metaspace       used 20380K, committed 20672K, reserved 1114112K
  class space    used 2456K, committed 2624K, reserved 1048576K

Heap Regions: E=young(eden), S=young(survivor), O=old, HS=humongous(starts), HC=humongous(continues), CS=collection set, F=free, OA=open archive, CA=closed archive, TAMS=top-at-mark-start (previous, next)
|   0|0x00000000c1400000, 0x00000000c1500000, 0x00000000c1500000|100%| O|  |TAMS 0x00000000c1400000, 0x00000000c1400000| Untracked 
|   1|0x00000000c1500000, 0x00000000c1600000, 0x00000000c1600000|100%| O|  |TAMS 0x00000000c1500000, 0x00000000c1500000| Untracked 
|   2|0x00000000c1600000, 0x00000000c1700000, 0x00000000c1700000|100%| O|  |TAMS 0x00000000c1600000, 0x00000000c1600000| Untracked 
|   3|0x00000000c1700000, 0x00000000c1800000, 0x00000000c1800000|100%| O|  |TAMS 0x00000000c1700000, 0x00000000c1700000| Untracked 
|   4|0x00000000c1800000, 0x00000000c1900000, 0x00000000c1900000|100%| O|  |TAMS 0x00000000c1800000, 0x00000000c1800000| Untracked 
|   5|0x00000000c1900000, 0x00000000c1941400, 0x00000000c1a00000| 25%| O|  |TAMS 0x00000000c1900000, 0x00000000c1900000| Untracked 
|   6|0x00000000c1a00000, 0x00000000c1a00000, 0x00000000c1b00000|  0%| F|  |TAMS 0x00000000c1a00000, 0x00000000c1a00000| Untracked 
|   7|0x00000000c1b00000, 0x00000000c1b00000, 0x00000000c1c00000|  0%| F|  |TAMS 0x00000000c1b00000, 0x00000000c1b00000| Untracked 
|   8|0x00000000c1c00000, 0x00000000c1c00000, 0x00000000c1d00000|  0%| F|  |TAMS 0x00000000c1c00000, 0x00000000c1c00000| Untracked 
|   9|0x00000000c1d00000, 0x00000000c1d00000, 0x00000000c1e00000|  0%| F|  |TAMS 0x00000000c1d00000, 0x00000000c1d00000| Untracked 
|  10|0x00000000c1e00000, 0x00000000c1e00000, 0x00000000c1f00000|  0%| F|  |TAMS 0x00000000c1e00000, 0x00000000c1e00000| Untracked 
|  11|0x00000000c1f00000, 0x00000000c1f00000, 0x00000000c2000000|  0%| F|  |TAMS 0x00000000c1f00000, 0x00000000c1f00000| Untracked 
|  12|0x00000000c2000000, 0x00000000c2000000, 0x00000000c2100000|  0%| F|  |TAMS 0x00000000c2000000, 0x00000000c2000000| Untracked 
|  13|0x00000000c2100000, 0x00000000c2100000, 0x00000000c2200000|  0%| F|  |TAMS 0x00000000c2100000, 0x00000000c2100000| Untracked 
|  14|0x00000000c2200000, 0x00000000c2200000, 0x00000000c2300000|  0%| F|  |TAMS 0x00000000c2200000, 0x00000000c2200000| Untracked 
|  15|0x00000000c2300000, 0x00000000c2300000, 0x00000000c2400000|  0%| F|  |TAMS 0x00000000c2300000, 0x00000000c2300000| Untracked 
|  16|0x00000000c2400000, 0x00000000c2400000, 0x00000000c2500000|  0%| F|  |TAMS 0x00000000c2400000, 0x00000000c2400000| Untracked 
|  17|0x00000000c2500000, 0x00000000c2500000, 0x00000000c2600000|  0%| F|  |TAMS 0x00000000c2500000, 0x00000000c2500000| Untracked 
|  18|0x00000000c2600000, 0x00000000c2600000, 0x00000000c2700000|  0%| F|  |TAMS 0x00000000c2600000, 0x00000000c2600000| Untracked 
|  19|0x00000000c2700000, 0x00000000c2700000, 0x00000000c2800000|  0%| F|  |TAMS 0x00000000c2700000, 0x00000000c2700000| Untracked 
|  20|0x00000000c2800000, 0x00000000c2800000, 0x00000000c2900000|  0%| F|  |TAMS 0x00000000c2800000, 0x00000000c2800000| Untracked 
|  21|0x00000000c2900000, 0x00000000c2900000, 0x00000000c2a00000|  0%| F|  |TAMS 0x00000000c2900000, 0x00000000c2900000| Untracked 
|  22|0x00000000c2a00000, 0x00000000c2a00000, 0x00000000c2b00000|  0%| F|  |TAMS 0x00000000c2a00000, 0x00000000c2a00000| Untracked 
|  23|0x00000000c2b00000, 0x00000000c2b00000, 0x00000000c2c00000|  0%| F|  |TAMS 0x00000000c2b00000, 0x00000000c2b00000| Untracked 
|  24|0x00000000c2c00000, 0x00000000c2cbffe8, 0x00000000c2d00000| 74%| S|CS|TAMS 0x00000000c2c00000, 0x00000000c2c00000| Complete 
|  25|0x00000000c2d00000, 0x00000000c2e00000, 0x00000000c2e00000|100%| S|CS|TAMS 0x00000000c2d00000, 0x00000000c2d00000| Complete 
|  26|0x00000000c2e00000, 0x00000000c2f00000, 0x00000000c2f00000|100%| S|CS|TAMS 0x00000000c2e00000, 0x00000000c2e00000| Complete 
|  27|0x00000000c2f00000, 0x00000000c3000000, 0x00000000c3000000|100%| S|CS|TAMS 0x00000000c2f00000, 0x00000000c2f00000| Complete 
|  28|0x00000000c3000000, 0x00000000c3100000, 0x00000000c3100000|100%| S|CS|TAMS 0x00000000c3000000, 0x00000000c3000000| Complete 
|  29|0x00000000c3100000, 0x00000000c3100000, 0x00000000c3200000|  0%| F|  |TAMS 0x00000000c3100000, 0x00000000c3100000| Untracked 
|  30|0x00000000c3200000, 0x00000000c3200000, 0x00000000c3300000|  0%| F|  |TAMS 0x00000000c3200000, 0x00000000c3200000| Untracked 
|  31|0x00000000c3300000, 0x00000000c3300000, 0x00000000c3400000|  0%| F|  |TAMS 0x00000000c3300000, 0x00000000c3300000| Untracked 
|  32|0x00000000c3400000, 0x00000000c3400000, 0x00000000c3500000|  0%| F|  |TAMS 0x00000000c3400000, 0x00000000c3400000| Untracked 
|  33|0x00000000c3500000, 0x00000000c3500000, 0x00000000c3600000|  0%| F|  |TAMS 0x00000000c3500000, 0x00000000c3500000| Untracked 
|  34|0x00000000c3600000, 0x00000000c3600000, 0x00000000c3700000|  0%| F|  |TAMS 0x00000000c3600000, 0x00000000c3600000| Untracked 
|  35|0x00000000c3700000, 0x00000000c3700000, 0x00000000c3800000|  0%| F|  |TAMS 0x00000000c3700000, 0x00000000c3700000| Untracked 
|  36|0x00000000c3800000, 0x00000000c3800000, 0x00000000c3900000|  0%| F|  |TAMS 0x00000000c3800000, 0x00000000c3800000| Untracked 
|  37|0x00000000c3900000, 0x00000000c3900000, 0x00000000c3a00000|  0%| F|  |TAMS 0x00000000c3900000, 0x00000000c3900000| Untracked 
|  38|0x00000000c3a00000, 0x00000000c3a00000, 0x00000000c3b00000|  0%| F|  |TAMS 0x00000000c3a00000, 0x00000000c3a00000| Untracked 
|  39|0x00000000c3b00000, 0x00000000c3b00000, 0x00000000c3c00000|  0%| F|  |TAMS 0x00000000c3b00000, 0x00000000c3b00000| Untracked 
|  40|0x00000000c3c00000, 0x00000000c3c00000, 0x00000000c3d00000|  0%| F|  |TAMS 0x00000000c3c00000, 0x00000000c3c00000| Untracked 
|  41|0x00000000c3d00000, 0x00000000c3d00000, 0x00000000c3e00000|  0%| F|  |TAMS 0x00000000c3d00000, 0x00000000c3d00000| Untracked 
|  42|0x00000000c3e00000, 0x00000000c3e00000, 0x00000000c3f00000|  0%| F|  |TAMS 0x00000000c3e00000, 0x00000000c3e00000| Untracked 
|  43|0x00000000c3f00000, 0x00000000c3f00000, 0x00000000c4000000|  0%| F|  |TAMS 0x00000000c3f00000, 0x00000000c3f00000| Untracked 
|  44|0x00000000c4000000, 0x00000000c4000000, 0x00000000c4100000|  0%| F|  |TAMS 0x00000000c4000000, 0x00000000c4000000| Untracked 
|  45|0x00000000c4100000, 0x00000000c4100000, 0x00000000c4200000|  0%| F|  |TAMS 0x00000000c4100000, 0x00000000c4100000| Untracked 
|  46|0x00000000c4200000, 0x00000000c4200000, 0x00000000c4300000|  0%| F|  |TAMS 0x00000000c4200000, 0x00000000c4200000| Untracked 
|  47|0x00000000c4300000, 0x00000000c4300000, 0x00000000c4400000|  0%| F|  |TAMS 0x00000000c4300000, 0x00000000c4300000| Untracked 
|  48|0x00000000c4400000, 0x00000000c4400000, 0x00000000c4500000|  0%| F|  |TAMS 0x00000000c4400000, 0x00000000c4400000| Untracked 
|  49|0x00000000c4500000, 0x00000000c4559330, 0x00000000c4600000| 34%| E|  |TAMS 0x00000000c4500000, 0x00000000c4500000| Complete 
|  50|0x00000000c4600000, 0x00000000c4700000, 0x00000000c4700000|100%| E|CS|TAMS 0x00000000c4600000, 0x00000000c4600000| Complete 
|  51|0x00000000c4700000, 0x00000000c4800000, 0x00000000c4800000|100%| E|CS|TAMS 0x00000000c4700000, 0x00000000c4700000| Complete 
|  52|0x00000000c4800000, 0x00000000c4900000, 0x00000000c4900000|100%| E|CS|TAMS 0x00000000c4800000, 0x00000000c4800000| Complete 
|  53|0x00000000c4900000, 0x00000000c4a00000, 0x00000000c4a00000|100%| E|CS|TAMS 0x00000000c4900000, 0x00000000c4900000| Complete 
|  54|0x00000000c4a00000, 0x00000000c4b00000, 0x00000000c4b00000|100%| E|CS|TAMS 0x00000000c4a00000, 0x00000000c4a00000| Complete 
|  55|0x00000000c4b00000, 0x00000000c4c00000, 0x00000000c4c00000|100%| E|CS|TAMS 0x00000000c4b00000, 0x00000000c4b00000| Complete 
|  56|0x00000000c4c00000, 0x00000000c4d00000, 0x00000000c4d00000|100%| E|CS|TAMS 0x00000000c4c00000, 0x00000000c4c00000| Complete 
|  57|0x00000000c4d00000, 0x00000000c4e00000, 0x00000000c4e00000|100%| E|CS|TAMS 0x00000000c4d00000, 0x00000000c4d00000| Complete 
|  58|0x00000000c4e00000, 0x00000000c4f00000, 0x00000000c4f00000|100%| E|CS|TAMS 0x00000000c4e00000, 0x00000000c4e00000| Complete 
|  59|0x00000000c4f00000, 0x00000000c5000000, 0x00000000c5000000|100%| E|CS|TAMS 0x00000000c4f00000, 0x00000000c4f00000| Complete 
|  60|0x00000000c5000000, 0x00000000c5100000, 0x00000000c5100000|100%| E|CS|TAMS 0x00000000c5000000, 0x00000000c5000000| Complete 
|  61|0x00000000c5100000, 0x00000000c5200000, 0x00000000c5200000|100%| E|CS|TAMS 0x00000000c5100000, 0x00000000c5100000| Complete 
|  62|0x00000000c5200000, 0x00000000c5300000, 0x00000000c5300000|100%| E|CS|TAMS 0x00000000c5200000, 0x00000000c5200000| Complete 
|  63|0x00000000c5300000, 0x00000000c5400000, 0x00000000c5400000|100%| E|CS|TAMS 0x00000000c5300000, 0x00000000c5300000| Complete 

Card table byte_map: [0x00000202c0550000,0x00000202c0750000] _byte_map_base: 0x00000202bff46000

Marking Bits (Prev, Next): (CMBitMap*) 0x00000202a97cbbd0, (CMBitMap*) 0x00000202a97cbc10
 Prev Bits: [0x00000202c0950000, 0x00000202c1900000)
 Next Bits: [0x00000202c1900000, 0x00000202c28b0000)

Polling page: 0x00000202a7770000

Metaspace:

Usage:
  Non-class:     17.52 MB used.
      Class:      2.40 MB used.
       Both:     19.92 MB used.

Virtual space:
  Non-class space:       64.00 MB reserved,      17.63 MB ( 28%) committed,  1 nodes.
      Class space:        1.00 GB reserved,       2.56 MB ( <1%) committed,  1 nodes.
             Both:        1.06 GB reserved,      20.19 MB (  2%) committed. 

Chunk freelists:
   Non-Class:  2.25 MB
       Class:  1.48 MB
        Both:  3.73 MB

MaxMetaspaceSize: unlimited
CompressedClassSpaceSize: 1.00 GB
Initial GC threshold: 21.00 MB
Current GC threshold: 21.00 MB
CDS: on
MetaspaceReclaimPolicy: balanced
 - commit_granule_bytes: 65536.
 - commit_granule_words: 8192.
 - virtual_space_node_default_size: 8388608.
 - enlarge_chunks_in_place: 1.
 - new_chunks_are_fully_committed: 0.
 - uncommit_free_chunks: 1.
 - use_allocation_guard: 0.


Internal statistics:

num_allocs_failed_limit: 0.
num_arena_births: 264.
num_arena_deaths: 0.
num_vsnodes_births: 2.
num_vsnodes_deaths: 0.
num_space_committed: 323.
num_space_uncommitted: 0.
num_chunks_returned_to_freelist: 0.
num_chunks_taken_from_freelist: 907.
num_chunk_merges: 0.
num_chunk_splits: 645.
num_chunks_enlarged: 529.
num_inconsistent_stats: 0.

CodeHeap 'non-profiled nmethods': size=120000Kb used=1036Kb max_used=1036Kb free=118964Kb
 bounds [0x00000202b8e20000, 0x00000202b9090000, 0x00000202c0350000]
CodeHeap 'profiled nmethods': size=120000Kb used=6236Kb max_used=6236Kb free=113763Kb
 bounds [0x00000202b18f0000, 0x00000202b1f10000, 0x00000202b8e20000]
CodeHeap 'non-nmethods': size=5760Kb used=1201Kb max_used=1251Kb free=4558Kb
 bounds [0x00000202b1350000, 0x00000202b15c0000, 0x00000202b18f0000]
 total_blobs=3413 nmethods=2924 adapters=400
 compilation: enabled
              stopped_count=0, restarted_count=0
 full_count=0

Compilation events (20 events):
Event: 7.568 Thread 0x00000202c4d575e0 nmethod 2906 0x00000202b1eefb10 code [0x00000202b1eefca0, 0x00000202b1eefe18]
Event: 7.579 Thread 0x00000202c4d575e0 2907       3       org.springframework.util.ObjectUtils::arrayEquals (272 bytes)
Event: 7.581 Thread 0x00000202c4d575e0 nmethod 2907 0x00000202b1eefe90 code [0x00000202b1ef0260, 0x00000202b1ef2e28]
Event: 7.581 Thread 0x00000202c4d575e0 2908       3       java.util.LinkedHashMap::valuesToArray (38 bytes)
Event: 7.581 Thread 0x00000202c4d575e0 nmethod 2908 0x00000202b1ef3110 code [0x00000202b1ef32c0, 0x00000202b1ef3638]
Event: 7.581 Thread 0x00000202c4d575e0 2909       3       java.util.LinkedHashMap$LinkedValues::toArray (16 bytes)
Event: 7.581 Thread 0x00000202c4d575e0 nmethod 2909 0x00000202b1ef3790 code [0x00000202b1ef3940, 0x00000202b1ef3ab8]
Event: 7.585 Thread 0x00000202c4d575e0 2910       3       org.springframework.core.MethodParameter::getDeclaringClass (8 bytes)
Event: 7.586 Thread 0x00000202c4d575e0 nmethod 2910 0x00000202b1ef3b90 code [0x00000202b1ef3d40, 0x00000202b1ef3f08]
Event: 7.588 Thread 0x00000202c4d575e0 2911       3       org.springframework.core.MethodParameter::getMethod (23 bytes)
Event: 7.589 Thread 0x00000202c4d575e0 nmethod 2911 0x00000202b1ef4010 code [0x00000202b1ef41c0, 0x00000202b1ef4538]
Event: 7.598 Thread 0x00000202c4d575e0 2912       3       org.springframework.beans.factory.support.AbstractBeanDefinition::hasConstructorArgumentValues (23 bytes)
Event: 7.598 Thread 0x00000202c4d575e0 nmethod 2912 0x00000202b1ef4610 code [0x00000202b1ef47e0, 0x00000202b1ef4c38]
Event: 7.616 Thread 0x00000202c4d575e0 2913       3       org.springframework.core.annotation.RepeatableContainers::findRepeatedAnnotations (18 bytes)
Event: 7.616 Thread 0x00000202c4d575e0 nmethod 2913 0x00000202b1ef4d90 code [0x00000202b1ef4f40, 0x00000202b1ef5188]
Event: 7.616 Thread 0x00000202c4d575e0 2914       3       org.springframework.core.annotation.AnnotationAttributes::getStringArray (11 bytes)
Event: 7.616 Thread 0x00000202c4d575e0 nmethod 2914 0x00000202b1ef5290 code [0x00000202b1ef5440, 0x00000202b1ef5688]
Event: 7.616 Thread 0x00000202c4d575e0 2915       3       org.springframework.core.annotation.TypeMappedAnnotation::createIfPossible (15 bytes)
Event: 7.617 Thread 0x00000202c4d575e0 nmethod 2915 0x00000202b1ef5790 code [0x00000202b1ef5940, 0x00000202b1ef5ba8]
Event: 7.662 Thread 0x00000202c4d575e0 2916       3       org.springframework.util.ReflectionUtils$$Lambda$39/0x0000000800c2f1e0::matches (5 bytes)

GC Heap History (8 events):
Event: 2.043 GC heap before
{Heap before GC invocations=0 (full 0):
 garbage-first heap   total 65536K, used 13312K [0x00000000c1400000, 0x0000000100000000)
  region size 1024K, 13 young (13312K), 0 survivors (0K)
 Metaspace       used 4102K, committed 4288K, reserved 1114112K
  class space    used 414K, committed 512K, reserved 1048576K
}
Event: 2.084 GC heap after
{Heap after GC invocations=1 (full 0):
 garbage-first heap   total 65536K, used 4389K [0x00000000c1400000, 0x0000000100000000)
  region size 1024K, 2 young (2048K), 2 survivors (2048K)
 Metaspace       used 4102K, committed 4288K, reserved 1114112K
  class space    used 414K, committed 512K, reserved 1048576K
}
Event: 3.576 GC heap before
{Heap before GC invocations=1 (full 0):
 garbage-first heap   total 65536K, used 15653K [0x00000000c1400000, 0x0000000100000000)
  region size 1024K, 13 young (13312K), 2 survivors (2048K)
 Metaspace       used 7028K, committed 7232K, reserved 1114112K
  class space    used 795K, committed 896K, reserved 1048576K
}
Event: 3.587 GC heap after
{Heap after GC invocations=2 (full 0):
 garbage-first heap   total 65536K, used 5504K [0x00000000c1400000, 0x0000000100000000)
  region size 1024K, 1 young (1024K), 1 survivors (1024K)
 Metaspace       used 7028K, committed 7232K, reserved 1114112K
  class space    used 795K, committed 896K, reserved 1048576K
}
Event: 5.048 GC heap before
{Heap before GC invocations=2 (full 0):
 garbage-first heap   total 65536K, used 28032K [0x00000000c1400000, 0x0000000100000000)
  region size 1024K, 24 young (24576K), 1 survivors (1024K)
 Metaspace       used 13010K, committed 13248K, reserved 1114112K
  class space    used 1515K, committed 1600K, reserved 1048576K
}
Event: 5.057 GC heap after
{Heap after GC invocations=3 (full 0):
 garbage-first heap   total 65536K, used 7404K [0x00000000c1400000, 0x0000000100000000)
  region size 1024K, 3 young (3072K), 3 survivors (3072K)
 Metaspace       used 13010K, committed 13248K, reserved 1114112K
  class space    used 1515K, committed 1600K, reserved 1048576K
}
Event: 6.943 GC heap before
{Heap before GC invocations=3 (full 0):
 garbage-first heap   total 65536K, used 39148K [0x00000000c1400000, 0x0000000100000000)
  region size 1024K, 35 young (35840K), 3 survivors (3072K)
 Metaspace       used 18318K, committed 18624K, reserved 1114112K
  class space    used 2197K, committed 2368K, reserved 1048576K
}
Event: 6.963 GC heap after
{Heap after GC invocations=4 (full 0):
 garbage-first heap   total 65536K, used 10244K [0x00000000c1400000, 0x0000000100000000)
  region size 1024K, 5 young (5120K), 5 survivors (5120K)
 Metaspace       used 18318K, committed 18624K, reserved 1114112K
  class space    used 2197K, committed 2368K, reserved 1048576K
}

Deoptimization events (20 events):
Event: 7.094 Thread 0x00000202c93e1680 Uncommon trap: trap_request=0xffffffde fr.pc=0x00000202b8e2b928 relative=0x00000000000001a8
Event: 7.094 Thread 0x00000202c93e1680 Uncommon trap: reason=class_check action=maybe_recompile pc=0x00000202b8e2b928 method=java.lang.String.equals(Ljava/lang/Object;)Z @ 8 c2
Event: 7.094 Thread 0x00000202c93e1680 DEOPT PACKING pc=0x00000202b8e2b928 sp=0x00000034c55fe490
Event: 7.094 Thread 0x00000202c93e1680 DEOPT UNPACKING pc=0x00000202b13a23a3 sp=0x00000034c55fe428 mode 2
Event: 7.094 Thread 0x00000202c93e1680 Uncommon trap: trap_request=0xffffffde fr.pc=0x00000202b8e2b928 relative=0x00000000000001a8
Event: 7.094 Thread 0x00000202c93e1680 Uncommon trap: reason=class_check action=maybe_recompile pc=0x00000202b8e2b928 method=java.lang.String.equals(Ljava/lang/Object;)Z @ 8 c2
Event: 7.094 Thread 0x00000202c93e1680 DEOPT PACKING pc=0x00000202b8e2b928 sp=0x00000034c55fe490
Event: 7.094 Thread 0x00000202c93e1680 DEOPT UNPACKING pc=0x00000202b13a23a3 sp=0x00000034c55fe428 mode 2
Event: 7.094 Thread 0x00000202c93e1680 Uncommon trap: trap_request=0xffffffde fr.pc=0x00000202b8e2b928 relative=0x00000000000001a8
Event: 7.094 Thread 0x00000202c93e1680 Uncommon trap: reason=class_check action=maybe_recompile pc=0x00000202b8e2b928 method=java.lang.String.equals(Ljava/lang/Object;)Z @ 8 c2
Event: 7.094 Thread 0x00000202c93e1680 DEOPT PACKING pc=0x00000202b8e2b928 sp=0x00000034c55fe490
Event: 7.094 Thread 0x00000202c93e1680 DEOPT UNPACKING pc=0x00000202b13a23a3 sp=0x00000034c55fe428 mode 2
Event: 7.096 Thread 0x00000202c93e1680 Uncommon trap: trap_request=0xffffffde fr.pc=0x00000202b8f07a34 relative=0x0000000000000474
Event: 7.096 Thread 0x00000202c93e1680 Uncommon trap: reason=class_check action=maybe_recompile pc=0x00000202b8f07a34 method=java.lang.String.equals(Ljava/lang/Object;)Z @ 8 c2
Event: 7.096 Thread 0x00000202c93e1680 DEOPT PACKING pc=0x00000202b8f07a34 sp=0x00000034c55fe1f0
Event: 7.096 Thread 0x00000202c93e1680 DEOPT UNPACKING pc=0x00000202b13a23a3 sp=0x00000034c55fe0b8 mode 2
Event: 7.096 Thread 0x00000202c93e1680 Uncommon trap: trap_request=0xffffffde fr.pc=0x00000202b8e2b928 relative=0x00000000000001a8
Event: 7.096 Thread 0x00000202c93e1680 Uncommon trap: reason=class_check action=maybe_recompile pc=0x00000202b8e2b928 method=java.lang.String.equals(Ljava/lang/Object;)Z @ 8 c2
Event: 7.096 Thread 0x00000202c93e1680 DEOPT PACKING pc=0x00000202b8e2b928 sp=0x00000034c55fe120
Event: 7.096 Thread 0x00000202c93e1680 DEOPT UNPACKING pc=0x00000202b13a23a3 sp=0x00000034c55fe0b8 mode 2

Classes loaded (20 events):
Event: 5.720 Loading class javax/security/auth/Subject
Event: 5.721 Loading class javax/security/auth/Subject done
Event: 5.723 Loading class com/sun/security/sasl/Provider
Event: 5.723 Loading class com/sun/security/sasl/Provider done
Event: 5.723 Loading class com/sun/security/sasl/Provider$1
Event: 5.723 Loading class com/sun/security/sasl/Provider$1 done
Event: 5.723 Loading class com/sun/security/sasl/Provider$ProviderService
Event: 5.724 Loading class com/sun/security/sasl/Provider$ProviderService done
Event: 5.724 Loading class sun/security/provider/certpath/ldap/JdkLDAP
Event: 5.724 Loading class sun/security/provider/certpath/ldap/JdkLDAP done
Event: 5.725 Loading class sun/security/provider/certpath/ldap/JdkLDAP$ProviderService
Event: 5.725 Loading class sun/security/provider/certpath/ldap/JdkLDAP$ProviderService done
Event: 5.811 Loading class javax/naming/ldap/LdapContext
Event: 5.811 Loading class javax/naming/directory/DirContext
Event: 5.811 Loading class javax/naming/directory/DirContext done
Event: 5.811 Loading class javax/naming/ldap/LdapContext done
Event: 6.662 Loading class java/security/SecureRandom
Event: 6.663 Loading class java/security/SecureRandom done
Event: 6.663 Loading class java/nio/charset/UnsupportedCharsetException
Event: 6.663 Loading class java/nio/charset/UnsupportedCharsetException done

Classes unloaded (0 events):
No events

Classes redefined (0 events):
No events

Internal exceptions (20 events):
Event: 4.181 Thread 0x00000202c93e1680 Exception <a 'java/lang/NoSuchMethodError'{0x00000000c4e62518}: 'void java.lang.invoke.DirectMethodHandle$Holder.invokeStaticInit(java.lang.Object, java.lang.Object, java.lang.Object)'> (0x00000000c4e62518) 
thrown [s\src\hotspot\share\interpreter\linkResolver.cpp, line 759]
Event: 4.192 Thread 0x00000202c93e1680 Exception <a 'java/lang/NoSuchMethodError'{0x00000000c4e7dc68}: 'java.lang.Object java.lang.invoke.DirectMethodHandle$Holder.invokeVirtual(java.lang.Object, java.lang.Object, java.lang.Object)'> (0x00000000c4e7dc68) 
thrown [s\src\hotspot\share\interpreter\linkResolver.cpp, line 759]
Event: 4.206 Thread 0x00000202c93e1680 Exception <a 'java/lang/NoSuchMethodError'{0x00000000c4e9ed28}: 'java.lang.Object java.lang.invoke.DirectMethodHandle$Holder.invokeStatic(java.lang.Object, java.lang.Object, long, java.lang.Object)'> (0x00000000c4e9ed28) 
thrown [s\src\hotspot\share\interpreter\linkResolver.cpp, line 759]
Event: 4.207 Thread 0x00000202c93e1680 Exception <a 'java/lang/NoSuchMethodError'{0x00000000c4ea27b8}: 'java.lang.Object java.lang.invoke.DirectMethodHandle$Holder.invokeStaticInit(java.lang.Object, java.lang.Object, long, java.lang.Object)'> (0x00000000c4ea27b8) 
thrown [s\src\hotspot\share\interpreter\linkResolver.cpp, line 759]
Event: 4.208 Thread 0x00000202c93e1680 Exception <a 'java/lang/NoSuchMethodError'{0x00000000c4ea8ec0}: 'java.lang.Object java.lang.invoke.DirectMethodHandle$Holder.newInvokeSpecial(java.lang.Object, java.lang.Object, long)'> (0x00000000c4ea8ec0) 
thrown [s\src\hotspot\share\interpreter\linkResolver.cpp, line 759]
Event: 4.209 Thread 0x00000202c93e1680 Exception <a 'java/lang/NoSuchMethodError'{0x00000000c4eaca38}: 'java.lang.Object java.lang.invoke.Invokers$Holder.linkToTargetMethod(java.lang.Object, long, java.lang.Object)'> (0x00000000c4eaca38) 
thrown [s\src\hotspot\share\interpreter\linkResolver.cpp, line 759]
Event: 4.250 Thread 0x00000202c93e1680 Exception <a 'java/lang/NoSuchMethodError'{0x00000000c4d044c0}: 'void java.lang.invoke.DirectMethodHandle$Holder.invokeVirtual(java.lang.Object, java.lang.Object, java.lang.Object, java.lang.Object)'> (0x00000000c4d044c0) 
thrown [s\src\hotspot\share\interpreter\linkResolver.cpp, line 759]
Event: 4.367 Thread 0x00000202c93e1680 Exception <a 'java/lang/IncompatibleClassChangeError'{0x00000000c4c89558}: Found class java.lang.Object, but interface was expected> (0x00000000c4c89558) 
thrown [s\src\hotspot\share\interpreter\linkResolver.cpp, line 826]
Event: 4.417 Thread 0x00000202c94d2cd0 Exception <a 'java/lang/NoClassDefFoundError'{0x00000000c4cea178}: jakarta/validation/Validation> (0x00000000c4cea178) 
thrown [s\src\hotspot\share\classfile\systemDictionary.cpp, line 244]
Event: 4.765 Thread 0x00000202c93e1680 Exception <a 'java/lang/NoSuchMethodError'{0x00000000c42f20d0}: 'java.lang.Object java.lang.invoke.DirectMethodHandle$Holder.invokeStatic(java.lang.Object, int, java.lang.Object)'> (0x00000000c42f20d0) 
thrown [s\src\hotspot\share\interpreter\linkResolver.cpp, line 759]
Event: 5.404 Thread 0x00000202c93e1680 Exception <a 'sun/nio/fs/WindowsException'{0x00000000c4aa4750}> (0x00000000c4aa4750) 
thrown [s\src\hotspot\share\prims\jni.cpp, line 516]
Event: 5.406 Thread 0x00000202c93e1680 Exception <a 'java/lang/NoSuchMethodError'{0x00000000c4aa6170}: 'int java.lang.invoke.DirectMethodHandle$Holder.invokeSpecial(java.lang.Object, java.lang.Object, java.lang.Object, java.lang.Object, java.lang.Object)'> (0x00000000c4aa6170) 
thrown [s\src\hotspot\share\interpreter\linkResolver.cpp, line 759]
Event: 5.407 Thread 0x00000202c94d2cd0 Exception <a 'java/lang/NoSuchMethodError'{0x00000000c4ad6180}: 'long java.lang.invoke.DirectMethodHandle$Holder.invokeSpecial(java.lang.Object, java.lang.Object)'> (0x00000000c4ad6180) 
thrown [s\src\hotspot\share\interpreter\linkResolver.cpp, line 759]
Event: 5.410 Thread 0x00000202c93e1680 Exception <a 'java/lang/NoSuchMethodError'{0x00000000c4aaef68}: 'void java.lang.invoke.DirectMethodHandle$Holder.invokeVirtual(java.lang.Object, java.lang.Object)'> (0x00000000c4aaef68) 
thrown [s\src\hotspot\share\interpreter\linkResolver.cpp, line 759]
Event: 5.411 Thread 0x00000202c94d2cd0 Exception <a 'java/lang/NoSuchMethodError'{0x00000000c4ae1160}: 'long java.lang.invoke.DirectMethodHandle$Holder.invokeStatic(java.lang.Object, java.lang.Object)'> (0x00000000c4ae1160) 
thrown [s\src\hotspot\share\interpreter\linkResolver.cpp, line 759]
Event: 5.412 Thread 0x00000202c94d2cd0 Exception <a 'java/lang/NoSuchMethodError'{0x00000000c4ae44b0}: 'long java.lang.invoke.DirectMethodHandle$Holder.invokeStaticInit(java.lang.Object, java.lang.Object)'> (0x00000000c4ae44b0) 
thrown [s\src\hotspot\share\interpreter\linkResolver.cpp, line 759]
Event: 5.415 Thread 0x00000202c94d2cd0 Exception <a 'java/lang/NoSuchMethodError'{0x00000000c4af25b8}: 'long java.lang.invoke.DirectMethodHandle$Holder.invokeInterface(java.lang.Object, java.lang.Object)'> (0x00000000c4af25b8) 
thrown [s\src\hotspot\share\interpreter\linkResolver.cpp, line 759]
Event: 5.416 Thread 0x00000202c94d2cd0 Exception <a 'java/lang/IncompatibleClassChangeError'{0x00000000c4af5898}: Found class java.lang.Object, but interface was expected> (0x00000000c4af5898) 
thrown [s\src\hotspot\share\interpreter\linkResolver.cpp, line 826]
Event: 5.429 Thread 0x00000202c94d2cd0 Exception <a 'java/lang/NoSuchMethodError'{0x00000000c49474a8}: 'java.lang.Object java.lang.invoke.DirectMethodHandle$Holder.invokeVirtual(java.lang.Object, java.lang.Object, java.lang.Object, java.lang.Object)'> (0x00000000c49474a8) 
thrown [s\src\hotspot\share\interpreter\linkResolver.cpp, line 759]
Event: 5.901 Thread 0x00000202c93e1680 Exception <a 'java/lang/IncompatibleClassChangeError'{0x00000000c4019378}: Found class java.lang.Object, but interface was expected> (0x00000000c4019378) 
thrown [s\src\hotspot\share\interpreter\linkResolver.cpp, line 826]

VM Operations (20 events):
Event: 4.343 Executing VM operation: HandshakeAllThreads
Event: 4.343 Executing VM operation: HandshakeAllThreads done
Event: 4.798 Executing VM operation: HandshakeAllThreads
Event: 4.798 Executing VM operation: HandshakeAllThreads done
Event: 4.798 Executing VM operation: Cleanup
Event: 4.799 Executing VM operation: Cleanup done
Event: 5.047 Executing VM operation: G1CollectForAllocation
Event: 5.058 Executing VM operation: G1CollectForAllocation done
Event: 5.179 Executing VM operation: HandshakeAllThreads
Event: 5.179 Executing VM operation: HandshakeAllThreads done
Event: 5.356 Executing VM operation: HandshakeAllThreads
Event: 5.357 Executing VM operation: HandshakeAllThreads done
Event: 5.544 Executing VM operation: HandshakeAllThreads
Event: 5.544 Executing VM operation: HandshakeAllThreads done
Event: 5.631 Executing VM operation: HandshakeAllThreads
Event: 5.631 Executing VM operation: HandshakeAllThreads done
Event: 6.487 Executing VM operation: ICBufferFull
Event: 6.487 Executing VM operation: ICBufferFull done
Event: 6.943 Executing VM operation: G1CollectForAllocation
Event: 6.963 Executing VM operation: G1CollectForAllocation done

Events (20 events):
Event: 0.451 Loaded shared library C:\Users\ERIN_JAVALead\.jdks\corretto-18.0.2\bin\zip.dll
Event: 0.459 Loaded shared library C:\Users\ERIN_JAVALead\.jdks\corretto-18.0.2\bin\instrument.dll
Event: 0.478 Loaded shared library C:\Users\ERIN_JAVALead\.jdks\corretto-18.0.2\bin\net.dll
Event: 0.481 Loaded shared library C:\Users\ERIN_JAVALead\.jdks\corretto-18.0.2\bin\nio.dll
Event: 0.486 Loaded shared library C:\Users\ERIN_JAVALead\.jdks\corretto-18.0.2\bin\zip.dll
Event: 0.559 Thread 0x00000202c9131a00 Thread added: 0x00000202c9131a00
Event: 0.639 Loaded shared library C:\Program Files\JetBrains\IntelliJ IDEA Community Edition 2021.3.3\bin\breakgen64.dll
Event: 0.641 Thread 0x00000202c93996d0 Thread added: 0x00000202c93996d0
Event: 0.641 Thread 0x00000202c9399b90 Thread added: 0x00000202c9399b90
Event: 0.795 Loaded shared library C:\Users\ERIN_JAVALead\.jdks\corretto-18.0.2\bin\jimage.dll
Event: 1.066 Thread 0x00000202c9131a00 Thread exited: 0x00000202c9131a00
Event: 2.260 Loaded shared library C:\Users\ERIN_JAVALead\.jdks\corretto-18.0.2\bin\management.dll
Event: 2.264 Loaded shared library C:\Users\ERIN_JAVALead\.jdks\corretto-18.0.2\bin\management_ext.dll
Event: 2.428 Thread 0x00000202c96d2310 Thread added: 0x00000202c96d2310
Event: 2.462 Thread 0x00000202c93e1680 Thread added: 0x00000202c93e1680
Event: 4.359 Thread 0x00000202c94d2cd0 Thread added: 0x00000202c94d2cd0
Event: 5.608 Loaded shared library C:\Users\ERIN_JAVALead\.jdks\corretto-18.0.2\bin\sunmscapi.dll
Event: 5.664 Thread 0x00000202ca834a70 Thread added: 0x00000202ca834a70
Event: 5.745 Thread 0x00000202c94d2cd0 Thread exited: 0x00000202c94d2cd0
Event: 5.917 Thread 0x00000202ca834a70 Thread exited: 0x00000202ca834a70


Dynamic libraries:
0x00007ff7c3e70000 - 0x00007ff7c3e7d000 	C:\Users\ERIN_JAVALead\.jdks\corretto-18.0.2\bin\java.exe
0x00007ffa76fd0000 - 0x00007ffa771c8000 	C:\WINDOWS\SYSTEM32\ntdll.dll
0x00007ffa757f0000 - 0x00007ffa758b1000 	C:\WINDOWS\System32\KERNEL32.DLL
0x00007ffa74b00000 - 0x00007ffa74df6000 	C:\WINDOWS\System32\KERNELBASE.dll
0x00007ffa74a00000 - 0x00007ffa74b00000 	C:\WINDOWS\System32\ucrtbase.dll
0x00007ffa6fdc0000 - 0x00007ffa6fdd7000 	C:\Users\ERIN_JAVALead\.jdks\corretto-18.0.2\bin\jli.dll
0x00007ffa75100000 - 0x00007ffa7529f000 	C:\WINDOWS\System32\USER32.dll
0x00007ffa74780000 - 0x00007ffa747a2000 	C:\WINDOWS\System32\win32u.dll
0x00007ffa755b0000 - 0x00007ffa755db000 	C:\WINDOWS\System32\GDI32.dll
0x00007ffa74e00000 - 0x00007ffa74f17000 	C:\WINDOWS\System32\gdi32full.dll
0x00007ffa746e0000 - 0x00007ffa7477d000 	C:\WINDOWS\System32\msvcp_win.dll
0x00007ffa54e10000 - 0x00007ffa54e25000 	C:\Users\ERIN_JAVALead\.jdks\corretto-18.0.2\bin\VCRUNTIME140.dll
0x00007ffa5cc40000 - 0x00007ffa5ceda000 	C:\WINDOWS\WinSxS\amd64_microsoft.windows.common-controls_6595b64144ccf1df_6.0.19041.4355_none_60b8b9eb71f62e16\COMCTL32.dll
0x00007ffa76eb0000 - 0x00007ffa76f4e000 	C:\WINDOWS\System32\msvcrt.dll
0x00007ffa750d0000 - 0x00007ffa750ff000 	C:\WINDOWS\System32\IMM32.DLL
0x00007ffa49db0000 - 0x00007ffa49e4b000 	C:\Users\ERIN_JAVALead\.jdks\corretto-18.0.2\bin\msvcp140.dll
0x00007ffa3f1e0000 - 0x00007ffa3fe51000 	C:\Users\ERIN_JAVALead\.jdks\corretto-18.0.2\bin\server\jvm.dll
0x00007ffa76d20000 - 0x00007ffa76dd0000 	C:\WINDOWS\System32\ADVAPI32.dll
0x00007ffa76c80000 - 0x00007ffa76d20000 	C:\WINDOWS\System32\sechost.dll
0x00007ffa762d0000 - 0x00007ffa763f3000 	C:\WINDOWS\System32\RPCRT4.dll
0x00007ffa74870000 - 0x00007ffa74897000 	C:\WINDOWS\System32\bcrypt.dll
0x00007ffa76f50000 - 0x00007ffa76f58000 	C:\WINDOWS\System32\PSAPI.DLL
0x00007ffa5ff60000 - 0x00007ffa5ff69000 	C:\WINDOWS\SYSTEM32\WSOCK32.dll
0x00007ffa76de0000 - 0x00007ffa76e4b000 	C:\WINDOWS\System32\WS2_32.dll
0x00007ffa6e920000 - 0x00007ffa6e92a000 	C:\WINDOWS\SYSTEM32\VERSION.dll
0x00007ffa4eb70000 - 0x00007ffa4eb97000 	C:\WINDOWS\SYSTEM32\WINMM.dll
0x00007ffa723b0000 - 0x00007ffa723c2000 	C:\WINDOWS\SYSTEM32\kernel.appcore.dll
0x00007ffa63f60000 - 0x00007ffa63f6a000 	C:\Users\ERIN_JAVALead\.jdks\corretto-18.0.2\bin\jimage.dll
0x00007ffa543a0000 - 0x00007ffa54584000 	C:\WINDOWS\SYSTEM32\DBGHELP.DLL
0x00007ffa54360000 - 0x00007ffa54394000 	C:\WINDOWS\SYSTEM32\dbgcore.DLL
0x00007ffa74650000 - 0x00007ffa746d2000 	C:\WINDOWS\System32\bcryptPrimitives.dll
0x00007ffa629c0000 - 0x00007ffa629ce000 	C:\Users\ERIN_JAVALead\.jdks\corretto-18.0.2\bin\instrument.dll
0x00007ffa546d0000 - 0x00007ffa546f5000 	C:\Users\ERIN_JAVALead\.jdks\corretto-18.0.2\bin\java.dll
0x00007ffa453b0000 - 0x00007ffa45486000 	C:\Users\ERIN_JAVALead\.jdks\corretto-18.0.2\bin\jsvml.dll
0x00007ffa76460000 - 0x00007ffa76bcc000 	C:\WINDOWS\System32\SHELL32.dll
0x00007ffa72690000 - 0x00007ffa72e2e000 	C:\WINDOWS\SYSTEM32\windows.storage.dll
0x00007ffa75b00000 - 0x00007ffa75e53000 	C:\WINDOWS\System32\combase.dll
0x00007ffa73ec0000 - 0x00007ffa73eee000 	C:\WINDOWS\SYSTEM32\Wldp.dll
0x00007ffa75450000 - 0x00007ffa7551d000 	C:\WINDOWS\System32\OLEAUT32.dll
0x00007ffa76bd0000 - 0x00007ffa76c7d000 	C:\WINDOWS\System32\SHCORE.dll
0x00007ffa758c0000 - 0x00007ffa75915000 	C:\WINDOWS\System32\shlwapi.dll
0x00007ffa74580000 - 0x00007ffa745a4000 	C:\WINDOWS\SYSTEM32\profapi.dll
0x00007ffa52750000 - 0x00007ffa52768000 	C:\Users\ERIN_JAVALead\.jdks\corretto-18.0.2\bin\zip.dll
0x00007ffa546b0000 - 0x00007ffa546c3000 	C:\Users\ERIN_JAVALead\.jdks\corretto-18.0.2\bin\net.dll
0x00007ffa6e780000 - 0x00007ffa6e88a000 	C:\WINDOWS\SYSTEM32\WINHTTP.dll
0x00007ffa73ca0000 - 0x00007ffa73d0a000 	C:\WINDOWS\system32\mswsock.dll
0x00007ffa527b0000 - 0x00007ffa527c5000 	C:\Users\ERIN_JAVALead\.jdks\corretto-18.0.2\bin\nio.dll
0x00007ffa51610000 - 0x00007ffa5162a000 	C:\Program Files\JetBrains\IntelliJ IDEA Community Edition 2021.3.3\bin\breakgen64.dll
0x00007ffa617a0000 - 0x00007ffa617a9000 	C:\Users\ERIN_JAVALead\.jdks\corretto-18.0.2\bin\management.dll
0x00007ffa610f0000 - 0x00007ffa610fb000 	C:\Users\ERIN_JAVALead\.jdks\corretto-18.0.2\bin\management_ext.dll
0x00007ffa71ba0000 - 0x00007ffa71bae000 	C:\Users\ERIN_JAVALead\.jdks\corretto-18.0.2\bin\sunmscapi.dll
0x00007ffa748a0000 - 0x00007ffa749fe000 	C:\WINDOWS\System32\CRYPT32.dll
0x00007ffa74010000 - 0x00007ffa74039000 	C:\WINDOWS\SYSTEM32\ncrypt.dll
0x00007ffa73fd0000 - 0x00007ffa7400b000 	C:\WINDOWS\SYSTEM32\NTASN1.dll

dbghelp: loaded successfully - version: 4.0.5 - missing functions: none
symbol engine: initialized successfully - sym options: 0x614 - pdb path: .;C:\Users\ERIN_JAVALead\.jdks\corretto-18.0.2\bin;C:\WINDOWS\SYSTEM32;C:\WINDOWS\WinSxS\amd64_microsoft.windows.common-controls_6595b64144ccf1df_6.0.19041.4355_none_60b8b9eb71f62e16;C:\Users\ERIN_JAVALead\.jdks\corretto-18.0.2\bin\server;C:\Program Files\JetBrains\IntelliJ IDEA Community Edition 2021.3.3\bin

VM Arguments:
jvm_args: -javaagent:C:\Program Files\JetBrains\IntelliJ IDEA Community Edition 2021.3.3\lib\idea_rt.jar=54417:C:\Program Files\JetBrains\IntelliJ IDEA Community Edition 2021.3.3\bin -Dfile.encoding=UTF-8 
java_command: com.smart_host.hotelallocation.HotelallocationApplication
java_class_path (initial): C:\Users\ERIN_JAVALead\Downloads\hotelallocation\hotelallocation\target\classes;C:\Users\ERIN_JAVALead\.m2\repository\org\springframework\boot\spring-boot-starter-data-rest\3.3.1\spring-boot-starter-data-rest-3.3.1.jar;C:\Users\ERIN_JAVALead\.m2\repository\org\springframework\data\spring-data-rest-webmvc\4.3.1\spring-data-rest-webmvc-4.3.1.jar;C:\Users\ERIN_JAVALead\.m2\repository\org\springframework\data\spring-data-rest-core\4.3.1\spring-data-rest-core-4.3.1.jar;C:\Users\ERIN_JAVALead\.m2\repository\org\springframework\spring-tx\6.1.10\spring-tx-6.1.10.jar;C:\Users\ERIN_JAVALead\.m2\repository\org\springframework\hateoas\spring-hateoas\2.3.0\spring-hateoas-2.3.0.jar;C:\Users\ERIN_JAVALead\.m2\repository\org\springframework\data\spring-data-commons\3.3.1\spring-data-commons-3.3.1.jar;C:\Users\ERIN_JAVALead\.m2\repository\org\springframework\plugin\spring-plugin-core\3.0.0\spring-plugin-core-3.0.0.jar;C:\Users\ERIN_JAVALead\.m2\repository\org\atteo\evo-inflector\1.3\evo-inflector-1.3.jar;C:\Users\ERIN_JAVALead\.m2\repository\com\fasterxml\jackson\core\jackson-databind\2.17.1\jackson-databind-2.17.1.jar;C:\Users\ERIN_JAVALead\.m2\repository\com\fasterxml\jackson\core\jackson-core\2.17.1\jackson-core-2.17.1.jar;C:\Users\ERIN_JAVALead\.m2\repository\com\fasterxml\jackson\core\jackson-annotations\2.17.1\jackson-annotations-2.17.1.jar;C:\Users\ERIN_JAVALead\.m2\repository\org\slf4j\slf4j-api\2.0.13\slf4j-api-2.0.13.jar;C:\Users\ERIN_JAVALead\.m2\repository\org\springframework\boot\spring-boot-starter-web\3.3.1\spring-boot-starter-web-3.3.1.jar;C:\Users\ERIN_JAVALead\.m2\repository\org\springframework\boot\spring-boot-starter\3.3.1\spring-boot-starter-3.3.1.jar;C:\Users\ERIN_JAVALead\.m2\repository\org\springframework\boot\spring-boot-starter-logging\3.3.1\spring-boot-starter-logging-3.3.1.jar;C:\Users\ERIN_JAVALead\.m2\repository\ch\qos\logback\logback-classic\1.5.6\logback-classic-1.5.6.jar;C:\Users\ERIN_JAVALead\.m2\repository\ch\qos\logback\logback-core\1.5.6\logback-core-1.5.6.jar;C:\Users\ERIN_JAVALead\.m2\repository\org\apache\logging\log4j\log4j-to-slf4j\2.23.1\log4j-to-slf4j-2.23.1.jar;C:\Users\ERIN_JAVALead\.m2\repository\org\apache\logging\log4j\log4j-api\2.23.1\log4j-api-2.23.1.jar;C:\Users\ERIN_JAVALead\.m2\repository\org\slf4j\jul-to-slf4j\2.0.13\jul-to-slf4j-2.0.13.jar;C:\Users\ERIN_JAVALead\.m2\repository\jakarta\annotation\jakarta.annotation-api\2.1.1\jakarta.annotation-api-2.1.1.jar;C:\Users\ERIN_JAVALead\.m2\repository\org\yaml\snakeyaml\2.2\snakeyaml-2.2.jar;C:\Users\ERIN_JAVALead\.m2\repository\org\springframework\boot\spring-boot-starter-json\3.3.1\spring-boot-starter-json-3.3.1.jar;C:\Users\ERIN_JAVALead\.m2\repository\com\fasterxml\jackson\datatype\jackson-datatype-jdk8\2.17.1\jackson-datatype-jdk8-2.17.1.jar;C:\Users\ERIN_JAVALead\.m2\repository\com\fasterxml\jackson\datatype\jackson-datatype-jsr310\2.17.1\jackson-datatype-jsr310-2.17.1.jar;C:\Users\ERIN_JAVALead\.m2\repository\com\fasterxml\jackson\module\jackson-module-parameter-names\2.17.1\jackson-module-parameter-names-2.17.1.jar;C:\Users\ERIN_JAVALead\.m2\repository\org\springframework\boot\spring-boot-starter-tomcat\3.3.1\spring-boot-starter-tomcat-3.3.1.jar;C:\Users\ERIN_JAVALead\.m2\repository\org\apache\tomcat\embed\tomcat-embed-core\10.1.25\tomcat-embed-core-10.1.25.jar;C:\Users\ERIN_JAVALead\.m2\repository\org\apache\tomcat\embed\tomcat-embed-el\10.1.25\tomcat-embed-el-10.1.25.jar;C:\Users\ERIN_JAVALead\.m2\repository\org\apache\tomcat\embed\tomcat-embed-websocket\10.1.25\tomcat-embed-websocket-10.1.25.jar;C:\Users\ERIN_JAVALead\.m2\repository\org\springframework\spring-web\6.1.10\spring-web-6.1.10.jar;C:\Users\ERIN_JAVALead\.m2\repository\org\springframework\spring-beans\6.1.10\spring-beans-6.1.10.jar;C:\Users\ERIN_JAVALead\.m2\repository\io\micrometer\micrometer-observation\1.13.1\micrometer-observation-1.13.1.jar;C:\Users\ERIN_JAVALead\.m2\repository\io\micrometer\micrometer-commons\1.13.1\micrometer-commons-1.13.1.jar;C:\Users\ERIN_JAVALead\.m2\repository\org\springframework\spring-webmvc\6.1.10\spring-webmvc-6.1.10.jar;C:\Users\ERIN_JAVALead\.m2\repository\org\springframework\spring-aop\6.1.10\spring-aop-6.1.10.jar;C:\Users\ERIN_JAVALead\.m2\repository\org\springframework\spring-context\6.1.10\spring-context-6.1.10.jar;C:\Users\ERIN_JAVALead\.m2\repository\org\springframework\spring-expression\6.1.10\spring-expression-6.1.10.jar;C:\Users\ERIN_JAVALead\.m2\repository\org\springframework\boot\spring-boot-devtools\3.3.1\spring-boot-devtools-3.3.1.jar;C:\Users\ERIN_JAVALead\.m2\repository\org\springframework\boot\spring-boot\3.3.1\spring-boot-3.3.1.jar;C:\Users\ERIN_JAVALead\.m2\repository\org\springframework\boot\spring-boot-autoconfigure\3.3.1\spring-boot-autoconfigure-3.3.1.jar;C:\Users\ERIN_JAVALead\.m2\repository\org\projectlombok\lombok\1.18.32\lombok-1.18.32.jar;C:\Users\ERIN_JAVALead\.m2\repository\com\jayway\jsonpath\json-path\2.9.0\json-path-2.9.0.jar;C:\Users\ERIN_JAVALead\.m2\repository\net\minidev\json-smart\2.5.1\json-smart-2.5.1.jar;C:\Users\ERIN_JAVALead\.m2\repository\net\minidev\accessors-smart\2.5.1\accessors-smart-2.5.1.jar;C:\Users\ERIN_JAVALead\.m2\repository\org\ow2\asm\asm\9.6\asm-9.6.jar;C:\Users\ERIN_JAVALead\.m2\repository\org\springframework\spring-core\6.1.10\spring-core-6.1.10.jar;C:\Users\ERIN_JAVALead\.m2\repository\org\springframework\spring-jcl\6.1.10\spring-jcl-6.1.10.jar
Launcher Type: SUN_STANDARD

[Global flags]
     intx CICompilerCount                          = 3                                         {product} {ergonomic}
     uint ConcGCThreads                            = 1                                         {product} {ergonomic}
     uint G1ConcRefinementThreads                  = 4                                         {product} {ergonomic}
   size_t G1HeapRegionSize                         = 1048576                                   {product} {ergonomic}
    uintx GCDrainStackTargetSize                   = 64                                        {product} {ergonomic}
   size_t InitialHeapSize                          = 67108864                                  {product} {ergonomic}
   size_t MarkStackSize                            = 4194304                                   {product} {ergonomic}
   size_t MaxHeapSize                              = 1052770304                                {product} {ergonomic}
   size_t MaxNewSize                               = 631242752                                 {product} {ergonomic}
   size_t MinHeapDeltaBytes                        = 1048576                                   {product} {ergonomic}
   size_t MinHeapSize                              = 8388608                                   {product} {ergonomic}
    uintx NonNMethodCodeHeapSize                   = 5832780                                {pd product} {ergonomic}
    uintx NonProfiledCodeHeapSize                  = 122912730                              {pd product} {ergonomic}
    uintx ProfiledCodeHeapSize                     = 122912730                              {pd product} {ergonomic}
    uintx ReservedCodeCacheSize                    = 251658240                              {pd product} {ergonomic}
     bool SegmentedCodeCache                       = true                                      {product} {ergonomic}
   size_t SoftMaxHeapSize                          = 1052770304                             {manageable} {ergonomic}
     bool UseCompressedClassPointers               = true                           {product lp64_product} {ergonomic}
     bool UseCompressedOops                        = true                           {product lp64_product} {ergonomic}
     bool UseG1GC                                  = true                                      {product} {ergonomic}
     bool UseLargePagesIndividualAllocation        = false                                  {pd product} {ergonomic}

Logging:
Log output configuration:
 #0: stdout all=warning uptime,level,tags foldmultilines=false
 #1: stderr all=off uptime,level,tags foldmultilines=false

Environment Variables:
JAVA_HOME=C:\Program Files\Java\jdk-17
PATH=C:\Program Files (x86)\Common Files\Oracle\Java\javapath;C:\WINDOWS\system32;C:\WINDOWS;C:\WINDOWS\System32\Wbem;C:\WINDOWS\System32\WindowsPowerShell\v1.0\;C:\WINDOWS\System32\OpenSSH\;C:\Program Files (x86)\nodejs\;C:\Program Files (x86)\nodejs\npm;C:\Users\ERIN_JAVALead\AppData\Roaming\npm;C:\Program Files\Git\cmd;C:\Program Files (x86)\dotnet\;C:\Program Files (x86)\Microsoft SQL Server\160\DTS\Binn\;C:\Program Files\Azure Data Studio\bin;C:\Program Files (x86)\Microsoft SQL Server\160\Tools\Binn\;C:\Program Files\Microsoft SQL Server\160\Tools\Binn\;C:\Program Files\Microsoft SQL Server\Client SDK\ODBC\170\Tools\Binn\;C:\Program Files\Microsoft SQL Server\160\DTS\Binn\;C:\Program Files\Java\jdk1.8.0_202\bin;C:\Program Files\Java\jdk1.8.0_202\jre\bin;C:\kafkasrc\bin\windows;C:\Program Files\Docker\Docker\resources\bin;C:\Program Files\Docker\Docker;C:\Users\ERIN_JAVALead\AppData\Local\Microsoft\WindowsApps;;C:\Users\ERIN_JAVALead\AppData\Local\Programs\Microsoft VS Code\bin;C:\Users\ERIN_JAVALead\AppData\Roaming\npm;C:\Program Files\Azure Data Studio\bin
USERNAME=ERIN_JAVALead
OS=Windows_NT
PROCESSOR_IDENTIFIER=Intel64 Family 6 Model 78 Stepping 3, GenuineIntel



---------------  S Y S T E M  ---------------

OS:
 Windows 10 , 64 bit Build 19041 (10.0.19041.4597)
OS uptime: 0 days 4:34 hours
Hyper-V role detected

CPU: total 4 (initial active 4) (2 cores per cpu, 2 threads per core) family 6 model 78 stepping 3 microcode 0xcc, cx8, cmov, fxsr, ht, mmx, 3dnowpref, sse, sse2, sse3, ssse3, sse4.1, sse4.2, popcnt, lzcnt, tsc, tscinvbit, avx, avx2, aes, erms, clmul, bmi1, bmi2, adx, fma, vzeroupper, clflush, clflushopt, hv

Memory: 4k page, system-wide physical 4012M (334M free)
TotalPageFile size 6060M (AvailPageFile size 9M)
current process WorkingSet (physical memory assigned to process): 134M, peak: 136M
current process commit charge ("private bytes"): 189M, peak: 189M

vm_info: OpenJDK 64-Bit Server VM (18.0.2+9-FR) for windows-amd64 JRE (18.0.2+9-FR), built on Jul 15 2022 20:03:03 by "Administrator" with MS VC++ 15.9 (VS2017)

END.
