#
# There is insufficient memory for the Java Runtime Environment to continue.
# Native memory allocation (malloc) failed to allocate 657216 bytes for Chunk::new
# Possible reasons:
#   The system is out of physical RAM or swap space
#   The process is running with CompressedOops enabled, and the Java Heap may be blocking the growth of the native heap
# Possible solutions:
#   Reduce memory load on the system
#   Increase physical memory or swap space
#   Check if swap backing store is full
#   Decrease Java heap size (-Xmx/-Xms)
#   Decrease number of Java threads
#   Decrease Java thread stack sizes (-Xss)
#   Set larger code cache with -XX:ReservedCodeCacheSize=
#   JVM is running with Unscaled Compressed Oops mode in which the Java heap is
#     placed in the first 4GB address space. The Java Heap base address is the
#     maximum limit for the native heap growth. Please use -XX:HeapBaseMinAddress
#     to set the Java Heap base and to place the Java Heap above 4GB virtual address.
# This output file may be truncated or incomplete.
#
#  Out of Memory Error (arena.cpp:184), pid=13260, tid=12724
#
# JRE version: OpenJDK Runtime Environment Corretto-18.0.2.9.1 (18.0.2+9) (build 18.0.2+9-FR)
# Java VM: OpenJDK 64-Bit Server VM Corretto-18.0.2.9.1 (18.0.2+9-FR, mixed mode, sharing, tiered, compressed oops, compressed class ptrs, g1 gc, windows-amd64)
# No core dump will be written. Minidumps are not enabled by default on client versions of Windows
#

---------------  S U M M A R Y ------------

Command Line: -javaagent:C:\Program Files\JetBrains\IntelliJ IDEA Community Edition 2021.3.3\lib\idea_rt.jar=53710:C:\Program Files\JetBrains\IntelliJ IDEA Community Edition 2021.3.3\bin -Dfile.encoding=UTF-8 com.smart_host.hotelallocation.HotelallocationApplication

Host: Intel(R) Core(TM) i3-6006U CPU @ 2.00GHz, 4 cores, 3G,  Windows 10 , 64 bit Build 19041 (10.0.19041.4597)
Time: Thu Jul 18 12:30:23 2024 W. Europe Daylight Time elapsed time: 10.404797 seconds (0d 0h 0m 10s)

---------------  T H R E A D  ---------------

Current thread (0x000001e3a73f2c90):  JavaThread "C2 CompilerThread0" daemon [_thread_in_native, id=12724, stack(0x0000003350000000,0x0000003350100000)]


Current CompileTask:
C2:  10405 2741   !   4       jdk.internal.loader.BuiltinClassLoader::loadClassOrNull (143 bytes)

Stack: [0x0000003350000000,0x0000003350100000]
Native frames: (J=compiled Java code, j=interpreted, Vv=VM code, C=native code)
V  [jvm.dll+0x685a2a]
V  [jvm.dll+0x82ae8d]
V  [jvm.dll+0x82c75e]
V  [jvm.dll+0x82ce03]
V  [jvm.dll+0x25ef4b]
V  [jvm.dll+0xd42d2]
V  [jvm.dll+0xd4665]
V  [jvm.dll+0x2ca852]
V  [jvm.dll+0x5907bf]
V  [jvm.dll+0x23bae0]
V  [jvm.dll+0x23514d]
V  [jvm.dll+0x232e1f]
V  [jvm.dll+0x1c0a35]
V  [jvm.dll+0x24212c]
V  [jvm.dll+0x240534]
V  [jvm.dll+0x7df6db]
V  [jvm.dll+0x7d9cba]
V  [jvm.dll+0x6848a5]
C  [ucrtbase.dll+0x21bb2]
C  [KERNEL32.DLL+0x17374]
C  [ntdll.dll+0x4cc91]


---------------  P R O C E S S  ---------------

Threads class SMR info:
_java_thread_list=0x000001e3c758bef0, length=15, elements={
0x000001e3a73407b0, 0x000001e3a73d89f0, 0x000001e3a73d9f30, 0x000001e3a73ee2c0,
0x000001e3a73efc70, 0x000001e3a73f1620, 0x000001e3a73f1fc0, 0x000001e3a73f2c90,
0x000001e3c29007a0, 0x000001e3c2919970, 0x000001e3c298dff0, 0x000001e3c6e8f760,
0x000001e3c6ea2a00, 0x000001e3c73d5220, 0x000001e3c70df4a0
}

Java Threads: ( => current thread )
  0x000001e3a73407b0 JavaThread "main" [_thread_blocked, id=5436, stack(0x000000334f300000,0x000000334f400000)]
  0x000001e3a73d89f0 JavaThread "Reference Handler" daemon [_thread_blocked, id=4568, stack(0x000000334fa00000,0x000000334fb00000)]
  0x000001e3a73d9f30 JavaThread "Finalizer" daemon [_thread_blocked, id=5748, stack(0x000000334fb00000,0x000000334fc00000)]
  0x000001e3a73ee2c0 JavaThread "Signal Dispatcher" daemon [_thread_blocked, id=10084, stack(0x000000334fc00000,0x000000334fd00000)]
  0x000001e3a73efc70 JavaThread "Attach Listener" daemon [_thread_blocked, id=4168, stack(0x000000334fd00000,0x000000334fe00000)]
  0x000001e3a73f1620 JavaThread "Service Thread" daemon [_thread_blocked, id=12820, stack(0x000000334fe00000,0x000000334ff00000)]
  0x000001e3a73f1fc0 JavaThread "Monitor Deflation Thread" daemon [_thread_blocked, id=12644, stack(0x000000334ff00000,0x0000003350000000)]
=>0x000001e3a73f2c90 JavaThread "C2 CompilerThread0" daemon [_thread_in_native, id=12724, stack(0x0000003350000000,0x0000003350100000)]
  0x000001e3c29007a0 JavaThread "C1 CompilerThread0" daemon [_thread_blocked, id=3280, stack(0x0000003350100000,0x0000003350200000)]
  0x000001e3c2919970 JavaThread "Sweeper thread" daemon [_thread_blocked, id=8648, stack(0x0000003350200000,0x0000003350300000)]
  0x000001e3c298dff0 JavaThread "Common-Cleaner" daemon [_thread_blocked, id=13280, stack(0x0000003350300000,0x0000003350400000)]
  0x000001e3c6e8f760 JavaThread "Monitor Ctrl-Break" daemon [_thread_in_native, id=12512, stack(0x0000003350400000,0x0000003350500000)]
  0x000001e3c6ea2a00 JavaThread "Notification Thread" daemon [_thread_blocked, id=9908, stack(0x0000003350500000,0x0000003350600000)]
  0x000001e3c73d5220 JavaThread "Thread-0" [_thread_blocked, id=12452, stack(0x0000003350a00000,0x0000003350b00000)]
  0x000001e3c70df4a0 JavaThread "restartedMain" [_thread_in_native, id=8912, stack(0x0000003350b00000,0x0000003350c00000)]

Other Threads:
  0x000001e3a73d5250 VMThread "VM Thread" [stack: 0x000000334f900000,0x000000334fa00000] [id=9280]
  0x000001e3a7341660 WatcherThread "VM Periodic Task Thread" [stack: 0x0000003350600000,0x0000003350700000] [id=6684]
  0x000001e3a737e290 WorkerThread "GC Thread#0" [stack: 0x000000334f400000,0x000000334f500000] [id=2660]
  0x000001e3c7267600 WorkerThread "GC Thread#1" [stack: 0x0000003350700000,0x0000003350800000] [id=3108]
  0x000001e3c7612090 WorkerThread "GC Thread#2" [stack: 0x0000003350800000,0x0000003350900000] [id=4540]
  0x000001e3c7316780 WorkerThread "GC Thread#3" [stack: 0x0000003350900000,0x0000003350a00000] [id=12968]
  0x000001e3a7386d00 ConcurrentGCThread "G1 Main Marker" [stack: 0x000000334f500000,0x000000334f600000] [id=13488]
  0x000001e3a534d870 WorkerThread "G1 Conc#0" [stack: 0x000000334f600000,0x000000334f700000] [id=5800]
  0x000001e3a73ac790 ConcurrentGCThread "G1 Refine#0" [stack: 0x000000334f700000,0x000000334f800000] [id=8576]
  0x000001e3a73ad0a0 ConcurrentGCThread "G1 Service" [stack: 0x000000334f800000,0x000000334f900000] [id=7680]

Threads with active compile tasks:
C2 CompilerThread0    10479 2741   !   4       jdk.internal.loader.BuiltinClassLoader::loadClassOrNull (143 bytes)

VM state: not at safepoint (normal execution)

VM Mutex/Monitor currently owned by a thread: None

Heap address: 0x00000000c1400000, size: 1004 MB, Compressed Oops mode: 32-bit

CDS archive(s) mapped at: [0x0000000800000000-0x0000000800ba0000-0x0000000800ba0000), size 12189696, SharedBaseAddress: 0x0000000800000000, ArchiveRelocationMode: 0.
Compressed class space mapped at: 0x0000000800c00000-0x0000000840c00000, reserved size: 1073741824
Narrow klass base: 0x0000000800000000, Narrow klass shift: 0, Narrow klass range: 0x100000000

GC Precious Log:
 CardTable entry size: 512
 Card Set container configuration: InlinePtr #cards 5 size 8 Array Of Cards #cards 12 size 40 Howl #buckets 4 coarsen threshold 1843 Howl Bitmap #cards 512 size 80 coarsen threshold 460 Card regions per heap region 1 cards per card region 2048
 CPUs: 4 total, 4 available
 Memory: 4012M
 Large Page Support: Disabled
 NUMA Support: Disabled
 Compressed Oops: Enabled (32-bit)
 Heap Region Size: 1M
 Heap Min Capacity: 8M
 Heap Initial Capacity: 64M
 Heap Max Capacity: 1004M
 Pre-touch: Disabled
 Parallel Workers: 4
 Concurrent Workers: 1
 Concurrent Refinement Workers: 4
 Periodic GC: Disabled

Heap:
 garbage-first heap   total 65536K, used 14170K [0x00000000c1400000, 0x0000000100000000)
  region size 1024K, 10 young (10240K), 5 survivors (5120K)
 Metaspace       used 19513K, committed 19840K, reserved 1114112K
  class space    used 2340K, committed 2496K, reserved 1048576K

Heap Regions: E=young(eden), S=young(survivor), O=old, HS=humongous(starts), HC=humongous(continues), CS=collection set, F=free, OA=open archive, CA=closed archive, TAMS=top-at-mark-start (previous, next)
|   0|0x00000000c1400000, 0x00000000c1500000, 0x00000000c1500000|100%| O|  |TAMS 0x00000000c1400000, 0x00000000c1400000| Untracked 
|   1|0x00000000c1500000, 0x00000000c1600000, 0x00000000c1600000|100%| O|  |TAMS 0x00000000c1500000, 0x00000000c1500000| Untracked 
|   2|0x00000000c1600000, 0x00000000c1700000, 0x00000000c1700000|100%| O|  |TAMS 0x00000000c1600000, 0x00000000c1600000| Untracked 
|   3|0x00000000c1700000, 0x00000000c1800000, 0x00000000c1800000|100%| O|  |TAMS 0x00000000c1700000, 0x00000000c1700000| Untracked 
|   4|0x00000000c1800000, 0x00000000c1900000, 0x00000000c1900000|100%| O|  |TAMS 0x00000000c1800000, 0x00000000c1800000| Untracked 
|   5|0x00000000c1900000, 0x00000000c1914e00, 0x00000000c1a00000|  8%| O|  |TAMS 0x00000000c1900000, 0x00000000c1900000| Untracked 
|   6|0x00000000c1a00000, 0x00000000c1a00000, 0x00000000c1b00000|  0%| F|  |TAMS 0x00000000c1a00000, 0x00000000c1a00000| Untracked 
|   7|0x00000000c1b00000, 0x00000000c1b00000, 0x00000000c1c00000|  0%| F|  |TAMS 0x00000000c1b00000, 0x00000000c1b00000| Untracked 
|   8|0x00000000c1c00000, 0x00000000c1c00000, 0x00000000c1d00000|  0%| F|  |TAMS 0x00000000c1c00000, 0x00000000c1c00000| Untracked 
|   9|0x00000000c1d00000, 0x00000000c1d00000, 0x00000000c1e00000|  0%| F|  |TAMS 0x00000000c1d00000, 0x00000000c1d00000| Untracked 
|  10|0x00000000c1e00000, 0x00000000c1e00000, 0x00000000c1f00000|  0%| F|  |TAMS 0x00000000c1e00000, 0x00000000c1e00000| Untracked 
|  11|0x00000000c1f00000, 0x00000000c1f00000, 0x00000000c2000000|  0%| F|  |TAMS 0x00000000c1f00000, 0x00000000c1f00000| Untracked 
|  12|0x00000000c2000000, 0x00000000c2000000, 0x00000000c2100000|  0%| F|  |TAMS 0x00000000c2000000, 0x00000000c2000000| Untracked 
|  13|0x00000000c2100000, 0x00000000c2100000, 0x00000000c2200000|  0%| F|  |TAMS 0x00000000c2100000, 0x00000000c2100000| Untracked 
|  14|0x00000000c2200000, 0x00000000c2200000, 0x00000000c2300000|  0%| F|  |TAMS 0x00000000c2200000, 0x00000000c2200000| Untracked 
|  15|0x00000000c2300000, 0x00000000c2300000, 0x00000000c2400000|  0%| F|  |TAMS 0x00000000c2300000, 0x00000000c2300000| Untracked 
|  16|0x00000000c2400000, 0x00000000c2400000, 0x00000000c2500000|  0%| F|  |TAMS 0x00000000c2400000, 0x00000000c2400000| Untracked 
|  17|0x00000000c2500000, 0x00000000c2500000, 0x00000000c2600000|  0%| F|  |TAMS 0x00000000c2500000, 0x00000000c2500000| Untracked 
|  18|0x00000000c2600000, 0x00000000c2600000, 0x00000000c2700000|  0%| F|  |TAMS 0x00000000c2600000, 0x00000000c2600000| Untracked 
|  19|0x00000000c2700000, 0x00000000c2700000, 0x00000000c2800000|  0%| F|  |TAMS 0x00000000c2700000, 0x00000000c2700000| Untracked 
|  20|0x00000000c2800000, 0x00000000c2800000, 0x00000000c2900000|  0%| F|  |TAMS 0x00000000c2800000, 0x00000000c2800000| Untracked 
|  21|0x00000000c2900000, 0x00000000c29c1aa0, 0x00000000c2a00000| 75%| S|CS|TAMS 0x00000000c2900000, 0x00000000c2900000| Complete 
|  22|0x00000000c2a00000, 0x00000000c2b00000, 0x00000000c2b00000|100%| S|CS|TAMS 0x00000000c2a00000, 0x00000000c2a00000| Complete 
|  23|0x00000000c2b00000, 0x00000000c2c00000, 0x00000000c2c00000|100%| S|CS|TAMS 0x00000000c2b00000, 0x00000000c2b00000| Complete 
|  24|0x00000000c2c00000, 0x00000000c2d00000, 0x00000000c2d00000|100%| S|CS|TAMS 0x00000000c2c00000, 0x00000000c2c00000| Complete 
|  25|0x00000000c2d00000, 0x00000000c2e00000, 0x00000000c2e00000|100%| S|CS|TAMS 0x00000000c2d00000, 0x00000000c2d00000| Complete 
|  26|0x00000000c2e00000, 0x00000000c2e00000, 0x00000000c2f00000|  0%| F|  |TAMS 0x00000000c2e00000, 0x00000000c2e00000| Untracked 
|  27|0x00000000c2f00000, 0x00000000c2f00000, 0x00000000c3000000|  0%| F|  |TAMS 0x00000000c2f00000, 0x00000000c2f00000| Untracked 
|  28|0x00000000c3000000, 0x00000000c3000000, 0x00000000c3100000|  0%| F|  |TAMS 0x00000000c3000000, 0x00000000c3000000| Untracked 
|  29|0x00000000c3100000, 0x00000000c3100000, 0x00000000c3200000|  0%| F|  |TAMS 0x00000000c3100000, 0x00000000c3100000| Untracked 
|  30|0x00000000c3200000, 0x00000000c3200000, 0x00000000c3300000|  0%| F|  |TAMS 0x00000000c3200000, 0x00000000c3200000| Untracked 
|  31|0x00000000c3300000, 0x00000000c3300000, 0x00000000c3400000|  0%| F|  |TAMS 0x00000000c3300000, 0x00000000c3300000| Untracked 
|  32|0x00000000c3400000, 0x00000000c3400000, 0x00000000c3500000|  0%| F|  |TAMS 0x00000000c3400000, 0x00000000c3400000| Untracked 
|  33|0x00000000c3500000, 0x00000000c3500000, 0x00000000c3600000|  0%| F|  |TAMS 0x00000000c3500000, 0x00000000c3500000| Untracked 
|  34|0x00000000c3600000, 0x00000000c3600000, 0x00000000c3700000|  0%| F|  |TAMS 0x00000000c3600000, 0x00000000c3600000| Untracked 
|  35|0x00000000c3700000, 0x00000000c3700000, 0x00000000c3800000|  0%| F|  |TAMS 0x00000000c3700000, 0x00000000c3700000| Untracked 
|  36|0x00000000c3800000, 0x00000000c3800000, 0x00000000c3900000|  0%| F|  |TAMS 0x00000000c3800000, 0x00000000c3800000| Untracked 
|  37|0x00000000c3900000, 0x00000000c3900000, 0x00000000c3a00000|  0%| F|  |TAMS 0x00000000c3900000, 0x00000000c3900000| Untracked 
|  38|0x00000000c3a00000, 0x00000000c3a00000, 0x00000000c3b00000|  0%| F|  |TAMS 0x00000000c3a00000, 0x00000000c3a00000| Untracked 
|  39|0x00000000c3b00000, 0x00000000c3b00000, 0x00000000c3c00000|  0%| F|  |TAMS 0x00000000c3b00000, 0x00000000c3b00000| Untracked 
|  40|0x00000000c3c00000, 0x00000000c3c00000, 0x00000000c3d00000|  0%| F|  |TAMS 0x00000000c3c00000, 0x00000000c3c00000| Untracked 
|  41|0x00000000c3d00000, 0x00000000c3d00000, 0x00000000c3e00000|  0%| F|  |TAMS 0x00000000c3d00000, 0x00000000c3d00000| Untracked 
|  42|0x00000000c3e00000, 0x00000000c3e00000, 0x00000000c3f00000|  0%| F|  |TAMS 0x00000000c3e00000, 0x00000000c3e00000| Untracked 
|  43|0x00000000c3f00000, 0x00000000c3f00000, 0x00000000c4000000|  0%| F|  |TAMS 0x00000000c3f00000, 0x00000000c3f00000| Untracked 
|  44|0x00000000c4000000, 0x00000000c4000000, 0x00000000c4100000|  0%| F|  |TAMS 0x00000000c4000000, 0x00000000c4000000| Untracked 
|  45|0x00000000c4100000, 0x00000000c4100000, 0x00000000c4200000|  0%| F|  |TAMS 0x00000000c4100000, 0x00000000c4100000| Untracked 
|  46|0x00000000c4200000, 0x00000000c4200000, 0x00000000c4300000|  0%| F|  |TAMS 0x00000000c4200000, 0x00000000c4200000| Untracked 
|  47|0x00000000c4300000, 0x00000000c4300000, 0x00000000c4400000|  0%| F|  |TAMS 0x00000000c4300000, 0x00000000c4300000| Untracked 
|  48|0x00000000c4400000, 0x00000000c4400000, 0x00000000c4500000|  0%| F|  |TAMS 0x00000000c4400000, 0x00000000c4400000| Untracked 
|  49|0x00000000c4500000, 0x00000000c4500000, 0x00000000c4600000|  0%| F|  |TAMS 0x00000000c4500000, 0x00000000c4500000| Untracked 
|  50|0x00000000c4600000, 0x00000000c4600000, 0x00000000c4700000|  0%| F|  |TAMS 0x00000000c4600000, 0x00000000c4600000| Untracked 
|  51|0x00000000c4700000, 0x00000000c4700000, 0x00000000c4800000|  0%| F|  |TAMS 0x00000000c4700000, 0x00000000c4700000| Untracked 
|  52|0x00000000c4800000, 0x00000000c4800000, 0x00000000c4900000|  0%| F|  |TAMS 0x00000000c4800000, 0x00000000c4800000| Untracked 
|  53|0x00000000c4900000, 0x00000000c4900000, 0x00000000c4a00000|  0%| F|  |TAMS 0x00000000c4900000, 0x00000000c4900000| Untracked 
|  54|0x00000000c4a00000, 0x00000000c4a00000, 0x00000000c4b00000|  0%| F|  |TAMS 0x00000000c4a00000, 0x00000000c4a00000| Untracked 
|  55|0x00000000c4b00000, 0x00000000c4b00000, 0x00000000c4c00000|  0%| F|  |TAMS 0x00000000c4b00000, 0x00000000c4b00000| Untracked 
|  56|0x00000000c4c00000, 0x00000000c4c00000, 0x00000000c4d00000|  0%| F|  |TAMS 0x00000000c4c00000, 0x00000000c4c00000| Untracked 
|  57|0x00000000c4d00000, 0x00000000c4d00000, 0x00000000c4e00000|  0%| F|  |TAMS 0x00000000c4d00000, 0x00000000c4d00000| Untracked 
|  58|0x00000000c4e00000, 0x00000000c4e00000, 0x00000000c4f00000|  0%| F|  |TAMS 0x00000000c4e00000, 0x00000000c4e00000| Untracked 
|  59|0x00000000c4f00000, 0x00000000c4f63af8, 0x00000000c5000000| 38%| E|  |TAMS 0x00000000c4f00000, 0x00000000c4f00000| Complete 
|  60|0x00000000c5000000, 0x00000000c5100000, 0x00000000c5100000|100%| E|CS|TAMS 0x00000000c5000000, 0x00000000c5000000| Complete 
|  61|0x00000000c5100000, 0x00000000c5200000, 0x00000000c5200000|100%| E|CS|TAMS 0x00000000c5100000, 0x00000000c5100000| Complete 
|  62|0x00000000c5200000, 0x00000000c5300000, 0x00000000c5300000|100%| E|CS|TAMS 0x00000000c5200000, 0x00000000c5200000| Complete 
|  63|0x00000000c5300000, 0x00000000c5400000, 0x00000000c5400000|100%| E|CS|TAMS 0x00000000c5300000, 0x00000000c5300000| Complete 

Card table byte_map: [0x000001e3be100000,0x000001e3be300000] _byte_map_base: 0x000001e3bdaf6000

Marking Bits (Prev, Next): (CMBitMap*) 0x000001e3a737e890, (CMBitMap*) 0x000001e3a737e8d0
 Prev Bits: [0x000001e3be500000, 0x000001e3bf4b0000)
 Next Bits: [0x000001e3bf4b0000, 0x000001e3c0460000)

Polling page: 0x000001e3a5240000

Metaspace:

Usage:
  Non-class:     16.78 MB used.
      Class:      2.29 MB used.
       Both:     19.07 MB used.

Virtual space:
  Non-class space:       64.00 MB reserved,      16.94 MB ( 26%) committed,  1 nodes.
      Class space:        1.00 GB reserved,       2.44 MB ( <1%) committed,  1 nodes.
             Both:        1.06 GB reserved,      19.38 MB (  2%) committed. 

Chunk freelists:
   Non-Class:  2.45 MB
       Class:  1.59 MB
        Both:  4.05 MB

MaxMetaspaceSize: unlimited
CompressedClassSpaceSize: 1.00 GB
Initial GC threshold: 21.00 MB
Current GC threshold: 21.00 MB
CDS: on
MetaspaceReclaimPolicy: balanced
 - commit_granule_bytes: 65536.
 - commit_granule_words: 8192.
 - virtual_space_node_default_size: 8388608.
 - enlarge_chunks_in_place: 1.
 - new_chunks_are_fully_committed: 0.
 - uncommit_free_chunks: 1.
 - use_allocation_guard: 0.


Internal statistics:

num_allocs_failed_limit: 0.
num_arena_births: 262.
num_arena_deaths: 0.
num_vsnodes_births: 2.
num_vsnodes_deaths: 0.
num_space_committed: 310.
num_space_uncommitted: 0.
num_chunks_returned_to_freelist: 0.
num_chunks_taken_from_freelist: 877.
num_chunk_merges: 0.
num_chunk_splits: 620.
num_chunks_enlarged: 506.
num_inconsistent_stats: 0.

CodeHeap 'non-profiled nmethods': size=120000Kb used=976Kb max_used=976Kb free=119023Kb
 bounds [0x000001e3b69d0000, 0x000001e3b6c40000, 0x000001e3bdf00000]
CodeHeap 'profiled nmethods': size=120000Kb used=5902Kb max_used=5902Kb free=114097Kb
 bounds [0x000001e3af4a0000, 0x000001e3afa70000, 0x000001e3b69d0000]
CodeHeap 'non-nmethods': size=5760Kb used=1201Kb max_used=1255Kb free=4558Kb
 bounds [0x000001e3aef00000, 0x000001e3af170000, 0x000001e3af4a0000]
 total_blobs=3311 nmethods=2823 adapters=400
 compilation: enabled
              stopped_count=0, restarted_count=0
 full_count=0

Compilation events (20 events):
Event: 10.393 Thread 0x000001e3c29007a0 nmethod 2774 0x000001e3afa40990 code [0x000001e3afa40c40, 0x000001e3afa41b88]
Event: 10.394 Thread 0x000001e3c29007a0 2776       3       org.springframework.core.annotation.TypeMappedAnnotations$MergedAnnotationFinder::doWithAnnotations (75 bytes)
Event: 10.394 Thread 0x000001e3c29007a0 nmethod 2776 0x000001e3afa42010 code [0x000001e3afa421e0, 0x000001e3afa425d8]
Event: 10.394 Thread 0x000001e3c29007a0 2778       3       org.springframework.core.annotation.MergedAnnotations::from (10 bytes)
Event: 10.394 Thread 0x000001e3c29007a0 nmethod 2778 0x000001e3afa42790 code [0x000001e3afa42920, 0x000001e3afa42a48]
Event: 10.394 Thread 0x000001e3c29007a0 2775       3       org.springframework.core.annotation.TypeMappedAnnotations$MergedAnnotationFinder::doWithAnnotations (10 bytes)
Event: 10.395 Thread 0x000001e3c29007a0 nmethod 2775 0x000001e3afa42b10 code [0x000001e3afa42cc0, 0x000001e3afa42e08]
Event: 10.395 Thread 0x000001e3c29007a0 2777       1       org.springframework.beans.factory.support.AbstractBeanDefinition::setScope (6 bytes)
Event: 10.395 Thread 0x000001e3c29007a0 nmethod 2777 0x000001e3b6ac1990 code [0x000001e3b6ac1b20, 0x000001e3b6ac1c38]
Event: 10.395 Thread 0x000001e3c29007a0 2781       3       org.springframework.beans.factory.support.RootBeanDefinition::isFactoryMethod (12 bytes)
Event: 10.395 Thread 0x000001e3c29007a0 nmethod 2781 0x000001e3afa42f10 code [0x000001e3afa430c0, 0x000001e3afa432c8]
Event: 10.395 Thread 0x000001e3c29007a0 2782       3       org.springframework.context.annotation.ConfigurationClassBeanDefinitionReader$ConfigurationClassBeanDefinition::isFactoryMethod (35 bytes)
Event: 10.396 Thread 0x000001e3c29007a0 nmethod 2782 0x000001e3afa43410 code [0x000001e3afa43600, 0x000001e3afa43a58]
Event: 10.396 Thread 0x000001e3c29007a0 2780       3       org.springframework.core.annotation.TypeMappedAnnotation$$Lambda$91/0x0000000800c96678::extract (6 bytes)
Event: 10.396 Thread 0x000001e3c29007a0 nmethod 2780 0x000001e3afa43c10 code [0x000001e3afa43da0, 0x000001e3afa43ee8]
Event: 10.396 Thread 0x000001e3c29007a0 2783       1       org.springframework.beans.BeanMetadataAttributeAccessor::setSource (6 bytes)
Event: 10.396 Thread 0x000001e3c29007a0 nmethod 2783 0x000001e3b6ac1c90 code [0x000001e3b6ac1e20, 0x000001e3b6ac1f38]
Event: 10.396 Thread 0x000001e3c29007a0 2784       1       org.springframework.beans.factory.support.AbstractBeanDefinition::setFactoryMethodName (6 bytes)
Event: 10.396 Thread 0x000001e3c29007a0 nmethod 2784 0x000001e3b6ac1f90 code [0x000001e3b6ac2120, 0x000001e3b6ac2238]
Event: 10.399 Thread 0x000001e3c29007a0 2785       3       java.lang.String::join (281 bytes)

GC Heap History (8 events):
Event: 2.785 GC heap before
{Heap before GC invocations=0 (full 0):
 garbage-first heap   total 65536K, used 13312K [0x00000000c1400000, 0x0000000100000000)
  region size 1024K, 13 young (13312K), 0 survivors (0K)
 Metaspace       used 4098K, committed 4352K, reserved 1114112K
  class space    used 439K, committed 576K, reserved 1048576K
}
Event: 2.796 GC heap after
{Heap after GC invocations=1 (full 0):
 garbage-first heap   total 65536K, used 3996K [0x00000000c1400000, 0x0000000100000000)
  region size 1024K, 2 young (2048K), 2 survivors (2048K)
 Metaspace       used 4098K, committed 4352K, reserved 1114112K
  class space    used 439K, committed 576K, reserved 1048576K
}
Event: 3.872 GC heap before
{Heap before GC invocations=1 (full 0):
 garbage-first heap   total 65536K, used 15260K [0x00000000c1400000, 0x0000000100000000)
  region size 1024K, 14 young (14336K), 2 survivors (2048K)
 Metaspace       used 7199K, committed 7424K, reserved 1114112K
  class space    used 821K, committed 960K, reserved 1048576K
}
Event: 3.885 GC heap after
{Heap after GC invocations=2 (full 0):
 garbage-first heap   total 65536K, used 5315K [0x00000000c1400000, 0x0000000100000000)
  region size 1024K, 2 young (2048K), 2 survivors (2048K)
 Metaspace       used 7199K, committed 7424K, reserved 1114112K
  class space    used 821K, committed 960K, reserved 1048576K
}
Event: 5.614 GC heap before
{Heap before GC invocations=2 (full 0):
 garbage-first heap   total 65536K, used 27843K [0x00000000c1400000, 0x0000000100000000)
  region size 1024K, 25 young (25600K), 2 survivors (2048K)
 Metaspace       used 13117K, committed 13312K, reserved 1114112K
  class space    used 1527K, committed 1600K, reserved 1048576K
}
Event: 5.623 GC heap after
{Heap after GC invocations=3 (full 0):
 garbage-first heap   total 65536K, used 7198K [0x00000000c1400000, 0x0000000100000000)
  region size 1024K, 4 young (4096K), 4 survivors (4096K)
 Metaspace       used 13117K, committed 13312K, reserved 1114112K
  class space    used 1527K, committed 1600K, reserved 1048576K
}
Event: 10.231 GC heap before
{Heap before GC invocations=3 (full 0):
 garbage-first heap   total 65536K, used 40990K [0x00000000c1400000, 0x0000000100000000)
  region size 1024K, 38 young (38912K), 4 survivors (4096K)
 Metaspace       used 18849K, committed 19136K, reserved 1114112K
  class space    used 2261K, committed 2432K, reserved 1048576K
}
Event: 10.246 GC heap after
{Heap after GC invocations=4 (full 0):
 garbage-first heap   total 65536K, used 10074K [0x00000000c1400000, 0x0000000100000000)
  region size 1024K, 5 young (5120K), 5 survivors (5120K)
 Metaspace       used 18849K, committed 19136K, reserved 1114112K
  class space    used 2261K, committed 2432K, reserved 1048576K
}

Deoptimization events (20 events):
Event: 9.405 Thread 0x000001e3c70df4a0 Uncommon trap: trap_request=0xffffffc6 fr.pc=0x000001e3b6a5f5ac relative=0x0000000000001b0c
Event: 9.405 Thread 0x000001e3c70df4a0 Uncommon trap: reason=bimorphic_or_optimized_type_check action=maybe_recompile pc=0x000001e3b6a5f5ac method=java.util.HashMap.putVal(ILjava/lang/Object;Ljava/lang/Object;ZZ)Ljava/lang/Object; @ 91 c2
Event: 9.405 Thread 0x000001e3c70df4a0 DEOPT PACKING pc=0x000001e3b6a5f5ac sp=0x0000003350bfe340
Event: 9.405 Thread 0x000001e3c70df4a0 DEOPT UNPACKING pc=0x000001e3aef523a3 sp=0x0000003350bfe208 mode 2
Event: 10.095 Thread 0x000001e3c70df4a0 Uncommon trap: trap_request=0xffffffde fr.pc=0x000001e3b69db628 relative=0x00000000000001a8
Event: 10.095 Thread 0x000001e3c70df4a0 Uncommon trap: reason=class_check action=maybe_recompile pc=0x000001e3b69db628 method=java.lang.String.equals(Ljava/lang/Object;)Z @ 8 c2
Event: 10.095 Thread 0x000001e3c70df4a0 DEOPT PACKING pc=0x000001e3b69db628 sp=0x0000003350bfe820
Event: 10.095 Thread 0x000001e3c70df4a0 DEOPT UNPACKING pc=0x000001e3aef523a3 sp=0x0000003350bfe7b8 mode 2
Event: 10.095 Thread 0x000001e3c70df4a0 Uncommon trap: trap_request=0xffffffde fr.pc=0x000001e3b69db628 relative=0x00000000000001a8
Event: 10.095 Thread 0x000001e3c70df4a0 Uncommon trap: reason=class_check action=maybe_recompile pc=0x000001e3b69db628 method=java.lang.String.equals(Ljava/lang/Object;)Z @ 8 c2
Event: 10.095 Thread 0x000001e3c70df4a0 DEOPT PACKING pc=0x000001e3b69db628 sp=0x0000003350bfe820
Event: 10.095 Thread 0x000001e3c70df4a0 DEOPT UNPACKING pc=0x000001e3aef523a3 sp=0x0000003350bfe7b8 mode 2
Event: 10.095 Thread 0x000001e3c70df4a0 Uncommon trap: trap_request=0xffffffde fr.pc=0x000001e3b69db628 relative=0x00000000000001a8
Event: 10.095 Thread 0x000001e3c70df4a0 Uncommon trap: reason=class_check action=maybe_recompile pc=0x000001e3b69db628 method=java.lang.String.equals(Ljava/lang/Object;)Z @ 8 c2
Event: 10.095 Thread 0x000001e3c70df4a0 DEOPT PACKING pc=0x000001e3b69db628 sp=0x0000003350bfe820
Event: 10.095 Thread 0x000001e3c70df4a0 DEOPT UNPACKING pc=0x000001e3aef523a3 sp=0x0000003350bfe7b8 mode 2
Event: 10.096 Thread 0x000001e3c70df4a0 Uncommon trap: trap_request=0xffffffde fr.pc=0x000001e3b69db628 relative=0x00000000000001a8
Event: 10.096 Thread 0x000001e3c70df4a0 Uncommon trap: reason=class_check action=maybe_recompile pc=0x000001e3b69db628 method=java.lang.String.equals(Ljava/lang/Object;)Z @ 8 c2
Event: 10.096 Thread 0x000001e3c70df4a0 DEOPT PACKING pc=0x000001e3b69db628 sp=0x0000003350bfe4f0
Event: 10.096 Thread 0x000001e3c70df4a0 DEOPT UNPACKING pc=0x000001e3aef523a3 sp=0x0000003350bfe488 mode 2

Classes loaded (20 events):
Event: 6.363 Loading class com/sun/crypto/provider/SunJCE
Event: 6.364 Loading class com/sun/crypto/provider/SunJCE done
Event: 6.370 Loading class sun/security/provider/certpath/ldap/JdkLDAP
Event: 6.371 Loading class sun/security/provider/certpath/ldap/JdkLDAP done
Event: 6.372 Loading class sun/security/provider/certpath/ldap/JdkLDAP$ProviderService
Event: 6.372 Loading class sun/security/provider/certpath/ldap/JdkLDAP$ProviderService done
Event: 6.372 Loading class com/sun/security/sasl/Provider
Event: 6.373 Loading class com/sun/security/sasl/Provider done
Event: 6.373 Loading class com/sun/security/sasl/Provider$1
Event: 6.373 Loading class com/sun/security/sasl/Provider$1 done
Event: 6.373 Loading class com/sun/security/sasl/Provider$ProviderService
Event: 6.374 Loading class com/sun/security/sasl/Provider$ProviderService done
Event: 9.107 Loading class javax/naming/ldap/LdapContext
Event: 9.108 Loading class javax/naming/directory/DirContext
Event: 9.108 Loading class javax/naming/directory/DirContext done
Event: 9.108 Loading class javax/naming/ldap/LdapContext done
Event: 9.671 Loading class java/security/SecureRandom
Event: 9.672 Loading class java/security/SecureRandom done
Event: 9.672 Loading class java/nio/charset/UnsupportedCharsetException
Event: 9.672 Loading class java/nio/charset/UnsupportedCharsetException done

Classes unloaded (0 events):
No events

Classes redefined (0 events):
No events

Internal exceptions (20 events):
Event: 4.711 Thread 0x000001e3c70df4a0 Exception <a 'java/lang/NoSuchMethodError'{0x00000000c4f9e820}: 'void java.lang.invoke.DirectMethodHandle$Holder.invokeStaticInit(java.lang.Object, java.lang.Object, java.lang.Object)'> (0x00000000c4f9e820) 
thrown [s\src\hotspot\share\interpreter\linkResolver.cpp, line 759]
Event: 4.719 Thread 0x000001e3c70df4a0 Exception <a 'java/lang/NoSuchMethodError'{0x00000000c4fba0f8}: 'java.lang.Object java.lang.invoke.DirectMethodHandle$Holder.invokeVirtual(java.lang.Object, java.lang.Object, java.lang.Object)'> (0x00000000c4fba0f8) 
thrown [s\src\hotspot\share\interpreter\linkResolver.cpp, line 759]
Event: 4.730 Thread 0x000001e3c70df4a0 Exception <a 'java/lang/NoSuchMethodError'{0x00000000c4fdb070}: 'java.lang.Object java.lang.invoke.DirectMethodHandle$Holder.invokeStatic(java.lang.Object, java.lang.Object, long, java.lang.Object)'> (0x00000000c4fdb070) 
thrown [s\src\hotspot\share\interpreter\linkResolver.cpp, line 759]
Event: 4.731 Thread 0x000001e3c70df4a0 Exception <a 'java/lang/NoSuchMethodError'{0x00000000c4fdeb00}: 'java.lang.Object java.lang.invoke.DirectMethodHandle$Holder.invokeStaticInit(java.lang.Object, java.lang.Object, long, java.lang.Object)'> (0x00000000c4fdeb00) 
thrown [s\src\hotspot\share\interpreter\linkResolver.cpp, line 759]
Event: 4.732 Thread 0x000001e3c70df4a0 Exception <a 'java/lang/NoSuchMethodError'{0x00000000c4fe5208}: 'java.lang.Object java.lang.invoke.DirectMethodHandle$Holder.newInvokeSpecial(java.lang.Object, java.lang.Object, long)'> (0x00000000c4fe5208) 
thrown [s\src\hotspot\share\interpreter\linkResolver.cpp, line 759]
Event: 4.733 Thread 0x000001e3c70df4a0 Exception <a 'java/lang/NoSuchMethodError'{0x00000000c4fe8d80}: 'java.lang.Object java.lang.invoke.Invokers$Holder.linkToTargetMethod(java.lang.Object, long, java.lang.Object)'> (0x00000000c4fe8d80) 
thrown [s\src\hotspot\share\interpreter\linkResolver.cpp, line 759]
Event: 4.765 Thread 0x000001e3c70df4a0 Exception <a 'java/lang/NoSuchMethodError'{0x00000000c4e40e50}: 'void java.lang.invoke.DirectMethodHandle$Holder.invokeVirtual(java.lang.Object, java.lang.Object, java.lang.Object, java.lang.Object)'> (0x00000000c4e40e50) 
thrown [s\src\hotspot\share\interpreter\linkResolver.cpp, line 759]
Event: 4.881 Thread 0x000001e3c70df4a0 Exception <a 'java/lang/IncompatibleClassChangeError'{0x00000000c4dc5828}: Found class java.lang.Object, but interface was expected> (0x00000000c4dc5828) 
thrown [s\src\hotspot\share\interpreter\linkResolver.cpp, line 826]
Event: 4.886 Thread 0x000001e3c7acd8c0 Exception <a 'java/lang/NoClassDefFoundError'{0x00000000c4defa40}: jakarta/validation/Validation> (0x00000000c4defa40) 
thrown [s\src\hotspot\share\classfile\systemDictionary.cpp, line 244]
Event: 5.180 Thread 0x000001e3c70df4a0 Exception <a 'java/lang/NoSuchMethodError'{0x00000000c427edc0}: 'java.lang.Object java.lang.invoke.DirectMethodHandle$Holder.invokeStatic(java.lang.Object, int, java.lang.Object)'> (0x00000000c427edc0) 
thrown [s\src\hotspot\share\interpreter\linkResolver.cpp, line 759]
Event: 5.912 Thread 0x000001e3c70df4a0 Exception <a 'sun/nio/fs/WindowsException'{0x00000000c4fed660}> (0x00000000c4fed660) 
thrown [s\src\hotspot\share\prims\jni.cpp, line 516]
Event: 5.913 Thread 0x000001e3c70df4a0 Exception <a 'java/lang/NoSuchMethodError'{0x00000000c4fef080}: 'int java.lang.invoke.DirectMethodHandle$Holder.invokeSpecial(java.lang.Object, java.lang.Object, java.lang.Object, java.lang.Object, java.lang.Object)'> (0x00000000c4fef080) 
thrown [s\src\hotspot\share\interpreter\linkResolver.cpp, line 759]
Event: 5.918 Thread 0x000001e3c70df4a0 Exception <a 'java/lang/NoSuchMethodError'{0x00000000c4e87c38}: 'void java.lang.invoke.DirectMethodHandle$Holder.invokeVirtual(java.lang.Object, java.lang.Object)'> (0x00000000c4e87c38) 
thrown [s\src\hotspot\share\interpreter\linkResolver.cpp, line 759]
Event: 6.080 Thread 0x000001e3c7acd8c0 Exception <a 'java/lang/NoSuchMethodError'{0x00000000c4aafac8}: 'long java.lang.invoke.DirectMethodHandle$Holder.invokeSpecial(java.lang.Object, java.lang.Object)'> (0x00000000c4aafac8) 
thrown [s\src\hotspot\share\interpreter\linkResolver.cpp, line 759]
Event: 6.082 Thread 0x000001e3c7acd8c0 Exception <a 'java/lang/NoSuchMethodError'{0x00000000c4abaaa8}: 'long java.lang.invoke.DirectMethodHandle$Holder.invokeStatic(java.lang.Object, java.lang.Object)'> (0x00000000c4abaaa8) 
thrown [s\src\hotspot\share\interpreter\linkResolver.cpp, line 759]
Event: 6.083 Thread 0x000001e3c7acd8c0 Exception <a 'java/lang/NoSuchMethodError'{0x00000000c4abddf8}: 'long java.lang.invoke.DirectMethodHandle$Holder.invokeStaticInit(java.lang.Object, java.lang.Object)'> (0x00000000c4abddf8) 
thrown [s\src\hotspot\share\interpreter\linkResolver.cpp, line 759]
Event: 6.085 Thread 0x000001e3c7acd8c0 Exception <a 'java/lang/NoSuchMethodError'{0x00000000c4acbef8}: 'long java.lang.invoke.DirectMethodHandle$Holder.invokeInterface(java.lang.Object, java.lang.Object)'> (0x00000000c4acbef8) 
thrown [s\src\hotspot\share\interpreter\linkResolver.cpp, line 759]
Event: 6.085 Thread 0x000001e3c7acd8c0 Exception <a 'java/lang/IncompatibleClassChangeError'{0x00000000c4acf1d8}: Found class java.lang.Object, but interface was expected> (0x00000000c4acf1d8) 
thrown [s\src\hotspot\share\interpreter\linkResolver.cpp, line 826]
Event: 6.092 Thread 0x000001e3c7acd8c0 Exception <a 'java/lang/NoSuchMethodError'{0x00000000c4ae5bc8}: 'java.lang.Object java.lang.invoke.DirectMethodHandle$Holder.invokeVirtual(java.lang.Object, java.lang.Object, java.lang.Object, java.lang.Object)'> (0x00000000c4ae5bc8) 
thrown [s\src\hotspot\share\interpreter\linkResolver.cpp, line 759]
Event: 9.241 Thread 0x000001e3c70df4a0 Exception <a 'java/lang/IncompatibleClassChangeError'{0x00000000c42f5810}: Found class java.lang.Object, but interface was expected> (0x00000000c42f5810) 
thrown [s\src\hotspot\share\interpreter\linkResolver.cpp, line 826]

VM Operations (20 events):
Event: 5.599 Executing VM operation: HandshakeAllThreads
Event: 5.600 Executing VM operation: HandshakeAllThreads done
Event: 5.614 Executing VM operation: G1CollectForAllocation
Event: 5.614 Executing VM operation: G1CollectForAllocation done
Event: 5.614 Executing VM operation: G1CollectForAllocation
Event: 5.623 Executing VM operation: G1CollectForAllocation done
Event: 5.844 Executing VM operation: HandshakeAllThreads
Event: 5.844 Executing VM operation: HandshakeAllThreads done
Event: 6.177 Executing VM operation: HandshakeAllThreads
Event: 6.177 Executing VM operation: HandshakeAllThreads done
Event: 6.344 Executing VM operation: HandshakeAllThreads
Event: 6.344 Executing VM operation: HandshakeAllThreads done
Event: 7.354 Executing VM operation: Cleanup
Event: 7.354 Executing VM operation: Cleanup done
Event: 8.366 Executing VM operation: Cleanup
Event: 8.367 Executing VM operation: Cleanup done
Event: 9.381 Executing VM operation: Cleanup
Event: 9.382 Executing VM operation: Cleanup done
Event: 10.231 Executing VM operation: G1CollectForAllocation
Event: 10.246 Executing VM operation: G1CollectForAllocation done

Events (20 events):
Event: 0.318 Thread 0x000001e3c2919970 Thread added: 0x000001e3c2919970
Event: 0.725 Thread 0x000001e3c298dff0 Thread added: 0x000001e3c298dff0
Event: 0.866 Loaded shared library C:\Users\ERIN_JAVALead\.jdks\corretto-18.0.2\bin\zip.dll
Event: 0.876 Loaded shared library C:\Users\ERIN_JAVALead\.jdks\corretto-18.0.2\bin\instrument.dll
Event: 0.898 Loaded shared library C:\Users\ERIN_JAVALead\.jdks\corretto-18.0.2\bin\net.dll
Event: 0.902 Loaded shared library C:\Users\ERIN_JAVALead\.jdks\corretto-18.0.2\bin\nio.dll
Event: 0.912 Loaded shared library C:\Users\ERIN_JAVALead\.jdks\corretto-18.0.2\bin\zip.dll
Event: 1.436 Loaded shared library C:\Program Files\JetBrains\IntelliJ IDEA Community Edition 2021.3.3\bin\breakgen64.dll
Event: 1.438 Thread 0x000001e3c6e8f760 Thread added: 0x000001e3c6e8f760
Event: 1.438 Thread 0x000001e3c6ea2a00 Thread added: 0x000001e3c6ea2a00
Event: 1.612 Loaded shared library C:\Users\ERIN_JAVALead\.jdks\corretto-18.0.2\bin\jimage.dll
Event: 2.872 Loaded shared library C:\Users\ERIN_JAVALead\.jdks\corretto-18.0.2\bin\management.dll
Event: 2.878 Loaded shared library C:\Users\ERIN_JAVALead\.jdks\corretto-18.0.2\bin\management_ext.dll
Event: 3.019 Thread 0x000001e3c73d5220 Thread added: 0x000001e3c73d5220
Event: 3.030 Thread 0x000001e3c70df4a0 Thread added: 0x000001e3c70df4a0
Event: 4.875 Thread 0x000001e3c7acd8c0 Thread added: 0x000001e3c7acd8c0
Event: 6.307 Loaded shared library C:\Users\ERIN_JAVALead\.jdks\corretto-18.0.2\bin\sunmscapi.dll
Event: 6.384 Thread 0x000001e3c7acd8c0 Thread exited: 0x000001e3c7acd8c0
Event: 9.061 Thread 0x000001e3c78854b0 Thread added: 0x000001e3c78854b0
Event: 9.219 Thread 0x000001e3c78854b0 Thread exited: 0x000001e3c78854b0


Dynamic libraries:
0x00007ff7df0f0000 - 0x00007ff7df0fd000 	C:\Users\ERIN_JAVALead\.jdks\corretto-18.0.2\bin\java.exe
0x00007ffa76fd0000 - 0x00007ffa771c8000 	C:\WINDOWS\SYSTEM32\ntdll.dll
0x00007ffa757f0000 - 0x00007ffa758b1000 	C:\WINDOWS\System32\KERNEL32.DLL
0x00007ffa74b00000 - 0x00007ffa74df6000 	C:\WINDOWS\System32\KERNELBASE.dll
0x00007ffa74a00000 - 0x00007ffa74b00000 	C:\WINDOWS\System32\ucrtbase.dll
0x00007ffa610f0000 - 0x00007ffa61107000 	C:\Users\ERIN_JAVALead\.jdks\corretto-18.0.2\bin\jli.dll
0x00007ffa75100000 - 0x00007ffa7529f000 	C:\WINDOWS\System32\USER32.dll
0x00007ffa74780000 - 0x00007ffa747a2000 	C:\WINDOWS\System32\win32u.dll
0x00007ffa755b0000 - 0x00007ffa755db000 	C:\WINDOWS\System32\GDI32.dll
0x00007ffa74e00000 - 0x00007ffa74f17000 	C:\WINDOWS\System32\gdi32full.dll
0x00007ffa746e0000 - 0x00007ffa7477d000 	C:\WINDOWS\System32\msvcp_win.dll
0x00007ffa60fe0000 - 0x00007ffa60ff5000 	C:\Users\ERIN_JAVALead\.jdks\corretto-18.0.2\bin\VCRUNTIME140.dll
0x00007ffa5cc40000 - 0x00007ffa5ceda000 	C:\WINDOWS\WinSxS\amd64_microsoft.windows.common-controls_6595b64144ccf1df_6.0.19041.4355_none_60b8b9eb71f62e16\COMCTL32.dll
0x00007ffa76eb0000 - 0x00007ffa76f4e000 	C:\WINDOWS\System32\msvcrt.dll
0x00007ffa750d0000 - 0x00007ffa750ff000 	C:\WINDOWS\System32\IMM32.DLL
0x00007ffa4b050000 - 0x00007ffa4b0eb000 	C:\Users\ERIN_JAVALead\.jdks\corretto-18.0.2\bin\msvcp140.dll
0x00007ffa3fd60000 - 0x00007ffa409d1000 	C:\Users\ERIN_JAVALead\.jdks\corretto-18.0.2\bin\server\jvm.dll
0x00007ffa76d20000 - 0x00007ffa76dd0000 	C:\WINDOWS\System32\ADVAPI32.dll
0x00007ffa76c80000 - 0x00007ffa76d20000 	C:\WINDOWS\System32\sechost.dll
0x00007ffa762d0000 - 0x00007ffa763f3000 	C:\WINDOWS\System32\RPCRT4.dll
0x00007ffa74870000 - 0x00007ffa74897000 	C:\WINDOWS\System32\bcrypt.dll
0x00007ffa76f50000 - 0x00007ffa76f58000 	C:\WINDOWS\System32\PSAPI.DLL
0x00007ffa5ff60000 - 0x00007ffa5ff69000 	C:\WINDOWS\SYSTEM32\WSOCK32.dll
0x00007ffa76de0000 - 0x00007ffa76e4b000 	C:\WINDOWS\System32\WS2_32.dll
0x00007ffa4eb70000 - 0x00007ffa4eb97000 	C:\WINDOWS\SYSTEM32\WINMM.dll
0x00007ffa6e920000 - 0x00007ffa6e92a000 	C:\WINDOWS\SYSTEM32\VERSION.dll
0x00007ffa723b0000 - 0x00007ffa723c2000 	C:\WINDOWS\SYSTEM32\kernel.appcore.dll
0x00007ffa62aa0000 - 0x00007ffa62aaa000 	C:\Users\ERIN_JAVALead\.jdks\corretto-18.0.2\bin\jimage.dll
0x00007ffa543a0000 - 0x00007ffa54584000 	C:\WINDOWS\SYSTEM32\DBGHELP.DLL
0x00007ffa54360000 - 0x00007ffa54394000 	C:\WINDOWS\SYSTEM32\dbgcore.DLL
0x00007ffa74650000 - 0x00007ffa746d2000 	C:\WINDOWS\System32\bcryptPrimitives.dll
0x00007ffa629c0000 - 0x00007ffa629ce000 	C:\Users\ERIN_JAVALead\.jdks\corretto-18.0.2\bin\instrument.dll
0x00007ffa55fc0000 - 0x00007ffa55fe5000 	C:\Users\ERIN_JAVALead\.jdks\corretto-18.0.2\bin\java.dll
0x00007ffa45370000 - 0x00007ffa45446000 	C:\Users\ERIN_JAVALead\.jdks\corretto-18.0.2\bin\jsvml.dll
0x00007ffa76460000 - 0x00007ffa76bcc000 	C:\WINDOWS\System32\SHELL32.dll
0x00007ffa72690000 - 0x00007ffa72e2e000 	C:\WINDOWS\SYSTEM32\windows.storage.dll
0x00007ffa75b00000 - 0x00007ffa75e53000 	C:\WINDOWS\System32\combase.dll
0x00007ffa73ec0000 - 0x00007ffa73eee000 	C:\WINDOWS\SYSTEM32\Wldp.dll
0x00007ffa75450000 - 0x00007ffa7551d000 	C:\WINDOWS\System32\OLEAUT32.dll
0x00007ffa76bd0000 - 0x00007ffa76c7d000 	C:\WINDOWS\System32\SHCORE.dll
0x00007ffa758c0000 - 0x00007ffa75915000 	C:\WINDOWS\System32\shlwapi.dll
0x00007ffa74580000 - 0x00007ffa745a4000 	C:\WINDOWS\SYSTEM32\profapi.dll
0x00007ffa55500000 - 0x00007ffa55518000 	C:\Users\ERIN_JAVALead\.jdks\corretto-18.0.2\bin\zip.dll
0x00007ffa581d0000 - 0x00007ffa581e3000 	C:\Users\ERIN_JAVALead\.jdks\corretto-18.0.2\bin\net.dll
0x00007ffa6e780000 - 0x00007ffa6e88a000 	C:\WINDOWS\SYSTEM32\WINHTTP.dll
0x00007ffa73ca0000 - 0x00007ffa73d0a000 	C:\WINDOWS\system32\mswsock.dll
0x00007ffa55fa0000 - 0x00007ffa55fb5000 	C:\Users\ERIN_JAVALead\.jdks\corretto-18.0.2\bin\nio.dll
0x00007ffa54e10000 - 0x00007ffa54e2a000 	C:\Program Files\JetBrains\IntelliJ IDEA Community Edition 2021.3.3\bin\breakgen64.dll
0x00007ffa5fe50000 - 0x00007ffa5fe59000 	C:\Users\ERIN_JAVALead\.jdks\corretto-18.0.2\bin\management.dll
0x00007ffa58ec0000 - 0x00007ffa58ecb000 	C:\Users\ERIN_JAVALead\.jdks\corretto-18.0.2\bin\management_ext.dll
0x00007ffa57eb0000 - 0x00007ffa57ebe000 	C:\Users\ERIN_JAVALead\.jdks\corretto-18.0.2\bin\sunmscapi.dll
0x00007ffa748a0000 - 0x00007ffa749fe000 	C:\WINDOWS\System32\CRYPT32.dll
0x00007ffa74010000 - 0x00007ffa74039000 	C:\WINDOWS\SYSTEM32\ncrypt.dll
0x00007ffa73fd0000 - 0x00007ffa7400b000 	C:\WINDOWS\SYSTEM32\NTASN1.dll

dbghelp: loaded successfully - version: 4.0.5 - missing functions: none
symbol engine: initialized successfully - sym options: 0x614 - pdb path: .;C:\Users\ERIN_JAVALead\.jdks\corretto-18.0.2\bin;C:\WINDOWS\SYSTEM32;C:\WINDOWS\WinSxS\amd64_microsoft.windows.common-controls_6595b64144ccf1df_6.0.19041.4355_none_60b8b9eb71f62e16;C:\Users\ERIN_JAVALead\.jdks\corretto-18.0.2\bin\server;C:\Program Files\JetBrains\IntelliJ IDEA Community Edition 2021.3.3\bin

VM Arguments:
jvm_args: -javaagent:C:\Program Files\JetBrains\IntelliJ IDEA Community Edition 2021.3.3\lib\idea_rt.jar=53710:C:\Program Files\JetBrains\IntelliJ IDEA Community Edition 2021.3.3\bin -Dfile.encoding=UTF-8 
java_command: com.smart_host.hotelallocation.HotelallocationApplication
java_class_path (initial): C:\Users\ERIN_JAVALead\Downloads\hotelallocation\hotelallocation\target\classes;C:\Users\ERIN_JAVALead\.m2\repository\org\springframework\boot\spring-boot-starter-data-rest\3.3.1\spring-boot-starter-data-rest-3.3.1.jar;C:\Users\ERIN_JAVALead\.m2\repository\org\springframework\data\spring-data-rest-webmvc\4.3.1\spring-data-rest-webmvc-4.3.1.jar;C:\Users\ERIN_JAVALead\.m2\repository\org\springframework\data\spring-data-rest-core\4.3.1\spring-data-rest-core-4.3.1.jar;C:\Users\ERIN_JAVALead\.m2\repository\org\springframework\spring-tx\6.1.10\spring-tx-6.1.10.jar;C:\Users\ERIN_JAVALead\.m2\repository\org\springframework\hateoas\spring-hateoas\2.3.0\spring-hateoas-2.3.0.jar;C:\Users\ERIN_JAVALead\.m2\repository\org\springframework\data\spring-data-commons\3.3.1\spring-data-commons-3.3.1.jar;C:\Users\ERIN_JAVALead\.m2\repository\org\springframework\plugin\spring-plugin-core\3.0.0\spring-plugin-core-3.0.0.jar;C:\Users\ERIN_JAVALead\.m2\repository\org\atteo\evo-inflector\1.3\evo-inflector-1.3.jar;C:\Users\ERIN_JAVALead\.m2\repository\com\fasterxml\jackson\core\jackson-databind\2.17.1\jackson-databind-2.17.1.jar;C:\Users\ERIN_JAVALead\.m2\repository\com\fasterxml\jackson\core\jackson-core\2.17.1\jackson-core-2.17.1.jar;C:\Users\ERIN_JAVALead\.m2\repository\com\fasterxml\jackson\core\jackson-annotations\2.17.1\jackson-annotations-2.17.1.jar;C:\Users\ERIN_JAVALead\.m2\repository\org\slf4j\slf4j-api\2.0.13\slf4j-api-2.0.13.jar;C:\Users\ERIN_JAVALead\.m2\repository\org\springframework\boot\spring-boot-starter-web\3.3.1\spring-boot-starter-web-3.3.1.jar;C:\Users\ERIN_JAVALead\.m2\repository\org\springframework\boot\spring-boot-starter\3.3.1\spring-boot-starter-3.3.1.jar;C:\Users\ERIN_JAVALead\.m2\repository\org\springframework\boot\spring-boot-starter-logging\3.3.1\spring-boot-starter-logging-3.3.1.jar;C:\Users\ERIN_JAVALead\.m2\repository\ch\qos\logback\logback-classic\1.5.6\logback-classic-1.5.6.jar;C:\Users\ERIN_JAVALead\.m2\repository\ch\qos\logback\logback-core\1.5.6\logback-core-1.5.6.jar;C:\Users\ERIN_JAVALead\.m2\repository\org\apache\logging\log4j\log4j-to-slf4j\2.23.1\log4j-to-slf4j-2.23.1.jar;C:\Users\ERIN_JAVALead\.m2\repository\org\apache\logging\log4j\log4j-api\2.23.1\log4j-api-2.23.1.jar;C:\Users\ERIN_JAVALead\.m2\repository\org\slf4j\jul-to-slf4j\2.0.13\jul-to-slf4j-2.0.13.jar;C:\Users\ERIN_JAVALead\.m2\repository\jakarta\annotation\jakarta.annotation-api\2.1.1\jakarta.annotation-api-2.1.1.jar;C:\Users\ERIN_JAVALead\.m2\repository\org\yaml\snakeyaml\2.2\snakeyaml-2.2.jar;C:\Users\ERIN_JAVALead\.m2\repository\org\springframework\boot\spring-boot-starter-json\3.3.1\spring-boot-starter-json-3.3.1.jar;C:\Users\ERIN_JAVALead\.m2\repository\com\fasterxml\jackson\datatype\jackson-datatype-jdk8\2.17.1\jackson-datatype-jdk8-2.17.1.jar;C:\Users\ERIN_JAVALead\.m2\repository\com\fasterxml\jackson\datatype\jackson-datatype-jsr310\2.17.1\jackson-datatype-jsr310-2.17.1.jar;C:\Users\ERIN_JAVALead\.m2\repository\com\fasterxml\jackson\module\jackson-module-parameter-names\2.17.1\jackson-module-parameter-names-2.17.1.jar;C:\Users\ERIN_JAVALead\.m2\repository\org\springframework\boot\spring-boot-starter-tomcat\3.3.1\spring-boot-starter-tomcat-3.3.1.jar;C:\Users\ERIN_JAVALead\.m2\repository\org\apache\tomcat\embed\tomcat-embed-core\10.1.25\tomcat-embed-core-10.1.25.jar;C:\Users\ERIN_JAVALead\.m2\repository\org\apache\tomcat\embed\tomcat-embed-el\10.1.25\tomcat-embed-el-10.1.25.jar;C:\Users\ERIN_JAVALead\.m2\repository\org\apache\tomcat\embed\tomcat-embed-websocket\10.1.25\tomcat-embed-websocket-10.1.25.jar;C:\Users\ERIN_JAVALead\.m2\repository\org\springframework\spring-web\6.1.10\spring-web-6.1.10.jar;C:\Users\ERIN_JAVALead\.m2\repository\org\springframework\spring-beans\6.1.10\spring-beans-6.1.10.jar;C:\Users\ERIN_JAVALead\.m2\repository\io\micrometer\micrometer-observation\1.13.1\micrometer-observation-1.13.1.jar;C:\Users\ERIN_JAVALead\.m2\repository\io\micrometer\micrometer-commons\1.13.1\micrometer-commons-1.13.1.jar;C:\Users\ERIN_JAVALead\.m2\repository\org\springframework\spring-webmvc\6.1.10\spring-webmvc-6.1.10.jar;C:\Users\ERIN_JAVALead\.m2\repository\org\springframework\spring-aop\6.1.10\spring-aop-6.1.10.jar;C:\Users\ERIN_JAVALead\.m2\repository\org\springframework\spring-context\6.1.10\spring-context-6.1.10.jar;C:\Users\ERIN_JAVALead\.m2\repository\org\springframework\spring-expression\6.1.10\spring-expression-6.1.10.jar;C:\Users\ERIN_JAVALead\.m2\repository\org\springframework\boot\spring-boot-devtools\3.3.1\spring-boot-devtools-3.3.1.jar;C:\Users\ERIN_JAVALead\.m2\repository\org\springframework\boot\spring-boot\3.3.1\spring-boot-3.3.1.jar;C:\Users\ERIN_JAVALead\.m2\repository\org\springframework\boot\spring-boot-autoconfigure\3.3.1\spring-boot-autoconfigure-3.3.1.jar;C:\Users\ERIN_JAVALead\.m2\repository\org\projectlombok\lombok\1.18.32\lombok-1.18.32.jar;C:\Users\ERIN_JAVALead\.m2\repository\com\jayway\jsonpath\json-path\2.9.0\json-path-2.9.0.jar;C:\Users\ERIN_JAVALead\.m2\repository\net\minidev\json-smart\2.5.1\json-smart-2.5.1.jar;C:\Users\ERIN_JAVALead\.m2\repository\net\minidev\accessors-smart\2.5.1\accessors-smart-2.5.1.jar;C:\Users\ERIN_JAVALead\.m2\repository\org\ow2\asm\asm\9.6\asm-9.6.jar;C:\Users\ERIN_JAVALead\.m2\repository\org\springframework\spring-core\6.1.10\spring-core-6.1.10.jar;C:\Users\ERIN_JAVALead\.m2\repository\org\springframework\spring-jcl\6.1.10\spring-jcl-6.1.10.jar
Launcher Type: SUN_STANDARD

[Global flags]
     intx CICompilerCount                          = 3                                         {product} {ergonomic}
     uint ConcGCThreads                            = 1                                         {product} {ergonomic}
     uint G1ConcRefinementThreads                  = 4                                         {product} {ergonomic}
   size_t G1HeapRegionSize                         = 1048576                                   {product} {ergonomic}
    uintx GCDrainStackTargetSize                   = 64                                        {product} {ergonomic}
   size_t InitialHeapSize                          = 67108864                                  {product} {ergonomic}
   size_t MarkStackSize                            = 4194304                                   {product} {ergonomic}
   size_t MaxHeapSize                              = 1052770304                                {product} {ergonomic}
   size_t MaxNewSize                               = 631242752                                 {product} {ergonomic}
   size_t MinHeapDeltaBytes                        = 1048576                                   {product} {ergonomic}
   size_t MinHeapSize                              = 8388608                                   {product} {ergonomic}
    uintx NonNMethodCodeHeapSize                   = 5832780                                {pd product} {ergonomic}
    uintx NonProfiledCodeHeapSize                  = 122912730                              {pd product} {ergonomic}
    uintx ProfiledCodeHeapSize                     = 122912730                              {pd product} {ergonomic}
    uintx ReservedCodeCacheSize                    = 251658240                              {pd product} {ergonomic}
     bool SegmentedCodeCache                       = true                                      {product} {ergonomic}
   size_t SoftMaxHeapSize                          = 1052770304                             {manageable} {ergonomic}
     bool UseCompressedClassPointers               = true                           {product lp64_product} {ergonomic}
     bool UseCompressedOops                        = true                           {product lp64_product} {ergonomic}
     bool UseG1GC                                  = true                                      {product} {ergonomic}
     bool UseLargePagesIndividualAllocation        = false                                  {pd product} {ergonomic}

Logging:
Log output configuration:
 #0: stdout all=warning uptime,level,tags foldmultilines=false
 #1: stderr all=off uptime,level,tags foldmultilines=false

Environment Variables:
JAVA_HOME=C:\Program Files\Java\jdk-17
PATH=C:\Program Files (x86)\Common Files\Oracle\Java\javapath;C:\WINDOWS\system32;C:\WINDOWS;C:\WINDOWS\System32\Wbem;C:\WINDOWS\System32\WindowsPowerShell\v1.0\;C:\WINDOWS\System32\OpenSSH\;C:\Program Files (x86)\nodejs\;C:\Program Files (x86)\nodejs\npm;C:\Users\ERIN_JAVALead\AppData\Roaming\npm;C:\Program Files\Git\cmd;C:\Program Files (x86)\dotnet\;C:\Program Files (x86)\Microsoft SQL Server\160\DTS\Binn\;C:\Program Files\Azure Data Studio\bin;C:\Program Files (x86)\Microsoft SQL Server\160\Tools\Binn\;C:\Program Files\Microsoft SQL Server\160\Tools\Binn\;C:\Program Files\Microsoft SQL Server\Client SDK\ODBC\170\Tools\Binn\;C:\Program Files\Microsoft SQL Server\160\DTS\Binn\;C:\Program Files\Java\jdk1.8.0_202\bin;C:\Program Files\Java\jdk1.8.0_202\jre\bin;C:\kafkasrc\bin\windows;C:\Program Files\Docker\Docker\resources\bin;C:\Program Files\Docker\Docker;C:\Users\ERIN_JAVALead\AppData\Local\Microsoft\WindowsApps;;C:\Users\ERIN_JAVALead\AppData\Local\Programs\Microsoft VS Code\bin;C:\Users\ERIN_JAVALead\AppData\Roaming\npm;C:\Program Files\Azure Data Studio\bin
USERNAME=ERIN_JAVALead
OS=Windows_NT
PROCESSOR_IDENTIFIER=Intel64 Family 6 Model 78 Stepping 3, GenuineIntel



---------------  S Y S T E M  ---------------

OS:
 Windows 10 , 64 bit Build 19041 (10.0.19041.4597)
OS uptime: 0 days 3:18 hours
Hyper-V role detected

CPU: total 4 (initial active 4) (2 cores per cpu, 2 threads per core) family 6 model 78 stepping 3 microcode 0xcc, cx8, cmov, fxsr, ht, mmx, 3dnowpref, sse, sse2, sse3, ssse3, sse4.1, sse4.2, popcnt, lzcnt, tsc, tscinvbit, avx, avx2, aes, erms, clmul, bmi1, bmi2, adx, fma, vzeroupper, clflush, clflushopt, hv

Memory: 4k page, system-wide physical 4012M (285M free)
TotalPageFile size 6060M (AvailPageFile size 4M)
current process WorkingSet (physical memory assigned to process): 130M, peak: 130M
current process commit charge ("private bytes"): 180M, peak: 181M

vm_info: OpenJDK 64-Bit Server VM (18.0.2+9-FR) for windows-amd64 JRE (18.0.2+9-FR), built on Jul 15 2022 20:03:03 by "Administrator" with MS VC++ 15.9 (VS2017)

END.
