#
# There is insufficient memory for the Java Runtime Environment to continue.
# Native memory allocation (malloc) failed to allocate 65552 bytes for Chunk::new
# Possible reasons:
#   The system is out of physical RAM or swap space
#   The process is running with CompressedOops enabled, and the Java Heap may be blocking the growth of the native heap
# Possible solutions:
#   Reduce memory load on the system
#   Increase physical memory or swap space
#   Check if swap backing store is full
#   Decrease Java heap size (-Xmx/-Xms)
#   Decrease number of Java threads
#   Decrease Java thread stack sizes (-Xss)
#   Set larger code cache with -XX:ReservedCodeCacheSize=
#   JVM is running with Unscaled Compressed Oops mode in which the Java heap is
#     placed in the first 4GB address space. The Java Heap base address is the
#     maximum limit for the native heap growth. Please use -XX:HeapBaseMinAddress
#     to set the Java Heap base and to place the Java Heap above 4GB virtual address.
# This output file may be truncated or incomplete.
#
#  Out of Memory Error (arena.cpp:184), pid=6176, tid=7188
#
# JRE version: OpenJDK Runtime Environment Corretto-18.0.2.9.1 (18.0.2+9) (build 18.0.2+9-FR)
# Java VM: OpenJDK 64-Bit Server VM Corretto-18.0.2.9.1 (18.0.2+9-FR, mixed mode, sharing, tiered, compressed oops, compressed class ptrs, g1 gc, windows-amd64)
# No core dump will be written. Minidumps are not enabled by default on client versions of Windows
#

---------------  S U M M A R Y ------------

Command Line: -javaagent:C:\Program Files\JetBrains\IntelliJ IDEA Community Edition 2021.3.3\lib\idea_rt.jar=61589:C:\Program Files\JetBrains\IntelliJ IDEA Community Edition 2021.3.3\bin -Dfile.encoding=UTF-8 com.smart_host.hotelallocation.HotelallocationApplication

Host: Intel(R) Core(TM) i3-6006U CPU @ 2.00GHz, 4 cores, 3G,  Windows 10 , 64 bit Build 19041 (10.0.19041.4597)
Time: Fri Jul 19 11:35:02 2024 W. Europe Daylight Time elapsed time: 18.945402 seconds (0d 0h 0m 18s)

---------------  T H R E A D  ---------------

Current thread (0x000001f2a98a18f0):  JavaThread "C2 CompilerThread0" daemon [_thread_in_native, id=7188, stack(0x000000dbf9500000,0x000000dbf9600000)]


Current CompileTask:
C2:  18945 4402       4       java.lang.invoke.InvokerBytecodeGenerator::emitPushArgument (150 bytes)

Stack: [0x000000dbf9500000,0x000000dbf9600000]
Native frames: (J=compiled Java code, j=interpreted, Vv=VM code, C=native code)
V  [jvm.dll+0x685a2a]
V  [jvm.dll+0x82ae8d]
V  [jvm.dll+0x82c75e]
V  [jvm.dll+0x82ce03]
V  [jvm.dll+0x25ef4b]
V  [jvm.dll+0xd42d2]
V  [jvm.dll+0xd4665]
V  [jvm.dll+0x6aa324]
V  [jvm.dll+0x6aab68]
V  [jvm.dll+0x6ac382]
V  [jvm.dll+0x6ab13a]
V  [jvm.dll+0x23d5d6]
V  [jvm.dll+0x234ac6]
V  [jvm.dll+0x232e1f]
V  [jvm.dll+0x1c0a35]
V  [jvm.dll+0x24212c]
V  [jvm.dll+0x240534]
V  [jvm.dll+0x7df6db]
V  [jvm.dll+0x7d9cba]
V  [jvm.dll+0x6848a5]
C  [ucrtbase.dll+0x21bb2]
C  [KERNEL32.DLL+0x17374]
C  [ntdll.dll+0x4cc91]


---------------  P R O C E S S  ---------------

Threads class SMR info:
_java_thread_list=0x000001f2cb0d4b60, length=30, elements={
0x000001f2a9888db0, 0x000001f2a9889a10, 0x000001f2a989ef40, 0x000001f2a989f8e0,
0x000001f2a98a0280, 0x000001f2a98a0c20, 0x000001f2a98a18f0, 0x000001f2a98a22d0,
0x000001f2a98a4cc0, 0x000001f2a9872d50, 0x000001f2c9328910, 0x000001f2c9328dd0,
0x000001f2ca0bc500, 0x000001f2ca0bd840, 0x000001f2ca0beb80, 0x000001f2ca0be1e0,
0x000001f2ca0bfec0, 0x000001f2ca0be6b0, 0x000001f2ca0bf050, 0x000001f2ca0bf520,
0x000001f2ca0bf9f0, 0x000001f2cb499030, 0x000001f2cb49c520, 0x000001f2cb49a840,
0x000001f2cb49cec0, 0x000001f2cb49d390, 0x000001f2cb497cf0, 0x000001f2cb4981c0,
0x000001f2cb49c050, 0x000001f2cb498690
}

Java Threads: ( => current thread )
  0x000001f2a9888db0 JavaThread "Reference Handler" daemon [_thread_blocked, id=2396, stack(0x000000dbf8f00000,0x000000dbf9000000)]
  0x000001f2a9889a10 JavaThread "Finalizer" daemon [_thread_blocked, id=6388, stack(0x000000dbf9000000,0x000000dbf9100000)]
  0x000001f2a989ef40 JavaThread "Signal Dispatcher" daemon [_thread_blocked, id=4356, stack(0x000000dbf9100000,0x000000dbf9200000)]
  0x000001f2a989f8e0 JavaThread "Attach Listener" daemon [_thread_blocked, id=7816, stack(0x000000dbf9200000,0x000000dbf9300000)]
  0x000001f2a98a0280 JavaThread "Service Thread" daemon [_thread_blocked, id=1104, stack(0x000000dbf9300000,0x000000dbf9400000)]
  0x000001f2a98a0c20 JavaThread "Monitor Deflation Thread" daemon [_thread_blocked, id=1532, stack(0x000000dbf9400000,0x000000dbf9500000)]
=>0x000001f2a98a18f0 JavaThread "C2 CompilerThread0" daemon [_thread_in_native, id=7188, stack(0x000000dbf9500000,0x000000dbf9600000)]
  0x000001f2a98a22d0 JavaThread "C1 CompilerThread0" daemon [_thread_blocked, id=11000, stack(0x000000dbf9600000,0x000000dbf9700000)]
  0x000001f2a98a4cc0 JavaThread "Sweeper thread" daemon [_thread_blocked, id=3480, stack(0x000000dbf9700000,0x000000dbf9800000)]
  0x000001f2a9872d50 JavaThread "Common-Cleaner" daemon [_thread_blocked, id=6028, stack(0x000000dbf9800000,0x000000dbf9900000)]
  0x000001f2c9328910 JavaThread "Monitor Ctrl-Break" daemon [_thread_in_native, id=9244, stack(0x000000dbf9900000,0x000000dbf9a00000)]
  0x000001f2c9328dd0 JavaThread "Notification Thread" daemon [_thread_blocked, id=8520, stack(0x000000dbf9a00000,0x000000dbf9b00000)]
  0x000001f2ca0bc500 JavaThread "Catalina-utility-1" [_thread_blocked, id=13968, stack(0x000000dbfa100000,0x000000dbfa200000)]
  0x000001f2ca0bd840 JavaThread "Catalina-utility-2" [_thread_blocked, id=2532, stack(0x000000dbfa200000,0x000000dbfa300000)]
  0x000001f2ca0beb80 JavaThread "container-0" [_thread_blocked, id=7808, stack(0x000000dbfa300000,0x000000dbfa400000)]
  0x000001f2ca0be1e0 JavaThread "File Watcher" daemon [_thread_blocked, id=11044, stack(0x000000dbfa400000,0x000000dbfa500000)]
  0x000001f2ca0bfec0 JavaThread "Live Reload Server" daemon [_thread_in_native, id=1648, stack(0x000000dbfa600000,0x000000dbfa700000)]
  0x000001f2ca0be6b0 JavaThread "http-nio-8080-exec-1" daemon [_thread_blocked, id=8156, stack(0x000000dbfa500000,0x000000dbfa600000)]
  0x000001f2ca0bf050 JavaThread "http-nio-8080-exec-2" daemon [_thread_in_vm, id=13852, stack(0x000000dbfa700000,0x000000dbfa800000)]
  0x000001f2ca0bf520 JavaThread "http-nio-8080-exec-3" daemon [_thread_blocked, id=3560, stack(0x000000dbfa800000,0x000000dbfa900000)]
  0x000001f2ca0bf9f0 JavaThread "http-nio-8080-exec-4" daemon [_thread_blocked, id=6068, stack(0x000000dbfa900000,0x000000dbfaa00000)]
  0x000001f2cb499030 JavaThread "http-nio-8080-exec-5" daemon [_thread_blocked, id=13972, stack(0x000000dbfaa00000,0x000000dbfab00000)]
  0x000001f2cb49c520 JavaThread "http-nio-8080-exec-6" daemon [_thread_blocked, id=11344, stack(0x000000dbfab00000,0x000000dbfac00000)]
  0x000001f2cb49a840 JavaThread "http-nio-8080-exec-7" daemon [_thread_blocked, id=7012, stack(0x000000dbfac00000,0x000000dbfad00000)]
  0x000001f2cb49cec0 JavaThread "http-nio-8080-exec-8" daemon [_thread_blocked, id=2324, stack(0x000000dbfad00000,0x000000dbfae00000)]
  0x000001f2cb49d390 JavaThread "http-nio-8080-exec-9" daemon [_thread_blocked, id=13520, stack(0x000000dbfae00000,0x000000dbfaf00000)]
  0x000001f2cb497cf0 JavaThread "http-nio-8080-exec-10" daemon [_thread_blocked, id=12252, stack(0x000000dbfaf00000,0x000000dbfb000000)]
  0x000001f2cb4981c0 JavaThread "http-nio-8080-Poller" daemon [_thread_in_native, id=8140, stack(0x000000dbfb000000,0x000000dbfb100000)]
  0x000001f2cb49c050 JavaThread "http-nio-8080-Acceptor" daemon [_thread_in_native, id=13964, stack(0x000000dbfb100000,0x000000dbfb200000)]
  0x000001f2cb498690 JavaThread "DestroyJavaVM" [_thread_blocked, id=11048, stack(0x000000dbf8800000,0x000000dbf8900000)]

Other Threads:
  0x000001f2a9885610 VMThread "VM Thread" [stack: 0x000000dbf8e00000,0x000000dbf8f00000] [id=10956] _threads_hazard_ptr=0x000001f2cb0d4b60
  0x000001f2c9219f60 WatcherThread "VM Periodic Task Thread" [stack: 0x000000dbf9b00000,0x000000dbf9c00000] [id=3512]
  0x000001f2a982e660 WorkerThread "GC Thread#0" [stack: 0x000000dbf8900000,0x000000dbf8a00000] [id=4336]
  0x000001f2c959cfb0 WorkerThread "GC Thread#1" [stack: 0x000000dbf9c00000,0x000000dbf9d00000] [id=11332]
  0x000001f2c9909890 WorkerThread "GC Thread#2" [stack: 0x000000dbf9d00000,0x000000dbf9e00000] [id=10336]
  0x000001f2c9909b30 WorkerThread "GC Thread#3" [stack: 0x000000dbf9e00000,0x000000dbf9f00000] [id=10384]
  0x000001f2a9836c40 ConcurrentGCThread "G1 Main Marker" [stack: 0x000000dbf8a00000,0x000000dbf8b00000] [id=11832]
  0x000001f2a76ddd10 WorkerThread "G1 Conc#0" [stack: 0x000000dbf8b00000,0x000000dbf8c00000] [id=13548]
  0x000001f2a985cbf0 ConcurrentGCThread "G1 Refine#0" [stack: 0x000000dbf8c00000,0x000000dbf8d00000] [id=8412]
  0x000001f2a985d500 ConcurrentGCThread "G1 Service" [stack: 0x000000dbf8d00000,0x000000dbf8e00000] [id=13144]

Threads with active compile tasks:
C2 CompilerThread0    19033 4402       4       java.lang.invoke.InvokerBytecodeGenerator::emitPushArgument (150 bytes)

VM state: synchronizing (normal execution)

VM Mutex/Monitor currently owned by a thread:  ([mutex/lock_event])
[0x000001f2a97dd4f0] Metaspace_lock - owner thread: 0x000001f2ca0bf050
[0x000001f2a97ec6a0] Threads_lock - owner thread: 0x000001f2a9885610
[0x000001f2a97ec970] Heap_lock - owner thread: 0x000001f2a9836c40

Heap address: 0x00000000c1400000, size: 1004 MB, Compressed Oops mode: 32-bit

CDS archive(s) mapped at: [0x0000000800000000-0x0000000800ba0000-0x0000000800ba0000), size 12189696, SharedBaseAddress: 0x0000000800000000, ArchiveRelocationMode: 0.
Compressed class space mapped at: 0x0000000800c00000-0x0000000840c00000, reserved size: 1073741824
Narrow klass base: 0x0000000800000000, Narrow klass shift: 0, Narrow klass range: 0x100000000

GC Precious Log:
 CardTable entry size: 512
 Card Set container configuration: InlinePtr #cards 5 size 8 Array Of Cards #cards 12 size 40 Howl #buckets 4 coarsen threshold 1843 Howl Bitmap #cards 512 size 80 coarsen threshold 460 Card regions per heap region 1 cards per card region 2048
 CPUs: 4 total, 4 available
 Memory: 4012M
 Large Page Support: Disabled
 NUMA Support: Disabled
 Compressed Oops: Enabled (32-bit)
 Heap Region Size: 1M
 Heap Min Capacity: 8M
 Heap Initial Capacity: 64M
 Heap Max Capacity: 1004M
 Pre-touch: Disabled
 Parallel Workers: 4
 Concurrent Workers: 1
 Concurrent Refinement Workers: 4
 Periodic GC: Disabled

Heap:
 garbage-first heap   total 45056K, used 19422K [0x00000000c1400000, 0x0000000100000000)
  region size 1024K, 2 young (2048K), 1 survivors (1024K)
 Metaspace       used 35540K, committed 36160K, reserved 1114112K
  class space    used 4591K, committed 4928K, reserved 1048576K

Heap Regions: E=young(eden), S=young(survivor), O=old, HS=humongous(starts), HC=humongous(continues), CS=collection set, F=free, OA=open archive, CA=closed archive, TAMS=top-at-mark-start (previous, next)
|   0|0x00000000c1400000, 0x00000000c1500000, 0x00000000c1500000|100%| O|  |TAMS 0x00000000c1500000, 0x00000000c1500000| Untracked 
|   1|0x00000000c1500000, 0x00000000c1600000, 0x00000000c1600000|100%| O|  |TAMS 0x00000000c1600000, 0x00000000c1600000| Untracked 
|   2|0x00000000c1600000, 0x00000000c1700000, 0x00000000c1700000|100%| O|  |TAMS 0x00000000c1700000, 0x00000000c1700000| Untracked 
|   3|0x00000000c1700000, 0x00000000c1800000, 0x00000000c1800000|100%| O|  |TAMS 0x00000000c1800000, 0x00000000c1800000| Untracked 
|   4|0x00000000c1800000, 0x00000000c1900000, 0x00000000c1900000|100%| O|  |TAMS 0x00000000c1900000, 0x00000000c1900000| Untracked 
|   5|0x00000000c1900000, 0x00000000c1a00000, 0x00000000c1a00000|100%| O|  |TAMS 0x00000000c1916c00, 0x00000000c1a00000| Untracked 
|   6|0x00000000c1a00000, 0x00000000c1b00000, 0x00000000c1b00000|100%| O|  |TAMS 0x00000000c1a00000, 0x00000000c1b00000| Untracked 
|   7|0x00000000c1b00000, 0x00000000c1c00000, 0x00000000c1c00000|100%| O|  |TAMS 0x00000000c1b00000, 0x00000000c1c00000| Untracked 
|   8|0x00000000c1c00000, 0x00000000c1d00000, 0x00000000c1d00000|100%| O|  |TAMS 0x00000000c1c00000, 0x00000000c1d00000| Untracked 
|   9|0x00000000c1d00000, 0x00000000c1e00000, 0x00000000c1e00000|100%| O|  |TAMS 0x00000000c1d00000, 0x00000000c1e00000| Untracked 
|  10|0x00000000c1e00000, 0x00000000c1f00000, 0x00000000c1f00000|100%| O|  |TAMS 0x00000000c1e00000, 0x00000000c1f00000| Untracked 
|  11|0x00000000c1f00000, 0x00000000c2000000, 0x00000000c2000000|100%| O|  |TAMS 0x00000000c1f00000, 0x00000000c2000000| Untracked 
|  12|0x00000000c2000000, 0x00000000c2100000, 0x00000000c2100000|100%| O|  |TAMS 0x00000000c2000000, 0x00000000c2100000| Untracked 
|  13|0x00000000c2100000, 0x00000000c2200000, 0x00000000c2200000|100%| O|  |TAMS 0x00000000c2100000, 0x00000000c2200000| Untracked 
|  14|0x00000000c2200000, 0x00000000c2300000, 0x00000000c2300000|100%| O|  |TAMS 0x00000000c2200000, 0x00000000c2300000| Untracked 
|  15|0x00000000c2300000, 0x00000000c2400000, 0x00000000c2400000|100%| O|  |TAMS 0x00000000c2300000, 0x00000000c2400000| Untracked 
|  16|0x00000000c2400000, 0x00000000c2500000, 0x00000000c2500000|100%| O|  |TAMS 0x00000000c2400000, 0x00000000c2474000| Untracked 
|  17|0x00000000c2500000, 0x00000000c2600000, 0x00000000c2600000|100%| O|  |TAMS 0x00000000c2500000, 0x00000000c2500000| Untracked 
|  18|0x00000000c2600000, 0x00000000c265c200, 0x00000000c2700000| 35%| O|  |TAMS 0x00000000c2600000, 0x00000000c2600000| Untracked 
|  19|0x00000000c2700000, 0x00000000c2700000, 0x00000000c2800000|  0%| F|  |TAMS 0x00000000c2700000, 0x00000000c2700000| Untracked 
|  20|0x00000000c2800000, 0x00000000c2800000, 0x00000000c2900000|  0%| F|  |TAMS 0x00000000c2800000, 0x00000000c2800000| Untracked 
|  21|0x00000000c2900000, 0x00000000c2900000, 0x00000000c2a00000|  0%| F|  |TAMS 0x00000000c2900000, 0x00000000c2900000| Untracked 
|  22|0x00000000c2a00000, 0x00000000c2a00000, 0x00000000c2b00000|  0%| F|  |TAMS 0x00000000c2a00000, 0x00000000c2a00000| Untracked 
|  23|0x00000000c2b00000, 0x00000000c2b00000, 0x00000000c2c00000|  0%| F|  |TAMS 0x00000000c2b00000, 0x00000000c2b00000| Untracked 
|  24|0x00000000c2c00000, 0x00000000c2c00000, 0x00000000c2d00000|  0%| F|  |TAMS 0x00000000c2c00000, 0x00000000c2c00000| Untracked 
|  25|0x00000000c2d00000, 0x00000000c2d00000, 0x00000000c2e00000|  0%| F|  |TAMS 0x00000000c2d00000, 0x00000000c2d00000| Untracked 
|  26|0x00000000c2e00000, 0x00000000c2e00000, 0x00000000c2f00000|  0%| F|  |TAMS 0x00000000c2e00000, 0x00000000c2e00000| Untracked 
|  27|0x00000000c2f00000, 0x00000000c2f00000, 0x00000000c3000000|  0%| F|  |TAMS 0x00000000c2f00000, 0x00000000c2f00000| Untracked 
|  28|0x00000000c3000000, 0x00000000c3000000, 0x00000000c3100000|  0%| F|  |TAMS 0x00000000c3000000, 0x00000000c3000000| Untracked 
|  29|0x00000000c3100000, 0x00000000c3100000, 0x00000000c3200000|  0%| F|  |TAMS 0x00000000c3100000, 0x00000000c3100000| Untracked 
|  30|0x00000000c3200000, 0x00000000c3200000, 0x00000000c3300000|  0%| F|  |TAMS 0x00000000c3200000, 0x00000000c3200000| Untracked 
|  31|0x00000000c3300000, 0x00000000c3300000, 0x00000000c3400000|  0%| F|  |TAMS 0x00000000c3300000, 0x00000000c3300000| Untracked 
|  32|0x00000000c3400000, 0x00000000c3400000, 0x00000000c3500000|  0%| F|  |TAMS 0x00000000c3400000, 0x00000000c3400000| Untracked 
|  33|0x00000000c3500000, 0x00000000c3500000, 0x00000000c3600000|  0%| F|  |TAMS 0x00000000c3500000, 0x00000000c3500000| Untracked 
|  34|0x00000000c3600000, 0x00000000c3600000, 0x00000000c3700000|  0%| F|  |TAMS 0x00000000c3600000, 0x00000000c3600000| Untracked 
|  35|0x00000000c3700000, 0x00000000c3700000, 0x00000000c3800000|  0%| F|  |TAMS 0x00000000c3700000, 0x00000000c3700000| Untracked 
|  36|0x00000000c3800000, 0x00000000c3800000, 0x00000000c3900000|  0%| F|  |TAMS 0x00000000c3800000, 0x00000000c3800000| Untracked 
|  37|0x00000000c3900000, 0x00000000c3900000, 0x00000000c3a00000|  0%| F|  |TAMS 0x00000000c3900000, 0x00000000c3900000| Untracked 
|  38|0x00000000c3a00000, 0x00000000c3a9b6d0, 0x00000000c3b00000| 60%| S|CS|TAMS 0x00000000c3a00000, 0x00000000c3a00000| Complete 
|  39|0x00000000c3b00000, 0x00000000c3b00000, 0x00000000c3c00000|  0%| F|  |TAMS 0x00000000c3b00000, 0x00000000c3b00000| Untracked 
|  40|0x00000000c3c00000, 0x00000000c3c00000, 0x00000000c3d00000|  0%| F|  |TAMS 0x00000000c3c00000, 0x00000000c3c00000| Untracked 
|  48|0x00000000c4400000, 0x00000000c4400000, 0x00000000c4500000|  0%| F|  |TAMS 0x00000000c4400000, 0x00000000c4400000| Untracked 
|  49|0x00000000c4500000, 0x00000000c4500000, 0x00000000c4600000|  0%| F|  |TAMS 0x00000000c4500000, 0x00000000c4500000| Untracked 
|  63|0x00000000c5300000, 0x00000000c53baa50, 0x00000000c5400000| 72%| E|  |TAMS 0x00000000c5300000, 0x00000000c5300000| Complete 

Card table byte_map: [0x000001f2c05b0000,0x000001f2c07b0000] _byte_map_base: 0x000001f2bffa6000

Marking Bits (Prev, Next): (CMBitMap*) 0x000001f2a76dcf50, (CMBitMap*) 0x000001f2a76dcf10
 Prev Bits: [0x000001f2c1960000, 0x000001f2c2910000)
 Next Bits: [0x000001f2c09b0000, 0x000001f2c1960000)

Polling page: 0x000001f2a7980000

Metaspace:

Usage:
  Non-class:     30.22 MB used.
      Class:      4.48 MB used.
       Both:     34.71 MB used.

Virtual space:
  Non-class space:       64.00 MB reserved,      30.50 MB ( 48%) committed,  1 nodes.
      Class space:        1.00 GB reserved,       4.81 MB ( <1%) committed,  1 nodes.
             Both:        1.06 GB reserved,      35.31 MB (  3%) committed. 

Chunk freelists:
   Non-Class:  1.48 MB
       Class:  3.10 MB
        Both:  4.58 MB

MaxMetaspaceSize: unlimited
CompressedClassSpaceSize: 1.00 GB
Initial GC threshold: 21.00 MB
Current GC threshold: 35.44 MB
CDS: on
MetaspaceReclaimPolicy: balanced
 - commit_granule_bytes: 65536.
 - commit_granule_words: 8192.
 - virtual_space_node_default_size: 8388608.
 - enlarge_chunks_in_place: 1.
 - new_chunks_are_fully_committed: 0.
 - uncommit_free_chunks: 1.
 - use_allocation_guard: 0.


Internal statistics:

num_allocs_failed_limit: 6.
num_arena_births: 928.
num_arena_deaths: 0.
num_vsnodes_births: 2.
num_vsnodes_deaths: 0.
num_space_committed: 565.
num_space_uncommitted: 0.
num_chunks_returned_to_freelist: 6.
num_chunks_taken_from_freelist: 2245.
num_chunk_merges: 6.
num_chunk_splits: 1530.
num_chunks_enlarged: 1123.
num_inconsistent_stats: 0.

CodeHeap 'non-profiled nmethods': size=120000Kb used=1917Kb max_used=1917Kb free=118082Kb
 bounds [0x000001f2b8e80000, 0x000001f2b90f0000, 0x000001f2c03b0000]
CodeHeap 'profiled nmethods': size=120000Kb used=9335Kb max_used=9335Kb free=110664Kb
 bounds [0x000001f2b1950000, 0x000001f2b2270000, 0x000001f2b8e80000]
CodeHeap 'non-nmethods': size=5760Kb used=1238Kb max_used=1298Kb free=4521Kb
 bounds [0x000001f2b13b0000, 0x000001f2b1620000, 0x000001f2b1950000]
 total_blobs=4912 nmethods=4373 adapters=450
 compilation: enabled
              stopped_count=0, restarted_count=0
 full_count=0

Compilation events (20 events):
Event: 14.322 Thread 0x000001f2a98a22d0 nmethod 4395 0x000001f2b226a910 code [0x000001f2b226aaa0, 0x000001f2b226ab98]
Event: 15.781 Thread 0x000001f2a98a22d0 4396       3       java.io.File::equals (28 bytes)
Event: 15.782 Thread 0x000001f2a98a22d0 nmethod 4396 0x000001f2b226ac10 code [0x000001f2b226ae00, 0x000001f2b226b448]
Event: 17.407 Thread 0x000001f2a98a22d0 4397       3       java.io.File::isFile (34 bytes)
Event: 17.408 Thread 0x000001f2a98a22d0 nmethod 4397 0x000001f2b226b610 code [0x000001f2b226b7e0, 0x000001f2b226bbf8]
Event: 17.823 Thread 0x000001f2a98a22d0 4398       3       org.springframework.boot.devtools.filewatch.FileSnapshot::hashCode (49 bytes)
Event: 17.824 Thread 0x000001f2a98a22d0 nmethod 4398 0x000001f2b226bd90 code [0x000001f2b226bf80, 0x000001f2b226c358]
Event: 18.821 Thread 0x000001f2a98a22d0 4400       3       jdk.internal.misc.Unsafe::weakCompareAndSetInt (11 bytes)
Event: 18.821 Thread 0x000001f2a98a22d0 nmethod 4400 0x000001f2b226c590 code [0x000001f2b226c720, 0x000001f2b226c858]
Event: 18.904 Thread 0x000001f2a98a18f0 4401       4       java.lang.invoke.LambdaForm::internArgument (85 bytes)
Event: 18.907 Thread 0x000001f2a98a22d0 4405       3       java.lang.invoke.MethodHandle::viewAsType (33 bytes)
Event: 18.908 Thread 0x000001f2a98a18f0 nmethod 4401 0x000001f2b905e690 code [0x000001f2b905e820, 0x000001f2b905e978]
Event: 18.908 Thread 0x000001f2a98a18f0 4404       4       java.lang.invoke.LambdaForm::useCount (61 bytes)
Event: 18.908 Thread 0x000001f2a98a22d0 nmethod 4405 0x000001f2b226c910 code [0x000001f2b226cac0, 0x000001f2b226cca8]
Event: 18.910 Thread 0x000001f2a98a22d0 4407       3       java.lang.ThreadLocal::setInitialValue (50 bytes)
Event: 18.911 Thread 0x000001f2a98a22d0 nmethod 4407 0x000001f2b226cd90 code [0x000001f2b226cfc0, 0x000001f2b226d918]
Event: 18.912 Thread 0x000001f2a98a22d0 4408       3       jdk.internal.loader.NativeLibraries$NativeLibraryImpl::find (6 bytes)
Event: 18.912 Thread 0x000001f2a98a22d0 nmethod 4408 0x000001f2b226db10 code [0x000001f2b226dca0, 0x000001f2b226ddc8]
Event: 18.919 Thread 0x000001f2a98a18f0 nmethod 4404 0x000001f2b905ef10 code [0x000001f2b905f0a0, 0x000001f2b905f338]
Event: 18.919 Thread 0x000001f2a98a18f0 4402       4       java.lang.invoke.InvokerBytecodeGenerator::emitPushArgument (150 bytes)

GC Heap History (20 events):
Event: 3.120 GC heap before
{Heap before GC invocations=1 (full 0):
 garbage-first heap   total 65536K, used 16529K [0x00000000c1400000, 0x0000000100000000)
  region size 1024K, 14 young (14336K), 2 survivors (2048K)
 Metaspace       used 7082K, committed 7232K, reserved 1114112K
  class space    used 824K, committed 896K, reserved 1048576K
}
Event: 3.126 GC heap after
{Heap after GC invocations=2 (full 0):
 garbage-first heap   total 65536K, used 5254K [0x00000000c1400000, 0x0000000100000000)
  region size 1024K, 1 young (1024K), 1 survivors (1024K)
 Metaspace       used 7082K, committed 7232K, reserved 1114112K
  class space    used 824K, committed 896K, reserved 1048576K
}
Event: 4.484 GC heap before
{Heap before GC invocations=2 (full 0):
 garbage-first heap   total 65536K, used 27782K [0x00000000c1400000, 0x0000000100000000)
  region size 1024K, 24 young (24576K), 1 survivors (1024K)
 Metaspace       used 12844K, committed 13120K, reserved 1114112K
  class space    used 1664K, committed 1792K, reserved 1048576K
}
Event: 4.491 GC heap after
{Heap after GC invocations=3 (full 0):
 garbage-first heap   total 65536K, used 7277K [0x00000000c1400000, 0x0000000100000000)
  region size 1024K, 3 young (3072K), 3 survivors (3072K)
 Metaspace       used 12844K, committed 13120K, reserved 1114112K
  class space    used 1664K, committed 1792K, reserved 1048576K
}
Event: 5.842 GC heap before
{Heap before GC invocations=3 (full 0):
 garbage-first heap   total 65536K, used 40045K [0x00000000c1400000, 0x0000000100000000)
  region size 1024K, 36 young (36864K), 3 survivors (3072K)
 Metaspace       used 20086K, committed 20352K, reserved 1114112K
  class space    used 2520K, committed 2624K, reserved 1048576K
}
Event: 5.855 GC heap after
{Heap after GC invocations=4 (full 0):
 garbage-first heap   total 65536K, used 10331K [0x00000000c1400000, 0x0000000100000000)
  region size 1024K, 5 young (5120K), 5 survivors (5120K)
 Metaspace       used 20086K, committed 20352K, reserved 1114112K
  class space    used 2520K, committed 2624K, reserved 1048576K
}
Event: 6.705 GC heap before
{Heap before GC invocations=4 (full 0):
 garbage-first heap   total 65536K, used 23643K [0x00000000c1400000, 0x0000000100000000)
  region size 1024K, 19 young (19456K), 5 survivors (5120K)
 Metaspace       used 21273K, committed 21504K, reserved 1114112K
  class space    used 2654K, committed 2752K, reserved 1048576K
}
Event: 6.716 GC heap after
{Heap after GC invocations=5 (full 0):
 garbage-first heap   total 65536K, used 11066K [0x00000000c1400000, 0x0000000100000000)
  region size 1024K, 2 young (2048K), 2 survivors (2048K)
 Metaspace       used 21273K, committed 21504K, reserved 1114112K
  class space    used 2654K, committed 2752K, reserved 1048576K
}
Event: 7.939 GC heap before
{Heap before GC invocations=6 (full 0):
 garbage-first heap   total 45056K, used 35642K [0x00000000c1400000, 0x0000000100000000)
  region size 1024K, 26 young (26624K), 2 survivors (2048K)
 Metaspace       used 25462K, committed 25856K, reserved 1114112K
  class space    used 3227K, committed 3392K, reserved 1048576K
}
Event: 7.947 GC heap after
{Heap after GC invocations=7 (full 0):
 garbage-first heap   total 45056K, used 13081K [0x00000000c1400000, 0x0000000100000000)
  region size 1024K, 4 young (4096K), 4 survivors (4096K)
 Metaspace       used 25462K, committed 25856K, reserved 1114112K
  class space    used 3227K, committed 3392K, reserved 1048576K
}
Event: 7.996 GC heap before
{Heap before GC invocations=7 (full 0):
 garbage-first heap   total 45056K, used 14105K [0x00000000c1400000, 0x0000000100000000)
  region size 1024K, 5 young (5120K), 4 survivors (4096K)
 Metaspace       used 25523K, committed 25920K, reserved 1114112K
  class space    used 3235K, committed 3392K, reserved 1048576K
}
Event: 8.005 GC heap after
{Heap after GC invocations=8 (full 0):
 garbage-first heap   total 45056K, used 13406K [0x00000000c1400000, 0x0000000100000000)
  region size 1024K, 1 young (1024K), 1 survivors (1024K)
 Metaspace       used 25523K, committed 25920K, reserved 1114112K
  class space    used 3235K, committed 3392K, reserved 1048576K
}
Event: 9.243 GC heap before
{Heap before GC invocations=8 (full 0):
 garbage-first heap   total 45056K, used 30814K [0x00000000c1400000, 0x0000000100000000)
  region size 1024K, 19 young (19456K), 1 survivors (1024K)
 Metaspace       used 29162K, committed 29696K, reserved 1114112K
  class space    used 3698K, committed 3968K, reserved 1048576K
}
Event: 9.248 GC heap after
{Heap after GC invocations=9 (full 0):
 garbage-first heap   total 45056K, used 14472K [0x00000000c1400000, 0x0000000100000000)
  region size 1024K, 2 young (2048K), 2 survivors (2048K)
 Metaspace       used 29162K, committed 29696K, reserved 1114112K
  class space    used 3698K, committed 3968K, reserved 1048576K
}
Event: 10.376 GC heap before
{Heap before GC invocations=9 (full 0):
 garbage-first heap   total 45056K, used 32904K [0x00000000c1400000, 0x0000000100000000)
  region size 1024K, 20 young (20480K), 2 survivors (2048K)
 Metaspace       used 31785K, committed 32384K, reserved 1114112K
  class space    used 4095K, committed 4352K, reserved 1048576K
}
Event: 10.384 GC heap after
{Heap after GC invocations=10 (full 0):
 garbage-first heap   total 45056K, used 16804K [0x00000000c1400000, 0x0000000100000000)
  region size 1024K, 3 young (3072K), 3 survivors (3072K)
 Metaspace       used 31785K, committed 32384K, reserved 1114112K
  class space    used 4095K, committed 4352K, reserved 1048576K
}
Event: 11.693 GC heap before
{Heap before GC invocations=10 (full 0):
 garbage-first heap   total 45056K, used 33188K [0x00000000c1400000, 0x0000000100000000)
  region size 1024K, 19 young (19456K), 3 survivors (3072K)
 Metaspace       used 34333K, committed 34944K, reserved 1114112K
  class space    used 4444K, committed 4736K, reserved 1048576K
}
Event: 11.710 GC heap after
{Heap after GC invocations=11 (full 0):
 garbage-first heap   total 45056K, used 19159K [0x00000000c1400000, 0x0000000100000000)
  region size 1024K, 3 young (3072K), 3 survivors (3072K)
 Metaspace       used 34333K, committed 34944K, reserved 1114112K
  class space    used 4444K, committed 4736K, reserved 1048576K
}
Event: 18.895 GC heap before
{Heap before GC invocations=11 (full 0):
 garbage-first heap   total 45056K, used 22231K [0x00000000c1400000, 0x0000000100000000)
  region size 1024K, 8 young (8192K), 3 survivors (3072K)
 Metaspace       used 35350K, committed 35968K, reserved 1114112K
  class space    used 4566K, committed 4864K, reserved 1048576K
}
Event: 18.901 GC heap after
{Heap after GC invocations=12 (full 0):
 garbage-first heap   total 45056K, used 19422K [0x00000000c1400000, 0x0000000100000000)
  region size 1024K, 1 young (1024K), 1 survivors (1024K)
 Metaspace       used 35350K, committed 35968K, reserved 1114112K
  class space    used 4566K, committed 4864K, reserved 1048576K
}

Deoptimization events (20 events):
Event: 10.168 Thread 0x000001f2c9217ee0 DEOPT PACKING pc=0x000001f2b8fefd44 sp=0x000000dbfa0fde90
Event: 10.168 Thread 0x000001f2c9217ee0 DEOPT UNPACKING pc=0x000001f2b14023a3 sp=0x000000dbfa0fde28 mode 2
Event: 10.386 Thread 0x000001f2c9217ee0 Uncommon trap: trap_request=0xffffff45 fr.pc=0x000001f2b8e8a03c relative=0x000000000000009c
Event: 10.386 Thread 0x000001f2c9217ee0 Uncommon trap: reason=unstable_if action=reinterpret pc=0x000001f2b8e8a03c method=java.lang.String.isLatin1()Z @ 10 c2
Event: 10.386 Thread 0x000001f2c9217ee0 DEOPT PACKING pc=0x000001f2b8e8a03c sp=0x000000dbfa0fb0c0
Event: 10.386 Thread 0x000001f2c9217ee0 DEOPT UNPACKING pc=0x000001f2b14023a3 sp=0x000000dbfa0faff0 mode 2
Event: 10.506 Thread 0x000001f2c9217ee0 DEOPT PACKING pc=0x000001f2b1b6fb23 sp=0x000000dbfa0fc4d0
Event: 10.506 Thread 0x000001f2c9217ee0 DEOPT UNPACKING pc=0x000001f2b1402b43 sp=0x000000dbfa0fb940 mode 0
Event: 10.740 Thread 0x000001f2c9217ee0 Uncommon trap: trap_request=0xffffff45 fr.pc=0x000001f2b8f8e64c relative=0x000000000000012c
Event: 10.740 Thread 0x000001f2c9217ee0 Uncommon trap: reason=unstable_if action=reinterpret pc=0x000001f2b8f8e64c method=java.util.IdentityHashMap.nextKeyIndex(II)I @ 4 c2
Event: 10.740 Thread 0x000001f2c9217ee0 DEOPT PACKING pc=0x000001f2b8f8e64c sp=0x000000dbfa0fc5a0
Event: 10.740 Thread 0x000001f2c9217ee0 DEOPT UNPACKING pc=0x000001f2b14023a3 sp=0x000000dbfa0fc4a8 mode 2
Event: 11.005 Thread 0x000001f2c9217ee0 Uncommon trap: trap_request=0xffffff45 fr.pc=0x000001f2b8f2206c relative=0x000000000000034c
Event: 11.005 Thread 0x000001f2c9217ee0 Uncommon trap: reason=unstable_if action=reinterpret pc=0x000001f2b8f2206c method=java.lang.String.indexOf([BBILjava/lang/String;I)I @ 54 c2
Event: 11.005 Thread 0x000001f2c9217ee0 DEOPT PACKING pc=0x000001f2b8f2206c sp=0x000000dbfa0fd1c0
Event: 11.005 Thread 0x000001f2c9217ee0 DEOPT UNPACKING pc=0x000001f2b14023a3 sp=0x000000dbfa0fd0d0 mode 2
Event: 11.744 Thread 0x000001f2c9217ee0 Uncommon trap: trap_request=0xffffff45 fr.pc=0x000001f2b8ee74e0 relative=0x0000000000000060
Event: 11.744 Thread 0x000001f2c9217ee0 Uncommon trap: reason=unstable_if action=reinterpret pc=0x000001f2b8ee74e0 method=org.springframework.util.ConcurrentReferenceHashMap$Segment.clear()V @ 7 c2
Event: 11.744 Thread 0x000001f2c9217ee0 DEOPT PACKING pc=0x000001f2b8ee74e0 sp=0x000000dbfa0feaa0
Event: 11.744 Thread 0x000001f2c9217ee0 DEOPT UNPACKING pc=0x000001f2b14023a3 sp=0x000000dbfa0fea30 mode 2

Classes loaded (20 events):
Event: 18.827 Loading class java/util/concurrent/Semaphore$Sync done
Event: 18.827 Loading class java/util/concurrent/Semaphore$NonfairSync done
Event: 18.827 Loading class sun/nio/ch/SocketAdaptor
Event: 18.828 Loading class sun/nio/ch/SocketAdaptor done
Event: 18.831 Loading class sun/nio/ch/SelectionKeyImpl
Event: 18.831 Loading class java/nio/channels/spi/AbstractSelectionKey
Event: 18.832 Loading class java/nio/channels/SelectionKey
Event: 18.833 Loading class java/nio/channels/SelectionKey done
Event: 18.833 Loading class java/nio/channels/spi/AbstractSelectionKey done
Event: 18.834 Loading class sun/nio/ch/SelectionKeyImpl done
Event: 18.834 Loading class java/lang/invoke/ConstantBootstraps
Event: 18.835 Loading class java/lang/invoke/ConstantBootstraps done
Event: 18.917 Loading class sun/nio/cs/ThreadLocalCoders
Event: 18.918 Loading class sun/nio/cs/ThreadLocalCoders done
Event: 18.918 Loading class sun/nio/cs/ThreadLocalCoders$1
Event: 18.918 Loading class sun/nio/cs/ThreadLocalCoders$Cache
Event: 18.918 Loading class sun/nio/cs/ThreadLocalCoders$Cache done
Event: 18.918 Loading class sun/nio/cs/ThreadLocalCoders$1 done
Event: 18.918 Loading class sun/nio/cs/ThreadLocalCoders$2
Event: 18.918 Loading class sun/nio/cs/ThreadLocalCoders$2 done

Classes unloaded (0 events):
No events

Classes redefined (0 events):
No events

Internal exceptions (20 events):
Event: 9.412 Thread 0x000001f2c9217ee0 Exception <a 'java/lang/NoSuchMethodError'{0x00000000c447e9e0}: 'java.lang.Object java.lang.invoke.DirectMethodHandle$Holder.newInvokeSpecial(java.lang.Object, java.lang.Object, java.lang.Object, java.lang.Object, java.lang.Object, java.lang.Object)'> (0x00000000c447e9e0) 
thrown [s\src\hotspot\share\interpreter\linkResolver.cpp, line 759]
Event: 9.426 Thread 0x000001f2c9217ee0 Exception <a 'java/lang/NoSuchMethodError'{0x00000000c44db948}: 'java.lang.Object java.lang.invoke.DirectMethodHandle$Holder.newInvokeSpecial(java.lang.Object, java.lang.Object, java.lang.Object, java.lang.Object, java.lang.Object, java.lang.Object, java.lang.Object, java.lang.Object)'> (0x00000000c44db948) 
thrown [s\src\hotspot\share\interpreter\linkResolver.cpp, line 759]
Event: 9.569 Thread 0x000001f2c9217ee0 Exception <a 'java/lang/NoSuchMethodError'{0x00000000c3b545e0}: 'java.lang.Object java.lang.invoke.DirectMethodHandle$Holder.newInvokeSpecial(java.lang.Object, java.lang.Object, java.lang.Object, java.lang.Object, java.lang.Object, java.lang.Object, java.lang.Object, java.lang.Object, java.lang.Object)'> (0x00000000c3b545e0) 
thrown [s\src\hotspot\share\interpreter\linkResolver.cpp, line 759]
Event: 9.579 Thread 0x000001f2c9217ee0 Exception <a 'java/lang/IncompatibleClassChangeError'{0x00000000c3b94540}: Found class java.lang.Object, but interface was expected> (0x00000000c3b94540) 
thrown [s\src\hotspot\share\interpreter\linkResolver.cpp, line 826]
Event: 9.696 Thread 0x000001f2c9217ee0 Exception <a 'sun/nio/fs/WindowsException'{0x00000000c3a80a38}> (0x00000000c3a80a38) 
thrown [s\src\hotspot\share\prims\jni.cpp, line 516]
Event: 9.838 Thread 0x000001f2c9217ee0 Exception <a 'java/lang/NoSuchMethodError'{0x00000000c38e9860}: 'java.lang.Object java.lang.invoke.DirectMethodHandle$Holder.newInvokeSpecial(java.lang.Object, java.lang.Object, java.lang.Object, java.lang.Object, java.lang.Object, java.lang.Object, java.lang.Object, java.lang.Object, java.lang.Object, java.lang.Object, java.lang.Object)'> (0x00000000c38e9860) 
thrown [s\src\hotspot\share\interpreter\linkResolver.cpp, line 759]
Event: 9.839 Thread 0x000001f2c9217ee0 Exception <a 'java/lang/NoSuchMethodError'{0x00000000c38eecf0}: 'java.lang.Object java.lang.invoke.DirectMethodHandle$Holder.invokeSpecial(java.lang.Object, java.lang.Object, java.lang.Object, java.lang.Object, java.lang.Object, java.lang.Object, java.lang.Object, java.lang.Object, java.lang.Object, java.lang.Object, java.lang.Object, java.lang.Object)'> (0x00000000c38eecf0) 
thrown [s\src\hotspot\share\interpreter\linkResolver.cpp, line 759]
Event: 9.928 Thread 0x000001f2c9217ee0 Exception <a 'java/lang/NoSuchMethodError'{0x00000000c350a528}: 'java.lang.Object java.lang.invoke.DirectMethodHandle$Holder.invokeVirtual(java.lang.Object, java.lang.Object, int)'> (0x00000000c350a528) 
thrown [s\src\hotspot\share\interpreter\linkResolver.cpp, line 759]
Event: 10.012 Thread 0x000001f2c9217ee0 Exception <a 'java/lang/NoSuchMethodError'{0x00000000c34a49b0}: 'java.lang.Object java.lang.invoke.DirectMethodHandle$Holder.invokeVirtual(java.lang.Object, java.lang.Object, java.lang.Object, java.lang.Object, java.lang.Object, java.lang.Object, java.lang.Object, java.lang.Object)'> (0x00000000c34a49b0) 
thrown [s\src\hotspot\share\interpreter\linkResolver.cpp, line 759]
Event: 10.034 Thread 0x000001f2c9217ee0 Implicit null exception at 0x000001f2b8f6bec6 to 0x000001f2b8f6bf82
Event: 10.329 Thread 0x000001f2c9217ee0 Exception <a 'java/lang/NoSuchMethodError'{0x00000000c2e12b68}: 'java.lang.Object java.lang.invoke.DirectMethodHandle$Holder.invokeSpecialIFC(java.lang.Object, java.lang.Object, java.lang.Object)'> (0x00000000c2e12b68) 
thrown [s\src\hotspot\share\interpreter\linkResolver.cpp, line 759]
Event: 10.495 Thread 0x000001f2c9217ee0 Exception <a 'java/lang/IncompatibleClassChangeError'{0x00000000c44447f8}: Found class java.lang.Object, but interface was expected> (0x00000000c44447f8) 
thrown [s\src\hotspot\share\interpreter\linkResolver.cpp, line 826]
Event: 10.605 Thread 0x000001f2c9217ee0 Exception <a 'java/lang/NoSuchMethodError'{0x00000000c3cedf58}: 'void java.lang.invoke.DirectMethodHandle$Holder.invokeVirtual(java.lang.Object, java.lang.Object, long)'> (0x00000000c3cedf58) 
thrown [s\src\hotspot\share\interpreter\linkResolver.cpp, line 759]
Event: 10.764 Thread 0x000001f2c9217ee0 Exception <a 'java/lang/NoSuchMethodError'{0x00000000c3859520}: 'java.lang.Object java.lang.invoke.DirectMethodHandle$Holder.invokeVirtual(java.lang.Object, java.lang.Object, java.lang.Object, java.lang.Object, java.lang.Object, java.lang.Object, java.lang.Object)'> (0x00000000c3859520) 
thrown [s\src\hotspot\share\interpreter\linkResolver.cpp, line 759]
Event: 10.827 Thread 0x000001f2c9217ee0 Exception <a 'java/lang/NoSuchMethodError'{0x00000000c37a4b20}: 'int java.lang.invoke.DirectMethodHandle$Holder.invokeStaticInit(java.lang.Object, java.lang.Object, java.lang.Object, java.lang.Object)'> (0x00000000c37a4b20) 
thrown [s\src\hotspot\share\interpreter\linkResolver.cpp, line 759]
Event: 10.961 Thread 0x000001f2c9217ee0 Exception <a 'java/lang/NoSuchMethodError'{0x00000000c3482c70}: 'java.lang.Object java.lang.invoke.DirectMethodHandle$Holder.invokeVirtual(java.lang.Object, java.lang.Object, java.lang.Object, java.lang.Object, java.lang.Object, java.lang.Object, java.lang.Object, java.lang.Object, java.lang.Object, java.lang.Object)'> (0x00000000c3482c70) 
thrown [s\src\hotspot\share\interpreter\linkResolver.cpp, line 759]
Event: 10.962 Thread 0x000001f2c9217ee0 Exception <a 'java/lang/NoSuchMethodError'{0x00000000c34872a8}: 'java.lang.Object java.lang.invoke.DirectMethodHandle$Holder.invokeSpecial(java.lang.Object, java.lang.Object, java.lang.Object, java.lang.Object, java.lang.Object, java.lang.Object, java.lang.Object, java.lang.Object, java.lang.Object, java.lang.Object, java.lang.Object)'> (0x00000000c34872a8) 
thrown [s\src\hotspot\share\interpreter\linkResolver.cpp, line 759]
Event: 11.756 Thread 0x000001f2c9217ee0 Exception <a 'java/lang/NoSuchMethodError'{0x00000000c5381110}: 'java.lang.Object java.lang.invoke.DirectMethodHandle$Holder.newInvokeSpecial(java.lang.Object, java.lang.Object, int, java.lang.Object, java.lang.Object)'> (0x00000000c5381110) 
thrown [s\src\hotspot\share\interpreter\linkResolver.cpp, line 759]
Event: 18.908 Thread 0x000001f2ca0bf050 Exception <a 'java/lang/NoSuchMethodError'{0x00000000c5331cb0}: 'java.lang.Object java.lang.invoke.DirectMethodHandle$Holder.invokeSpecial(java.lang.Object, java.lang.Object, java.lang.Object, java.lang.Object, java.lang.Object, long)'> (0x00000000c5331cb0) 
thrown [s\src\hotspot\share\interpreter\linkResolver.cpp, line 759]
Event: 18.908 Thread 0x000001f2ca0bf050 Exception <a 'java/lang/NoSuchMethodError'{0x00000000c53356f8}: 'java.lang.Object java.lang.invoke.Invokers$Holder.linkToTargetMethod(java.lang.Object, java.lang.Object, java.lang.Object, long, java.lang.Object)'> (0x00000000c53356f8) 
thrown [s\src\hotspot\share\interpreter\linkResolver.cpp, line 759]

VM Operations (20 events):
Event: 10.119 Executing VM operation: HandshakeAllThreads
Event: 10.119 Executing VM operation: HandshakeAllThreads done
Event: 10.149 Executing VM operation: HandshakeAllThreads
Event: 10.149 Executing VM operation: HandshakeAllThreads done
Event: 10.227 Executing VM operation: HandshakeAllThreads
Event: 10.227 Executing VM operation: HandshakeAllThreads done
Event: 10.376 Executing VM operation: G1CollectForAllocation
Event: 10.384 Executing VM operation: G1CollectForAllocation done
Event: 10.660 Executing VM operation: HandshakeAllThreads
Event: 10.661 Executing VM operation: HandshakeAllThreads done
Event: 11.673 Executing VM operation: Cleanup
Event: 11.690 Executing VM operation: Cleanup done
Event: 11.693 Executing VM operation: G1CollectForAllocation
Event: 11.710 Executing VM operation: G1CollectForAllocation done
Event: 12.720 Executing VM operation: Cleanup
Event: 12.721 Executing VM operation: Cleanup done
Event: 13.723 Executing VM operation: Cleanup
Event: 13.724 Executing VM operation: Cleanup done
Event: 18.894 Executing VM operation: CollectForMetadataAllocation
Event: 18.901 Executing VM operation: CollectForMetadataAllocation done

Events (20 events):
Event: 11.650 Thread 0x000001f2ca0be1e0 Thread added: 0x000001f2ca0be1e0
Event: 11.664 Thread 0x000001f2ca0be6b0 Thread added: 0x000001f2ca0be6b0
Event: 11.666 Thread 0x000001f2ca0be6b0 Thread exited: 0x000001f2ca0be6b0
Event: 11.666 Thread 0x000001f2ca0bfec0 Thread added: 0x000001f2ca0bfec0
Event: 11.776 Thread 0x000001f2ca0be6b0 Thread added: 0x000001f2ca0be6b0
Event: 11.776 Thread 0x000001f2ca0bf050 Thread added: 0x000001f2ca0bf050
Event: 11.776 Thread 0x000001f2ca0bf520 Thread added: 0x000001f2ca0bf520
Event: 11.777 Thread 0x000001f2ca0bf9f0 Thread added: 0x000001f2ca0bf9f0
Event: 11.777 Thread 0x000001f2cb499030 Thread added: 0x000001f2cb499030
Event: 11.777 Thread 0x000001f2cb49c520 Thread added: 0x000001f2cb49c520
Event: 11.778 Thread 0x000001f2cb49a840 Thread added: 0x000001f2cb49a840
Event: 11.778 Thread 0x000001f2cb49cec0 Thread added: 0x000001f2cb49cec0
Event: 11.779 Thread 0x000001f2cb49d390 Thread added: 0x000001f2cb49d390
Event: 11.779 Thread 0x000001f2cb497cf0 Thread added: 0x000001f2cb497cf0
Event: 11.815 Thread 0x000001f2cb4981c0 Thread added: 0x000001f2cb4981c0
Event: 11.818 Thread 0x000001f2cb49c050 Thread added: 0x000001f2cb49c050
Event: 11.876 Thread 0x000001f2c9217a20 Thread exited: 0x000001f2c9217a20
Event: 11.877 Thread 0x000001f2a97f0930 Thread exited: 0x000001f2a97f0930
Event: 11.877 Thread 0x000001f2cb498690 Thread added: 0x000001f2cb498690
Event: 11.877 Thread 0x000001f2c9217ee0 Thread exited: 0x000001f2c9217ee0


Dynamic libraries:
0x00007ff667dd0000 - 0x00007ff667ddd000 	C:\Users\ERIN_JAVALead\.jdks\corretto-18.0.2\bin\java.exe
0x00007ffe69930000 - 0x00007ffe69b28000 	C:\WINDOWS\SYSTEM32\ntdll.dll
0x00007ffe67b80000 - 0x00007ffe67c41000 	C:\WINDOWS\System32\KERNEL32.DLL
0x00007ffe67170000 - 0x00007ffe67466000 	C:\WINDOWS\System32\KERNELBASE.dll
0x00007ffe66fe0000 - 0x00007ffe670e0000 	C:\WINDOWS\System32\ucrtbase.dll
0x00007ffe48540000 - 0x00007ffe48557000 	C:\Users\ERIN_JAVALead\.jdks\corretto-18.0.2\bin\jli.dll
0x00007ffe67d20000 - 0x00007ffe67ebf000 	C:\WINDOWS\System32\USER32.dll
0x00007ffe66fb0000 - 0x00007ffe66fd2000 	C:\WINDOWS\System32\win32u.dll
0x00007ffe67c50000 - 0x00007ffe67c7b000 	C:\WINDOWS\System32\GDI32.dll
0x00007ffe67470000 - 0x00007ffe67587000 	C:\WINDOWS\System32\gdi32full.dll
0x00007ffe676c0000 - 0x00007ffe6775d000 	C:\WINDOWS\System32\msvcp_win.dll
0x00007ffe54e70000 - 0x00007ffe54e85000 	C:\Users\ERIN_JAVALead\.jdks\corretto-18.0.2\bin\VCRUNTIME140.dll
0x00007ffe4fab0000 - 0x00007ffe4fd4a000 	C:\WINDOWS\WinSxS\amd64_microsoft.windows.common-controls_6595b64144ccf1df_6.0.19041.4355_none_60b8b9eb71f62e16\COMCTL32.dll
0x00007ffe69050000 - 0x00007ffe690ee000 	C:\WINDOWS\System32\msvcrt.dll
0x00007ffe690f0000 - 0x00007ffe6911f000 	C:\WINDOWS\System32\IMM32.DLL
0x00007ffe45420000 - 0x00007ffe454bb000 	C:\Users\ERIN_JAVALead\.jdks\corretto-18.0.2\bin\msvcp140.dll
0x00007ffe2b660000 - 0x00007ffe2c2d1000 	C:\Users\ERIN_JAVALead\.jdks\corretto-18.0.2\bin\server\jvm.dll
0x00007ffe69590000 - 0x00007ffe69640000 	C:\WINDOWS\System32\ADVAPI32.dll
0x00007ffe68360000 - 0x00007ffe68400000 	C:\WINDOWS\System32\sechost.dll
0x00007ffe69640000 - 0x00007ffe69763000 	C:\WINDOWS\System32\RPCRT4.dll
0x00007ffe675e0000 - 0x00007ffe67607000 	C:\WINDOWS\System32\bcrypt.dll
0x00007ffe69850000 - 0x00007ffe69858000 	C:\WINDOWS\System32\PSAPI.DLL
0x00007ffe53dd0000 - 0x00007ffe53dd9000 	C:\WINDOWS\SYSTEM32\WSOCK32.dll
0x00007ffe68dd0000 - 0x00007ffe68e3b000 	C:\WINDOWS\System32\WS2_32.dll
0x00007ffe614c0000 - 0x00007ffe614ca000 	C:\WINDOWS\SYSTEM32\VERSION.dll
0x00007ffe42e90000 - 0x00007ffe42eb7000 	C:\WINDOWS\SYSTEM32\WINMM.dll
0x00007ffe64df0000 - 0x00007ffe64e02000 	C:\WINDOWS\SYSTEM32\kernel.appcore.dll
0x00007ffe61600000 - 0x00007ffe6160a000 	C:\Users\ERIN_JAVALead\.jdks\corretto-18.0.2\bin\jimage.dll
0x00007ffe46c50000 - 0x00007ffe46e34000 	C:\WINDOWS\SYSTEM32\DBGHELP.DLL
0x00007ffe47440000 - 0x00007ffe47474000 	C:\WINDOWS\SYSTEM32\dbgcore.DLL
0x00007ffe670e0000 - 0x00007ffe67162000 	C:\WINDOWS\System32\bcryptPrimitives.dll
0x00007ffe56600000 - 0x00007ffe5660e000 	C:\Users\ERIN_JAVALead\.jdks\corretto-18.0.2\bin\instrument.dll
0x00007ffe48510000 - 0x00007ffe48535000 	C:\Users\ERIN_JAVALead\.jdks\corretto-18.0.2\bin\java.dll
0x00007ffe424b0000 - 0x00007ffe42586000 	C:\Users\ERIN_JAVALead\.jdks\corretto-18.0.2\bin\jsvml.dll
0x00007ffe684b0000 - 0x00007ffe68c1c000 	C:\WINDOWS\System32\SHELL32.dll
0x00007ffe64ff0000 - 0x00007ffe6578e000 	C:\WINDOWS\SYSTEM32\windows.storage.dll
0x00007ffe68000000 - 0x00007ffe68353000 	C:\WINDOWS\System32\combase.dll
0x00007ffe66820000 - 0x00007ffe6684e000 	C:\WINDOWS\SYSTEM32\Wldp.dll
0x00007ffe67ec0000 - 0x00007ffe67f8d000 	C:\WINDOWS\System32\OLEAUT32.dll
0x00007ffe68f40000 - 0x00007ffe68fed000 	C:\WINDOWS\System32\SHCORE.dll
0x00007ffe68ee0000 - 0x00007ffe68f35000 	C:\WINDOWS\System32\shlwapi.dll
0x00007ffe66ee0000 - 0x00007ffe66f04000 	C:\WINDOWS\SYSTEM32\profapi.dll
0x00007ffe481f0000 - 0x00007ffe48208000 	C:\Users\ERIN_JAVALead\.jdks\corretto-18.0.2\bin\zip.dll
0x00007ffe483e0000 - 0x00007ffe483f3000 	C:\Users\ERIN_JAVALead\.jdks\corretto-18.0.2\bin\net.dll
0x00007ffe609b0000 - 0x00007ffe60aba000 	C:\WINDOWS\SYSTEM32\WINHTTP.dll
0x00007ffe66600000 - 0x00007ffe6666a000 	C:\WINDOWS\system32\mswsock.dll
0x00007ffe48300000 - 0x00007ffe48315000 	C:\Users\ERIN_JAVALead\.jdks\corretto-18.0.2\bin\nio.dll
0x00007ffe47d50000 - 0x00007ffe47d6a000 	C:\Program Files\JetBrains\IntelliJ IDEA Community Edition 2021.3.3\bin\breakgen64.dll
0x00007ffe55010000 - 0x00007ffe55019000 	C:\Users\ERIN_JAVALead\.jdks\corretto-18.0.2\bin\management.dll
0x00007ffe4c4f0000 - 0x00007ffe4c4fb000 	C:\Users\ERIN_JAVALead\.jdks\corretto-18.0.2\bin\management_ext.dll
0x00007ffe48b50000 - 0x00007ffe48b5e000 	C:\Users\ERIN_JAVALead\.jdks\corretto-18.0.2\bin\sunmscapi.dll
0x00007ffe67760000 - 0x00007ffe678be000 	C:\WINDOWS\System32\CRYPT32.dll
0x00007ffe66970000 - 0x00007ffe66999000 	C:\WINDOWS\SYSTEM32\ncrypt.dll
0x00007ffe66930000 - 0x00007ffe6696b000 	C:\WINDOWS\SYSTEM32\NTASN1.dll
0x00007ffe66860000 - 0x00007ffe66878000 	C:\WINDOWS\SYSTEM32\CRYPTSP.dll
0x00007ffe65f40000 - 0x00007ffe65f74000 	C:\WINDOWS\system32\rsaenh.dll
0x00007ffe66e50000 - 0x00007ffe66e7e000 	C:\WINDOWS\SYSTEM32\USERENV.dll
0x00007ffe66790000 - 0x00007ffe6679c000 	C:\WINDOWS\SYSTEM32\CRYPTBASE.dll
0x00007ffe66300000 - 0x00007ffe6633b000 	C:\WINDOWS\SYSTEM32\IPHLPAPI.DLL
0x00007ffe68ed0000 - 0x00007ffe68ed8000 	C:\WINDOWS\System32\NSI.dll
0x00007ffe60e00000 - 0x00007ffe60e17000 	C:\WINDOWS\SYSTEM32\dhcpcsvc6.DLL
0x00007ffe60de0000 - 0x00007ffe60dfd000 	C:\WINDOWS\SYSTEM32\dhcpcsvc.DLL
0x00007ffe66340000 - 0x00007ffe6640a000 	C:\WINDOWS\SYSTEM32\DNSAPI.dll

dbghelp: loaded successfully - version: 4.0.5 - missing functions: none
symbol engine: initialized successfully - sym options: 0x614 - pdb path: .;C:\Users\ERIN_JAVALead\.jdks\corretto-18.0.2\bin;C:\WINDOWS\SYSTEM32;C:\WINDOWS\WinSxS\amd64_microsoft.windows.common-controls_6595b64144ccf1df_6.0.19041.4355_none_60b8b9eb71f62e16;C:\Users\ERIN_JAVALead\.jdks\corretto-18.0.2\bin\server;C:\Program Files\JetBrains\IntelliJ IDEA Community Edition 2021.3.3\bin

VM Arguments:
jvm_args: -javaagent:C:\Program Files\JetBrains\IntelliJ IDEA Community Edition 2021.3.3\lib\idea_rt.jar=61589:C:\Program Files\JetBrains\IntelliJ IDEA Community Edition 2021.3.3\bin -Dfile.encoding=UTF-8 
java_command: com.smart_host.hotelallocation.HotelallocationApplication
java_class_path (initial): C:\Users\ERIN_JAVALead\Downloads\hotelallocation\hotelallocation\target\classes;C:\Users\ERIN_JAVALead\.m2\repository\org\springframework\boot\spring-boot-starter-validation\3.3.1\spring-boot-starter-validation-3.3.1.jar;C:\Users\ERIN_JAVALead\.m2\repository\org\springframework\boot\spring-boot-starter\3.3.1\spring-boot-starter-3.3.1.jar;C:\Users\ERIN_JAVALead\.m2\repository\org\springframework\boot\spring-boot-starter-logging\3.3.1\spring-boot-starter-logging-3.3.1.jar;C:\Users\ERIN_JAVALead\.m2\repository\ch\qos\logback\logback-classic\1.5.6\logback-classic-1.5.6.jar;C:\Users\ERIN_JAVALead\.m2\repository\ch\qos\logback\logback-core\1.5.6\logback-core-1.5.6.jar;C:\Users\ERIN_JAVALead\.m2\repository\org\apache\logging\log4j\log4j-to-slf4j\2.23.1\log4j-to-slf4j-2.23.1.jar;C:\Users\ERIN_JAVALead\.m2\repository\org\apache\logging\log4j\log4j-api\2.23.1\log4j-api-2.23.1.jar;C:\Users\ERIN_JAVALead\.m2\repository\org\slf4j\jul-to-slf4j\2.0.13\jul-to-slf4j-2.0.13.jar;C:\Users\ERIN_JAVALead\.m2\repository\jakarta\annotation\jakarta.annotation-api\2.1.1\jakarta.annotation-api-2.1.1.jar;C:\Users\ERIN_JAVALead\.m2\repository\org\yaml\snakeyaml\2.2\snakeyaml-2.2.jar;C:\Users\ERIN_JAVALead\.m2\repository\org\apache\tomcat\embed\tomcat-embed-el\10.1.25\tomcat-embed-el-10.1.25.jar;C:\Users\ERIN_JAVALead\.m2\repository\org\hibernate\validator\hibernate-validator\8.0.1.Final\hibernate-validator-8.0.1.Final.jar;C:\Users\ERIN_JAVALead\.m2\repository\jakarta\validation\jakarta.validation-api\3.0.2\jakarta.validation-api-3.0.2.jar;C:\Users\ERIN_JAVALead\.m2\repository\org\jboss\logging\jboss-logging\3.5.3.Final\jboss-logging-3.5.3.Final.jar;C:\Users\ERIN_JAVALead\.m2\repository\com\fasterxml\classmate\1.7.0\classmate-1.7.0.jar;C:\Users\ERIN_JAVALead\.m2\repository\org\springframework\boot\spring-boot-starter-data-rest\3.3.1\spring-boot-starter-data-rest-3.3.1.jar;C:\Users\ERIN_JAVALead\.m2\repository\org\springframework\data\spring-data-rest-webmvc\4.3.1\spring-data-rest-webmvc-4.3.1.jar;C:\Users\ERIN_JAVALead\.m2\repository\org\springframework\data\spring-data-rest-core\4.3.1\spring-data-rest-core-4.3.1.jar;C:\Users\ERIN_JAVALead\.m2\repository\org\springframework\spring-tx\6.1.10\spring-tx-6.1.10.jar;C:\Users\ERIN_JAVALead\.m2\repository\org\springframework\hateoas\spring-hateoas\2.3.0\spring-hateoas-2.3.0.jar;C:\Users\ERIN_JAVALead\.m2\repository\org\springframework\data\spring-data-commons\3.3.1\spring-data-commons-3.3.1.jar;C:\Users\ERIN_JAVALead\.m2\repository\org\springframework\plugin\spring-plugin-core\3.0.0\spring-plugin-core-3.0.0.jar;C:\Users\ERIN_JAVALead\.m2\repository\org\atteo\evo-inflector\1.3\evo-inflector-1.3.jar;C:\Users\ERIN_JAVALead\.m2\repository\com\fasterxml\jackson\core\jackson-databind\2.17.1\jackson-databind-2.17.1.jar;C:\Users\ERIN_JAVALead\.m2\repository\com\fasterxml\jackson\core\jackson-core\2.17.1\jackson-core-2.17.1.jar;C:\Users\ERIN_JAVALead\.m2\repository\com\fasterxml\jackson\core\jackson-annotations\2.17.1\jackson-annotations-2.17.1.jar;C:\Users\ERIN_JAVALead\.m2\repository\org\slf4j\slf4j-api\2.0.13\slf4j-api-2.0.13.jar;C:\Users\ERIN_JAVALead\.m2\repository\org\springframework\boot\spring-boot-starter-web\3.3.1\spring-boot-starter-web-3.3.1.jar;C:\Users\ERIN_JAVALead\.m2\repository\org\springframework\boot\spring-boot-starter-json\3.3.1\spring-boot-starter-json-3.3.1.jar;C:\Users\ERIN_JAVALead\.m2\repository\com\fasterxml\jackson\datatype\jackson-datatype-jdk8\2.17.1\jackson-datatype-jdk8-2.17.1.jar;C:\Users\ERIN_JAVALead\.m2\repository\com\fasterxml\jackson\datatype\jackson-datatype-jsr310\2.17.1\jackson-datatype-jsr310-2.17.1.jar;C:\Users\ERIN_JAVALead\.m2\repository\com\fasterxml\jackson\module\jackson-module-parameter-names\2.17.1\jackson-module-parameter-names-2.17.1.jar;C:\Users\ERIN_JAVALead\.m2\repository\org\springframework\boot\spring-boot-starter-tomcat\3.3.1\spring-boot-starter-tomcat-3.3.1.jar;C:\Users\ERIN_JAVALead\.m2\repository\org\apache\tomcat\embed\tomcat-embed-core\10.1.25\tomcat-embed-core-10.1.25.jar;C:\Users\ERIN_JAVALead\.m2\repository\org\apache\tomcat\embed\tomcat-embed-websocket\10.1.25\tomcat-embed-websocket-10.1.25.jar;C:\Users\ERIN_JAVALead\.m2\repository\org\springframework\spring-web\6.1.10\spring-web-6.1.10.jar;C:\Users\ERIN_JAVALead\.m2\repository\org\springframework\spring-beans\6.1.10\spring-beans-6.1.10.jar;C:\Users\ERIN_JAVALead\.m2\repository\io\micrometer\micrometer-observation\1.13.1\micrometer-observation-1.13.1.jar;C:\Users\ERIN_JAVALead\.m2\repository\io\micrometer\micrometer-commons\1.13.1\micrometer-commons-1.13.1.jar;C:\Users\ERIN_JAVALead\.m2\repository\org\springframework\spring-webmvc\6.1.10\spring-webmvc-6.1.10.jar;C:\Users\ERIN_JAVALead\.m2\repository\org\springframework\spring-aop\6.1.10\spring-aop-6.1.10.jar;C:\Users\ERIN_JAVALead\.m2\repository\org\springframework\spring-context\6.1.10\spring-context-6.1.10.jar;C:\Users\ERIN_JAVALead\.m2\repository\org\springframework\spring-expression\6.1.10\spring-expression-6.1.10.jar;C:\Users\ERIN_JAVALead\.m2\repository\org\springframework\boot\spring-boot-devtools\3.3.1\spring-boot-devtools-3.3.1.jar;C:\Users\ERIN_JAVALead\.m2\repository\org\springframework\boot\spring-boot\3.3.1\spring-boot-3.3.1.jar;C:\Users\ERIN_JAVALead\.m2\repository\org\springframework\boot\spring-boot-autoconfigure\3.3.1\spring-boot-autoconfigure-3.3.1.jar;C:\Users\ERIN_JAVALead\.m2\repository\org\projectlombok\lombok\1.18.32\lombok-1.18.32.jar;C:\Users\ERIN_JAVALead\.m2\repository\com\jayway\jsonpath\json-path\2.9.0\json-path-2.9.0.jar;C:\Users\ERIN_JAVALead\.m2\repository\net\minidev\json-smart\2.5.1\json-smart-2.5.1.jar;C:\Users\ERIN_JAVALead\.m2\repository\net\minidev\accessors-smart\2.5.1\accessors-smart-2.5.1.jar;C:\Users\ERIN_JAVALead\.m2\repository\org\ow2\asm\asm\9.6\asm-9.6.jar;C:\Users\ERIN_JAVALead\.m2\repository\org\springframework\spring-core\6.1.10\spring-core-6.1.10.jar;C:\Users\ERIN_JAVALead\.m2\repository\org\springframework\spring-jcl\6.1.10\spring-jcl-6.1.10.jar
Launcher Type: SUN_STANDARD

[Global flags]
     intx CICompilerCount                          = 3                                         {product} {ergonomic}
     uint ConcGCThreads                            = 1                                         {product} {ergonomic}
     uint G1ConcRefinementThreads                  = 4                                         {product} {ergonomic}
   size_t G1HeapRegionSize                         = 1048576                                   {product} {ergonomic}
    uintx GCDrainStackTargetSize                   = 64                                        {product} {ergonomic}
   size_t InitialHeapSize                          = 67108864                                  {product} {ergonomic}
   size_t MarkStackSize                            = 4194304                                   {product} {ergonomic}
   size_t MaxHeapSize                              = 1052770304                                {product} {ergonomic}
   size_t MaxNewSize                               = 631242752                                 {product} {ergonomic}
   size_t MinHeapDeltaBytes                        = 1048576                                   {product} {ergonomic}
   size_t MinHeapSize                              = 8388608                                   {product} {ergonomic}
    uintx NonNMethodCodeHeapSize                   = 5832780                                {pd product} {ergonomic}
    uintx NonProfiledCodeHeapSize                  = 122912730                              {pd product} {ergonomic}
    uintx ProfiledCodeHeapSize                     = 122912730                              {pd product} {ergonomic}
    uintx ReservedCodeCacheSize                    = 251658240                              {pd product} {ergonomic}
     bool SegmentedCodeCache                       = true                                      {product} {ergonomic}
   size_t SoftMaxHeapSize                          = 1052770304                             {manageable} {ergonomic}
     bool UseCompressedClassPointers               = true                           {product lp64_product} {ergonomic}
     bool UseCompressedOops                        = true                           {product lp64_product} {ergonomic}
     bool UseG1GC                                  = true                                      {product} {ergonomic}
     bool UseLargePagesIndividualAllocation        = false                                  {pd product} {ergonomic}

Logging:
Log output configuration:
 #0: stdout all=warning uptime,level,tags foldmultilines=false
 #1: stderr all=off uptime,level,tags foldmultilines=false

Environment Variables:
JAVA_HOME=C:\Program Files\Java\jdk-17
PATH=C:\Program Files (x86)\Common Files\Oracle\Java\javapath;C:\WINDOWS\system32;C:\WINDOWS;C:\WINDOWS\System32\Wbem;C:\WINDOWS\System32\WindowsPowerShell\v1.0\;C:\WINDOWS\System32\OpenSSH\;C:\Program Files (x86)\nodejs\;C:\Program Files (x86)\nodejs\npm;C:\Users\ERIN_JAVALead\AppData\Roaming\npm;C:\Program Files\Git\cmd;C:\Program Files (x86)\dotnet\;C:\Program Files (x86)\Microsoft SQL Server\160\DTS\Binn\;C:\Program Files\Azure Data Studio\bin;C:\Program Files (x86)\Microsoft SQL Server\160\Tools\Binn\;C:\Program Files\Microsoft SQL Server\160\Tools\Binn\;C:\Program Files\Microsoft SQL Server\Client SDK\ODBC\170\Tools\Binn\;C:\Program Files\Microsoft SQL Server\160\DTS\Binn\;C:\Program Files\Java\jdk1.8.0_202\bin;C:\Program Files\Java\jdk1.8.0_202\jre\bin;C:\kafkasrc\bin\windows;C:\Program Files\Docker\Docker\resources\bin;C:\Program Files\Docker\Docker;C:\Users\ERIN_JAVALead\AppData\Local\Microsoft\WindowsApps;;C:\Users\ERIN_JAVALead\AppData\Local\Programs\Microsoft VS Code\bin;C:\Users\ERIN_JAVALead\AppData\Roaming\npm;C:\Program Files\Azure Data Studio\bin
USERNAME=ERIN_JAVALead
OS=Windows_NT
PROCESSOR_IDENTIFIER=Intel64 Family 6 Model 78 Stepping 3, GenuineIntel



---------------  S Y S T E M  ---------------

OS:
 Windows 10 , 64 bit Build 19041 (10.0.19041.4597)
OS uptime: 0 days 3:20 hours
Hyper-V role detected

CPU: total 4 (initial active 4) (2 cores per cpu, 2 threads per core) family 6 model 78 stepping 3 microcode 0xcc, cx8, cmov, fxsr, ht, mmx, 3dnowpref, sse, sse2, sse3, ssse3, sse4.1, sse4.2, popcnt, lzcnt, tsc, tscinvbit, avx, avx2, aes, erms, clmul, bmi1, bmi2, adx, fma, vzeroupper, clflush, clflushopt, hv

Memory: 4k page, system-wide physical 4012M (274M free)
TotalPageFile size 6060M (AvailPageFile size 3M)
current process WorkingSet (physical memory assigned to process): 150M, peak: 164M
current process commit charge ("private bytes"): 187M, peak: 195M

vm_info: OpenJDK 64-Bit Server VM (18.0.2+9-FR) for windows-amd64 JRE (18.0.2+9-FR), built on Jul 15 2022 20:03:03 by "Administrator" with MS VC++ 15.9 (VS2017)

END.
