#
# There is insufficient memory for the Java Runtime Environment to continue.
# Native memory allocation (malloc) failed to allocate 1302896 bytes for Chunk::new
# Possible reasons:
#   The system is out of physical RAM or swap space
#   The process is running with CompressedOops enabled, and the Java Heap may be blocking the growth of the native heap
# Possible solutions:
#   Reduce memory load on the system
#   Increase physical memory or swap space
#   Check if swap backing store is full
#   Decrease Java heap size (-Xmx/-Xms)
#   Decrease number of Java threads
#   Decrease Java thread stack sizes (-Xss)
#   Set larger code cache with -XX:ReservedCodeCacheSize=
#   JVM is running with Unscaled Compressed Oops mode in which the Java heap is
#     placed in the first 4GB address space. The Java Heap base address is the
#     maximum limit for the native heap growth. Please use -XX:HeapBaseMinAddress
#     to set the Java Heap base and to place the Java Heap above 4GB virtual address.
# This output file may be truncated or incomplete.
#
#  Out of Memory Error (arena.cpp:184), pid=8012, tid=10272
#
# JRE version: OpenJDK Runtime Environment Corretto-18.0.2.9.1 (18.0.2+9) (build 18.0.2+9-FR)
# Java VM: OpenJDK 64-Bit Server VM Corretto-18.0.2.9.1 (18.0.2+9-FR, mixed mode, sharing, tiered, compressed oops, compressed class ptrs, g1 gc, windows-amd64)
# No core dump will be written. Minidumps are not enabled by default on client versions of Windows
#

---------------  S U M M A R Y ------------

Command Line: -javaagent:C:\Program Files\JetBrains\IntelliJ IDEA Community Edition 2021.3.3\lib\idea_rt.jar=60822:C:\Program Files\JetBrains\IntelliJ IDEA Community Edition 2021.3.3\bin -Dfile.encoding=UTF-8 com.smart_host.hotelallocation.HotelallocationApplication

Host: Intel(R) Core(TM) i3-6006U CPU @ 2.00GHz, 4 cores, 3G,  Windows 10 , 64 bit Build 19041 (10.0.19041.4597)
Time: Fri Jul 19 10:55:26 2024 W. Europe Daylight Time elapsed time: 6.788900 seconds (0d 0h 0m 6s)

---------------  T H R E A D  ---------------

Current thread (0x000001667acd1090):  JavaThread "C2 CompilerThread0" daemon [_thread_in_native, id=10272, stack(0x0000003da2c00000,0x0000003da2d00000)]


Current CompileTask:
C2:   6789 2430   !   4       java.net.URL::<init> (543 bytes)

Stack: [0x0000003da2c00000,0x0000003da2d00000]
Native frames: (J=compiled Java code, j=interpreted, Vv=VM code, C=native code)
V  [jvm.dll+0x685a2a]
V  [jvm.dll+0x82ae8d]
V  [jvm.dll+0x82c75e]
V  [jvm.dll+0x82ce03]
V  [jvm.dll+0x25ef4b]
V  [jvm.dll+0xd42d2]
V  [jvm.dll+0xd4665]
V  [jvm.dll+0x385751]
V  [jvm.dll+0x34d82a]
V  [jvm.dll+0x34cc1a]
V  [jvm.dll+0x233a65]
V  [jvm.dll+0x232f37]
V  [jvm.dll+0x1c0a35]
V  [jvm.dll+0x24212c]
V  [jvm.dll+0x240534]
V  [jvm.dll+0x7df6db]
V  [jvm.dll+0x7d9cba]
V  [jvm.dll+0x6848a5]
C  [ucrtbase.dll+0x21bb2]
C  [KERNEL32.DLL+0x17374]
C  [ntdll.dll+0x4cc91]


---------------  P R O C E S S  ---------------

Threads class SMR info:
_java_thread_list=0x000001660070a5e0, length=15, elements={
0x000001665d82a840, 0x000001667acb6d20, 0x000001667acb7980, 0x000001667accd6d0,
0x000001667acce070, 0x000001667accfa20, 0x000001667acd03c0, 0x000001667acd1090,
0x000001667acd1a70, 0x000001667ad4cb60, 0x000001667ada89e0, 0x000001667f1d67c0,
0x000001667f1314b0, 0x000001667fa74050, 0x000001667f8ac0d0
}

Java Threads: ( => current thread )
  0x000001665d82a840 JavaThread "main" [_thread_blocked, id=5260, stack(0x0000003da1f00000,0x0000003da2000000)]
  0x000001667acb6d20 JavaThread "Reference Handler" daemon [_thread_blocked, id=11832, stack(0x0000003da2600000,0x0000003da2700000)]
  0x000001667acb7980 JavaThread "Finalizer" daemon [_thread_blocked, id=9584, stack(0x0000003da2700000,0x0000003da2800000)]
  0x000001667accd6d0 JavaThread "Signal Dispatcher" daemon [_thread_blocked, id=2408, stack(0x0000003da2800000,0x0000003da2900000)]
  0x000001667acce070 JavaThread "Attach Listener" daemon [_thread_blocked, id=1792, stack(0x0000003da2900000,0x0000003da2a00000)]
  0x000001667accfa20 JavaThread "Service Thread" daemon [_thread_blocked, id=12068, stack(0x0000003da2a00000,0x0000003da2b00000)]
  0x000001667acd03c0 JavaThread "Monitor Deflation Thread" daemon [_thread_blocked, id=10840, stack(0x0000003da2b00000,0x0000003da2c00000)]
=>0x000001667acd1090 JavaThread "C2 CompilerThread0" daemon [_thread_in_native, id=10272, stack(0x0000003da2c00000,0x0000003da2d00000)]
  0x000001667acd1a70 JavaThread "C1 CompilerThread0" daemon [_thread_in_native, id=5900, stack(0x0000003da2d00000,0x0000003da2e00000)]
  0x000001667ad4cb60 JavaThread "Sweeper thread" daemon [_thread_blocked, id=8048, stack(0x0000003da2e00000,0x0000003da2f00000)]
  0x000001667ada89e0 JavaThread "Common-Cleaner" daemon [_thread_blocked, id=5956, stack(0x0000003da2f00000,0x0000003da3000000)]
  0x000001667f1d67c0 JavaThread "Monitor Ctrl-Break" daemon [_thread_in_native, id=12676, stack(0x0000003da3000000,0x0000003da3100000)]
  0x000001667f1314b0 JavaThread "Notification Thread" daemon [_thread_blocked, id=7696, stack(0x0000003da3100000,0x0000003da3200000)]
  0x000001667fa74050 JavaThread "Thread-0" [_thread_blocked, id=7216, stack(0x0000003da3700000,0x0000003da3800000)]
  0x000001667f8ac0d0 JavaThread "restartedMain" [_thread_in_vm, id=13800, stack(0x0000003da3800000,0x0000003da3900000)]

Other Threads:
  0x000001667acb3580 VMThread "VM Thread" [stack: 0x0000003da2500000,0x0000003da2600000] [id=3920]
  0x000001667f344e80 WatcherThread "VM Periodic Task Thread" [stack: 0x0000003da3200000,0x0000003da3300000] [id=9860]
  0x000001665d86a4e0 WorkerThread "GC Thread#0" [stack: 0x0000003da2000000,0x0000003da2100000] [id=11088]
  0x000001667f7d2e80 WorkerThread "GC Thread#1" [stack: 0x0000003da3300000,0x0000003da3400000] [id=7292]
  0x000001667f7c01d0 WorkerThread "GC Thread#2" [stack: 0x0000003da3400000,0x0000003da3500000] [id=13256]
  0x000001667f8510a0 WorkerThread "GC Thread#3" [stack: 0x0000003da3500000,0x0000003da3600000] [id=5064]
  0x000001665d8741a0 ConcurrentGCThread "G1 Main Marker" [stack: 0x0000003da2100000,0x0000003da2200000] [id=4888]
  0x000001665d874b90 WorkerThread "G1 Conc#0" [stack: 0x0000003da2200000,0x0000003da2300000] [id=5872]
  0x000001665d89bb60 ConcurrentGCThread "G1 Refine#0" [stack: 0x0000003da2300000,0x0000003da2400000] [id=14316]
  0x000001667f851340 ConcurrentGCThread "G1 Refine#1" [stack: 0x0000003da3600000,0x0000003da3700000] [id=12976]
  0x000001665d89c470 ConcurrentGCThread "G1 Service" [stack: 0x0000003da2400000,0x0000003da2500000] [id=8772]

Threads with active compile tasks:
C2 CompilerThread0     6864 2430   !   4       java.net.URL::<init> (543 bytes)
C1 CompilerThread0     6864 2645       3       java.lang.invoke.Invokers$Holder::linkToTargetMethod (11 bytes)

VM state: not at safepoint (normal execution)

VM Mutex/Monitor currently owned by a thread:  ([mutex/lock_event])
[0x000001665d827960] SystemDictionary_lock - owner thread: 0x0000000000000000

Heap address: 0x00000000c1400000, size: 1004 MB, Compressed Oops mode: 32-bit

CDS archive(s) mapped at: [0x0000000800000000-0x0000000800ba0000-0x0000000800ba0000), size 12189696, SharedBaseAddress: 0x0000000800000000, ArchiveRelocationMode: 0.
Compressed class space mapped at: 0x0000000800c00000-0x0000000840c00000, reserved size: 1073741824
Narrow klass base: 0x0000000800000000, Narrow klass shift: 0, Narrow klass range: 0x100000000

GC Precious Log:
 CardTable entry size: 512
 Card Set container configuration: InlinePtr #cards 5 size 8 Array Of Cards #cards 12 size 40 Howl #buckets 4 coarsen threshold 1843 Howl Bitmap #cards 512 size 80 coarsen threshold 460 Card regions per heap region 1 cards per card region 2048
 CPUs: 4 total, 4 available
 Memory: 4012M
 Large Page Support: Disabled
 NUMA Support: Disabled
 Compressed Oops: Enabled (32-bit)
 Heap Region Size: 1M
 Heap Min Capacity: 8M
 Heap Initial Capacity: 64M
 Heap Max Capacity: 1004M
 Pre-touch: Disabled
 Parallel Workers: 4
 Concurrent Workers: 1
 Concurrent Refinement Workers: 4
 Periodic GC: Disabled

Heap:
 garbage-first heap   total 65536K, used 12582K [0x00000000c1400000, 0x0000000100000000)
  region size 1024K, 8 young (8192K), 5 survivors (5120K)
 Metaspace       used 18405K, committed 18688K, reserved 1114112K
  class space    used 2212K, committed 2368K, reserved 1048576K

Heap Regions: E=young(eden), S=young(survivor), O=old, HS=humongous(starts), HC=humongous(continues), CS=collection set, F=free, OA=open archive, CA=closed archive, TAMS=top-at-mark-start (previous, next)
|   0|0x00000000c1400000, 0x00000000c1500000, 0x00000000c1500000|100%| O|  |TAMS 0x00000000c1400000, 0x00000000c1400000| Untracked 
|   1|0x00000000c1500000, 0x00000000c1600000, 0x00000000c1600000|100%| O|  |TAMS 0x00000000c1500000, 0x00000000c1500000| Untracked 
|   2|0x00000000c1600000, 0x00000000c1700000, 0x00000000c1700000|100%| O|  |TAMS 0x00000000c1600000, 0x00000000c1600000| Untracked 
|   3|0x00000000c1700000, 0x00000000c1800000, 0x00000000c1800000|100%| O|  |TAMS 0x00000000c1700000, 0x00000000c1700000| Untracked 
|   4|0x00000000c1800000, 0x00000000c1900000, 0x00000000c1900000|100%| O|  |TAMS 0x00000000c1800000, 0x00000000c1800000| Untracked 
|   5|0x00000000c1900000, 0x00000000c1950a00, 0x00000000c1a00000| 31%| O|  |TAMS 0x00000000c1900000, 0x00000000c1900000| Untracked 
|   6|0x00000000c1a00000, 0x00000000c1a00000, 0x00000000c1b00000|  0%| F|  |TAMS 0x00000000c1a00000, 0x00000000c1a00000| Untracked 
|   7|0x00000000c1b00000, 0x00000000c1b00000, 0x00000000c1c00000|  0%| F|  |TAMS 0x00000000c1b00000, 0x00000000c1b00000| Untracked 
|   8|0x00000000c1c00000, 0x00000000c1c00000, 0x00000000c1d00000|  0%| F|  |TAMS 0x00000000c1c00000, 0x00000000c1c00000| Untracked 
|   9|0x00000000c1d00000, 0x00000000c1d00000, 0x00000000c1e00000|  0%| F|  |TAMS 0x00000000c1d00000, 0x00000000c1d00000| Untracked 
|  10|0x00000000c1e00000, 0x00000000c1e00000, 0x00000000c1f00000|  0%| F|  |TAMS 0x00000000c1e00000, 0x00000000c1e00000| Untracked 
|  11|0x00000000c1f00000, 0x00000000c1f00000, 0x00000000c2000000|  0%| F|  |TAMS 0x00000000c1f00000, 0x00000000c1f00000| Untracked 
|  12|0x00000000c2000000, 0x00000000c2000000, 0x00000000c2100000|  0%| F|  |TAMS 0x00000000c2000000, 0x00000000c2000000| Untracked 
|  13|0x00000000c2100000, 0x00000000c2100000, 0x00000000c2200000|  0%| F|  |TAMS 0x00000000c2100000, 0x00000000c2100000| Untracked 
|  14|0x00000000c2200000, 0x00000000c2200000, 0x00000000c2300000|  0%| F|  |TAMS 0x00000000c2200000, 0x00000000c2200000| Untracked 
|  15|0x00000000c2300000, 0x00000000c2300000, 0x00000000c2400000|  0%| F|  |TAMS 0x00000000c2300000, 0x00000000c2300000| Untracked 
|  16|0x00000000c2400000, 0x00000000c2400000, 0x00000000c2500000|  0%| F|  |TAMS 0x00000000c2400000, 0x00000000c2400000| Untracked 
|  17|0x00000000c2500000, 0x00000000c2500000, 0x00000000c2600000|  0%| F|  |TAMS 0x00000000c2500000, 0x00000000c2500000| Untracked 
|  18|0x00000000c2600000, 0x00000000c2600000, 0x00000000c2700000|  0%| F|  |TAMS 0x00000000c2600000, 0x00000000c2600000| Untracked 
|  19|0x00000000c2700000, 0x00000000c2700000, 0x00000000c2800000|  0%| F|  |TAMS 0x00000000c2700000, 0x00000000c2700000| Untracked 
|  20|0x00000000c2800000, 0x00000000c2800000, 0x00000000c2900000|  0%| F|  |TAMS 0x00000000c2800000, 0x00000000c2800000| Untracked 
|  21|0x00000000c2900000, 0x00000000c2900000, 0x00000000c2a00000|  0%| F|  |TAMS 0x00000000c2900000, 0x00000000c2900000| Untracked 
|  22|0x00000000c2a00000, 0x00000000c2a00000, 0x00000000c2b00000|  0%| F|  |TAMS 0x00000000c2a00000, 0x00000000c2a00000| Untracked 
|  23|0x00000000c2b00000, 0x00000000c2b00000, 0x00000000c2c00000|  0%| F|  |TAMS 0x00000000c2b00000, 0x00000000c2b00000| Untracked 
|  24|0x00000000c2c00000, 0x00000000c2cf9100, 0x00000000c2d00000| 97%| S|CS|TAMS 0x00000000c2c00000, 0x00000000c2c00000| Complete 
|  25|0x00000000c2d00000, 0x00000000c2e00000, 0x00000000c2e00000|100%| S|CS|TAMS 0x00000000c2d00000, 0x00000000c2d00000| Complete 
|  26|0x00000000c2e00000, 0x00000000c2f00000, 0x00000000c2f00000|100%| S|CS|TAMS 0x00000000c2e00000, 0x00000000c2e00000| Complete 
|  27|0x00000000c2f00000, 0x00000000c3000000, 0x00000000c3000000|100%| S|CS|TAMS 0x00000000c2f00000, 0x00000000c2f00000| Complete 
|  28|0x00000000c3000000, 0x00000000c3100000, 0x00000000c3100000|100%| S|CS|TAMS 0x00000000c3000000, 0x00000000c3000000| Complete 
|  29|0x00000000c3100000, 0x00000000c3100000, 0x00000000c3200000|  0%| F|  |TAMS 0x00000000c3100000, 0x00000000c3100000| Untracked 
|  30|0x00000000c3200000, 0x00000000c3200000, 0x00000000c3300000|  0%| F|  |TAMS 0x00000000c3200000, 0x00000000c3200000| Untracked 
|  31|0x00000000c3300000, 0x00000000c3300000, 0x00000000c3400000|  0%| F|  |TAMS 0x00000000c3300000, 0x00000000c3300000| Untracked 
|  32|0x00000000c3400000, 0x00000000c3400000, 0x00000000c3500000|  0%| F|  |TAMS 0x00000000c3400000, 0x00000000c3400000| Untracked 
|  33|0x00000000c3500000, 0x00000000c3500000, 0x00000000c3600000|  0%| F|  |TAMS 0x00000000c3500000, 0x00000000c3500000| Untracked 
|  34|0x00000000c3600000, 0x00000000c3600000, 0x00000000c3700000|  0%| F|  |TAMS 0x00000000c3600000, 0x00000000c3600000| Untracked 
|  35|0x00000000c3700000, 0x00000000c3700000, 0x00000000c3800000|  0%| F|  |TAMS 0x00000000c3700000, 0x00000000c3700000| Untracked 
|  36|0x00000000c3800000, 0x00000000c3800000, 0x00000000c3900000|  0%| F|  |TAMS 0x00000000c3800000, 0x00000000c3800000| Untracked 
|  37|0x00000000c3900000, 0x00000000c3900000, 0x00000000c3a00000|  0%| F|  |TAMS 0x00000000c3900000, 0x00000000c3900000| Untracked 
|  38|0x00000000c3a00000, 0x00000000c3a00000, 0x00000000c3b00000|  0%| F|  |TAMS 0x00000000c3a00000, 0x00000000c3a00000| Untracked 
|  39|0x00000000c3b00000, 0x00000000c3b00000, 0x00000000c3c00000|  0%| F|  |TAMS 0x00000000c3b00000, 0x00000000c3b00000| Untracked 
|  40|0x00000000c3c00000, 0x00000000c3c00000, 0x00000000c3d00000|  0%| F|  |TAMS 0x00000000c3c00000, 0x00000000c3c00000| Untracked 
|  41|0x00000000c3d00000, 0x00000000c3d00000, 0x00000000c3e00000|  0%| F|  |TAMS 0x00000000c3d00000, 0x00000000c3d00000| Untracked 
|  42|0x00000000c3e00000, 0x00000000c3e00000, 0x00000000c3f00000|  0%| F|  |TAMS 0x00000000c3e00000, 0x00000000c3e00000| Untracked 
|  43|0x00000000c3f00000, 0x00000000c3f00000, 0x00000000c4000000|  0%| F|  |TAMS 0x00000000c3f00000, 0x00000000c3f00000| Untracked 
|  44|0x00000000c4000000, 0x00000000c4000000, 0x00000000c4100000|  0%| F|  |TAMS 0x00000000c4000000, 0x00000000c4000000| Untracked 
|  45|0x00000000c4100000, 0x00000000c4100000, 0x00000000c4200000|  0%| F|  |TAMS 0x00000000c4100000, 0x00000000c4100000| Untracked 
|  46|0x00000000c4200000, 0x00000000c4200000, 0x00000000c4300000|  0%| F|  |TAMS 0x00000000c4200000, 0x00000000c4200000| Untracked 
|  47|0x00000000c4300000, 0x00000000c4300000, 0x00000000c4400000|  0%| F|  |TAMS 0x00000000c4300000, 0x00000000c4300000| Untracked 
|  48|0x00000000c4400000, 0x00000000c4400000, 0x00000000c4500000|  0%| F|  |TAMS 0x00000000c4400000, 0x00000000c4400000| Untracked 
|  49|0x00000000c4500000, 0x00000000c4500000, 0x00000000c4600000|  0%| F|  |TAMS 0x00000000c4500000, 0x00000000c4500000| Untracked 
|  50|0x00000000c4600000, 0x00000000c4600000, 0x00000000c4700000|  0%| F|  |TAMS 0x00000000c4600000, 0x00000000c4600000| Untracked 
|  51|0x00000000c4700000, 0x00000000c4700000, 0x00000000c4800000|  0%| F|  |TAMS 0x00000000c4700000, 0x00000000c4700000| Untracked 
|  52|0x00000000c4800000, 0x00000000c4800000, 0x00000000c4900000|  0%| F|  |TAMS 0x00000000c4800000, 0x00000000c4800000| Untracked 
|  53|0x00000000c4900000, 0x00000000c4900000, 0x00000000c4a00000|  0%| F|  |TAMS 0x00000000c4900000, 0x00000000c4900000| Untracked 
|  54|0x00000000c4a00000, 0x00000000c4a00000, 0x00000000c4b00000|  0%| F|  |TAMS 0x00000000c4a00000, 0x00000000c4a00000| Untracked 
|  55|0x00000000c4b00000, 0x00000000c4b00000, 0x00000000c4c00000|  0%| F|  |TAMS 0x00000000c4b00000, 0x00000000c4b00000| Untracked 
|  56|0x00000000c4c00000, 0x00000000c4c00000, 0x00000000c4d00000|  0%| F|  |TAMS 0x00000000c4c00000, 0x00000000c4c00000| Untracked 
|  57|0x00000000c4d00000, 0x00000000c4d00000, 0x00000000c4e00000|  0%| F|  |TAMS 0x00000000c4d00000, 0x00000000c4d00000| Untracked 
|  58|0x00000000c4e00000, 0x00000000c4e00000, 0x00000000c4f00000|  0%| F|  |TAMS 0x00000000c4e00000, 0x00000000c4e00000| Untracked 
|  59|0x00000000c4f00000, 0x00000000c4f00000, 0x00000000c5000000|  0%| F|  |TAMS 0x00000000c4f00000, 0x00000000c4f00000| Untracked 
|  60|0x00000000c5000000, 0x00000000c5000000, 0x00000000c5100000|  0%| F|  |TAMS 0x00000000c5000000, 0x00000000c5000000| Untracked 
|  61|0x00000000c5100000, 0x00000000c51b1ed8, 0x00000000c5200000| 69%| E|  |TAMS 0x00000000c5100000, 0x00000000c5100000| Complete 
|  62|0x00000000c5200000, 0x00000000c5300000, 0x00000000c5300000|100%| E|CS|TAMS 0x00000000c5200000, 0x00000000c5200000| Complete 
|  63|0x00000000c5300000, 0x00000000c5400000, 0x00000000c5400000|100%| E|CS|TAMS 0x00000000c5300000, 0x00000000c5300000| Complete 

Card table byte_map: [0x00000166763e0000,0x00000166765e0000] _byte_map_base: 0x0000016675dd6000

Marking Bits (Prev, Next): (CMBitMap*) 0x000001665d86baf0, (CMBitMap*) 0x000001665d86bb30
 Prev Bits: [0x00000166767e0000, 0x0000016677790000)
 Next Bits: [0x0000016677790000, 0x0000016678740000)

Polling page: 0x000001665d6a0000

Metaspace:

Usage:
  Non-class:     15.84 MB used.
      Class:      2.17 MB used.
       Both:     18.00 MB used.

Virtual space:
  Non-class space:       64.00 MB reserved,      16.00 MB ( 25%) committed,  1 nodes.
      Class space:        1.00 GB reserved,       2.31 MB ( <1%) committed,  1 nodes.
             Both:        1.06 GB reserved,      18.31 MB (  2%) committed. 

Chunk freelists:
   Non-Class:  3.84 MB
       Class:  1.72 MB
        Both:  5.56 MB

MaxMetaspaceSize: unlimited
CompressedClassSpaceSize: 1.00 GB
Initial GC threshold: 21.00 MB
Current GC threshold: 21.00 MB
CDS: on
MetaspaceReclaimPolicy: balanced
 - commit_granule_bytes: 65536.
 - commit_granule_words: 8192.
 - virtual_space_node_default_size: 8388608.
 - enlarge_chunks_in_place: 1.
 - new_chunks_are_fully_committed: 0.
 - uncommit_free_chunks: 1.
 - use_allocation_guard: 0.


Internal statistics:

num_allocs_failed_limit: 0.
num_arena_births: 262.
num_arena_deaths: 0.
num_vsnodes_births: 2.
num_vsnodes_deaths: 0.
num_space_committed: 293.
num_space_uncommitted: 0.
num_chunks_returned_to_freelist: 0.
num_chunks_taken_from_freelist: 862.
num_chunk_merges: 0.
num_chunk_splits: 587.
num_chunks_enlarged: 465.
num_inconsistent_stats: 0.

CodeHeap 'non-profiled nmethods': size=120000Kb used=916Kb max_used=916Kb free=119083Kb
 bounds [0x000001666e690000, 0x000001666e900000, 0x0000016675bc0000]
CodeHeap 'profiled nmethods': size=120000Kb used=5489Kb max_used=5489Kb free=114510Kb
 bounds [0x0000016667160000, 0x00000166676c0000, 0x000001666e690000]
CodeHeap 'non-nmethods': size=5760Kb used=1204Kb max_used=1253Kb free=4555Kb
 bounds [0x0000016666bc0000, 0x0000016666e30000, 0x0000016667160000]
 total_blobs=3115 nmethods=2627 adapters=400
 compilation: enabled
              stopped_count=0, restarted_count=0
 full_count=0

Compilation events (20 events):
Event: 6.759 Thread 0x000001667acd1a70 nmethod 2578 0x0000016667695b90 code [0x0000016667695dc0, 0x0000016667696528]
Event: 6.759 Thread 0x000001667acd1a70 2577       3       org.springframework.core.annotation.TypeMappedAnnotation::getAdaptType (48 bytes)
Event: 6.760 Thread 0x000001667acd1a70 nmethod 2577 0x0000016667696890 code [0x0000016667696aa0, 0x00000166676970a8]
Event: 6.760 Thread 0x000001667acd1a70 2580       3       ch.qos.logback.classic.Logger::isDebugEnabled (6 bytes)
Event: 6.760 Thread 0x000001667acd1a70 nmethod 2580 0x0000016667697290 code [0x0000016667697440, 0x0000016667697588]
Event: 6.760 Thread 0x000001667acd1a70 2581       3       ch.qos.logback.classic.Logger::isDebugEnabled (67 bytes)
Event: 6.761 Thread 0x000001667acd1a70 nmethod 2581 0x0000016667697610 code [0x0000016667697800, 0x0000016667697d68]
Event: 6.764 Thread 0x000001667acd1a70 2582       3       org.springframework.core.annotation.MergedAnnotation$Adapt::values (34 bytes)
Event: 6.765 Thread 0x000001667acd1a70 nmethod 2582 0x0000016667697f10 code [0x0000016667698120, 0x0000016667698738]
Event: 6.765 Thread 0x000001667acd1a70 2583       3       java.util.stream.Collectors$$Lambda$169/0x0000000800cd2518::accept (11 bytes)
Event: 6.765 Thread 0x000001667acd1a70 nmethod 2583 0x0000016667698a10 code [0x0000016667698bc0, 0x0000016667698ea8]
Event: 6.765 Thread 0x000001667acd1a70 2585       3       org.springframework.core.annotation.MergedAnnotation$Adapt::isIn (36 bytes)
Event: 6.766 Thread 0x000001667acd1a70 nmethod 2585 0x0000016667698f90 code [0x0000016667699140, 0x0000016667699378]
Event: 6.766 Thread 0x000001667acd1a70 2584       3       org.springframework.core.annotation.TypeMappedAnnotation::adaptValueForMapOptions (174 bytes)
Event: 6.767 Thread 0x000001667acd1a70 nmethod 2584 0x0000016667699490 code [0x0000016667699760, 0x000001666769a748]
Event: 6.768 Thread 0x000001667acd1a70 2586       3       org.springframework.core.type.classreading.SimpleAnnotationMetadata::getInterfaceNames (8 bytes)
Event: 6.768 Thread 0x000001667acd1a70 nmethod 2586 0x000001666769ac10 code [0x000001666769ae00, 0x000001666769b378]
Event: 6.768 Thread 0x000001667acd1a70 2587       3       org.springframework.core.annotation.AbstractMergedAnnotation::isMetaPresent (20 bytes)
Event: 6.769 Thread 0x000001667acd1a70 nmethod 2587 0x000001666769b510 code [0x000001666769b6c0, 0x000001666769b9f8]
Event: 6.774 Thread 0x000001667acd1a70 2588       3       java.util.stream.ReferencePipeline::collect (124 bytes)

GC Heap History (8 events):
Event: 1.898 GC heap before
{Heap before GC invocations=0 (full 0):
 garbage-first heap   total 65536K, used 13312K [0x00000000c1400000, 0x0000000100000000)
  region size 1024K, 13 young (13312K), 0 survivors (0K)
 Metaspace       used 4074K, committed 4288K, reserved 1114112K
  class space    used 412K, committed 512K, reserved 1048576K
}
Event: 1.916 GC heap after
{Heap after GC invocations=1 (full 0):
 garbage-first heap   total 65536K, used 4368K [0x00000000c1400000, 0x0000000100000000)
  region size 1024K, 2 young (2048K), 2 survivors (2048K)
 Metaspace       used 4074K, committed 4288K, reserved 1114112K
  class space    used 412K, committed 512K, reserved 1048576K
}
Event: 2.899 GC heap before
{Heap before GC invocations=1 (full 0):
 garbage-first heap   total 65536K, used 15632K [0x00000000c1400000, 0x0000000100000000)
  region size 1024K, 13 young (13312K), 2 survivors (2048K)
 Metaspace       used 6977K, committed 7232K, reserved 1114112K
  class space    used 792K, committed 896K, reserved 1048576K
}
Event: 2.905 GC heap after
{Heap after GC invocations=2 (full 0):
 garbage-first heap   total 65536K, used 5539K [0x00000000c1400000, 0x0000000100000000)
  region size 1024K, 1 young (1024K), 1 survivors (1024K)
 Metaspace       used 6977K, committed 7232K, reserved 1114112K
  class space    used 792K, committed 896K, reserved 1048576K
}
Event: 5.096 GC heap before
{Heap before GC invocations=2 (full 0):
 garbage-first heap   total 65536K, used 28067K [0x00000000c1400000, 0x0000000100000000)
  region size 1024K, 24 young (24576K), 1 survivors (1024K)
 Metaspace       used 12788K, committed 13056K, reserved 1114112K
  class space    used 1481K, committed 1600K, reserved 1048576K
}
Event: 5.105 GC heap after
{Heap after GC invocations=3 (full 0):
 garbage-first heap   total 65536K, used 7432K [0x00000000c1400000, 0x0000000100000000)
  region size 1024K, 3 young (3072K), 3 survivors (3072K)
 Metaspace       used 12788K, committed 13056K, reserved 1114112K
  class space    used 1481K, committed 1600K, reserved 1048576K
}
Event: 6.729 GC heap before
{Heap before GC invocations=3 (full 0):
 garbage-first heap   total 65536K, used 39176K [0x00000000c1400000, 0x0000000100000000)
  region size 1024K, 35 young (35840K), 3 survivors (3072K)
 Metaspace       used 18271K, committed 18624K, reserved 1114112K
  class space    used 2197K, committed 2368K, reserved 1048576K
}
Event: 6.741 GC heap after
{Heap after GC invocations=4 (full 0):
 garbage-first heap   total 65536K, used 10534K [0x00000000c1400000, 0x0000000100000000)
  region size 1024K, 5 young (5120K), 5 survivors (5120K)
 Metaspace       used 18271K, committed 18624K, reserved 1114112K
  class space    used 2197K, committed 2368K, reserved 1048576K
}

Deoptimization events (20 events):
Event: 6.104 Thread 0x000001667f8ac0d0 DEOPT PACKING pc=0x00000166672924b1 sp=0x0000003da38fe240
Event: 6.104 Thread 0x000001667f8ac0d0 DEOPT UNPACKING pc=0x0000016666c12b43 sp=0x0000003da38fd730 mode 0
Event: 6.105 Thread 0x000001667f8ac0d0 DEOPT PACKING pc=0x000001666728ede6 sp=0x0000003da38fe270
Event: 6.105 Thread 0x000001667f8ac0d0 DEOPT UNPACKING pc=0x0000016666c12b43 sp=0x0000003da38fd738 mode 0
Event: 6.105 Thread 0x000001667f8ac0d0 DEOPT PACKING pc=0x00000166672924b1 sp=0x0000003da38fe240
Event: 6.105 Thread 0x000001667f8ac0d0 DEOPT UNPACKING pc=0x0000016666c12b43 sp=0x0000003da38fd730 mode 0
Event: 6.105 Thread 0x000001667f8ac0d0 DEOPT PACKING pc=0x000001666728ede6 sp=0x0000003da38fe270
Event: 6.105 Thread 0x000001667f8ac0d0 DEOPT UNPACKING pc=0x0000016666c12b43 sp=0x0000003da38fd738 mode 0
Event: 6.106 Thread 0x000001667f8ac0d0 DEOPT PACKING pc=0x00000166672924b1 sp=0x0000003da38fe240
Event: 6.106 Thread 0x000001667f8ac0d0 DEOPT UNPACKING pc=0x0000016666c12b43 sp=0x0000003da38fd730 mode 0
Event: 6.107 Thread 0x000001667f8ac0d0 DEOPT PACKING pc=0x000001666728ede6 sp=0x0000003da38fe270
Event: 6.107 Thread 0x000001667f8ac0d0 DEOPT UNPACKING pc=0x0000016666c12b43 sp=0x0000003da38fd738 mode 0
Event: 6.107 Thread 0x000001667f8ac0d0 DEOPT PACKING pc=0x00000166672924b1 sp=0x0000003da38fe240
Event: 6.107 Thread 0x000001667f8ac0d0 DEOPT UNPACKING pc=0x0000016666c12b43 sp=0x0000003da38fd730 mode 0
Event: 6.108 Thread 0x000001667f8ac0d0 DEOPT PACKING pc=0x000001666728ede6 sp=0x0000003da38fe270
Event: 6.108 Thread 0x000001667f8ac0d0 DEOPT UNPACKING pc=0x0000016666c12b43 sp=0x0000003da38fd738 mode 0
Event: 6.108 Thread 0x000001667f8ac0d0 DEOPT PACKING pc=0x00000166672924b1 sp=0x0000003da38fe240
Event: 6.108 Thread 0x000001667f8ac0d0 DEOPT UNPACKING pc=0x0000016666c12b43 sp=0x0000003da38fd730 mode 0
Event: 6.108 Thread 0x000001667f8ac0d0 DEOPT PACKING pc=0x000001666728ede6 sp=0x0000003da38fe270
Event: 6.108 Thread 0x000001667f8ac0d0 DEOPT UNPACKING pc=0x0000016666c12b43 sp=0x0000003da38fd738 mode 0

Classes loaded (20 events):
Event: 5.868 Loading class javax/security/auth/callback/CallbackHandler
Event: 5.869 Loading class javax/security/auth/callback/CallbackHandler done
Event: 5.881 Loading class sun/security/provider/certpath/ldap/JdkLDAP
Event: 5.881 Loading class sun/security/provider/certpath/ldap/JdkLDAP done
Event: 5.882 Loading class sun/security/provider/certpath/ldap/JdkLDAP$ProviderService
Event: 5.882 Loading class sun/security/provider/certpath/ldap/JdkLDAP$ProviderService done
Event: 5.882 Loading class com/sun/security/sasl/Provider
Event: 5.882 Loading class com/sun/security/sasl/Provider done
Event: 5.883 Loading class com/sun/security/sasl/Provider$1
Event: 5.883 Loading class com/sun/security/sasl/Provider$1 done
Event: 5.883 Loading class com/sun/security/sasl/Provider$ProviderService
Event: 5.883 Loading class com/sun/security/sasl/Provider$ProviderService done
Event: 5.961 Loading class javax/naming/ldap/LdapContext
Event: 5.961 Loading class javax/naming/directory/DirContext
Event: 5.961 Loading class javax/naming/directory/DirContext done
Event: 5.961 Loading class javax/naming/ldap/LdapContext done
Event: 6.556 Loading class java/nio/charset/UnsupportedCharsetException
Event: 6.556 Loading class java/nio/charset/UnsupportedCharsetException done
Event: 6.556 Loading class java/security/SecureRandom
Event: 6.557 Loading class java/security/SecureRandom done

Classes unloaded (0 events):
No events

Classes redefined (0 events):
No events

Internal exceptions (20 events):
Event: 3.914 Thread 0x000001667f8ac0d0 Exception <a 'java/lang/NoSuchMethodError'{0x00000000c4e8f960}: 'void java.lang.invoke.DirectMethodHandle$Holder.invokeStaticInit(java.lang.Object, java.lang.Object, java.lang.Object)'> (0x00000000c4e8f960) 
thrown [s\src\hotspot\share\interpreter\linkResolver.cpp, line 759]
Event: 3.921 Thread 0x000001667f8ac0d0 Exception <a 'java/lang/NoSuchMethodError'{0x00000000c4eab0a0}: 'java.lang.Object java.lang.invoke.DirectMethodHandle$Holder.invokeVirtual(java.lang.Object, java.lang.Object, java.lang.Object)'> (0x00000000c4eab0a0) 
thrown [s\src\hotspot\share\interpreter\linkResolver.cpp, line 759]
Event: 3.936 Thread 0x000001667f8ac0d0 Exception <a 'java/lang/NoSuchMethodError'{0x00000000c4ecc200}: 'java.lang.Object java.lang.invoke.DirectMethodHandle$Holder.invokeStatic(java.lang.Object, java.lang.Object, long, java.lang.Object)'> (0x00000000c4ecc200) 
thrown [s\src\hotspot\share\interpreter\linkResolver.cpp, line 759]
Event: 3.936 Thread 0x000001667f8ac0d0 Exception <a 'java/lang/NoSuchMethodError'{0x00000000c4ecffd8}: 'java.lang.Object java.lang.invoke.DirectMethodHandle$Holder.invokeStaticInit(java.lang.Object, java.lang.Object, long, java.lang.Object)'> (0x00000000c4ecffd8) 
thrown [s\src\hotspot\share\interpreter\linkResolver.cpp, line 759]
Event: 3.938 Thread 0x000001667f8ac0d0 Exception <a 'java/lang/NoSuchMethodError'{0x00000000c4ed66e0}: 'java.lang.Object java.lang.invoke.DirectMethodHandle$Holder.newInvokeSpecial(java.lang.Object, java.lang.Object, long)'> (0x00000000c4ed66e0) 
thrown [s\src\hotspot\share\interpreter\linkResolver.cpp, line 759]
Event: 3.938 Thread 0x000001667f8ac0d0 Exception <a 'java/lang/NoSuchMethodError'{0x00000000c4eda258}: 'java.lang.Object java.lang.invoke.Invokers$Holder.linkToTargetMethod(java.lang.Object, long, java.lang.Object)'> (0x00000000c4eda258) 
thrown [s\src\hotspot\share\interpreter\linkResolver.cpp, line 759]
Event: 3.992 Thread 0x000001667f8ac0d0 Exception <a 'java/lang/NoSuchMethodError'{0x00000000c4d319e0}: 'void java.lang.invoke.DirectMethodHandle$Holder.invokeVirtual(java.lang.Object, java.lang.Object, java.lang.Object, java.lang.Object)'> (0x00000000c4d319e0) 
thrown [s\src\hotspot\share\interpreter\linkResolver.cpp, line 759]
Event: 4.110 Thread 0x000001667f8ac0d0 Exception <a 'java/lang/IncompatibleClassChangeError'{0x00000000c4cb6d68}: Found class java.lang.Object, but interface was expected> (0x00000000c4cb6d68) 
thrown [s\src\hotspot\share\interpreter\linkResolver.cpp, line 826]
Event: 4.130 Thread 0x000001667fbfd0d0 Exception <a 'java/lang/NoClassDefFoundError'{0x00000000c4ce76d0}: jakarta/validation/Validation> (0x00000000c4ce76d0) 
thrown [s\src\hotspot\share\classfile\systemDictionary.cpp, line 244]
Event: 4.495 Thread 0x000001667f8ac0d0 Exception <a 'java/lang/NoSuchMethodError'{0x00000000c42bb648}: 'java.lang.Object java.lang.invoke.DirectMethodHandle$Holder.invokeStatic(java.lang.Object, int, java.lang.Object)'> (0x00000000c42bb648) 
thrown [s\src\hotspot\share\interpreter\linkResolver.cpp, line 759]
Event: 5.591 Thread 0x000001667f8ac0d0 Exception <a 'sun/nio/fs/WindowsException'{0x00000000c4bf41e0}> (0x00000000c4bf41e0) 
thrown [s\src\hotspot\share\prims\jni.cpp, line 516]
Event: 5.593 Thread 0x000001667f8ac0d0 Exception <a 'java/lang/NoSuchMethodError'{0x00000000c4bf5c00}: 'int java.lang.invoke.DirectMethodHandle$Holder.invokeSpecial(java.lang.Object, java.lang.Object, java.lang.Object, java.lang.Object, java.lang.Object)'> (0x00000000c4bf5c00) 
thrown [s\src\hotspot\share\interpreter\linkResolver.cpp, line 759]
Event: 5.598 Thread 0x000001667f8ac0d0 Exception <a 'java/lang/NoSuchMethodError'{0x00000000c4a30ef0}: 'void java.lang.invoke.DirectMethodHandle$Holder.invokeVirtual(java.lang.Object, java.lang.Object)'> (0x00000000c4a30ef0) 
thrown [s\src\hotspot\share\interpreter\linkResolver.cpp, line 759]
Event: 5.643 Thread 0x000001667fbfd0d0 Exception <a 'java/lang/NoSuchMethodError'{0x00000000c4919458}: 'long java.lang.invoke.DirectMethodHandle$Holder.invokeSpecial(java.lang.Object, java.lang.Object)'> (0x00000000c4919458) 
thrown [s\src\hotspot\share\interpreter\linkResolver.cpp, line 759]
Event: 5.647 Thread 0x000001667fbfd0d0 Exception <a 'java/lang/NoSuchMethodError'{0x00000000c4924438}: 'long java.lang.invoke.DirectMethodHandle$Holder.invokeStatic(java.lang.Object, java.lang.Object)'> (0x00000000c4924438) 
thrown [s\src\hotspot\share\interpreter\linkResolver.cpp, line 759]
Event: 5.647 Thread 0x000001667fbfd0d0 Exception <a 'java/lang/NoSuchMethodError'{0x00000000c4978108}: 'long java.lang.invoke.DirectMethodHandle$Holder.invokeStaticInit(java.lang.Object, java.lang.Object)'> (0x00000000c4978108) 
thrown [s\src\hotspot\share\interpreter\linkResolver.cpp, line 759]
Event: 5.653 Thread 0x000001667fbfd0d0 Exception <a 'java/lang/NoSuchMethodError'{0x00000000c4985fc8}: 'long java.lang.invoke.DirectMethodHandle$Holder.invokeInterface(java.lang.Object, java.lang.Object)'> (0x00000000c4985fc8) 
thrown [s\src\hotspot\share\interpreter\linkResolver.cpp, line 759]
Event: 5.655 Thread 0x000001667fbfd0d0 Exception <a 'java/lang/IncompatibleClassChangeError'{0x00000000c49892a8}: Found class java.lang.Object, but interface was expected> (0x00000000c49892a8) 
thrown [s\src\hotspot\share\interpreter\linkResolver.cpp, line 826]
Event: 5.664 Thread 0x000001667fbfd0d0 Exception <a 'java/lang/NoSuchMethodError'{0x00000000c49db420}: 'java.lang.Object java.lang.invoke.DirectMethodHandle$Holder.invokeVirtual(java.lang.Object, java.lang.Object, java.lang.Object, java.lang.Object)'> (0x00000000c49db420) 
thrown [s\src\hotspot\share\interpreter\linkResolver.cpp, line 759]
Event: 6.091 Thread 0x000001667f8ac0d0 Exception <a 'java/lang/IncompatibleClassChangeError'{0x00000000c40a1c68}: Found class java.lang.Object, but interface was expected> (0x00000000c40a1c68) 
thrown [s\src\hotspot\share\interpreter\linkResolver.cpp, line 826]

VM Operations (20 events):
Event: 4.085 Executing VM operation: HandshakeAllThreads
Event: 4.085 Executing VM operation: HandshakeAllThreads done
Event: 4.086 Executing VM operation: HandshakeAllThreads
Event: 4.086 Executing VM operation: HandshakeAllThreads done
Event: 4.652 Executing VM operation: HandshakeAllThreads
Event: 4.656 Executing VM operation: HandshakeAllThreads done
Event: 5.096 Executing VM operation: G1CollectForAllocation
Event: 5.108 Executing VM operation: G1CollectForAllocation done
Event: 5.149 Executing VM operation: HandshakeAllThreads
Event: 5.150 Executing VM operation: HandshakeAllThreads done
Event: 5.542 Executing VM operation: HandshakeAllThreads
Event: 5.542 Executing VM operation: HandshakeAllThreads done
Event: 5.751 Executing VM operation: HandshakeAllThreads
Event: 5.751 Executing VM operation: HandshakeAllThreads done
Event: 5.787 Executing VM operation: HandshakeAllThreads
Event: 5.787 Executing VM operation: HandshakeAllThreads done
Event: 6.303 Executing VM operation: ICBufferFull
Event: 6.303 Executing VM operation: ICBufferFull done
Event: 6.729 Executing VM operation: G1CollectForAllocation
Event: 6.741 Executing VM operation: G1CollectForAllocation done

Events (20 events):
Event: 0.407 Thread 0x000001667ad4cb60 Thread added: 0x000001667ad4cb60
Event: 0.597 Thread 0x000001667ada89e0 Thread added: 0x000001667ada89e0
Event: 0.650 Loaded shared library C:\Users\ERIN_JAVALead\.jdks\corretto-18.0.2\bin\zip.dll
Event: 0.656 Loaded shared library C:\Users\ERIN_JAVALead\.jdks\corretto-18.0.2\bin\instrument.dll
Event: 0.686 Loaded shared library C:\Users\ERIN_JAVALead\.jdks\corretto-18.0.2\bin\net.dll
Event: 0.691 Loaded shared library C:\Users\ERIN_JAVALead\.jdks\corretto-18.0.2\bin\nio.dll
Event: 0.699 Loaded shared library C:\Users\ERIN_JAVALead\.jdks\corretto-18.0.2\bin\zip.dll
Event: 0.882 Loaded shared library C:\Program Files\JetBrains\IntelliJ IDEA Community Edition 2021.3.3\bin\breakgen64.dll
Event: 0.883 Thread 0x000001667f1d67c0 Thread added: 0x000001667f1d67c0
Event: 0.884 Thread 0x000001667f1314b0 Thread added: 0x000001667f1314b0
Event: 1.020 Loaded shared library C:\Users\ERIN_JAVALead\.jdks\corretto-18.0.2\bin\jimage.dll
Event: 2.062 Loaded shared library C:\Users\ERIN_JAVALead\.jdks\corretto-18.0.2\bin\management.dll
Event: 2.066 Loaded shared library C:\Users\ERIN_JAVALead\.jdks\corretto-18.0.2\bin\management_ext.dll
Event: 2.190 Thread 0x000001667fa74050 Thread added: 0x000001667fa74050
Event: 2.205 Thread 0x000001667f8ac0d0 Thread added: 0x000001667f8ac0d0
Event: 4.104 Thread 0x000001667fbfd0d0 Thread added: 0x000001667fbfd0d0
Event: 5.848 Loaded shared library C:\Users\ERIN_JAVALead\.jdks\corretto-18.0.2\bin\sunmscapi.dll
Event: 5.886 Thread 0x000001667fbfd0d0 Thread exited: 0x000001667fbfd0d0
Event: 5.904 Thread 0x000001667fad2fd0 Thread added: 0x000001667fad2fd0
Event: 6.068 Thread 0x000001667fad2fd0 Thread exited: 0x000001667fad2fd0


Dynamic libraries:
0x00007ff627360000 - 0x00007ff62736d000 	C:\Users\ERIN_JAVALead\.jdks\corretto-18.0.2\bin\java.exe
0x00007ffe69930000 - 0x00007ffe69b28000 	C:\WINDOWS\SYSTEM32\ntdll.dll
0x00007ffe67b80000 - 0x00007ffe67c41000 	C:\WINDOWS\System32\KERNEL32.DLL
0x00007ffe67170000 - 0x00007ffe67466000 	C:\WINDOWS\System32\KERNELBASE.dll
0x00007ffe66fe0000 - 0x00007ffe670e0000 	C:\WINDOWS\System32\ucrtbase.dll
0x00007ffe566e0000 - 0x00007ffe566f7000 	C:\Users\ERIN_JAVALead\.jdks\corretto-18.0.2\bin\jli.dll
0x00007ffe67d20000 - 0x00007ffe67ebf000 	C:\WINDOWS\System32\USER32.dll
0x00007ffe66fb0000 - 0x00007ffe66fd2000 	C:\WINDOWS\System32\win32u.dll
0x00007ffe67c50000 - 0x00007ffe67c7b000 	C:\WINDOWS\System32\GDI32.dll
0x00007ffe67470000 - 0x00007ffe67587000 	C:\WINDOWS\System32\gdi32full.dll
0x00007ffe676c0000 - 0x00007ffe6775d000 	C:\WINDOWS\System32\msvcp_win.dll
0x00007ffe53a30000 - 0x00007ffe53a45000 	C:\Users\ERIN_JAVALead\.jdks\corretto-18.0.2\bin\VCRUNTIME140.dll
0x00007ffe4fab0000 - 0x00007ffe4fd4a000 	C:\WINDOWS\WinSxS\amd64_microsoft.windows.common-controls_6595b64144ccf1df_6.0.19041.4355_none_60b8b9eb71f62e16\COMCTL32.dll
0x00007ffe69050000 - 0x00007ffe690ee000 	C:\WINDOWS\System32\msvcrt.dll
0x00007ffe690f0000 - 0x00007ffe6911f000 	C:\WINDOWS\System32\IMM32.DLL
0x00007ffe46160000 - 0x00007ffe461fb000 	C:\Users\ERIN_JAVALead\.jdks\corretto-18.0.2\bin\msvcp140.dll
0x00007ffe2b660000 - 0x00007ffe2c2d1000 	C:\Users\ERIN_JAVALead\.jdks\corretto-18.0.2\bin\server\jvm.dll
0x00007ffe69590000 - 0x00007ffe69640000 	C:\WINDOWS\System32\ADVAPI32.dll
0x00007ffe68360000 - 0x00007ffe68400000 	C:\WINDOWS\System32\sechost.dll
0x00007ffe69640000 - 0x00007ffe69763000 	C:\WINDOWS\System32\RPCRT4.dll
0x00007ffe675e0000 - 0x00007ffe67607000 	C:\WINDOWS\System32\bcrypt.dll
0x00007ffe69850000 - 0x00007ffe69858000 	C:\WINDOWS\System32\PSAPI.DLL
0x00007ffe53dd0000 - 0x00007ffe53dd9000 	C:\WINDOWS\SYSTEM32\WSOCK32.dll
0x00007ffe42e90000 - 0x00007ffe42eb7000 	C:\WINDOWS\SYSTEM32\WINMM.dll
0x00007ffe68dd0000 - 0x00007ffe68e3b000 	C:\WINDOWS\System32\WS2_32.dll
0x00007ffe614c0000 - 0x00007ffe614ca000 	C:\WINDOWS\SYSTEM32\VERSION.dll
0x00007ffe64df0000 - 0x00007ffe64e02000 	C:\WINDOWS\SYSTEM32\kernel.appcore.dll
0x00007ffe55010000 - 0x00007ffe5501a000 	C:\Users\ERIN_JAVALead\.jdks\corretto-18.0.2\bin\jimage.dll
0x00007ffe46c50000 - 0x00007ffe46e34000 	C:\WINDOWS\SYSTEM32\DBGHELP.DLL
0x00007ffe47440000 - 0x00007ffe47474000 	C:\WINDOWS\SYSTEM32\dbgcore.DLL
0x00007ffe670e0000 - 0x00007ffe67162000 	C:\WINDOWS\System32\bcryptPrimitives.dll
0x00007ffe53a20000 - 0x00007ffe53a2e000 	C:\Users\ERIN_JAVALead\.jdks\corretto-18.0.2\bin\instrument.dll
0x00007ffe48420000 - 0x00007ffe48445000 	C:\Users\ERIN_JAVALead\.jdks\corretto-18.0.2\bin\java.dll
0x00007ffe45f70000 - 0x00007ffe46046000 	C:\Users\ERIN_JAVALead\.jdks\corretto-18.0.2\bin\jsvml.dll
0x00007ffe684b0000 - 0x00007ffe68c1c000 	C:\WINDOWS\System32\SHELL32.dll
0x00007ffe64ff0000 - 0x00007ffe6578e000 	C:\WINDOWS\SYSTEM32\windows.storage.dll
0x00007ffe68000000 - 0x00007ffe68353000 	C:\WINDOWS\System32\combase.dll
0x00007ffe66820000 - 0x00007ffe6684e000 	C:\WINDOWS\SYSTEM32\Wldp.dll
0x00007ffe67ec0000 - 0x00007ffe67f8d000 	C:\WINDOWS\System32\OLEAUT32.dll
0x00007ffe68f40000 - 0x00007ffe68fed000 	C:\WINDOWS\System32\SHCORE.dll
0x00007ffe68ee0000 - 0x00007ffe68f35000 	C:\WINDOWS\System32\shlwapi.dll
0x00007ffe66ee0000 - 0x00007ffe66f04000 	C:\WINDOWS\SYSTEM32\profapi.dll
0x00007ffe483e0000 - 0x00007ffe483f8000 	C:\Users\ERIN_JAVALead\.jdks\corretto-18.0.2\bin\zip.dll
0x00007ffe4a500000 - 0x00007ffe4a513000 	C:\Users\ERIN_JAVALead\.jdks\corretto-18.0.2\bin\net.dll
0x00007ffe609b0000 - 0x00007ffe60aba000 	C:\WINDOWS\SYSTEM32\WINHTTP.dll
0x00007ffe66600000 - 0x00007ffe6666a000 	C:\WINDOWS\system32\mswsock.dll
0x00007ffe48bf0000 - 0x00007ffe48c05000 	C:\Users\ERIN_JAVALead\.jdks\corretto-18.0.2\bin\nio.dll
0x00007ffe48300000 - 0x00007ffe4831a000 	C:\Program Files\JetBrains\IntelliJ IDEA Community Edition 2021.3.3\bin\breakgen64.dll
0x00007ffe644f0000 - 0x00007ffe644f9000 	C:\Users\ERIN_JAVALead\.jdks\corretto-18.0.2\bin\management.dll
0x00007ffe64410000 - 0x00007ffe6441b000 	C:\Users\ERIN_JAVALead\.jdks\corretto-18.0.2\bin\management_ext.dll
0x00007ffe627c0000 - 0x00007ffe627ce000 	C:\Users\ERIN_JAVALead\.jdks\corretto-18.0.2\bin\sunmscapi.dll
0x00007ffe67760000 - 0x00007ffe678be000 	C:\WINDOWS\System32\CRYPT32.dll
0x00007ffe66970000 - 0x00007ffe66999000 	C:\WINDOWS\SYSTEM32\ncrypt.dll
0x00007ffe66930000 - 0x00007ffe6696b000 	C:\WINDOWS\SYSTEM32\NTASN1.dll

dbghelp: loaded successfully - version: 4.0.5 - missing functions: none
symbol engine: initialized successfully - sym options: 0x614 - pdb path: .;C:\Users\ERIN_JAVALead\.jdks\corretto-18.0.2\bin;C:\WINDOWS\SYSTEM32;C:\WINDOWS\WinSxS\amd64_microsoft.windows.common-controls_6595b64144ccf1df_6.0.19041.4355_none_60b8b9eb71f62e16;C:\Users\ERIN_JAVALead\.jdks\corretto-18.0.2\bin\server;C:\Program Files\JetBrains\IntelliJ IDEA Community Edition 2021.3.3\bin

VM Arguments:
jvm_args: -javaagent:C:\Program Files\JetBrains\IntelliJ IDEA Community Edition 2021.3.3\lib\idea_rt.jar=60822:C:\Program Files\JetBrains\IntelliJ IDEA Community Edition 2021.3.3\bin -Dfile.encoding=UTF-8 
java_command: com.smart_host.hotelallocation.HotelallocationApplication
java_class_path (initial): C:\Users\ERIN_JAVALead\Downloads\hotelallocation\hotelallocation\target\classes;C:\Users\ERIN_JAVALead\.m2\repository\org\springframework\boot\spring-boot-starter-data-rest\3.3.1\spring-boot-starter-data-rest-3.3.1.jar;C:\Users\ERIN_JAVALead\.m2\repository\org\springframework\data\spring-data-rest-webmvc\4.3.1\spring-data-rest-webmvc-4.3.1.jar;C:\Users\ERIN_JAVALead\.m2\repository\org\springframework\data\spring-data-rest-core\4.3.1\spring-data-rest-core-4.3.1.jar;C:\Users\ERIN_JAVALead\.m2\repository\org\springframework\spring-tx\6.1.10\spring-tx-6.1.10.jar;C:\Users\ERIN_JAVALead\.m2\repository\org\springframework\hateoas\spring-hateoas\2.3.0\spring-hateoas-2.3.0.jar;C:\Users\ERIN_JAVALead\.m2\repository\org\springframework\data\spring-data-commons\3.3.1\spring-data-commons-3.3.1.jar;C:\Users\ERIN_JAVALead\.m2\repository\org\springframework\plugin\spring-plugin-core\3.0.0\spring-plugin-core-3.0.0.jar;C:\Users\ERIN_JAVALead\.m2\repository\org\atteo\evo-inflector\1.3\evo-inflector-1.3.jar;C:\Users\ERIN_JAVALead\.m2\repository\com\fasterxml\jackson\core\jackson-databind\2.17.1\jackson-databind-2.17.1.jar;C:\Users\ERIN_JAVALead\.m2\repository\com\fasterxml\jackson\core\jackson-core\2.17.1\jackson-core-2.17.1.jar;C:\Users\ERIN_JAVALead\.m2\repository\com\fasterxml\jackson\core\jackson-annotations\2.17.1\jackson-annotations-2.17.1.jar;C:\Users\ERIN_JAVALead\.m2\repository\org\slf4j\slf4j-api\2.0.13\slf4j-api-2.0.13.jar;C:\Users\ERIN_JAVALead\.m2\repository\org\springframework\boot\spring-boot-starter-web\3.3.1\spring-boot-starter-web-3.3.1.jar;C:\Users\ERIN_JAVALead\.m2\repository\org\springframework\boot\spring-boot-starter\3.3.1\spring-boot-starter-3.3.1.jar;C:\Users\ERIN_JAVALead\.m2\repository\org\springframework\boot\spring-boot-starter-logging\3.3.1\spring-boot-starter-logging-3.3.1.jar;C:\Users\ERIN_JAVALead\.m2\repository\ch\qos\logback\logback-classic\1.5.6\logback-classic-1.5.6.jar;C:\Users\ERIN_JAVALead\.m2\repository\ch\qos\logback\logback-core\1.5.6\logback-core-1.5.6.jar;C:\Users\ERIN_JAVALead\.m2\repository\org\apache\logging\log4j\log4j-to-slf4j\2.23.1\log4j-to-slf4j-2.23.1.jar;C:\Users\ERIN_JAVALead\.m2\repository\org\apache\logging\log4j\log4j-api\2.23.1\log4j-api-2.23.1.jar;C:\Users\ERIN_JAVALead\.m2\repository\org\slf4j\jul-to-slf4j\2.0.13\jul-to-slf4j-2.0.13.jar;C:\Users\ERIN_JAVALead\.m2\repository\jakarta\annotation\jakarta.annotation-api\2.1.1\jakarta.annotation-api-2.1.1.jar;C:\Users\ERIN_JAVALead\.m2\repository\org\yaml\snakeyaml\2.2\snakeyaml-2.2.jar;C:\Users\ERIN_JAVALead\.m2\repository\org\springframework\boot\spring-boot-starter-json\3.3.1\spring-boot-starter-json-3.3.1.jar;C:\Users\ERIN_JAVALead\.m2\repository\com\fasterxml\jackson\datatype\jackson-datatype-jdk8\2.17.1\jackson-datatype-jdk8-2.17.1.jar;C:\Users\ERIN_JAVALead\.m2\repository\com\fasterxml\jackson\datatype\jackson-datatype-jsr310\2.17.1\jackson-datatype-jsr310-2.17.1.jar;C:\Users\ERIN_JAVALead\.m2\repository\com\fasterxml\jackson\module\jackson-module-parameter-names\2.17.1\jackson-module-parameter-names-2.17.1.jar;C:\Users\ERIN_JAVALead\.m2\repository\org\springframework\boot\spring-boot-starter-tomcat\3.3.1\spring-boot-starter-tomcat-3.3.1.jar;C:\Users\ERIN_JAVALead\.m2\repository\org\apache\tomcat\embed\tomcat-embed-core\10.1.25\tomcat-embed-core-10.1.25.jar;C:\Users\ERIN_JAVALead\.m2\repository\org\apache\tomcat\embed\tomcat-embed-el\10.1.25\tomcat-embed-el-10.1.25.jar;C:\Users\ERIN_JAVALead\.m2\repository\org\apache\tomcat\embed\tomcat-embed-websocket\10.1.25\tomcat-embed-websocket-10.1.25.jar;C:\Users\ERIN_JAVALead\.m2\repository\org\springframework\spring-web\6.1.10\spring-web-6.1.10.jar;C:\Users\ERIN_JAVALead\.m2\repository\org\springframework\spring-beans\6.1.10\spring-beans-6.1.10.jar;C:\Users\ERIN_JAVALead\.m2\repository\io\micrometer\micrometer-observation\1.13.1\micrometer-observation-1.13.1.jar;C:\Users\ERIN_JAVALead\.m2\repository\io\micrometer\micrometer-commons\1.13.1\micrometer-commons-1.13.1.jar;C:\Users\ERIN_JAVALead\.m2\repository\org\springframework\spring-webmvc\6.1.10\spring-webmvc-6.1.10.jar;C:\Users\ERIN_JAVALead\.m2\repository\org\springframework\spring-aop\6.1.10\spring-aop-6.1.10.jar;C:\Users\ERIN_JAVALead\.m2\repository\org\springframework\spring-context\6.1.10\spring-context-6.1.10.jar;C:\Users\ERIN_JAVALead\.m2\repository\org\springframework\spring-expression\6.1.10\spring-expression-6.1.10.jar;C:\Users\ERIN_JAVALead\.m2\repository\org\springframework\boot\spring-boot-devtools\3.3.1\spring-boot-devtools-3.3.1.jar;C:\Users\ERIN_JAVALead\.m2\repository\org\springframework\boot\spring-boot\3.3.1\spring-boot-3.3.1.jar;C:\Users\ERIN_JAVALead\.m2\repository\org\springframework\boot\spring-boot-autoconfigure\3.3.1\spring-boot-autoconfigure-3.3.1.jar;C:\Users\ERIN_JAVALead\.m2\repository\org\projectlombok\lombok\1.18.32\lombok-1.18.32.jar;C:\Users\ERIN_JAVALead\.m2\repository\com\jayway\jsonpath\json-path\2.9.0\json-path-2.9.0.jar;C:\Users\ERIN_JAVALead\.m2\repository\net\minidev\json-smart\2.5.1\json-smart-2.5.1.jar;C:\Users\ERIN_JAVALead\.m2\repository\net\minidev\accessors-smart\2.5.1\accessors-smart-2.5.1.jar;C:\Users\ERIN_JAVALead\.m2\repository\org\ow2\asm\asm\9.6\asm-9.6.jar;C:\Users\ERIN_JAVALead\.m2\repository\org\springframework\spring-core\6.1.10\spring-core-6.1.10.jar;C:\Users\ERIN_JAVALead\.m2\repository\org\springframework\spring-jcl\6.1.10\spring-jcl-6.1.10.jar
Launcher Type: SUN_STANDARD

[Global flags]
     intx CICompilerCount                          = 3                                         {product} {ergonomic}
     uint ConcGCThreads                            = 1                                         {product} {ergonomic}
     uint G1ConcRefinementThreads                  = 4                                         {product} {ergonomic}
   size_t G1HeapRegionSize                         = 1048576                                   {product} {ergonomic}
    uintx GCDrainStackTargetSize                   = 64                                        {product} {ergonomic}
   size_t InitialHeapSize                          = 67108864                                  {product} {ergonomic}
   size_t MarkStackSize                            = 4194304                                   {product} {ergonomic}
   size_t MaxHeapSize                              = 1052770304                                {product} {ergonomic}
   size_t MaxNewSize                               = 631242752                                 {product} {ergonomic}
   size_t MinHeapDeltaBytes                        = 1048576                                   {product} {ergonomic}
   size_t MinHeapSize                              = 8388608                                   {product} {ergonomic}
    uintx NonNMethodCodeHeapSize                   = 5832780                                {pd product} {ergonomic}
    uintx NonProfiledCodeHeapSize                  = 122912730                              {pd product} {ergonomic}
    uintx ProfiledCodeHeapSize                     = 122912730                              {pd product} {ergonomic}
    uintx ReservedCodeCacheSize                    = 251658240                              {pd product} {ergonomic}
     bool SegmentedCodeCache                       = true                                      {product} {ergonomic}
   size_t SoftMaxHeapSize                          = 1052770304                             {manageable} {ergonomic}
     bool UseCompressedClassPointers               = true                           {product lp64_product} {ergonomic}
     bool UseCompressedOops                        = true                           {product lp64_product} {ergonomic}
     bool UseG1GC                                  = true                                      {product} {ergonomic}
     bool UseLargePagesIndividualAllocation        = false                                  {pd product} {ergonomic}

Logging:
Log output configuration:
 #0: stdout all=warning uptime,level,tags foldmultilines=false
 #1: stderr all=off uptime,level,tags foldmultilines=false

Environment Variables:
JAVA_HOME=C:\Program Files\Java\jdk-17
PATH=C:\Program Files (x86)\Common Files\Oracle\Java\javapath;C:\WINDOWS\system32;C:\WINDOWS;C:\WINDOWS\System32\Wbem;C:\WINDOWS\System32\WindowsPowerShell\v1.0\;C:\WINDOWS\System32\OpenSSH\;C:\Program Files (x86)\nodejs\;C:\Program Files (x86)\nodejs\npm;C:\Users\ERIN_JAVALead\AppData\Roaming\npm;C:\Program Files\Git\cmd;C:\Program Files (x86)\dotnet\;C:\Program Files (x86)\Microsoft SQL Server\160\DTS\Binn\;C:\Program Files\Azure Data Studio\bin;C:\Program Files (x86)\Microsoft SQL Server\160\Tools\Binn\;C:\Program Files\Microsoft SQL Server\160\Tools\Binn\;C:\Program Files\Microsoft SQL Server\Client SDK\ODBC\170\Tools\Binn\;C:\Program Files\Microsoft SQL Server\160\DTS\Binn\;C:\Program Files\Java\jdk1.8.0_202\bin;C:\Program Files\Java\jdk1.8.0_202\jre\bin;C:\kafkasrc\bin\windows;C:\Program Files\Docker\Docker\resources\bin;C:\Program Files\Docker\Docker;C:\Users\ERIN_JAVALead\AppData\Local\Microsoft\WindowsApps;;C:\Users\ERIN_JAVALead\AppData\Local\Programs\Microsoft VS Code\bin;C:\Users\ERIN_JAVALead\AppData\Roaming\npm;C:\Program Files\Azure Data Studio\bin
USERNAME=ERIN_JAVALead
OS=Windows_NT
PROCESSOR_IDENTIFIER=Intel64 Family 6 Model 78 Stepping 3, GenuineIntel



---------------  S Y S T E M  ---------------

OS:
 Windows 10 , 64 bit Build 19041 (10.0.19041.4597)
OS uptime: 0 days 2:40 hours
Hyper-V role detected

CPU: total 4 (initial active 4) (2 cores per cpu, 2 threads per core) family 6 model 78 stepping 3 microcode 0xcc, cx8, cmov, fxsr, ht, mmx, 3dnowpref, sse, sse2, sse3, ssse3, sse4.1, sse4.2, popcnt, lzcnt, tsc, tscinvbit, avx, avx2, aes, erms, clmul, bmi1, bmi2, adx, fma, vzeroupper, clflush, clflushopt, hv

Memory: 4k page, system-wide physical 4012M (278M free)
TotalPageFile size 6060M (AvailPageFile size 4M)
current process WorkingSet (physical memory assigned to process): 125M, peak: 125M
current process commit charge ("private bytes"): 178M, peak: 178M

vm_info: OpenJDK 64-Bit Server VM (18.0.2+9-FR) for windows-amd64 JRE (18.0.2+9-FR), built on Jul 15 2022 20:03:03 by "Administrator" with MS VC++ 15.9 (VS2017)

END.
