#
# There is insufficient memory for the Java Runtime Environment to continue.
# Native memory allocation (mmap) failed to map 9437184 bytes for G1 virtual space
# Possible reasons:
#   The system is out of physical RAM or swap space
#   The process is running with CompressedOops enabled, and the Java Heap may be blocking the growth of the native heap
# Possible solutions:
#   Reduce memory load on the system
#   Increase physical memory or swap space
#   Check if swap backing store is full
#   Decrease Java heap size (-Xmx/-Xms)
#   Decrease number of Java threads
#   Decrease Java thread stack sizes (-Xss)
#   Set larger code cache with -XX:ReservedCodeCacheSize=
#   JVM is running with Unscaled Compressed Oops mode in which the Java heap is
#     placed in the first 4GB address space. The Java Heap base address is the
#     maximum limit for the native heap growth. Please use -XX:HeapBaseMinAddress
#     to set the Java Heap base and to place the Java Heap above 4GB virtual address.
# This output file may be truncated or incomplete.
#
#  Out of Memory Error (os_windows.cpp:3530), pid=2256, tid=12364
#
# JRE version: OpenJDK Runtime Environment Corretto-18.0.2.9.1 (18.0.2+9) (build 18.0.2+9-FR)
# Java VM: OpenJDK 64-Bit Server VM Corretto-18.0.2.9.1 (18.0.2+9-FR, mixed mode, sharing, tiered, compressed oops, compressed class ptrs, g1 gc, windows-amd64)
# No core dump will be written. Minidumps are not enabled by default on client versions of Windows
#

---------------  S U M M A R Y ------------

Command Line: -javaagent:C:\Program Files\JetBrains\IntelliJ IDEA Community Edition 2021.3.3\lib\idea_rt.jar=61775:C:\Program Files\JetBrains\IntelliJ IDEA Community Edition 2021.3.3\bin -Dfile.encoding=UTF-8 com.smart_host.hotelallocation.HotelallocationApplication

Host: Intel(R) Core(TM) i3-6006U CPU @ 2.00GHz, 4 cores, 3G,  Windows 10 , 64 bit Build 19041 (10.0.19041.4597)
Time: Fri Jul 19 11:38:27 2024 W. Europe Daylight Time elapsed time: 13.005634 seconds (0d 0h 0m 13s)

---------------  T H R E A D  ---------------

Current thread (0x00000231899f63e0):  VMThread "VM Thread" [stack: 0x000000584a000000,0x000000584a100000] [id=12364]

Stack: [0x000000584a000000,0x000000584a100000]
Native frames: (J=compiled Java code, j=interpreted, Vv=VM code, C=native code)
V  [jvm.dll+0x685a2a]
V  [jvm.dll+0x82ae8d]
V  [jvm.dll+0x82c75e]
V  [jvm.dll+0x82ce03]
V  [jvm.dll+0x25ef4b]
V  [jvm.dll+0x6828ca]
V  [jvm.dll+0x67745a]
V  [jvm.dll+0x3243f9]
V  [jvm.dll+0x32ba86]
V  [jvm.dll+0x37e00a]
V  [jvm.dll+0x37e24f]
V  [jvm.dll+0x2fb50a]
V  [jvm.dll+0x2fb5b7]
V  [jvm.dll+0x33f162]
V  [jvm.dll+0x33d8f0]
V  [jvm.dll+0x2fad70]
V  [jvm.dll+0x33cecb]
V  [jvm.dll+0x831b3b]
V  [jvm.dll+0x8328c8]
V  [jvm.dll+0x832e15]
V  [jvm.dll+0x833254]
V  [jvm.dll+0x833315]
V  [jvm.dll+0x7d9cba]
V  [jvm.dll+0x6848a5]
C  [ucrtbase.dll+0x21bb2]
C  [KERNEL32.DLL+0x17374]
C  [ntdll.dll+0x4cc91]

VM_Operation (0x000000584b3fd860): G1CollectForAllocation, mode: safepoint, requested by thread 0x00000231a9603fb0


---------------  P R O C E S S  ---------------

Threads class SMR info:
_java_thread_list=0x00000231ac7b37f0, length=33, elements={
0x000002318995a640, 0x00000231899f8b70, 0x00000231899fa7e0, 0x0000023189a0ed00,
0x0000023189a0f6a0, 0x0000023189a10040, 0x0000023189a109e0, 0x0000023189a116b0,
0x0000023189a12090, 0x0000023189a1a340, 0x00000231a91207b0, 0x00000231a931c680,
0x00000231a931cb40, 0x00000231a9be0220, 0x00000231a9603fb0, 0x00000231aa83f040,
0x00000231a4f91d70, 0x00000231a4f913d0, 0x00000231a4f92710, 0x00000231a4f90f00,
0x00000231a4f943f0, 0x00000231a4f90a30, 0x00000231a4f930b0, 0x00000231a4f918a0,
0x00000231a4f93580, 0x00000231a4f92240, 0x00000231aaa98170, 0x00000231aaa98640,
0x00000231aaa98b10, 0x00000231aaa9ce70, 0x00000231aaa96960, 0x00000231aaa95fc0,
0x00000231aaa9d340
}

Java Threads: ( => current thread )
  0x000002318995a640 JavaThread "main" [_thread_blocked, id=13212, stack(0x0000005849a00000,0x0000005849b00000)]
  0x00000231899f8b70 JavaThread "Reference Handler" daemon [_thread_blocked, id=13484, stack(0x000000584a100000,0x000000584a200000)]
  0x00000231899fa7e0 JavaThread "Finalizer" daemon [_thread_blocked, id=10068, stack(0x000000584a200000,0x000000584a300000)]
  0x0000023189a0ed00 JavaThread "Signal Dispatcher" daemon [_thread_blocked, id=1100, stack(0x000000584a300000,0x000000584a400000)]
  0x0000023189a0f6a0 JavaThread "Attach Listener" daemon [_thread_blocked, id=6428, stack(0x000000584a400000,0x000000584a500000)]
  0x0000023189a10040 JavaThread "Service Thread" daemon [_thread_blocked, id=10676, stack(0x000000584a500000,0x000000584a600000)]
  0x0000023189a109e0 JavaThread "Monitor Deflation Thread" daemon [_thread_blocked, id=13380, stack(0x000000584a600000,0x000000584a700000)]
  0x0000023189a116b0 JavaThread "C2 CompilerThread0" daemon [_thread_in_native, id=11656, stack(0x000000584a700000,0x000000584a800000)]
  0x0000023189a12090 JavaThread "C1 CompilerThread0" daemon [_thread_blocked, id=13268, stack(0x000000584a800000,0x000000584a900000)]
  0x0000023189a1a340 JavaThread "Sweeper thread" daemon [_thread_blocked, id=840, stack(0x000000584a900000,0x000000584aa00000)]
  0x00000231a91207b0 JavaThread "Common-Cleaner" daemon [_thread_blocked, id=860, stack(0x000000584aa00000,0x000000584ab00000)]
  0x00000231a931c680 JavaThread "Monitor Ctrl-Break" daemon [_thread_in_native, id=5308, stack(0x000000584ab00000,0x000000584ac00000)]
  0x00000231a931cb40 JavaThread "Notification Thread" daemon [_thread_blocked, id=8964, stack(0x000000584ac00000,0x000000584ad00000)]
  0x00000231a9be0220 JavaThread "Thread-0" [_thread_blocked, id=3620, stack(0x000000584b200000,0x000000584b300000)]
  0x00000231a9603fb0 JavaThread "restartedMain" [_thread_blocked, id=1232, stack(0x000000584b300000,0x000000584b400000)]
  0x00000231aa83f040 JavaThread "C2 CompilerThread1" daemon [_thread_blocked, id=13304, stack(0x000000584b400000,0x000000584b500000)]
  0x00000231a4f91d70 JavaThread "Catalina-utility-1" [_thread_blocked, id=11080, stack(0x000000584b500000,0x000000584b600000)]
  0x00000231a4f913d0 JavaThread "Catalina-utility-2" [_thread_blocked, id=3456, stack(0x000000584b600000,0x000000584b700000)]
  0x00000231a4f92710 JavaThread "container-0" [_thread_blocked, id=11624, stack(0x000000584b700000,0x000000584b800000)]
  0x00000231a4f90f00 JavaThread "File Watcher" daemon [_thread_blocked, id=7864, stack(0x000000584b800000,0x000000584b900000)]
  0x00000231a4f943f0 JavaThread "Live Reload Server" daemon [_thread_in_native, id=12740, stack(0x000000584ba00000,0x000000584bb00000)]
  0x00000231a4f90a30 JavaThread "http-nio-8080-exec-1" daemon [_thread_blocked, id=9872, stack(0x000000584b900000,0x000000584ba00000)]
  0x00000231a4f930b0 JavaThread "http-nio-8080-exec-2" daemon [_thread_blocked, id=10088, stack(0x000000584bb00000,0x000000584bc00000)]
  0x00000231a4f918a0 JavaThread "http-nio-8080-exec-3" daemon [_thread_blocked, id=13352, stack(0x000000584bc00000,0x000000584bd00000)]
  0x00000231a4f93580 JavaThread "http-nio-8080-exec-4" daemon [_thread_blocked, id=13444, stack(0x000000584bd00000,0x000000584be00000)]
  0x00000231a4f92240 JavaThread "http-nio-8080-exec-5" daemon [_thread_blocked, id=12936, stack(0x000000584be00000,0x000000584bf00000)]
  0x00000231aaa98170 JavaThread "http-nio-8080-exec-6" daemon [_thread_blocked, id=7820, stack(0x000000584bf00000,0x000000584c000000)]
  0x00000231aaa98640 JavaThread "http-nio-8080-exec-7" daemon [_thread_blocked, id=10060, stack(0x000000584c000000,0x000000584c100000)]
  0x00000231aaa98b10 JavaThread "http-nio-8080-exec-8" daemon [_thread_blocked, id=12520, stack(0x000000584c100000,0x000000584c200000)]
  0x00000231aaa9ce70 JavaThread "http-nio-8080-exec-9" daemon [_thread_blocked, id=11688, stack(0x000000584c200000,0x000000584c300000)]
  0x00000231aaa96960 JavaThread "http-nio-8080-exec-10" daemon [_thread_blocked, id=6040, stack(0x000000584c300000,0x000000584c400000)]
  0x00000231aaa95fc0 JavaThread "http-nio-8080-Poller" daemon [_thread_in_native, id=2816, stack(0x000000584c400000,0x000000584c500000)]
  0x00000231aaa9d340 JavaThread "http-nio-8080-Acceptor" daemon [_thread_in_native, id=1960, stack(0x000000584c500000,0x000000584c600000)]

Other Threads:
=>0x00000231899f63e0 VMThread "VM Thread" [stack: 0x000000584a000000,0x000000584a100000] [id=12364]
  0x00000231a9312340 WatcherThread "VM Periodic Task Thread" [stack: 0x000000584ad00000,0x000000584ae00000] [id=8144]
  0x000002318999c300 WorkerThread "GC Thread#0" [stack: 0x0000005849b00000,0x0000005849c00000] [id=11368]
  0x00000231a95a9f70 WorkerThread "GC Thread#1" [stack: 0x000000584ae00000,0x000000584af00000] [id=4856]
  0x00000231a967f6e0 WorkerThread "GC Thread#2" [stack: 0x000000584af00000,0x000000584b000000] [id=10076]
  0x00000231a9b92db0 WorkerThread "GC Thread#3" [stack: 0x000000584b000000,0x000000584b100000] [id=2696]
  0x00000231899a4fb0 ConcurrentGCThread "G1 Main Marker" [stack: 0x0000005849c00000,0x0000005849d00000] [id=8908]
  0x00000231899a59a0 WorkerThread "G1 Conc#0" [stack: 0x0000005849d00000,0x0000005849e00000] [id=14112]
  0x00000231899cc8c0 ConcurrentGCThread "G1 Refine#0" [stack: 0x0000005849e00000,0x0000005849f00000] [id=9736]
  0x00000231a9b7be40 ConcurrentGCThread "G1 Refine#1" [stack: 0x000000584b100000,0x000000584b200000] [id=9084]
  0x00000231899cd1d0 ConcurrentGCThread "G1 Service" [stack: 0x0000005849f00000,0x000000584a000000] [id=6064]

Threads with active compile tasks:
C2 CompilerThread0    13096 4250       4       org.springframework.core.annotation.TypeMappedAnnotations$MergedAnnotationFinder::doWithAnnotations (75 bytes)
C1 CompilerThread0    13096 4434       3       org.springframework.core.ResolvableType::isAssignableFrom (8 bytes)
C2 CompilerThread1    13096 4251       4       org.springframework.core.annotation.TypeMappedAnnotations$MergedAnnotationFinder::doWithAnnotations (10 bytes)

VM state: at safepoint (normal execution)

VM Mutex/Monitor currently owned by a thread:  ([mutex/lock_event])
[0x0000023189956fd0] Threads_lock - owner thread: 0x00000231899f63e0
[0x0000023189957060] Heap_lock - owner thread: 0x00000231a9603fb0

Heap address: 0x00000000c1400000, size: 1004 MB, Compressed Oops mode: 32-bit

CDS archive(s) mapped at: [0x0000000800000000-0x0000000800ba0000-0x0000000800ba0000), size 12189696, SharedBaseAddress: 0x0000000800000000, ArchiveRelocationMode: 0.
Compressed class space mapped at: 0x0000000800c00000-0x0000000840c00000, reserved size: 1073741824
Narrow klass base: 0x0000000800000000, Narrow klass shift: 0, Narrow klass range: 0x100000000

GC Precious Log:
 CardTable entry size: 512
 Card Set container configuration: InlinePtr #cards 5 size 8 Array Of Cards #cards 12 size 40 Howl #buckets 4 coarsen threshold 1843 Howl Bitmap #cards 512 size 80 coarsen threshold 460 Card regions per heap region 1 cards per card region 2048
 CPUs: 4 total, 4 available
 Memory: 4012M
 Large Page Support: Disabled
 NUMA Support: Disabled
 Compressed Oops: Enabled (32-bit)
 Heap Region Size: 1M
 Heap Min Capacity: 8M
 Heap Initial Capacity: 64M
 Heap Max Capacity: 1004M
 Pre-touch: Disabled
 Parallel Workers: 4
 Concurrent Workers: 1
 Concurrent Refinement Workers: 4
 Periodic GC: Disabled

Heap:
 garbage-first heap   total 40960K, used 19127K [0x00000000c1400000, 0x0000000100000000)
  region size 1024K, 2 young (2048K), 2 survivors (2048K)
 Metaspace       used 34728K, committed 35328K, reserved 1114112K
  class space    used 4486K, committed 4800K, reserved 1048576K

Heap Regions: E=young(eden), S=young(survivor), O=old, HS=humongous(starts), HC=humongous(continues), CS=collection set, F=free, OA=open archive, CA=closed archive, TAMS=top-at-mark-start (previous, next)
|   0|0x00000000c1400000, 0x00000000c1500000, 0x00000000c1500000|100%| O|  |TAMS 0x00000000c1500000, 0x00000000c1400000| Untracked 
|   1|0x00000000c1500000, 0x00000000c1600000, 0x00000000c1600000|100%| O|  |TAMS 0x00000000c1600000, 0x00000000c1500000| Untracked 
|   2|0x00000000c1600000, 0x00000000c1700000, 0x00000000c1700000|100%| O|  |TAMS 0x00000000c1700000, 0x00000000c1600000| Untracked 
|   3|0x00000000c1700000, 0x00000000c1800000, 0x00000000c1800000|100%| O|  |TAMS 0x00000000c1800000, 0x00000000c1700000| Untracked 
|   4|0x00000000c1800000, 0x00000000c1900000, 0x00000000c1900000|100%| O|  |TAMS 0x00000000c1878a00, 0x00000000c1800000| Untracked 
|   5|0x00000000c1900000, 0x00000000c1a00000, 0x00000000c1a00000|100%| O|  |TAMS 0x00000000c1900000, 0x00000000c1900000| Untracked 
|   6|0x00000000c1a00000, 0x00000000c1b00000, 0x00000000c1b00000|100%| O|  |TAMS 0x00000000c1a00000, 0x00000000c1a00000| Untracked 
|   7|0x00000000c1b00000, 0x00000000c1c00000, 0x00000000c1c00000|100%| O|  |TAMS 0x00000000c1b00000, 0x00000000c1b00000| Untracked 
|   8|0x00000000c1c00000, 0x00000000c1d00000, 0x00000000c1d00000|100%| O|  |TAMS 0x00000000c1c00000, 0x00000000c1c00000| Untracked 
|   9|0x00000000c1d00000, 0x00000000c1e00000, 0x00000000c1e00000|100%| O|  |TAMS 0x00000000c1d00000, 0x00000000c1d00000| Untracked 
|  10|0x00000000c1e00000, 0x00000000c1f00000, 0x00000000c1f00000|100%| O|  |TAMS 0x00000000c1e00000, 0x00000000c1e00000| Untracked 
|  11|0x00000000c1f00000, 0x00000000c2000000, 0x00000000c2000000|100%| O|  |TAMS 0x00000000c1f00000, 0x00000000c1f00000| Untracked 
|  12|0x00000000c2000000, 0x00000000c2100000, 0x00000000c2100000|100%| O|  |TAMS 0x00000000c2000000, 0x00000000c2000000| Untracked 
|  13|0x00000000c2100000, 0x00000000c2200000, 0x00000000c2200000|100%| O|  |TAMS 0x00000000c2100000, 0x00000000c2100000| Untracked 
|  14|0x00000000c2200000, 0x00000000c2300000, 0x00000000c2300000|100%| O|  |TAMS 0x00000000c2200000, 0x00000000c2200000| Untracked 
|  15|0x00000000c2300000, 0x00000000c2400000, 0x00000000c2400000|100%| O|  |TAMS 0x00000000c2300000, 0x00000000c2300000| Untracked 
|  16|0x00000000c2400000, 0x00000000c2500000, 0x00000000c2500000|100%| O|  |TAMS 0x00000000c2400000, 0x00000000c2400000| Untracked 
|  17|0x00000000c2500000, 0x00000000c2540200, 0x00000000c2600000| 25%| O|  |TAMS 0x00000000c2500000, 0x00000000c2500000| Untracked 
|  18|0x00000000c2600000, 0x00000000c2600000, 0x00000000c2700000|  0%| F|  |TAMS 0x00000000c2600000, 0x00000000c2600000| Untracked 
|  19|0x00000000c2700000, 0x00000000c2700000, 0x00000000c2800000|  0%| F|  |TAMS 0x00000000c2700000, 0x00000000c2700000| Untracked 
|  20|0x00000000c2800000, 0x00000000c2800000, 0x00000000c2900000|  0%| F|  |TAMS 0x00000000c2800000, 0x00000000c2800000| Untracked 
|  21|0x00000000c2900000, 0x00000000c2900000, 0x00000000c2a00000|  0%| F|  |TAMS 0x00000000c2900000, 0x00000000c2900000| Untracked 
|  22|0x00000000c2a00000, 0x00000000c2a00000, 0x00000000c2b00000|  0%| F|  |TAMS 0x00000000c2a00000, 0x00000000c2a00000| Untracked 
|  23|0x00000000c2b00000, 0x00000000c2b00000, 0x00000000c2c00000|  0%| F|  |TAMS 0x00000000c2b00000, 0x00000000c2b00000| Untracked 
|  24|0x00000000c2c00000, 0x00000000c2c6dc18, 0x00000000c2d00000| 42%| S|CS|TAMS 0x00000000c2c00000, 0x00000000c2c00000| Complete 
|  25|0x00000000c2d00000, 0x00000000c2d00000, 0x00000000c2e00000|  0%| F|  |TAMS 0x00000000c2d00000, 0x00000000c2d00000| Untracked 
|  26|0x00000000c2e00000, 0x00000000c2f00000, 0x00000000c2f00000|100%| S|CS|TAMS 0x00000000c2e00000, 0x00000000c2e00000| Complete 
|  27|0x00000000c2f00000, 0x00000000c2f00000, 0x00000000c3000000|  0%| F|  |TAMS 0x00000000c2f00000, 0x00000000c2f00000| Untracked 
|  28|0x00000000c3000000, 0x00000000c3000000, 0x00000000c3100000|  0%| F|  |TAMS 0x00000000c3000000, 0x00000000c3000000| Untracked 
|  29|0x00000000c3100000, 0x00000000c3100000, 0x00000000c3200000|  0%| F|  |TAMS 0x00000000c3100000, 0x00000000c3100000| Untracked 
|  30|0x00000000c3200000, 0x00000000c3200000, 0x00000000c3300000|  0%| F|  |TAMS 0x00000000c3200000, 0x00000000c3200000| Untracked 
|  31|0x00000000c3300000, 0x00000000c3300000, 0x00000000c3400000|  0%| F|  |TAMS 0x00000000c3300000, 0x00000000c3300000| Untracked 
|  32|0x00000000c3400000, 0x00000000c3400000, 0x00000000c3500000|  0%| F|  |TAMS 0x00000000c3400000, 0x00000000c3400000| Untracked 
|  33|0x00000000c3500000, 0x00000000c3500000, 0x00000000c3600000|  0%| F|  |TAMS 0x00000000c3500000, 0x00000000c3500000| Untracked 
|  34|0x00000000c3600000, 0x00000000c3600000, 0x00000000c3700000|  0%| F|  |TAMS 0x00000000c3600000, 0x00000000c3600000| Untracked 
|  44|0x00000000c4000000, 0x00000000c4000000, 0x00000000c4100000|  0%| F|  |TAMS 0x00000000c4000000, 0x00000000c4000000| Untracked 
|  45|0x00000000c4100000, 0x00000000c4100000, 0x00000000c4200000|  0%| F|  |TAMS 0x00000000c4100000, 0x00000000c4100000| Untracked 
|  46|0x00000000c4200000, 0x00000000c4200000, 0x00000000c4300000|  0%| F|  |TAMS 0x00000000c4200000, 0x00000000c4200000| Untracked 
|  47|0x00000000c4300000, 0x00000000c4300000, 0x00000000c4400000|  0%| F|  |TAMS 0x00000000c4300000, 0x00000000c4300000| Untracked 
|  63|0x00000000c5300000, 0x00000000c5300000, 0x00000000c5400000|  0%| F|  |TAMS 0x00000000c5300000, 0x00000000c5300000| Untracked 

Card table byte_map: [0x00000231a0720000,0x00000231a0920000] _byte_map_base: 0x00000231a0116000

Marking Bits (Prev, Next): (CMBitMap*) 0x000002318999c940, (CMBitMap*) 0x000002318999c900
 Prev Bits: [0x00000231a1ad0000, 0x00000231a2a80000)
 Next Bits: [0x00000231a0b20000, 0x00000231a1ad0000)

Polling page: 0x00000231878a0000

Metaspace:

Usage:
  Non-class:     29.53 MB used.
      Class:      4.38 MB used.
       Both:     33.91 MB used.

Virtual space:
  Non-class space:       64.00 MB reserved,      29.81 MB ( 47%) committed,  1 nodes.
      Class space:        1.00 GB reserved,       4.69 MB ( <1%) committed,  1 nodes.
             Both:        1.06 GB reserved,      34.50 MB (  3%) committed. 

Chunk freelists:
   Non-Class:  2.19 MB
       Class:  3.20 MB
        Both:  5.39 MB

MaxMetaspaceSize: unlimited
CompressedClassSpaceSize: 1.00 GB
Initial GC threshold: 21.00 MB
Current GC threshold: 35.13 MB
CDS: on
MetaspaceReclaimPolicy: balanced
 - commit_granule_bytes: 65536.
 - commit_granule_words: 8192.
 - virtual_space_node_default_size: 8388608.
 - enlarge_chunks_in_place: 1.
 - new_chunks_are_fully_committed: 0.
 - uncommit_free_chunks: 1.
 - use_allocation_guard: 0.


Internal statistics:

num_allocs_failed_limit: 3.
num_arena_births: 878.
num_arena_deaths: 0.
num_vsnodes_births: 2.
num_vsnodes_deaths: 0.
num_space_committed: 552.
num_space_uncommitted: 0.
num_chunks_returned_to_freelist: 3.
num_chunks_taken_from_freelist: 2137.
num_chunk_merges: 3.
num_chunk_splits: 1463.
num_chunks_enlarged: 1087.
num_inconsistent_stats: 0.

CodeHeap 'non-profiled nmethods': size=120000Kb used=2165Kb max_used=2165Kb free=117834Kb
 bounds [0x0000023198ff0000, 0x0000023199260000, 0x00000231a0520000]
CodeHeap 'profiled nmethods': size=120000Kb used=9789Kb max_used=9789Kb free=110210Kb
 bounds [0x0000023191ac0000, 0x0000023192450000, 0x0000023198ff0000]
CodeHeap 'non-nmethods': size=5760Kb used=1233Kb max_used=1301Kb free=4526Kb
 bounds [0x0000023191520000, 0x0000023191790000, 0x0000023191ac0000]
 total_blobs=4938 nmethods=4408 adapters=442
 compilation: enabled
              stopped_count=0, restarted_count=0
 full_count=0

Compilation events (20 events):
Event: 12.844 Thread 0x00000231aa83f040 nmethod 4414 0x000002319920a810 code [0x000002319920a9c0, 0x000002319920adb8]
Event: 12.844 Thread 0x00000231aa83f040 4330       4       org.springframework.core.BridgeMethodResolver::findBridgedMethod (9 bytes)
Event: 12.846 Thread 0x0000023189a12090 nmethod 4418 0x0000023192445a10 code [0x0000023192445fe0, 0x00000231924492b8]
Event: 12.850 Thread 0x0000023189a12090 4425       3       java.lang.invoke.DirectMethodHandle::getFunction (53 bytes)
Event: 12.850 Thread 0x0000023189a12090 nmethod 4425 0x000002319244a410 code [0x000002319244a5e0, 0x000002319244a948]
Event: 12.853 Thread 0x0000023189a12090 4426       1       org.apache.catalina.LifecycleState::getLifecycleEvent (5 bytes)
Event: 12.853 Thread 0x0000023189a12090 nmethod 4426 0x000002319920bc10 code [0x000002319920bda0, 0x000002319920be78]
Event: 12.860 Thread 0x00000231aa83f040 nmethod 4330 0x000002319920bf10 code [0x000002319920c120, 0x000002319920c6f0]
Event: 12.860 Thread 0x00000231aa83f040 4251       4       org.springframework.core.annotation.TypeMappedAnnotations$MergedAnnotationFinder::doWithAnnotations (10 bytes)
Event: 12.940 Thread 0x0000023189a12090 4427       3       java.lang.Thread::interrupted (23 bytes)
Event: 12.940 Thread 0x0000023189a12090 nmethod 4427 0x000002319244aa90 code [0x000002319244ac40, 0x000002319244adc8]
Event: 12.944 Thread 0x0000023189a12090 4429       3       java.lang.invoke.VarHandleGuards::guard_LII_V (137 bytes)
Event: 12.948 Thread 0x0000023189a12090 nmethod 4429 0x000002319244ae90 code [0x000002319244b2e0, 0x000002319244dd58]
Event: 12.948 Thread 0x0000023189a12090 4430       3       java.lang.invoke.VarHandleByteArrayAsInts$ArrayHandle::set (39 bytes)
Event: 12.949 Thread 0x0000023189a12090 nmethod 4430 0x000002319244e990 code [0x000002319244eb60, 0x000002319244efa8]
Event: 12.986 Thread 0x0000023189a12090 4432       1       java.util.concurrent.locks.ReentrantReadWriteLock::readLock (5 bytes)
Event: 12.988 Thread 0x0000023189a12090 nmethod 4432 0x000002319920d410 code [0x000002319920d5a0, 0x000002319920d678]
Event: 12.991 Thread 0x0000023189a12090 4433       3       java.io.OutputStream::flush (1 bytes)
Event: 12.991 Thread 0x0000023189a12090 nmethod 4433 0x000002319244f190 code [0x000002319244f320, 0x000002319244f438]
Event: 12.992 Thread 0x0000023189a12090 4434       3       org.springframework.core.ResolvableType::isAssignableFrom (8 bytes)

GC Heap History (20 events):
Event: 2.073 GC heap after
{Heap after GC invocations=1 (full 0):
 garbage-first heap   total 65536K, used 4584K [0x00000000c1400000, 0x0000000100000000)
  region size 1024K, 2 young (2048K), 2 survivors (2048K)
 Metaspace       used 4025K, committed 4224K, reserved 1114112K
  class space    used 408K, committed 512K, reserved 1048576K
}
Event: 3.091 GC heap before
{Heap before GC invocations=1 (full 0):
 garbage-first heap   total 65536K, used 15848K [0x00000000c1400000, 0x0000000100000000)
  region size 1024K, 13 young (13312K), 2 survivors (2048K)
 Metaspace       used 6950K, committed 7168K, reserved 1114112K
  class space    used 787K, committed 896K, reserved 1048576K
}
Event: 3.099 GC heap after
{Heap after GC invocations=2 (full 0):
 garbage-first heap   total 65536K, used 5427K [0x00000000c1400000, 0x0000000100000000)
  region size 1024K, 1 young (1024K), 1 survivors (1024K)
 Metaspace       used 6950K, committed 7168K, reserved 1114112K
  class space    used 787K, committed 896K, reserved 1048576K
}
Event: 4.483 GC heap before
{Heap before GC invocations=2 (full 0):
 garbage-first heap   total 65536K, used 26931K [0x00000000c1400000, 0x0000000100000000)
  region size 1024K, 23 young (23552K), 1 survivors (1024K)
 Metaspace       used 12315K, committed 12608K, reserved 1114112K
  class space    used 1581K, committed 1728K, reserved 1048576K
}
Event: 4.489 GC heap after
{Heap after GC invocations=3 (full 0):
 garbage-first heap   total 65536K, used 7151K [0x00000000c1400000, 0x0000000100000000)
  region size 1024K, 3 young (3072K), 3 survivors (3072K)
 Metaspace       used 12315K, committed 12608K, reserved 1114112K
  class space    used 1581K, committed 1728K, reserved 1048576K
}
Event: 5.812 GC heap before
{Heap before GC invocations=3 (full 0):
 garbage-first heap   total 65536K, used 39919K [0x00000000c1400000, 0x0000000100000000)
  region size 1024K, 36 young (36864K), 3 survivors (3072K)
 Metaspace       used 19384K, committed 19712K, reserved 1114112K
  class space    used 2422K, committed 2560K, reserved 1048576K
}
Event: 5.828 GC heap after
{Heap after GC invocations=4 (full 0):
 garbage-first heap   total 65536K, used 9694K [0x00000000c1400000, 0x0000000100000000)
  region size 1024K, 5 young (5120K), 5 survivors (5120K)
 Metaspace       used 19384K, committed 19712K, reserved 1114112K
  class space    used 2422K, committed 2560K, reserved 1048576K
}
Event: 6.590 GC heap before
{Heap before GC invocations=4 (full 0):
 garbage-first heap   total 65536K, used 24030K [0x00000000c1400000, 0x0000000100000000)
  region size 1024K, 21 young (21504K), 5 survivors (5120K)
 Metaspace       used 21293K, committed 21504K, reserved 1114112K
  class space    used 2649K, committed 2752K, reserved 1048576K
}
Event: 6.601 GC heap after
{Heap after GC invocations=5 (full 0):
 garbage-first heap   total 65536K, used 11036K [0x00000000c1400000, 0x0000000100000000)
  region size 1024K, 4 young (4096K), 4 survivors (4096K)
 Metaspace       used 21293K, committed 21504K, reserved 1114112K
  class space    used 2649K, committed 2752K, reserved 1048576K
}
Event: 8.337 GC heap before
{Heap before GC invocations=6 (full 0):
 garbage-first heap   total 40960K, used 30492K [0x00000000c1400000, 0x0000000100000000)
  region size 1024K, 24 young (24576K), 4 survivors (4096K)
 Metaspace       used 24932K, committed 25344K, reserved 1114112K
  class space    used 3140K, committed 3328K, reserved 1048576K
}
Event: 8.349 GC heap after
{Heap after GC invocations=7 (full 0):
 garbage-first heap   total 40960K, used 12791K [0x00000000c1400000, 0x0000000100000000)
  region size 1024K, 2 young (2048K), 2 survivors (2048K)
 Metaspace       used 24932K, committed 25344K, reserved 1114112K
  class space    used 3140K, committed 3328K, reserved 1048576K
}
Event: 8.491 GC heap before
{Heap before GC invocations=7 (full 0):
 garbage-first heap   total 40960K, used 13815K [0x00000000c1400000, 0x0000000100000000)
  region size 1024K, 3 young (3072K), 2 survivors (2048K)
 Metaspace       used 25278K, committed 25600K, reserved 1114112K
  class space    used 3179K, committed 3328K, reserved 1048576K
}
Event: 8.497 GC heap after
{Heap after GC invocations=8 (full 0):
 garbage-first heap   total 40960K, used 13228K [0x00000000c1400000, 0x0000000100000000)
  region size 1024K, 1 young (1024K), 1 survivors (1024K)
 Metaspace       used 25278K, committed 25600K, reserved 1114112K
  class space    used 3179K, committed 3328K, reserved 1048576K
}
Event: 10.351 GC heap before
{Heap before GC invocations=8 (full 0):
 garbage-first heap   total 40960K, used 27564K [0x00000000c1400000, 0x0000000100000000)
  region size 1024K, 16 young (16384K), 1 survivors (1024K)
 Metaspace       used 28271K, committed 28864K, reserved 1114112K
  class space    used 3565K, committed 3840K, reserved 1048576K
}
Event: 10.356 GC heap after
{Heap after GC invocations=9 (full 0):
 garbage-first heap   total 40960K, used 14316K [0x00000000c1400000, 0x0000000100000000)
  region size 1024K, 2 young (2048K), 2 survivors (2048K)
 Metaspace       used 28271K, committed 28864K, reserved 1114112K
  class space    used 3565K, committed 3840K, reserved 1048576K
}
Event: 11.337 GC heap before
{Heap before GC invocations=9 (full 0):
 garbage-first heap   total 40960K, used 29676K [0x00000000c1400000, 0x0000000100000000)
  region size 1024K, 17 young (17408K), 2 survivors (2048K)
 Metaspace       used 30355K, committed 30912K, reserved 1114112K
  class space    used 3873K, committed 4160K, reserved 1048576K
}
Event: 11.345 GC heap after
{Heap after GC invocations=10 (full 0):
 garbage-first heap   total 40960K, used 16057K [0x00000000c1400000, 0x0000000100000000)
  region size 1024K, 3 young (3072K), 3 survivors (3072K)
 Metaspace       used 30355K, committed 30912K, reserved 1114112K
  class space    used 3873K, committed 4160K, reserved 1048576K
}
Event: 12.189 GC heap before
{Heap before GC invocations=10 (full 0):
 garbage-first heap   total 40960K, used 29369K [0x00000000c1400000, 0x0000000100000000)
  region size 1024K, 17 young (17408K), 3 survivors (3072K)
 Metaspace       used 33088K, committed 33664K, reserved 1114112K
  class space    used 4271K, committed 4544K, reserved 1048576K
}
Event: 12.200 GC heap after
{Heap after GC invocations=11 (full 0):
 garbage-first heap   total 40960K, used 17739K [0x00000000c1400000, 0x0000000100000000)
  region size 1024K, 2 young (2048K), 2 survivors (2048K)
 Metaspace       used 33088K, committed 33664K, reserved 1114112K
  class space    used 4271K, committed 4544K, reserved 1048576K
}
Event: 12.993 GC heap before
{Heap before GC invocations=11 (full 0):
 garbage-first heap   total 40960K, used 31051K [0x00000000c1400000, 0x0000000100000000)
  region size 1024K, 15 young (15360K), 2 survivors (2048K)
 Metaspace       used 34728K, committed 35328K, reserved 1114112K
  class space    used 4486K, committed 4800K, reserved 1048576K
}

Deoptimization events (20 events):
Event: 11.837 Thread 0x00000231a9603fb0 Uncommon trap: trap_request=0xffffff45 fr.pc=0x0000023198ffa33c relative=0x000000000000009c
Event: 11.837 Thread 0x00000231a9603fb0 Uncommon trap: reason=unstable_if action=reinterpret pc=0x0000023198ffa33c method=java.lang.String.isLatin1()Z @ 10 c2
Event: 11.837 Thread 0x00000231a9603fb0 DEOPT PACKING pc=0x0000023198ffa33c sp=0x000000584b3fb000
Event: 11.837 Thread 0x00000231a9603fb0 DEOPT UNPACKING pc=0x00000231915723a3 sp=0x000000584b3faf30 mode 2
Event: 12.028 Thread 0x00000231a9603fb0 Uncommon trap: trap_request=0xffffff45 fr.pc=0x00000231991c8f18 relative=0x0000000000000638
Event: 12.028 Thread 0x00000231a9603fb0 Uncommon trap: reason=unstable_if action=reinterpret pc=0x00000231991c8f18 method=org.springframework.util.ReflectionUtils.lambda$getUniqueDeclaredMethods$2(Ljava/util/List;Ljava/lang/reflect/Method;)V @ 118 c2
Event: 12.028 Thread 0x00000231a9603fb0 DEOPT PACKING pc=0x00000231991c8f18 sp=0x000000584b3fcde0
Event: 12.028 Thread 0x00000231a9603fb0 DEOPT UNPACKING pc=0x00000231915723a3 sp=0x000000584b3fcdb0 mode 2
Event: 12.826 Thread 0x00000231a9603fb0 Uncommon trap: trap_request=0xffffff45 fr.pc=0x0000023199204a60 relative=0x0000000000002460
Event: 12.826 Thread 0x00000231a9603fb0 Uncommon trap: reason=unstable_if action=reinterpret pc=0x0000023199204a60 method=org.springframework.core.annotation.AnnotationsScanner.processMethodHierarchy(Ljava/lang/Object;[ILjava/lang/Class;Lorg/springframework/core/annotation/AnnotationsProcessor;
Event: 12.826 Thread 0x00000231a9603fb0 DEOPT PACKING pc=0x0000023199204a60 sp=0x000000584b3fe160
Event: 12.826 Thread 0x00000231a9603fb0 DEOPT UNPACKING pc=0x00000231915723a3 sp=0x000000584b3fe098 mode 2
Event: 12.837 Thread 0x00000231a9603fb0 Uncommon trap: trap_request=0xffffff45 fr.pc=0x0000023199058fe0 relative=0x0000000000000060
Event: 12.837 Thread 0x00000231a9603fb0 Uncommon trap: reason=unstable_if action=reinterpret pc=0x0000023199058fe0 method=org.springframework.util.ConcurrentReferenceHashMap$Segment.clear()V @ 7 c2
Event: 12.837 Thread 0x00000231a9603fb0 DEOPT PACKING pc=0x0000023199058fe0 sp=0x000000584b3fe9e0
Event: 12.837 Thread 0x00000231a9603fb0 DEOPT UNPACKING pc=0x00000231915723a3 sp=0x000000584b3fe970 mode 2
Event: 12.983 Thread 0x00000231a9603fb0 DEOPT PACKING pc=0x0000023191e63662 sp=0x000000584b3fe150
Event: 12.983 Thread 0x00000231a9603fb0 DEOPT UNPACKING pc=0x0000023191572b43 sp=0x000000584b3fd5e0 mode 3
Event: 12.987 Thread 0x00000231a4f91d70 DEOPT PACKING pc=0x0000023191e63e31 sp=0x000000584b5fefc0
Event: 12.988 Thread 0x00000231a4f91d70 DEOPT UNPACKING pc=0x0000023191572b43 sp=0x000000584b5fe418 mode 3

Classes loaded (20 events):
Event: 12.955 Loading class sun/nio/ch/ExtendedSocketOption
Event: 12.955 Loading class sun/nio/ch/ExtendedSocketOption done
Event: 12.955 Loading class sun/nio/ch/ExtendedSocketOption$1
Event: 12.955 Loading class sun/nio/ch/ExtendedSocketOption$1 done
Event: 12.955 Loading class sun/nio/ch/SocketOptionRegistry
Event: 12.955 Loading class sun/nio/ch/SocketOptionRegistry done
Event: 12.955 Loading class sun/nio/ch/SocketOptionRegistry$RegistryKey
Event: 12.956 Loading class sun/nio/ch/SocketOptionRegistry$RegistryKey done
Event: 12.956 Loading class sun/nio/ch/SocketOptionRegistry$LazyInitialization
Event: 12.956 Loading class sun/nio/ch/SocketOptionRegistry$LazyInitialization done
Event: 12.956 Loading class sun/nio/ch/OptionKey
Event: 12.956 Loading class sun/nio/ch/OptionKey done
Event: 12.961 Loading class java/util/concurrent/locks/AbstractQueuedSynchronizer$ExclusiveNode
Event: 12.961 Loading class java/util/concurrent/locks/AbstractQueuedSynchronizer$ExclusiveNode done
Event: 12.970 Loading class java/nio/channels/spi/AbstractSelector$1
Event: 12.970 Loading class java/nio/channels/spi/AbstractSelector$1 done
Event: 12.984 Loading class java/util/TreeMap$ValueSpliterator
Event: 12.984 Loading class java/util/TreeMap$TreeMapSpliterator
Event: 12.985 Loading class java/util/TreeMap$TreeMapSpliterator done
Event: 12.985 Loading class java/util/TreeMap$ValueSpliterator done

Classes unloaded (0 events):
No events

Classes redefined (0 events):
No events

Internal exceptions (20 events):
Event: 10.719 Thread 0x00000231a9603fb0 Exception <a 'java/lang/NoSuchMethodError'{0x00000000c409c050}: 'void java.lang.invoke.Invokers$Holder.invokeExact_MT(java.lang.Object, java.lang.Object, java.lang.Object, java.lang.Object)'> (0x00000000c409c050) 
thrown [s\src\hotspot\share\interpreter\linkResolver.cpp, line 759]
Event: 10.833 Thread 0x00000231a9603fb0 Exception <a 'java/lang/NoSuchMethodError'{0x00000000c358e6c8}: 'java.lang.Object java.lang.invoke.DirectMethodHandle$Holder.invokeInterface(java.lang.Object, java.lang.Object, java.lang.Object, java.lang.Object)'> (0x00000000c358e6c8) 
thrown [s\src\hotspot\share\interpreter\linkResolver.cpp, line 759]
Event: 10.923 Thread 0x00000231a9603fb0 Exception <a 'java/lang/NoSuchMethodError'{0x00000000c34c9380}: 'java.lang.Object java.lang.invoke.DirectMethodHandle$Holder.newInvokeSpecial(java.lang.Object, java.lang.Object, java.lang.Object, java.lang.Object, java.lang.Object, java.lang.Object)'> (0x00000000c34c9380) 
thrown [s\src\hotspot\share\interpreter\linkResolver.cpp, line 759]
Event: 10.940 Thread 0x00000231a9603fb0 Exception <a 'java/lang/NoSuchMethodError'{0x00000000c3329ee8}: 'java.lang.Object java.lang.invoke.DirectMethodHandle$Holder.newInvokeSpecial(java.lang.Object, java.lang.Object, java.lang.Object, java.lang.Object, java.lang.Object, java.lang.Object, java.lang.Object, java.lang.Object)'> (0x00000000c3329ee8) 
thrown [s\src\hotspot\share\interpreter\linkResolver.cpp, line 759]
Event: 11.030 Thread 0x00000231a9603fb0 Exception <a 'java/lang/NoSuchMethodError'{0x00000000c32a2f48}: 'java.lang.Object java.lang.invoke.DirectMethodHandle$Holder.newInvokeSpecial(java.lang.Object, java.lang.Object, java.lang.Object, java.lang.Object, java.lang.Object, java.lang.Object, java.lang.Object, java.lang.Object, java.lang.Object)'> (0x00000000c32a2f48) 
thrown [s\src\hotspot\share\interpreter\linkResolver.cpp, line 759]
Event: 11.047 Thread 0x00000231a9603fb0 Exception <a 'java/lang/IncompatibleClassChangeError'{0x00000000c32e3ae0}: Found class java.lang.Object, but interface was expected> (0x00000000c32e3ae0) 
thrown [s\src\hotspot\share\interpreter\linkResolver.cpp, line 826]
Event: 11.098 Thread 0x00000231a9603fb0 Exception <a 'sun/nio/fs/WindowsException'{0x00000000c31d1540}> (0x00000000c31d1540) 
thrown [s\src\hotspot\share\prims\jni.cpp, line 516]
Event: 11.249 Thread 0x00000231a9603fb0 Exception <a 'java/lang/NoSuchMethodError'{0x00000000c2e3c118}: 'java.lang.Object java.lang.invoke.DirectMethodHandle$Holder.newInvokeSpecial(java.lang.Object, java.lang.Object, java.lang.Object, java.lang.Object, java.lang.Object, java.lang.Object, java.lang.Object, java.lang.Object, java.lang.Object, java.lang.Object, java.lang.Object)'> (0x00000000c2e3c118) 
thrown [s\src\hotspot\share\interpreter\linkResolver.cpp, line 759]
Event: 11.250 Thread 0x00000231a9603fb0 Exception <a 'java/lang/NoSuchMethodError'{0x00000000c2e415a8}: 'java.lang.Object java.lang.invoke.DirectMethodHandle$Holder.invokeSpecial(java.lang.Object, java.lang.Object, java.lang.Object, java.lang.Object, java.lang.Object, java.lang.Object, java.lang.Object, java.lang.Object, java.lang.Object, java.lang.Object, java.lang.Object, java.lang.Object)'> (0x00000000c2e415a8) 
thrown [s\src\hotspot\share\interpreter\linkResolver.cpp, line 759]
Event: 11.355 Thread 0x00000231a9603fb0 Exception <a 'java/lang/NoSuchMethodError'{0x00000000c535d1c0}: 'java.lang.Object java.lang.invoke.DirectMethodHandle$Holder.invokeVirtual(java.lang.Object, java.lang.Object, int)'> (0x00000000c535d1c0) 
thrown [s\src\hotspot\share\interpreter\linkResolver.cpp, line 759]
Event: 11.440 Thread 0x00000231a9603fb0 Exception <a 'java/lang/NoSuchMethodError'{0x00000000c43ec7f0}: 'java.lang.Object java.lang.invoke.DirectMethodHandle$Holder.invokeVirtual(java.lang.Object, java.lang.Object, java.lang.Object, java.lang.Object, java.lang.Object, java.lang.Object, java.lang.Object, java.lang.Object)'> (0x00000000c43ec7f0) 
thrown [s\src\hotspot\share\interpreter\linkResolver.cpp, line 759]
Event: 11.459 Thread 0x00000231a9603fb0 Implicit null exception at 0x00000231990cbc46 to 0x00000231990cbd02
Event: 11.777 Thread 0x00000231a9603fb0 Exception <a 'java/lang/NoSuchMethodError'{0x00000000c34782c0}: 'java.lang.Object java.lang.invoke.DirectMethodHandle$Holder.invokeSpecialIFC(java.lang.Object, java.lang.Object, java.lang.Object)'> (0x00000000c34782c0) 
thrown [s\src\hotspot\share\interpreter\linkResolver.cpp, line 759]
Event: 11.973 Thread 0x00000231a9603fb0 Exception <a 'java/lang/IncompatibleClassChangeError'{0x00000000c31aa8e0}: Found class java.lang.Object, but interface was expected> (0x00000000c31aa8e0) 
thrown [s\src\hotspot\share\interpreter\linkResolver.cpp, line 826]
Event: 12.094 Thread 0x00000231a9603fb0 Exception <a 'java/lang/NoSuchMethodError'{0x00000000c2f4b710}: 'void java.lang.invoke.DirectMethodHandle$Holder.invokeVirtual(java.lang.Object, java.lang.Object, long)'> (0x00000000c2f4b710) 
thrown [s\src\hotspot\share\interpreter\linkResolver.cpp, line 759]
Event: 12.292 Thread 0x00000231a9603fb0 Exception <a 'java/lang/NoSuchMethodError'{0x00000000c4399018}: 'java.lang.Object java.lang.invoke.DirectMethodHandle$Holder.invokeVirtual(java.lang.Object, java.lang.Object, java.lang.Object, java.lang.Object, java.lang.Object, java.lang.Object, java.lang.Object)'> (0x00000000c4399018) 
thrown [s\src\hotspot\share\interpreter\linkResolver.cpp, line 759]
Event: 12.358 Thread 0x00000231a9603fb0 Exception <a 'java/lang/NoSuchMethodError'{0x00000000c42dc138}: 'int java.lang.invoke.DirectMethodHandle$Holder.invokeStaticInit(java.lang.Object, java.lang.Object, java.lang.Object, java.lang.Object)'> (0x00000000c42dc138) 
thrown [s\src\hotspot\share\interpreter\linkResolver.cpp, line 759]
Event: 12.562 Thread 0x00000231a9603fb0 Exception <a 'java/lang/NoSuchMethodError'{0x00000000c36c1088}: 'java.lang.Object java.lang.invoke.DirectMethodHandle$Holder.invokeVirtual(java.lang.Object, java.lang.Object, java.lang.Object, java.lang.Object, java.lang.Object, java.lang.Object, java.lang.Object, java.lang.Object, java.lang.Object, java.lang.Object)'> (0x00000000c36c1088) 
thrown [s\src\hotspot\share\interpreter\linkResolver.cpp, line 759]
Event: 12.562 Thread 0x00000231a9603fb0 Exception <a 'java/lang/NoSuchMethodError'{0x00000000c36c56c0}: 'java.lang.Object java.lang.invoke.DirectMethodHandle$Holder.invokeSpecial(java.lang.Object, java.lang.Object, java.lang.Object, java.lang.Object, java.lang.Object, java.lang.Object, java.lang.Object, java.lang.Object, java.lang.Object, java.lang.Object, java.lang.Object)'> (0x00000000c36c56c0) 
thrown [s\src\hotspot\share\interpreter\linkResolver.cpp, line 759]
Event: 12.849 Thread 0x00000231a9603fb0 Exception <a 'java/lang/NoSuchMethodError'{0x00000000c31d29a8}: 'java.lang.Object java.lang.invoke.DirectMethodHandle$Holder.newInvokeSpecial(java.lang.Object, java.lang.Object, int, java.lang.Object, java.lang.Object)'> (0x00000000c31d29a8) 
thrown [s\src\hotspot\share\interpreter\linkResolver.cpp, line 759]

VM Operations (20 events):
Event: 10.685 Executing VM operation: HandshakeAllThreads done
Event: 11.128 Executing VM operation: ICBufferFull
Event: 11.133 Executing VM operation: ICBufferFull done
Event: 11.337 Executing VM operation: G1CollectForAllocation
Event: 11.345 Executing VM operation: G1CollectForAllocation done
Event: 11.557 Executing VM operation: HandshakeAllThreads
Event: 11.557 Executing VM operation: HandshakeAllThreads done
Event: 11.591 Executing VM operation: HandshakeAllThreads
Event: 11.591 Executing VM operation: HandshakeAllThreads done
Event: 11.664 Executing VM operation: HandshakeAllThreads
Event: 11.664 Executing VM operation: HandshakeAllThreads done
Event: 11.665 Executing VM operation: HandshakeAllThreads
Event: 11.665 Executing VM operation: HandshakeAllThreads done
Event: 12.157 Executing VM operation: HandshakeAllThreads
Event: 12.157 Executing VM operation: HandshakeAllThreads done
Event: 12.189 Executing VM operation: G1CollectForAllocation
Event: 12.201 Executing VM operation: G1CollectForAllocation done
Event: 12.962 Executing VM operation: HandshakeAllThreads
Event: 12.982 Executing VM operation: HandshakeAllThreads done
Event: 12.992 Executing VM operation: G1CollectForAllocation

Events (20 events):
Event: 9.937 Thread 0x00000231aa83f040 Thread added: 0x00000231aa83f040
Event: 10.700 Thread 0x00000231a4f91d70 Thread added: 0x00000231a4f91d70
Event: 10.703 Thread 0x00000231a4f913d0 Thread added: 0x00000231a4f913d0
Event: 10.712 Thread 0x00000231a4f92710 Thread added: 0x00000231a4f92710
Event: 12.786 Thread 0x00000231a4f90f00 Thread added: 0x00000231a4f90f00
Event: 12.802 Thread 0x00000231a4f930b0 Thread added: 0x00000231a4f930b0
Event: 12.809 Thread 0x00000231a4f930b0 Thread exited: 0x00000231a4f930b0
Event: 12.809 Thread 0x00000231a4f943f0 Thread added: 0x00000231a4f943f0
Event: 12.868 Thread 0x00000231a4f90a30 Thread added: 0x00000231a4f90a30
Event: 12.868 Thread 0x00000231a4f930b0 Thread added: 0x00000231a4f930b0
Event: 12.869 Thread 0x00000231a4f918a0 Thread added: 0x00000231a4f918a0
Event: 12.869 Thread 0x00000231a4f93580 Thread added: 0x00000231a4f93580
Event: 12.869 Thread 0x00000231a4f92240 Thread added: 0x00000231a4f92240
Event: 12.869 Thread 0x00000231aaa98170 Thread added: 0x00000231aaa98170
Event: 12.869 Thread 0x00000231aaa98640 Thread added: 0x00000231aaa98640
Event: 12.870 Thread 0x00000231aaa98b10 Thread added: 0x00000231aaa98b10
Event: 12.870 Thread 0x00000231aaa9ce70 Thread added: 0x00000231aaa9ce70
Event: 12.870 Thread 0x00000231aaa96960 Thread added: 0x00000231aaa96960
Event: 12.957 Thread 0x00000231aaa95fc0 Thread added: 0x00000231aaa95fc0
Event: 12.960 Thread 0x00000231aaa9d340 Thread added: 0x00000231aaa9d340


Dynamic libraries:
0x00007ff631450000 - 0x00007ff63145d000 	C:\Users\ERIN_JAVALead\.jdks\corretto-18.0.2\bin\java.exe
0x00007ffe69930000 - 0x00007ffe69b28000 	C:\WINDOWS\SYSTEM32\ntdll.dll
0x00007ffe67b80000 - 0x00007ffe67c41000 	C:\WINDOWS\System32\KERNEL32.DLL
0x00007ffe67170000 - 0x00007ffe67466000 	C:\WINDOWS\System32\KERNELBASE.dll
0x00007ffe66fe0000 - 0x00007ffe670e0000 	C:\WINDOWS\System32\ucrtbase.dll
0x00007ffe48460000 - 0x00007ffe48477000 	C:\Users\ERIN_JAVALead\.jdks\corretto-18.0.2\bin\jli.dll
0x00007ffe67d20000 - 0x00007ffe67ebf000 	C:\WINDOWS\System32\USER32.dll
0x00007ffe66fb0000 - 0x00007ffe66fd2000 	C:\WINDOWS\System32\win32u.dll
0x00007ffe67c50000 - 0x00007ffe67c7b000 	C:\WINDOWS\System32\GDI32.dll
0x00007ffe67470000 - 0x00007ffe67587000 	C:\WINDOWS\System32\gdi32full.dll
0x00007ffe48480000 - 0x00007ffe48495000 	C:\Users\ERIN_JAVALead\.jdks\corretto-18.0.2\bin\VCRUNTIME140.dll
0x00007ffe676c0000 - 0x00007ffe6775d000 	C:\WINDOWS\System32\msvcp_win.dll
0x00007ffe4fab0000 - 0x00007ffe4fd4a000 	C:\WINDOWS\WinSxS\amd64_microsoft.windows.common-controls_6595b64144ccf1df_6.0.19041.4355_none_60b8b9eb71f62e16\COMCTL32.dll
0x00007ffe69050000 - 0x00007ffe690ee000 	C:\WINDOWS\System32\msvcrt.dll
0x00007ffe690f0000 - 0x00007ffe6911f000 	C:\WINDOWS\System32\IMM32.DLL
0x00007ffe45b80000 - 0x00007ffe45c1b000 	C:\Users\ERIN_JAVALead\.jdks\corretto-18.0.2\bin\msvcp140.dll
0x00007ffe2b660000 - 0x00007ffe2c2d1000 	C:\Users\ERIN_JAVALead\.jdks\corretto-18.0.2\bin\server\jvm.dll
0x00007ffe69590000 - 0x00007ffe69640000 	C:\WINDOWS\System32\ADVAPI32.dll
0x00007ffe68360000 - 0x00007ffe68400000 	C:\WINDOWS\System32\sechost.dll
0x00007ffe69640000 - 0x00007ffe69763000 	C:\WINDOWS\System32\RPCRT4.dll
0x00007ffe675e0000 - 0x00007ffe67607000 	C:\WINDOWS\System32\bcrypt.dll
0x00007ffe69850000 - 0x00007ffe69858000 	C:\WINDOWS\System32\PSAPI.DLL
0x00007ffe53dd0000 - 0x00007ffe53dd9000 	C:\WINDOWS\SYSTEM32\WSOCK32.dll
0x00007ffe42e90000 - 0x00007ffe42eb7000 	C:\WINDOWS\SYSTEM32\WINMM.dll
0x00007ffe68dd0000 - 0x00007ffe68e3b000 	C:\WINDOWS\System32\WS2_32.dll
0x00007ffe614c0000 - 0x00007ffe614ca000 	C:\WINDOWS\SYSTEM32\VERSION.dll
0x00007ffe64df0000 - 0x00007ffe64e02000 	C:\WINDOWS\SYSTEM32\kernel.appcore.dll
0x00007ffe64510000 - 0x00007ffe6451a000 	C:\Users\ERIN_JAVALead\.jdks\corretto-18.0.2\bin\jimage.dll
0x00007ffe46c50000 - 0x00007ffe46e34000 	C:\WINDOWS\SYSTEM32\DBGHELP.DLL
0x00007ffe47440000 - 0x00007ffe47474000 	C:\WINDOWS\SYSTEM32\dbgcore.DLL
0x00007ffe670e0000 - 0x00007ffe67162000 	C:\WINDOWS\System32\bcryptPrimitives.dll
0x00007ffe56600000 - 0x00007ffe5660e000 	C:\Users\ERIN_JAVALead\.jdks\corretto-18.0.2\bin\instrument.dll
0x00007ffe46200000 - 0x00007ffe46225000 	C:\Users\ERIN_JAVALead\.jdks\corretto-18.0.2\bin\java.dll
0x00007ffe45680000 - 0x00007ffe45756000 	C:\Users\ERIN_JAVALead\.jdks\corretto-18.0.2\bin\jsvml.dll
0x00007ffe684b0000 - 0x00007ffe68c1c000 	C:\WINDOWS\System32\SHELL32.dll
0x00007ffe64ff0000 - 0x00007ffe6578e000 	C:\WINDOWS\SYSTEM32\windows.storage.dll
0x00007ffe68000000 - 0x00007ffe68353000 	C:\WINDOWS\System32\combase.dll
0x00007ffe66820000 - 0x00007ffe6684e000 	C:\WINDOWS\SYSTEM32\Wldp.dll
0x00007ffe67ec0000 - 0x00007ffe67f8d000 	C:\WINDOWS\System32\OLEAUT32.dll
0x00007ffe68f40000 - 0x00007ffe68fed000 	C:\WINDOWS\System32\SHCORE.dll
0x00007ffe68ee0000 - 0x00007ffe68f35000 	C:\WINDOWS\System32\shlwapi.dll
0x00007ffe66ee0000 - 0x00007ffe66f04000 	C:\WINDOWS\SYSTEM32\profapi.dll
0x00007ffe481f0000 - 0x00007ffe48208000 	C:\Users\ERIN_JAVALead\.jdks\corretto-18.0.2\bin\zip.dll
0x00007ffe48440000 - 0x00007ffe48453000 	C:\Users\ERIN_JAVALead\.jdks\corretto-18.0.2\bin\net.dll
0x00007ffe609b0000 - 0x00007ffe60aba000 	C:\WINDOWS\SYSTEM32\WINHTTP.dll
0x00007ffe66600000 - 0x00007ffe6666a000 	C:\WINDOWS\system32\mswsock.dll
0x00007ffe48300000 - 0x00007ffe48315000 	C:\Users\ERIN_JAVALead\.jdks\corretto-18.0.2\bin\nio.dll
0x00007ffe474b0000 - 0x00007ffe474ca000 	C:\Program Files\JetBrains\IntelliJ IDEA Community Edition 2021.3.3\bin\breakgen64.dll
0x00007ffe55010000 - 0x00007ffe55019000 	C:\Users\ERIN_JAVALead\.jdks\corretto-18.0.2\bin\management.dll
0x00007ffe53a20000 - 0x00007ffe53a2b000 	C:\Users\ERIN_JAVALead\.jdks\corretto-18.0.2\bin\management_ext.dll
0x00007ffe49b30000 - 0x00007ffe49b3e000 	C:\Users\ERIN_JAVALead\.jdks\corretto-18.0.2\bin\sunmscapi.dll
0x00007ffe67760000 - 0x00007ffe678be000 	C:\WINDOWS\System32\CRYPT32.dll
0x00007ffe66970000 - 0x00007ffe66999000 	C:\WINDOWS\SYSTEM32\ncrypt.dll
0x00007ffe66930000 - 0x00007ffe6696b000 	C:\WINDOWS\SYSTEM32\NTASN1.dll
0x00007ffe66860000 - 0x00007ffe66878000 	C:\WINDOWS\SYSTEM32\CRYPTSP.dll
0x00007ffe65f40000 - 0x00007ffe65f74000 	C:\WINDOWS\system32\rsaenh.dll
0x00007ffe66e50000 - 0x00007ffe66e7e000 	C:\WINDOWS\SYSTEM32\USERENV.dll
0x00007ffe66790000 - 0x00007ffe6679c000 	C:\WINDOWS\SYSTEM32\CRYPTBASE.dll
0x00007ffe66300000 - 0x00007ffe6633b000 	C:\WINDOWS\SYSTEM32\IPHLPAPI.DLL
0x00007ffe68ed0000 - 0x00007ffe68ed8000 	C:\WINDOWS\System32\NSI.dll
0x00007ffe60e00000 - 0x00007ffe60e17000 	C:\WINDOWS\SYSTEM32\dhcpcsvc6.DLL
0x00007ffe60de0000 - 0x00007ffe60dfd000 	C:\WINDOWS\SYSTEM32\dhcpcsvc.DLL
0x00007ffe66340000 - 0x00007ffe6640a000 	C:\WINDOWS\SYSTEM32\DNSAPI.dll

dbghelp: loaded successfully - version: 4.0.5 - missing functions: none
symbol engine: initialized successfully - sym options: 0x614 - pdb path: .;C:\Users\ERIN_JAVALead\.jdks\corretto-18.0.2\bin;C:\WINDOWS\SYSTEM32;C:\WINDOWS\WinSxS\amd64_microsoft.windows.common-controls_6595b64144ccf1df_6.0.19041.4355_none_60b8b9eb71f62e16;C:\Users\ERIN_JAVALead\.jdks\corretto-18.0.2\bin\server;C:\Program Files\JetBrains\IntelliJ IDEA Community Edition 2021.3.3\bin

VM Arguments:
jvm_args: -javaagent:C:\Program Files\JetBrains\IntelliJ IDEA Community Edition 2021.3.3\lib\idea_rt.jar=61775:C:\Program Files\JetBrains\IntelliJ IDEA Community Edition 2021.3.3\bin -Dfile.encoding=UTF-8 
java_command: com.smart_host.hotelallocation.HotelallocationApplication
java_class_path (initial): C:\Users\ERIN_JAVALead\Downloads\hotelallocation\hotelallocation\target\classes;C:\Users\ERIN_JAVALead\.m2\repository\org\springframework\boot\spring-boot-starter-validation\3.3.1\spring-boot-starter-validation-3.3.1.jar;C:\Users\ERIN_JAVALead\.m2\repository\org\springframework\boot\spring-boot-starter\3.3.1\spring-boot-starter-3.3.1.jar;C:\Users\ERIN_JAVALead\.m2\repository\org\springframework\boot\spring-boot-starter-logging\3.3.1\spring-boot-starter-logging-3.3.1.jar;C:\Users\ERIN_JAVALead\.m2\repository\ch\qos\logback\logback-classic\1.5.6\logback-classic-1.5.6.jar;C:\Users\ERIN_JAVALead\.m2\repository\ch\qos\logback\logback-core\1.5.6\logback-core-1.5.6.jar;C:\Users\ERIN_JAVALead\.m2\repository\org\apache\logging\log4j\log4j-to-slf4j\2.23.1\log4j-to-slf4j-2.23.1.jar;C:\Users\ERIN_JAVALead\.m2\repository\org\apache\logging\log4j\log4j-api\2.23.1\log4j-api-2.23.1.jar;C:\Users\ERIN_JAVALead\.m2\repository\org\slf4j\jul-to-slf4j\2.0.13\jul-to-slf4j-2.0.13.jar;C:\Users\ERIN_JAVALead\.m2\repository\jakarta\annotation\jakarta.annotation-api\2.1.1\jakarta.annotation-api-2.1.1.jar;C:\Users\ERIN_JAVALead\.m2\repository\org\yaml\snakeyaml\2.2\snakeyaml-2.2.jar;C:\Users\ERIN_JAVALead\.m2\repository\org\apache\tomcat\embed\tomcat-embed-el\10.1.25\tomcat-embed-el-10.1.25.jar;C:\Users\ERIN_JAVALead\.m2\repository\org\hibernate\validator\hibernate-validator\8.0.1.Final\hibernate-validator-8.0.1.Final.jar;C:\Users\ERIN_JAVALead\.m2\repository\jakarta\validation\jakarta.validation-api\3.0.2\jakarta.validation-api-3.0.2.jar;C:\Users\ERIN_JAVALead\.m2\repository\org\jboss\logging\jboss-logging\3.5.3.Final\jboss-logging-3.5.3.Final.jar;C:\Users\ERIN_JAVALead\.m2\repository\com\fasterxml\classmate\1.7.0\classmate-1.7.0.jar;C:\Users\ERIN_JAVALead\.m2\repository\org\springframework\boot\spring-boot-starter-data-rest\3.3.1\spring-boot-starter-data-rest-3.3.1.jar;C:\Users\ERIN_JAVALead\.m2\repository\org\springframework\data\spring-data-rest-webmvc\4.3.1\spring-data-rest-webmvc-4.3.1.jar;C:\Users\ERIN_JAVALead\.m2\repository\org\springframework\data\spring-data-rest-core\4.3.1\spring-data-rest-core-4.3.1.jar;C:\Users\ERIN_JAVALead\.m2\repository\org\springframework\spring-tx\6.1.10\spring-tx-6.1.10.jar;C:\Users\ERIN_JAVALead\.m2\repository\org\springframework\hateoas\spring-hateoas\2.3.0\spring-hateoas-2.3.0.jar;C:\Users\ERIN_JAVALead\.m2\repository\org\springframework\data\spring-data-commons\3.3.1\spring-data-commons-3.3.1.jar;C:\Users\ERIN_JAVALead\.m2\repository\org\springframework\plugin\spring-plugin-core\3.0.0\spring-plugin-core-3.0.0.jar;C:\Users\ERIN_JAVALead\.m2\repository\org\atteo\evo-inflector\1.3\evo-inflector-1.3.jar;C:\Users\ERIN_JAVALead\.m2\repository\com\fasterxml\jackson\core\jackson-databind\2.17.1\jackson-databind-2.17.1.jar;C:\Users\ERIN_JAVALead\.m2\repository\com\fasterxml\jackson\core\jackson-core\2.17.1\jackson-core-2.17.1.jar;C:\Users\ERIN_JAVALead\.m2\repository\com\fasterxml\jackson\core\jackson-annotations\2.17.1\jackson-annotations-2.17.1.jar;C:\Users\ERIN_JAVALead\.m2\repository\org\slf4j\slf4j-api\2.0.13\slf4j-api-2.0.13.jar;C:\Users\ERIN_JAVALead\.m2\repository\org\springframework\boot\spring-boot-starter-web\3.3.1\spring-boot-starter-web-3.3.1.jar;C:\Users\ERIN_JAVALead\.m2\repository\org\springframework\boot\spring-boot-starter-json\3.3.1\spring-boot-starter-json-3.3.1.jar;C:\Users\ERIN_JAVALead\.m2\repository\com\fasterxml\jackson\datatype\jackson-datatype-jdk8\2.17.1\jackson-datatype-jdk8-2.17.1.jar;C:\Users\ERIN_JAVALead\.m2\repository\com\fasterxml\jackson\datatype\jackson-datatype-jsr310\2.17.1\jackson-datatype-jsr310-2.17.1.jar;C:\Users\ERIN_JAVALead\.m2\repository\com\fasterxml\jackson\module\jackson-module-parameter-names\2.17.1\jackson-module-parameter-names-2.17.1.jar;C:\Users\ERIN_JAVALead\.m2\repository\org\springframework\boot\spring-boot-starter-tomcat\3.3.1\spring-boot-starter-tomcat-3.3.1.jar;C:\Users\ERIN_JAVALead\.m2\repository\org\apache\tomcat\embed\tomcat-embed-core\10.1.25\tomcat-embed-core-10.1.25.jar;C:\Users\ERIN_JAVALead\.m2\repository\org\apache\tomcat\embed\tomcat-embed-websocket\10.1.25\tomcat-embed-websocket-10.1.25.jar;C:\Users\ERIN_JAVALead\.m2\repository\org\springframework\spring-web\6.1.10\spring-web-6.1.10.jar;C:\Users\ERIN_JAVALead\.m2\repository\org\springframework\spring-beans\6.1.10\spring-beans-6.1.10.jar;C:\Users\ERIN_JAVALead\.m2\repository\io\micrometer\micrometer-observation\1.13.1\micrometer-observation-1.13.1.jar;C:\Users\ERIN_JAVALead\.m2\repository\io\micrometer\micrometer-commons\1.13.1\micrometer-commons-1.13.1.jar;C:\Users\ERIN_JAVALead\.m2\repository\org\springframework\spring-webmvc\6.1.10\spring-webmvc-6.1.10.jar;C:\Users\ERIN_JAVALead\.m2\repository\org\springframework\spring-aop\6.1.10\spring-aop-6.1.10.jar;C:\Users\ERIN_JAVALead\.m2\repository\org\springframework\spring-context\6.1.10\spring-context-6.1.10.jar;C:\Users\ERIN_JAVALead\.m2\repository\org\springframework\spring-expression\6.1.10\spring-expression-6.1.10.jar;C:\Users\ERIN_JAVALead\.m2\repository\org\springframework\boot\spring-boot-devtools\3.3.1\spring-boot-devtools-3.3.1.jar;C:\Users\ERIN_JAVALead\.m2\repository\org\springframework\boot\spring-boot\3.3.1\spring-boot-3.3.1.jar;C:\Users\ERIN_JAVALead\.m2\repository\org\springframework\boot\spring-boot-autoconfigure\3.3.1\spring-boot-autoconfigure-3.3.1.jar;C:\Users\ERIN_JAVALead\.m2\repository\org\projectlombok\lombok\1.18.32\lombok-1.18.32.jar;C:\Users\ERIN_JAVALead\.m2\repository\com\jayway\jsonpath\json-path\2.9.0\json-path-2.9.0.jar;C:\Users\ERIN_JAVALead\.m2\repository\net\minidev\json-smart\2.5.1\json-smart-2.5.1.jar;C:\Users\ERIN_JAVALead\.m2\repository\net\minidev\accessors-smart\2.5.1\accessors-smart-2.5.1.jar;C:\Users\ERIN_JAVALead\.m2\repository\org\ow2\asm\asm\9.6\asm-9.6.jar;C:\Users\ERIN_JAVALead\.m2\repository\org\springframework\spring-core\6.1.10\spring-core-6.1.10.jar;C:\Users\ERIN_JAVALead\.m2\repository\org\springframework\spring-jcl\6.1.10\spring-jcl-6.1.10.jar
Launcher Type: SUN_STANDARD

[Global flags]
     intx CICompilerCount                          = 3                                         {product} {ergonomic}
     uint ConcGCThreads                            = 1                                         {product} {ergonomic}
     uint G1ConcRefinementThreads                  = 4                                         {product} {ergonomic}
   size_t G1HeapRegionSize                         = 1048576                                   {product} {ergonomic}
    uintx GCDrainStackTargetSize                   = 64                                        {product} {ergonomic}
   size_t InitialHeapSize                          = 67108864                                  {product} {ergonomic}
   size_t MarkStackSize                            = 4194304                                   {product} {ergonomic}
   size_t MaxHeapSize                              = 1052770304                                {product} {ergonomic}
   size_t MaxNewSize                               = 631242752                                 {product} {ergonomic}
   size_t MinHeapDeltaBytes                        = 1048576                                   {product} {ergonomic}
   size_t MinHeapSize                              = 8388608                                   {product} {ergonomic}
    uintx NonNMethodCodeHeapSize                   = 5832780                                {pd product} {ergonomic}
    uintx NonProfiledCodeHeapSize                  = 122912730                              {pd product} {ergonomic}
    uintx ProfiledCodeHeapSize                     = 122912730                              {pd product} {ergonomic}
    uintx ReservedCodeCacheSize                    = 251658240                              {pd product} {ergonomic}
     bool SegmentedCodeCache                       = true                                      {product} {ergonomic}
   size_t SoftMaxHeapSize                          = 1052770304                             {manageable} {ergonomic}
     bool UseCompressedClassPointers               = true                           {product lp64_product} {ergonomic}
     bool UseCompressedOops                        = true                           {product lp64_product} {ergonomic}
     bool UseG1GC                                  = true                                      {product} {ergonomic}
     bool UseLargePagesIndividualAllocation        = false                                  {pd product} {ergonomic}

Logging:
Log output configuration:
 #0: stdout all=warning uptime,level,tags foldmultilines=false
 #1: stderr all=off uptime,level,tags foldmultilines=false

Environment Variables:
JAVA_HOME=C:\Program Files\Java\jdk-17
PATH=C:\Program Files (x86)\Common Files\Oracle\Java\javapath;C:\WINDOWS\system32;C:\WINDOWS;C:\WINDOWS\System32\Wbem;C:\WINDOWS\System32\WindowsPowerShell\v1.0\;C:\WINDOWS\System32\OpenSSH\;C:\Program Files (x86)\nodejs\;C:\Program Files (x86)\nodejs\npm;C:\Users\ERIN_JAVALead\AppData\Roaming\npm;C:\Program Files\Git\cmd;C:\Program Files (x86)\dotnet\;C:\Program Files (x86)\Microsoft SQL Server\160\DTS\Binn\;C:\Program Files\Azure Data Studio\bin;C:\Program Files (x86)\Microsoft SQL Server\160\Tools\Binn\;C:\Program Files\Microsoft SQL Server\160\Tools\Binn\;C:\Program Files\Microsoft SQL Server\Client SDK\ODBC\170\Tools\Binn\;C:\Program Files\Microsoft SQL Server\160\DTS\Binn\;C:\Program Files\Java\jdk1.8.0_202\bin;C:\Program Files\Java\jdk1.8.0_202\jre\bin;C:\kafkasrc\bin\windows;C:\Program Files\Docker\Docker\resources\bin;C:\Program Files\Docker\Docker;C:\Users\ERIN_JAVALead\AppData\Local\Microsoft\WindowsApps;;C:\Users\ERIN_JAVALead\AppData\Local\Programs\Microsoft VS Code\bin;C:\Users\ERIN_JAVALead\AppData\Roaming\npm;C:\Program Files\Azure Data Studio\bin
USERNAME=ERIN_JAVALead
OS=Windows_NT
PROCESSOR_IDENTIFIER=Intel64 Family 6 Model 78 Stepping 3, GenuineIntel



---------------  S Y S T E M  ---------------

OS:
 Windows 10 , 64 bit Build 19041 (10.0.19041.4597)
OS uptime: 0 days 3:23 hours
Hyper-V role detected

CPU: total 4 (initial active 4) (2 cores per cpu, 2 threads per core) family 6 model 78 stepping 3 microcode 0xcc, cx8, cmov, fxsr, ht, mmx, 3dnowpref, sse, sse2, sse3, ssse3, sse4.1, sse4.2, popcnt, lzcnt, tsc, tscinvbit, avx, avx2, aes, erms, clmul, bmi1, bmi2, adx, fma, vzeroupper, clflush, clflushopt, hv

Memory: 4k page, system-wide physical 4012M (444M free)
TotalPageFile size 6060M (AvailPageFile size 12M)
current process WorkingSet (physical memory assigned to process): 175M, peak: 175M
current process commit charge ("private bytes"): 206M, peak: 216M

vm_info: OpenJDK 64-Bit Server VM (18.0.2+9-FR) for windows-amd64 JRE (18.0.2+9-FR), built on Jul 15 2022 20:03:03 by "Administrator" with MS VC++ 15.9 (VS2017)

END.
