#
# There is insufficient memory for the Java Runtime Environment to continue.
# Native memory allocation (malloc) failed to allocate 1844336 bytes for Chunk::new
# Possible reasons:
#   The system is out of physical RAM or swap space
#   The process is running with CompressedOops enabled, and the Java Heap may be blocking the growth of the native heap
# Possible solutions:
#   Reduce memory load on the system
#   Increase physical memory or swap space
#   Check if swap backing store is full
#   Decrease Java heap size (-Xmx/-Xms)
#   Decrease number of Java threads
#   Decrease Java thread stack sizes (-Xss)
#   Set larger code cache with -XX:ReservedCodeCacheSize=
#   JVM is running with Unscaled Compressed Oops mode in which the Java heap is
#     placed in the first 4GB address space. The Java Heap base address is the
#     maximum limit for the native heap growth. Please use -XX:HeapBaseMinAddress
#     to set the Java Heap base and to place the Java Heap above 4GB virtual address.
# This output file may be truncated or incomplete.
#
#  Out of Memory Error (arena.cpp:184), pid=8304, tid=12276
#
# JRE version: OpenJDK Runtime Environment Corretto-18.0.2.9.1 (18.0.2+9) (build 18.0.2+9-FR)
# Java VM: OpenJDK 64-Bit Server VM Corretto-18.0.2.9.1 (18.0.2+9-FR, mixed mode, sharing, tiered, compressed oops, compressed class ptrs, g1 gc, windows-amd64)
# No core dump will be written. Minidumps are not enabled by default on client versions of Windows
#

---------------  S U M M A R Y ------------

Command Line: -agentlib:jdwp=transport=dt_socket,address=127.0.0.1:55921,suspend=y,server=n -javaagent:C:\Users\ERIN_JAVALead\AppData\Local\JetBrains\IdeaIC2021.3\captureAgent\debugger-agent.jar -Dfile.encoding=UTF-8 com.smart_host.hotelallocation.HotelallocationApplication

Host: Intel(R) Core(TM) i3-6006U CPU @ 2.00GHz, 4 cores, 3G,  Windows 10 , 64 bit Build 19041 (10.0.19041.4597)
Time: Thu Jul 18 14:48:16 2024 W. Europe Daylight Time elapsed time: 396.646570 seconds (0d 0h 6m 36s)

---------------  T H R E A D  ---------------

Current thread (0x00000297348c5c70):  JavaThread "C2 CompilerThread1" daemon [_thread_in_native, id=12276, stack(0x000000c92ba00000,0x000000c92bb00000)]


Current CompileTask:
C2: 396646 5314       4       org.springframework.core.ResolvableType::hasGenerics (14 bytes)

Stack: [0x000000c92ba00000,0x000000c92bb00000]
Native frames: (J=compiled Java code, j=interpreted, Vv=VM code, C=native code)
V  [jvm.dll+0x685a2a]
V  [jvm.dll+0x82ae8d]
V  [jvm.dll+0x82c75e]
V  [jvm.dll+0x82ce03]
V  [jvm.dll+0x25ef4b]
V  [jvm.dll+0xd42d2]
V  [jvm.dll+0xd4665]
V  [jvm.dll+0x385751]
V  [jvm.dll+0x34d82a]
V  [jvm.dll+0x34cc1a]
V  [jvm.dll+0x233a65]
V  [jvm.dll+0x232f37]
V  [jvm.dll+0x1c0a35]
V  [jvm.dll+0x24212c]
V  [jvm.dll+0x240534]
V  [jvm.dll+0x7df6db]
V  [jvm.dll+0x7d9cba]
V  [jvm.dll+0x6848a5]
C  [ucrtbase.dll+0x21bb2]
C  [KERNEL32.DLL+0x17374]
C  [ntdll.dll+0x4cc91]


---------------  P R O C E S S  ---------------

Threads class SMR info:
_java_thread_list=0x0000029734e2f560, length=18, elements={
0x0000029714fcb390, 0x0000029714fcca10, 0x0000029714fe2530, 0x0000029714fe2ed0,
0x0000029714fe3870, 0x0000029714fe4210, 0x0000029714fe4ee0, 0x0000029714fe58c0,
0x0000029730438f40, 0x00000297303bcc20, 0x00000297349102a0, 0x0000029734965ff0,
0x00000297378fa180, 0x00000297378f9310, 0x00000297378fb4c0, 0x00000297378f7b00,
0x00000297378f7630, 0x00000297348c5c70
}

Java Threads: ( => current thread )
  0x0000029714fcb390 JavaThread "Reference Handler" daemon [_thread_blocked, id=3588, stack(0x000000c92a800000,0x000000c92a900000)]
  0x0000029714fcca10 JavaThread "Finalizer" daemon [_thread_blocked, id=7592, stack(0x000000c92a900000,0x000000c92aa00000)]
  0x0000029714fe2530 JavaThread "Signal Dispatcher" daemon [_thread_blocked, id=10784, stack(0x000000c92aa00000,0x000000c92ab00000)]
  0x0000029714fe2ed0 JavaThread "Attach Listener" daemon [_thread_blocked, id=13880, stack(0x000000c92ab00000,0x000000c92ac00000)]
  0x0000029714fe3870 JavaThread "Service Thread" daemon [_thread_blocked, id=5776, stack(0x000000c92ac00000,0x000000c92ad00000)]
  0x0000029714fe4210 JavaThread "Monitor Deflation Thread" daemon [_thread_blocked, id=7196, stack(0x000000c92ad00000,0x000000c92ae00000)]
  0x0000029714fe4ee0 JavaThread "C2 CompilerThread0" daemon [_thread_in_native, id=7804, stack(0x000000c92ae00000,0x000000c92af00000)]
  0x0000029714fe58c0 JavaThread "C1 CompilerThread0" daemon [_thread_blocked, id=14000, stack(0x000000c92af00000,0x000000c92b000000)]
  0x0000029730438f40 JavaThread "Sweeper thread" daemon [_thread_blocked, id=12992, stack(0x000000c92b000000,0x000000c92b100000)]
  0x00000297303bcc20 JavaThread "Common-Cleaner" daemon [_thread_blocked, id=10220, stack(0x000000c92b100000,0x000000c92b200000)]
  0x00000297349102a0 JavaThread "JDWP Event Helper Thread" daemon [_thread_blocked, id=3260, stack(0x000000c92b300000,0x000000c92b400000)]
  0x0000029734965ff0 JavaThread "Notification Thread" daemon [_thread_blocked, id=5044, stack(0x000000c92b500000,0x000000c92b600000)]
  0x00000297378fa180 JavaThread "Live Reload Server" daemon [_thread_in_native, id=10632, stack(0x000000c92c100000,0x000000c92c200000)]
  0x00000297378f9310 JavaThread "DestroyJavaVM" [_thread_blocked, id=11240, stack(0x000000c92a100000,0x000000c92a200000)]
  0x00000297378fb4c0 JavaThread "Thread-5" [_thread_blocked, id=2620, stack(0x000000c929f00000,0x000000c92a000000)]
  0x00000297378f7b00 JavaThread "File Watcher" daemon [_thread_blocked, id=5440, stack(0x000000c92b200000,0x000000c92b300000)]
  0x00000297378f7630 JavaThread "restartedMain" [_thread_in_native, id=9228, stack(0x000000c92b400000,0x000000c92b500000)]
=>0x00000297348c5c70 JavaThread "C2 CompilerThread1" daemon [_thread_in_native, id=12276, stack(0x000000c92ba00000,0x000000c92bb00000)]

Other Threads:
  0x0000029714fc7bf0 VMThread "VM Thread" [stack: 0x000000c92a700000,0x000000c92a800000] [id=11712]
  0x00000297348b5540 WatcherThread "VM Periodic Task Thread" [stack: 0x000000c92b600000,0x000000c92b700000] [id=3444]
  0x0000029714f6bc20 WorkerThread "GC Thread#0" [stack: 0x000000c92a200000,0x000000c92a300000] [id=5184]
  0x0000029734d30350 WorkerThread "GC Thread#1" [stack: 0x000000c92b700000,0x000000c92b800000] [id=4680]
  0x0000029734dc52f0 WorkerThread "GC Thread#2" [stack: 0x000000c92b800000,0x000000c92b900000] [id=4648]
  0x0000029734d262f0 WorkerThread "GC Thread#3" [stack: 0x000000c92b900000,0x000000c92ba00000] [id=9856]
  0x0000029714f758e0 ConcurrentGCThread "G1 Main Marker" [stack: 0x000000c92a300000,0x000000c92a400000] [id=3548]
  0x0000029714f762d0 WorkerThread "G1 Conc#0" [stack: 0x000000c92a400000,0x000000c92a500000] [id=9212]
  0x0000029714fa21f0 ConcurrentGCThread "G1 Refine#0" [stack: 0x000000c92a500000,0x000000c92a600000] [id=12576]
  0x0000029714fa2b00 ConcurrentGCThread "G1 Service" [stack: 0x000000c92a600000,0x000000c92a700000] [id=13332]

Threads with active compile tasks:
C2 CompilerThread0   396720 5315       4       org.springframework.beans.factory.annotation.InitDestroyAnnotationBeanPostProcessor::lambda$buildLifecycleMetadata$1 (201 bytes)
C2 CompilerThread1   396720 5314       4       org.springframework.core.ResolvableType::hasGenerics (14 bytes)

VM state: not at safepoint (normal execution)

VM Mutex/Monitor currently owned by a thread: None

Heap address: 0x00000000c1400000, size: 1004 MB, Compressed Oops mode: 32-bit

CDS archive(s) mapped at: [0x0000000800000000-0x0000000800ba0000-0x0000000800ba0000), size 12189696, SharedBaseAddress: 0x0000000800000000, ArchiveRelocationMode: 0.
Compressed class space mapped at: 0x0000000800c00000-0x0000000840c00000, reserved size: 1073741824
Narrow klass base: 0x0000000800000000, Narrow klass shift: 0, Narrow klass range: 0x100000000

GC Precious Log:
 CardTable entry size: 512
 Card Set container configuration: InlinePtr #cards 5 size 8 Array Of Cards #cards 12 size 40 Howl #buckets 4 coarsen threshold 1843 Howl Bitmap #cards 512 size 80 coarsen threshold 460 Card regions per heap region 1 cards per card region 2048
 CPUs: 4 total, 4 available
 Memory: 4012M
 Large Page Support: Disabled
 NUMA Support: Disabled
 Compressed Oops: Enabled (32-bit)
 Heap Region Size: 1M
 Heap Min Capacity: 8M
 Heap Initial Capacity: 64M
 Heap Max Capacity: 1004M
 Pre-touch: Disabled
 Parallel Workers: 4
 Concurrent Workers: 1
 Concurrent Refinement Workers: 4
 Periodic GC: Disabled

Heap:
 garbage-first heap   total 45056K, used 18794K [0x00000000c1400000, 0x0000000100000000)
  region size 1024K, 3 young (3072K), 2 survivors (2048K)
 Metaspace       used 36479K, committed 37184K, reserved 1114112K
  class space    used 4526K, committed 4864K, reserved 1048576K

Heap Regions: E=young(eden), S=young(survivor), O=old, HS=humongous(starts), HC=humongous(continues), CS=collection set, F=free, OA=open archive, CA=closed archive, TAMS=top-at-mark-start (previous, next)
|   0|0x00000000c1400000, 0x00000000c1500000, 0x00000000c1500000|100%| O|  |TAMS 0x00000000c1500000, 0x00000000c1400000| Untracked 
|   1|0x00000000c1500000, 0x00000000c1600000, 0x00000000c1600000|100%| O|  |TAMS 0x00000000c1600000, 0x00000000c1500000| Untracked 
|   2|0x00000000c1600000, 0x00000000c16fffa0, 0x00000000c1700000| 99%| O|  |TAMS 0x00000000c1600000, 0x00000000c1600000| Untracked 
|   3|0x00000000c1700000, 0x00000000c1800000, 0x00000000c1800000|100%| O|  |TAMS 0x00000000c1700000, 0x00000000c1700000| Untracked 
|   4|0x00000000c1800000, 0x00000000c18ffff0, 0x00000000c1900000| 99%| O|  |TAMS 0x00000000c1800000, 0x00000000c1800000| Untracked 
|   5|0x00000000c1900000, 0x00000000c1a00000, 0x00000000c1a00000|100%| O|  |TAMS 0x00000000c1900000, 0x00000000c1900000| Untracked 
|   6|0x00000000c1a00000, 0x00000000c1b00000, 0x00000000c1b00000|100%| O|  |TAMS 0x00000000c1a00000, 0x00000000c1a00000| Untracked 
|   7|0x00000000c1b00000, 0x00000000c1c00000, 0x00000000c1c00000|100%| O|  |TAMS 0x00000000c1c00000, 0x00000000c1b00000| Untracked 
|   8|0x00000000c1c00000, 0x00000000c1cfff70, 0x00000000c1d00000| 99%| O|  |TAMS 0x00000000c1c00000, 0x00000000c1c00000| Untracked 
|   9|0x00000000c1d00000, 0x00000000c1d85068, 0x00000000c1e00000| 51%| O|  |TAMS 0x00000000c1d00000, 0x00000000c1d00000| Untracked 
|  10|0x00000000c1e00000, 0x00000000c1efffe8, 0x00000000c1f00000| 99%| O|  |TAMS 0x00000000c1e00000, 0x00000000c1e00000| Untracked 
|  11|0x00000000c1f00000, 0x00000000c1fff2e0, 0x00000000c2000000| 99%| O|  |TAMS 0x00000000c1f00000, 0x00000000c1f00000| Untracked 
|  12|0x00000000c2000000, 0x00000000c2100000, 0x00000000c2100000|100%| O|  |TAMS 0x00000000c2000000, 0x00000000c2000000| Untracked 
|  13|0x00000000c2100000, 0x00000000c219bb08, 0x00000000c2200000| 60%| O|  |TAMS 0x00000000c2100000, 0x00000000c2100000| Untracked 
|  14|0x00000000c2200000, 0x00000000c2300000, 0x00000000c2300000|100%| O|  |TAMS 0x00000000c2200000, 0x00000000c2200000| Untracked 
|  15|0x00000000c2300000, 0x00000000c2400000, 0x00000000c2400000|100%| O|  |TAMS 0x00000000c2400000, 0x00000000c2300000| Untracked 
|  16|0x00000000c2400000, 0x00000000c2500000, 0x00000000c2500000|100%| O|  |TAMS 0x00000000c2400000, 0x00000000c2400000| Untracked 
|  17|0x00000000c2500000, 0x00000000c256dbf0, 0x00000000c2600000| 42%| O|  |TAMS 0x00000000c2500000, 0x00000000c2500000| Untracked 
|  18|0x00000000c2600000, 0x00000000c2644e00, 0x00000000c2700000| 26%| O|  |TAMS 0x00000000c2600000, 0x00000000c2600000| Untracked 
|  19|0x00000000c2700000, 0x00000000c2700000, 0x00000000c2800000|  0%| F|  |TAMS 0x00000000c2700000, 0x00000000c2700000| Untracked 
|  20|0x00000000c2800000, 0x00000000c2800000, 0x00000000c2900000|  0%| F|  |TAMS 0x00000000c2800000, 0x00000000c2800000| Untracked 
|  21|0x00000000c2900000, 0x00000000c2900000, 0x00000000c2a00000|  0%| F|  |TAMS 0x00000000c2900000, 0x00000000c2900000| Untracked 
|  22|0x00000000c2a00000, 0x00000000c2a00000, 0x00000000c2b00000|  0%| F|  |TAMS 0x00000000c2a00000, 0x00000000c2a00000| Untracked 
|  23|0x00000000c2b00000, 0x00000000c2b00000, 0x00000000c2c00000|  0%| F|  |TAMS 0x00000000c2b00000, 0x00000000c2b00000| Untracked 
|  24|0x00000000c2c00000, 0x00000000c2c00000, 0x00000000c2d00000|  0%| F|  |TAMS 0x00000000c2c00000, 0x00000000c2c00000| Untracked 
|  25|0x00000000c2d00000, 0x00000000c2d00000, 0x00000000c2e00000|  0%| F|  |TAMS 0x00000000c2d00000, 0x00000000c2d00000| Untracked 
|  26|0x00000000c2e00000, 0x00000000c2e881a8, 0x00000000c2f00000| 53%| S|CS|TAMS 0x00000000c2e00000, 0x00000000c2e00000| Complete 
|  27|0x00000000c2f00000, 0x00000000c2f00000, 0x00000000c3000000|  0%| F|  |TAMS 0x00000000c2f00000, 0x00000000c2f00000| Untracked 
|  28|0x00000000c3000000, 0x00000000c3000000, 0x00000000c3100000|  0%| F|  |TAMS 0x00000000c3000000, 0x00000000c3000000| Untracked 
|  29|0x00000000c3100000, 0x00000000c3200000, 0x00000000c3200000|100%| S|CS|TAMS 0x00000000c3100000, 0x00000000c3100000| Complete 
|  30|0x00000000c3200000, 0x00000000c3200000, 0x00000000c3300000|  0%| F|  |TAMS 0x00000000c3200000, 0x00000000c3200000| Untracked 
|  31|0x00000000c3300000, 0x00000000c3300000, 0x00000000c3400000|  0%| F|  |TAMS 0x00000000c3300000, 0x00000000c3300000| Untracked 
|  32|0x00000000c3400000, 0x00000000c3400000, 0x00000000c3500000|  0%| F|  |TAMS 0x00000000c3400000, 0x00000000c3400000| Untracked 
|  33|0x00000000c3500000, 0x00000000c3500000, 0x00000000c3600000|  0%| F|  |TAMS 0x00000000c3500000, 0x00000000c3500000| Untracked 
|  34|0x00000000c3600000, 0x00000000c3600000, 0x00000000c3700000|  0%| F|  |TAMS 0x00000000c3600000, 0x00000000c3600000| Untracked 
|  35|0x00000000c3700000, 0x00000000c3700000, 0x00000000c3800000|  0%| F|  |TAMS 0x00000000c3700000, 0x00000000c3700000| Untracked 
|  36|0x00000000c3800000, 0x00000000c3800000, 0x00000000c3900000|  0%| F|  |TAMS 0x00000000c3800000, 0x00000000c3800000| Untracked 
|  37|0x00000000c3900000, 0x00000000c3900000, 0x00000000c3a00000|  0%| F|  |TAMS 0x00000000c3900000, 0x00000000c3900000| Untracked 
|  38|0x00000000c3a00000, 0x00000000c3a00000, 0x00000000c3b00000|  0%| F|  |TAMS 0x00000000c3a00000, 0x00000000c3a00000| Untracked 
|  39|0x00000000c3b00000, 0x00000000c3b00000, 0x00000000c3c00000|  0%| F|  |TAMS 0x00000000c3b00000, 0x00000000c3b00000| Untracked 
|  40|0x00000000c3c00000, 0x00000000c3c00000, 0x00000000c3d00000|  0%| F|  |TAMS 0x00000000c3c00000, 0x00000000c3c00000| Untracked 
|  41|0x00000000c3d00000, 0x00000000c3d00000, 0x00000000c3e00000|  0%| F|  |TAMS 0x00000000c3d00000, 0x00000000c3d00000| Untracked 
|  42|0x00000000c3e00000, 0x00000000c3e00000, 0x00000000c3f00000|  0%| F|  |TAMS 0x00000000c3e00000, 0x00000000c3e00000| Untracked 
|  63|0x00000000c5300000, 0x00000000c5374c00, 0x00000000c5400000| 45%| E|  |TAMS 0x00000000c5300000, 0x00000000c5300000| Complete 

Card table byte_map: [0x000002972baf0000,0x000002972bcf0000] _byte_map_base: 0x000002972b4e6000

Marking Bits (Prev, Next): (CMBitMap*) 0x0000029714f6d270, (CMBitMap*) 0x0000029714f6d230
 Prev Bits: [0x000002972cea0000, 0x000002972de50000)
 Next Bits: [0x000002972bef0000, 0x000002972cea0000)

Polling page: 0x0000029712ce0000

Metaspace:

Usage:
  Non-class:     31.20 MB used.
      Class:      4.42 MB used.
       Both:     35.62 MB used.

Virtual space:
  Non-class space:       64.00 MB reserved,      31.56 MB ( 49%) committed,  1 nodes.
      Class space:        1.00 GB reserved,       4.75 MB ( <1%) committed,  1 nodes.
             Both:        1.06 GB reserved,      36.31 MB (  3%) committed. 

Chunk freelists:
   Non-Class:  464.00 KB
       Class:  3.26 MB
        Both:  3.71 MB

MaxMetaspaceSize: unlimited
CompressedClassSpaceSize: 1.00 GB
Initial GC threshold: 21.00 MB
Current GC threshold: 59.31 MB
CDS: on
MetaspaceReclaimPolicy: balanced
 - commit_granule_bytes: 65536.
 - commit_granule_words: 8192.
 - virtual_space_node_default_size: 8388608.
 - enlarge_chunks_in_place: 1.
 - new_chunks_are_fully_committed: 0.
 - uncommit_free_chunks: 1.
 - use_allocation_guard: 0.


Internal statistics:

num_allocs_failed_limit: 6.
num_arena_births: 1006.
num_arena_deaths: 0.
num_vsnodes_births: 2.
num_vsnodes_deaths: 0.
num_space_committed: 581.
num_space_uncommitted: 0.
num_chunks_returned_to_freelist: 6.
num_chunks_taken_from_freelist: 2340.
num_chunk_merges: 0.
num_chunk_splits: 1594.
num_chunks_enlarged: 1183.
num_inconsistent_stats: 0.

CodeHeap 'non-profiled nmethods': size=120000Kb used=2781Kb max_used=2781Kb free=117218Kb
 bounds [0x00000297245c0000, 0x00000297248a0000, 0x000002972baf0000]
CodeHeap 'profiled nmethods': size=120000Kb used=10339Kb max_used=10339Kb free=109660Kb
 bounds [0x000002971d090000, 0x000002971dab0000, 0x00000297245c0000]
CodeHeap 'non-nmethods': size=5760Kb used=1328Kb max_used=1413Kb free=4431Kb
 bounds [0x000002971caf0000, 0x000002971cd60000, 0x000002971d090000]
 total_blobs=5185 nmethods=4622 adapters=475
 compilation: enabled
              stopped_count=0, restarted_count=0
 full_count=0

Compilation events (20 events):
Event: 396.292 Thread 0x0000029714fe58c0 5332       3       java.util.stream.MatchOps$$Lambda$122/0x0000000800cc8980::get (12 bytes)
Event: 396.292 Thread 0x0000029714fe58c0 nmethod 5332 0x000002971da96810 code [0x000002971da969e0, 0x000002971da96df8]
Event: 396.292 Thread 0x0000029714fe58c0 5327       3       org.springframework.boot.context.properties.source.SystemEnvironmentPropertyMapper::processElementValue (31 bytes)
Event: 396.294 Thread 0x0000029714fe58c0 nmethod 5327 0x000002971da96f90 code [0x000002971da97200, 0x000002971da97bc8]
Event: 396.294 Thread 0x0000029714fe58c0 5328       3       org.springframework.boot.context.properties.source.SystemEnvironmentPropertyMapper::isNumber (15 bytes)
Event: 396.295 Thread 0x0000029714fe58c0 nmethod 5328 0x000002971da97f90 code [0x000002971da98180, 0x000002971da986e8]
Event: 396.295 Thread 0x0000029714fe58c0 5329       3       java.util.stream.IntPipeline::allMatch (18 bytes)
Event: 396.296 Thread 0x0000029714fe58c0 nmethod 5329 0x000002971da98910 code [0x000002971da98ac0, 0x000002971da98d58]
Event: 396.331 Thread 0x0000029714fe58c0 5333       3       java.lang.Character::isLetterOrDigit (19 bytes)
Event: 396.332 Thread 0x0000029714fe58c0 nmethod 5333 0x000002971da98e90 code [0x000002971da99040, 0x000002971da992f8]
Event: 396.335 Thread 0x0000029714fe58c0 5334       3       org.springframework.core.convert.support.GenericConversionService::getConverter (106 bytes)
Event: 396.337 Thread 0x0000029714fe58c0 nmethod 5334 0x000002971da99410 code [0x000002971da99660, 0x000002971da9a108]
Event: 396.345 Thread 0x0000029714fe58c0 5336       3       org.springframework.boot.context.properties.bind.Binder::containsNoDescendantOf (48 bytes)
Event: 396.347 Thread 0x0000029714fe58c0 nmethod 5336 0x000002971da9a410 code [0x000002971da9a600, 0x000002971da9ac78]
Event: 396.358 Thread 0x0000029714fe58c0 5337       3       java.util.Arrays::sort (37 bytes)
Event: 396.358 Thread 0x0000029714fe58c0 nmethod 5337 0x000002971da9ae90 code [0x000002971da9b040, 0x000002971da9b258]
Event: 396.358 Thread 0x0000029714fe58c0 5338       3       org.springframework.boot.context.properties.bind.JavaBeanBinder$BeanProperties::isCandidate (83 bytes)
Event: 396.360 Thread 0x0000029714fe58c0 nmethod 5338 0x000002971da9b310 code [0x000002971da9b560, 0x000002971da9c1d8]
Event: 396.368 Thread 0x0000029714fe58c0 5339       3       org.springframework.core.convert.TypeDescriptor::getObjectType (8 bytes)
Event: 396.369 Thread 0x0000029714fe58c0 nmethod 5339 0x000002971da9c510 code [0x000002971da9c6c0, 0x000002971da9c8a8]

GC Heap History (20 events):
Event: 9.886 GC heap before
{Heap before GC invocations=4 (full 0):
 garbage-first heap   total 65536K, used 39946K [0x00000000c1400000, 0x0000000100000000)
  region size 1024K, 37 young (37888K), 5 survivors (5120K)
 Metaspace       used 21199K, committed 21504K, reserved 1114112K
  class space    used 2545K, committed 2688K, reserved 1048576K
}
Event: 9.901 GC heap after
{Heap after GC invocations=5 (full 0):
 garbage-first heap   total 65536K, used 11359K [0x00000000c1400000, 0x0000000100000000)
  region size 1024K, 3 young (3072K), 3 survivors (3072K)
 Metaspace       used 21199K, committed 21504K, reserved 1114112K
  class space    used 2545K, committed 2688K, reserved 1048576K
}
Event: 11.424 GC heap before
{Heap before GC invocations=6 (full 0):
 garbage-first heap   total 45056K, used 34911K [0x00000000c1400000, 0x0000000100000000)
  region size 1024K, 26 young (26624K), 3 survivors (3072K)
 Metaspace       used 25671K, committed 26112K, reserved 1114112K
  class space    used 3126K, committed 3328K, reserved 1048576K
}
Event: 11.434 GC heap after
{Heap after GC invocations=7 (full 0):
 garbage-first heap   total 45056K, used 13557K [0x00000000c1400000, 0x0000000100000000)
  region size 1024K, 3 young (3072K), 3 survivors (3072K)
 Metaspace       used 25671K, committed 26112K, reserved 1114112K
  class space    used 3126K, committed 3328K, reserved 1048576K
}
Event: 11.488 GC heap before
{Heap before GC invocations=7 (full 0):
 garbage-first heap   total 45056K, used 14581K [0x00000000c1400000, 0x0000000100000000)
  region size 1024K, 4 young (4096K), 3 survivors (3072K)
 Metaspace       used 25885K, committed 26368K, reserved 1114112K
  class space    used 3146K, committed 3392K, reserved 1048576K
}
Event: 11.494 GC heap after
{Heap after GC invocations=8 (full 0):
 garbage-first heap   total 45056K, used 13888K [0x00000000c1400000, 0x0000000100000000)
  region size 1024K, 1 young (1024K), 1 survivors (1024K)
 Metaspace       used 25885K, committed 26368K, reserved 1114112K
  class space    used 3146K, committed 3392K, reserved 1048576K
}
Event: 12.605 GC heap before
{Heap before GC invocations=8 (full 0):
 garbage-first heap   total 45056K, used 30272K [0x00000000c1400000, 0x0000000100000000)
  region size 1024K, 18 young (18432K), 1 survivors (1024K)
 Metaspace       used 28185K, committed 28672K, reserved 1114112K
  class space    used 3480K, committed 3712K, reserved 1048576K
}
Event: 12.611 GC heap after
{Heap after GC invocations=9 (full 0):
 garbage-first heap   total 45056K, used 15398K [0x00000000c1400000, 0x0000000100000000)
  region size 1024K, 2 young (2048K), 2 survivors (2048K)
 Metaspace       used 28185K, committed 28672K, reserved 1114112K
  class space    used 3480K, committed 3712K, reserved 1048576K
}
Event: 13.864 GC heap before
{Heap before GC invocations=9 (full 0):
 garbage-first heap   total 45056K, used 31782K [0x00000000c1400000, 0x0000000100000000)
  region size 1024K, 19 young (19456K), 2 survivors (2048K)
 Metaspace       used 31199K, committed 31744K, reserved 1114112K
  class space    used 3908K, committed 4160K, reserved 1048576K
}
Event: 13.875 GC heap after
{Heap after GC invocations=10 (full 0):
 garbage-first heap   total 45056K, used 17165K [0x00000000c1400000, 0x0000000100000000)
  region size 1024K, 2 young (2048K), 2 survivors (2048K)
 Metaspace       used 31199K, committed 31744K, reserved 1114112K
  class space    used 3908K, committed 4160K, reserved 1048576K
}
Event: 24.160 GC heap before
{Heap before GC invocations=10 (full 0):
 garbage-first heap   total 45056K, used 32525K [0x00000000c1400000, 0x0000000100000000)
  region size 1024K, 18 young (18432K), 2 survivors (2048K)
 Metaspace       used 33890K, committed 34496K, reserved 1114112K
  class space    used 4242K, committed 4544K, reserved 1048576K
}
Event: 24.169 GC heap after
{Heap after GC invocations=11 (full 0):
 garbage-first heap   total 45056K, used 18643K [0x00000000c1400000, 0x0000000100000000)
  region size 1024K, 2 young (2048K), 2 survivors (2048K)
 Metaspace       used 33890K, committed 34496K, reserved 1114112K
  class space    used 4242K, committed 4544K, reserved 1048576K
}
Event: 163.563 GC heap before
{Heap before GC invocations=11 (full 0):
 garbage-first heap   total 45056K, used 25811K [0x00000000c1400000, 0x0000000100000000)
  region size 1024K, 10 young (10240K), 2 survivors (2048K)
 Metaspace       used 35479K, committed 36096K, reserved 1114112K
  class space    used 4449K, committed 4736K, reserved 1048576K
}
Event: 163.569 GC heap after
{Heap after GC invocations=12 (full 0):
 garbage-first heap   total 45056K, used 19038K [0x00000000c1400000, 0x0000000100000000)
  region size 1024K, 2 young (2048K), 2 survivors (2048K)
 Metaspace       used 35479K, committed 36096K, reserved 1114112K
  class space    used 4449K, committed 4736K, reserved 1048576K
}
Event: 384.781 GC heap before
{Heap before GC invocations=13 (full 0):
 garbage-first heap   total 45056K, used 24158K [0x00000000c1400000, 0x0000000100000000)
  region size 1024K, 8 young (8192K), 2 survivors (2048K)
 Metaspace       used 35711K, committed 36416K, reserved 1114112K
  class space    used 4478K, committed 4800K, reserved 1048576K
}
Event: 384.890 GC heap after
{Heap after GC invocations=14 (full 1):
 garbage-first heap   total 45056K, used 15926K [0x00000000c1400000, 0x0000000100000000)
  region size 1024K, 0 young (0K), 0 survivors (0K)
 Metaspace       used 35711K, committed 36416K, reserved 1114112K
  class space    used 4478K, committed 4800K, reserved 1048576K
}
Event: 387.367 GC heap before
{Heap before GC invocations=14 (full 1):
 garbage-first heap   total 45056K, used 32310K [0x00000000c1400000, 0x0000000100000000)
  region size 1024K, 17 young (17408K), 0 survivors (0K)
 Metaspace       used 35928K, committed 36672K, reserved 1114112K
  class space    used 4481K, committed 4864K, reserved 1048576K
}
Event: 387.375 GC heap after
{Heap after GC invocations=15 (full 1):
 garbage-first heap   total 45056K, used 17884K [0x00000000c1400000, 0x0000000100000000)
  region size 1024K, 2 young (2048K), 2 survivors (2048K)
 Metaspace       used 35928K, committed 36672K, reserved 1114112K
  class space    used 4481K, committed 4864K, reserved 1048576K
}
Event: 393.814 GC heap before
{Heap before GC invocations=15 (full 1):
 garbage-first heap   total 45056K, used 33244K [0x00000000c1400000, 0x0000000100000000)
  region size 1024K, 17 young (17408K), 2 survivors (2048K)
 Metaspace       used 36381K, committed 37120K, reserved 1114112K
  class space    used 4525K, committed 4864K, reserved 1048576K
}
Event: 393.819 GC heap after
{Heap after GC invocations=16 (full 1):
 garbage-first heap   total 45056K, used 17874K [0x00000000c1400000, 0x0000000100000000)
  region size 1024K, 2 young (2048K), 2 survivors (2048K)
 Metaspace       used 36381K, committed 37120K, reserved 1114112K
  class space    used 4525K, committed 4864K, reserved 1048576K
}

Deoptimization events (20 events):
Event: 396.124 Thread 0x00000297378f7630 DEOPT PACKING pc=0x000002971d7cf204 sp=0x000000c92b4fdeb0
Event: 396.124 Thread 0x00000297378f7630 DEOPT UNPACKING pc=0x000002971cb42b43 sp=0x000000c92b4fd418 mode 1
Event: 396.125 Thread 0x00000297378f7630 DEOPT PACKING pc=0x000002971d7cf204 sp=0x000000c92b4fdec0
Event: 396.125 Thread 0x00000297378f7630 DEOPT UNPACKING pc=0x000002971cb42b43 sp=0x000000c92b4fd410 mode 1
Event: 396.125 Thread 0x00000297378f7630 DEOPT PACKING pc=0x000002971da1b9fc sp=0x000000c92b4fdfd0
Event: 396.125 Thread 0x00000297378f7630 DEOPT UNPACKING pc=0x000002971cb42b43 sp=0x000000c92b4fd4a0 mode 1
Event: 396.125 Thread 0x00000297378f7630 DEOPT PACKING pc=0x000002971d7cf204 sp=0x000000c92b4fdeb0
Event: 396.125 Thread 0x00000297378f7630 DEOPT UNPACKING pc=0x000002971cb42b43 sp=0x000000c92b4fd418 mode 1
Event: 396.187 Thread 0x00000297378f7630 DEOPT PACKING pc=0x000002971d7cf204 sp=0x000000c92b4fd390
Event: 396.187 Thread 0x00000297378f7630 DEOPT UNPACKING pc=0x000002971cb42b43 sp=0x000000c92b4fc8e0 mode 1
Event: 396.187 Thread 0x00000297378f7630 DEOPT PACKING pc=0x000002971da1b9fc sp=0x000000c92b4fd4a0
Event: 396.187 Thread 0x00000297378f7630 DEOPT UNPACKING pc=0x000002971cb42b43 sp=0x000000c92b4fc970 mode 1
Event: 396.187 Thread 0x00000297378f7630 DEOPT PACKING pc=0x000002971d7cf204 sp=0x000000c92b4fd380
Event: 396.187 Thread 0x00000297378f7630 DEOPT UNPACKING pc=0x000002971cb42b43 sp=0x000000c92b4fc8e8 mode 1
Event: 396.331 Thread 0x00000297378f7630 DEOPT PACKING pc=0x000002971d87d631 sp=0x000000c92b4fa140
Event: 396.331 Thread 0x00000297378f7630 DEOPT UNPACKING pc=0x000002971cb42b43 sp=0x000000c92b4f9650 mode 1
Event: 396.334 Thread 0x00000297378f7630 DEOPT PACKING pc=0x000002971d87d631 sp=0x000000c92b4fa140
Event: 396.334 Thread 0x00000297378f7630 DEOPT UNPACKING pc=0x000002971cb42b43 sp=0x000000c92b4f9650 mode 1
Event: 396.335 Thread 0x00000297378f7630 DEOPT PACKING pc=0x000002971d87d631 sp=0x000000c92b4fa140
Event: 396.335 Thread 0x00000297378f7630 DEOPT UNPACKING pc=0x000002971cb42b43 sp=0x000000c92b4f9650 mode 1

Classes loaded (20 events):
Event: 395.070 Loading class org/thymeleaf/spring6/SpringTemplateEngine
Event: 395.070 Loading class org/thymeleaf/spring6/SpringTemplateEngine done
Event: 395.071 Loading class org/apache/jasper/compiler/JspConfig
Event: 395.071 Loading class org/apache/jasper/compiler/JspConfig done
Event: 395.189 Loading class org/aspectj/weaver/Advice
Event: 395.190 Loading class org/aspectj/weaver/Advice done
Event: 395.192 Loading class org/aspectj/weaver/Advice
Event: 395.192 Loading class org/aspectj/weaver/Advice done
Event: 395.700 Loading class org/springframework/transaction/aspectj/AbstractTransactionAspect
Event: 395.700 Loading class org/springframework/transaction/aspectj/AbstractTransactionAspect done
Event: 396.102 Loading class jakarta/inject/Inject
Event: 396.102 Loading class jakarta/inject/Inject done
Event: 396.103 Loading class javax/inject/Inject
Event: 396.103 Loading class javax/inject/Inject done
Event: 396.104 Loading class javax/annotation/PostConstruct
Event: 396.104 Loading class javax/annotation/PostConstruct done
Event: 396.105 Loading class javax/annotation/PreDestroy
Event: 396.105 Loading class javax/annotation/PreDestroy done
Event: 396.114 Loading class jakarta/validation/Validator
Event: 396.114 Loading class jakarta/validation/Validator done

Classes unloaded (0 events):
No events

Classes redefined (0 events):
No events

Internal exceptions (20 events):
Event: 387.724 Thread 0x00000297378f97e0 Exception <a 'java/lang/NoClassDefFoundError'{0x00000000c3879ef0}: liquibase/exception/ChangeLogParseException> (0x00000000c3879ef0) 
thrown [s\src\hotspot\share\classfile\systemDictionary.cpp, line 244]
Event: 387.735 Thread 0x00000297378f97e0 Exception <a 'java/lang/NoClassDefFoundError'{0x00000000c38b0888}: org/springframework/jdbc/CannotGetJdbcConnectionException> (0x00000000c38b0888) 
thrown [s\src\hotspot\share\classfile\systemDictionary.cpp, line 244]
Event: 387.806 Thread 0x00000297378f97e0 Exception <a 'java/io/IOException'{0x00000000c373e6e0}> (0x00000000c373e6e0) 
thrown [s\src\hotspot\share\prims\jni.cpp, line 516]
Event: 387.806 Thread 0x00000297378f97e0 Exception <a 'java/io/IOException'{0x00000000c373e9f0}> (0x00000000c373e9f0) 
thrown [s\src\hotspot\share\prims\jni.cpp, line 516]
Event: 392.563 Thread 0x00000297378f7630 Exception <a 'sun/nio/fs/WindowsException'{0x00000000c37d5bd8}> (0x00000000c37d5bd8) 
thrown [s\src\hotspot\share\prims\jni.cpp, line 516]
Event: 392.713 Thread 0x00000297378f7630 Exception <a 'java/io/IOException'{0x00000000c35adce8}> (0x00000000c35adce8) 
thrown [s\src\hotspot\share\prims\jni.cpp, line 516]
Event: 392.713 Thread 0x00000297378f7630 Exception <a 'java/io/IOException'{0x00000000c35adff8}> (0x00000000c35adff8) 
thrown [s\src\hotspot\share\prims\jni.cpp, line 516]
Event: 392.713 Thread 0x00000297378f7630 Exception <a 'java/io/IOException'{0x00000000c35ae340}> (0x00000000c35ae340) 
thrown [s\src\hotspot\share\prims\jni.cpp, line 516]
Event: 392.714 Thread 0x00000297378f7630 Exception <a 'java/io/IOException'{0x00000000c35ae650}> (0x00000000c35ae650) 
thrown [s\src\hotspot\share\prims\jni.cpp, line 516]
Event: 392.715 Thread 0x00000297378f7630 Exception <a 'java/io/IOException'{0x00000000c35aecb0}> (0x00000000c35aecb0) 
thrown [s\src\hotspot\share\prims\jni.cpp, line 516]
Event: 392.715 Thread 0x00000297378f7630 Exception <a 'java/io/IOException'{0x00000000c35aefc0}> (0x00000000c35aefc0) 
thrown [s\src\hotspot\share\prims\jni.cpp, line 516]
Event: 392.715 Thread 0x00000297378f7630 Exception <a 'java/io/IOException'{0x00000000c35af308}> (0x00000000c35af308) 
thrown [s\src\hotspot\share\prims\jni.cpp, line 516]
Event: 392.715 Thread 0x00000297378f7630 Exception <a 'java/io/IOException'{0x00000000c35af618}> (0x00000000c35af618) 
thrown [s\src\hotspot\share\prims\jni.cpp, line 516]
Event: 392.723 Thread 0x00000297378f7630 Exception <a 'java/io/IOException'{0x00000000c35bec60}> (0x00000000c35bec60) 
thrown [s\src\hotspot\share\prims\jni.cpp, line 516]
Event: 392.723 Thread 0x00000297378f7630 Exception <a 'java/io/IOException'{0x00000000c35bef70}> (0x00000000c35bef70) 
thrown [s\src\hotspot\share\prims\jni.cpp, line 516]
Event: 392.723 Thread 0x00000297378f7630 Exception <a 'java/io/IOException'{0x00000000c35c0508}> (0x00000000c35c0508) 
thrown [s\src\hotspot\share\prims\jni.cpp, line 516]
Event: 392.723 Thread 0x00000297378f7630 Exception <a 'java/io/IOException'{0x00000000c35c0818}> (0x00000000c35c0818) 
thrown [s\src\hotspot\share\prims\jni.cpp, line 516]
Event: 392.735 Thread 0x00000297378f7630 Exception <a 'sun/nio/fs/WindowsException'{0x00000000c35ef8b8}> (0x00000000c35ef8b8) 
thrown [s\src\hotspot\share\prims\jni.cpp, line 516]
Event: 396.095 Thread 0x00000297378f7630 Exception <a 'java/lang/NoClassDefFoundError'{0x00000000c34af7a0}: org/flywaydb/core/Flyway> (0x00000000c34af7a0) 
thrown [s\src\hotspot\share\oops\constantPool.cpp, line 836]
Event: 396.095 Thread 0x00000297378f7630 Exception <a 'java/lang/NoClassDefFoundError'{0x00000000c34afdf0}: liquibase/integration/spring/SpringLiquibase> (0x00000000c34afdf0) 
thrown [s\src\hotspot\share\oops\constantPool.cpp, line 836]

VM Operations (20 events):
Event: 373.437 Executing VM operation: Cleanup
Event: 373.437 Executing VM operation: Cleanup done
Event: 384.530 Executing VM operation: Cleanup
Event: 384.530 Executing VM operation: Cleanup done
Event: 384.780 Executing VM operation: G1CollectFull
Event: 384.891 Executing VM operation: G1CollectFull done
Event: 385.894 Executing VM operation: Cleanup
Event: 386.821 Executing VM operation: Cleanup done
Event: 387.367 Executing VM operation: G1CollectForAllocation
Event: 387.375 Executing VM operation: G1CollectForAllocation done
Event: 388.382 Executing VM operation: Cleanup
Event: 388.382 Executing VM operation: Cleanup done
Event: 393.428 Executing VM operation: Cleanup
Event: 393.428 Executing VM operation: Cleanup done
Event: 393.814 Executing VM operation: G1CollectForAllocation
Event: 393.819 Executing VM operation: G1CollectForAllocation done
Event: 394.824 Executing VM operation: Cleanup
Event: 394.825 Executing VM operation: Cleanup done
Event: 395.842 Executing VM operation: Cleanup
Event: 395.860 Executing VM operation: Cleanup done

Events (20 events):
Event: 384.981 Thread 0x00000297378fab20 Thread exited: 0x00000297378fab20
Event: 384.981 Thread 0x00000297378f97e0 Thread added: 0x00000297378f97e0
Event: 385.393 Thread 0x000002973488a860 Thread exited: 0x000002973488a860
Event: 385.778 Thread 0x00000297378fb990 Thread added: 0x00000297378fb990
Event: 386.017 Thread 0x00000297378fb990 Thread exited: 0x00000297378fb990
Event: 386.822 Thread 0x0000029734889ec0 Thread exited: 0x0000029734889ec0
Event: 387.658 Thread 0x00000297378fa650 Thread added: 0x00000297378fa650
Event: 387.659 Thread 0x00000297378fb990 Thread added: 0x00000297378fb990
Event: 387.659 Thread 0x00000297378fd1a0 Thread added: 0x00000297378fd1a0
Event: 387.671 Thread 0x00000297378fd1a0 Thread exited: 0x00000297378fd1a0
Event: 387.672 Thread 0x00000297378fa650 Thread exited: 0x00000297378fa650
Event: 387.673 Thread 0x00000297378fb990 Thread exited: 0x00000297378fb990
Event: 387.810 Thread 0x00000297378f97e0 Thread exited: 0x00000297378f97e0
Event: 387.812 Thread 0x00000297378f7b00 Thread added: 0x00000297378f7b00
Event: 392.526 Thread 0x00000297378f7630 Thread added: 0x00000297378f7630
Event: 393.502 Thread 0x00000297378fab20 Thread added: 0x00000297378fab20
Event: 393.680 Thread 0x00000297378fab20 Thread exited: 0x00000297378fab20
Event: 393.695 Thread 0x00000297348c5c70 Thread added: 0x00000297348c5c70
Event: 394.313 Thread 0x00000297348c5c70 Thread exited: 0x00000297348c5c70
Event: 395.196 Thread 0x00000297348c5c70 Thread added: 0x00000297348c5c70


Dynamic libraries:
0x00007ff67f0d0000 - 0x00007ff67f0dd000 	C:\Users\ERIN_JAVALead\.jdks\corretto-18.0.2\bin\java.exe
0x00007ffa76fd0000 - 0x00007ffa771c8000 	C:\WINDOWS\SYSTEM32\ntdll.dll
0x00007ffa757f0000 - 0x00007ffa758b1000 	C:\WINDOWS\System32\KERNEL32.DLL
0x00007ffa74b00000 - 0x00007ffa74df6000 	C:\WINDOWS\System32\KERNELBASE.dll
0x00007ffa74a00000 - 0x00007ffa74b00000 	C:\WINDOWS\System32\ucrtbase.dll
0x00007ffa546c0000 - 0x00007ffa546d7000 	C:\Users\ERIN_JAVALead\.jdks\corretto-18.0.2\bin\jli.dll
0x00007ffa75100000 - 0x00007ffa7529f000 	C:\WINDOWS\System32\USER32.dll
0x00007ffa74780000 - 0x00007ffa747a2000 	C:\WINDOWS\System32\win32u.dll
0x00007ffa755b0000 - 0x00007ffa755db000 	C:\WINDOWS\System32\GDI32.dll
0x00007ffa74e00000 - 0x00007ffa74f17000 	C:\WINDOWS\System32\gdi32full.dll
0x00007ffa746e0000 - 0x00007ffa7477d000 	C:\WINDOWS\System32\msvcp_win.dll
0x00007ffa5cc40000 - 0x00007ffa5ceda000 	C:\WINDOWS\WinSxS\amd64_microsoft.windows.common-controls_6595b64144ccf1df_6.0.19041.4355_none_60b8b9eb71f62e16\COMCTL32.dll
0x00007ffa76eb0000 - 0x00007ffa76f4e000 	C:\WINDOWS\System32\msvcrt.dll
0x00007ffa546e0000 - 0x00007ffa546f5000 	C:\Users\ERIN_JAVALead\.jdks\corretto-18.0.2\bin\VCRUNTIME140.dll
0x00007ffa750d0000 - 0x00007ffa750ff000 	C:\WINDOWS\System32\IMM32.DLL
0x00007ffa45e90000 - 0x00007ffa45f2b000 	C:\Users\ERIN_JAVALead\.jdks\corretto-18.0.2\bin\msvcp140.dll
0x00007ffa418e0000 - 0x00007ffa42551000 	C:\Users\ERIN_JAVALead\.jdks\corretto-18.0.2\bin\server\jvm.dll
0x00007ffa76d20000 - 0x00007ffa76dd0000 	C:\WINDOWS\System32\ADVAPI32.dll
0x00007ffa76c80000 - 0x00007ffa76d20000 	C:\WINDOWS\System32\sechost.dll
0x00007ffa762d0000 - 0x00007ffa763f3000 	C:\WINDOWS\System32\RPCRT4.dll
0x00007ffa74870000 - 0x00007ffa74897000 	C:\WINDOWS\System32\bcrypt.dll
0x00007ffa76f50000 - 0x00007ffa76f58000 	C:\WINDOWS\System32\PSAPI.DLL
0x00007ffa5ff60000 - 0x00007ffa5ff69000 	C:\WINDOWS\SYSTEM32\WSOCK32.dll
0x00007ffa76de0000 - 0x00007ffa76e4b000 	C:\WINDOWS\System32\WS2_32.dll
0x00007ffa4eb70000 - 0x00007ffa4eb97000 	C:\WINDOWS\SYSTEM32\WINMM.dll
0x00007ffa6e920000 - 0x00007ffa6e92a000 	C:\WINDOWS\SYSTEM32\VERSION.dll
0x00007ffa723b0000 - 0x00007ffa723c2000 	C:\WINDOWS\SYSTEM32\kernel.appcore.dll
0x00007ffa6b7a0000 - 0x00007ffa6b7aa000 	C:\Users\ERIN_JAVALead\.jdks\corretto-18.0.2\bin\jimage.dll
0x00007ffa543a0000 - 0x00007ffa54584000 	C:\WINDOWS\SYSTEM32\DBGHELP.DLL
0x00007ffa54360000 - 0x00007ffa54394000 	C:\WINDOWS\SYSTEM32\dbgcore.DLL
0x00007ffa74650000 - 0x00007ffa746d2000 	C:\WINDOWS\System32\bcryptPrimitives.dll
0x00007ffa51880000 - 0x00007ffa518ba000 	C:\Users\ERIN_JAVALead\.jdks\corretto-18.0.2\bin\jdwp.dll
0x00007ffa629c0000 - 0x00007ffa629ce000 	C:\Users\ERIN_JAVALead\.jdks\corretto-18.0.2\bin\instrument.dll
0x00007ffa527a0000 - 0x00007ffa527c5000 	C:\Users\ERIN_JAVALead\.jdks\corretto-18.0.2\bin\java.dll
0x00007ffa52370000 - 0x00007ffa52388000 	C:\Users\ERIN_JAVALead\.jdks\corretto-18.0.2\bin\zip.dll
0x00007ffa45db0000 - 0x00007ffa45e86000 	C:\Users\ERIN_JAVALead\.jdks\corretto-18.0.2\bin\jsvml.dll
0x00007ffa76460000 - 0x00007ffa76bcc000 	C:\WINDOWS\System32\SHELL32.dll
0x00007ffa72690000 - 0x00007ffa72e2e000 	C:\WINDOWS\SYSTEM32\windows.storage.dll
0x00007ffa75b00000 - 0x00007ffa75e53000 	C:\WINDOWS\System32\combase.dll
0x00007ffa73ec0000 - 0x00007ffa73eee000 	C:\WINDOWS\SYSTEM32\Wldp.dll
0x00007ffa75450000 - 0x00007ffa7551d000 	C:\WINDOWS\System32\OLEAUT32.dll
0x00007ffa76bd0000 - 0x00007ffa76c7d000 	C:\WINDOWS\System32\SHCORE.dll
0x00007ffa758c0000 - 0x00007ffa75915000 	C:\WINDOWS\System32\shlwapi.dll
0x00007ffa74580000 - 0x00007ffa745a4000 	C:\WINDOWS\SYSTEM32\profapi.dll
0x00007ffa617a0000 - 0x00007ffa617ac000 	C:\Users\ERIN_JAVALead\.jdks\corretto-18.0.2\bin\dt_socket.dll
0x00007ffa739a0000 - 0x00007ffa739db000 	C:\WINDOWS\SYSTEM32\IPHLPAPI.DLL
0x00007ffa73ca0000 - 0x00007ffa73d0a000 	C:\WINDOWS\system32\mswsock.dll
0x00007ffa545a0000 - 0x00007ffa545b3000 	C:\Users\ERIN_JAVALead\.jdks\corretto-18.0.2\bin\net.dll
0x00007ffa6e780000 - 0x00007ffa6e88a000 	C:\WINDOWS\SYSTEM32\WINHTTP.dll
0x00007ffa52750000 - 0x00007ffa52765000 	C:\Users\ERIN_JAVALead\.jdks\corretto-18.0.2\bin\nio.dll
0x00007ffa62370000 - 0x00007ffa62379000 	C:\Users\ERIN_JAVALead\.jdks\corretto-18.0.2\bin\management.dll
0x00007ffa622f0000 - 0x00007ffa622fb000 	C:\Users\ERIN_JAVALead\.jdks\corretto-18.0.2\bin\management_ext.dll
0x00007ffa610f0000 - 0x00007ffa610fe000 	C:\Users\ERIN_JAVALead\.jdks\corretto-18.0.2\bin\sunmscapi.dll
0x00007ffa748a0000 - 0x00007ffa749fe000 	C:\WINDOWS\System32\CRYPT32.dll
0x00007ffa74010000 - 0x00007ffa74039000 	C:\WINDOWS\SYSTEM32\ncrypt.dll
0x00007ffa73fd0000 - 0x00007ffa7400b000 	C:\WINDOWS\SYSTEM32\NTASN1.dll
0x00007ffa73f00000 - 0x00007ffa73f18000 	C:\WINDOWS\SYSTEM32\CRYPTSP.dll
0x00007ffa735e0000 - 0x00007ffa73614000 	C:\WINDOWS\system32\rsaenh.dll
0x00007ffa744f0000 - 0x00007ffa7451e000 	C:\WINDOWS\SYSTEM32\USERENV.dll
0x00007ffa73e30000 - 0x00007ffa73e3c000 	C:\WINDOWS\SYSTEM32\CRYPTBASE.dll
0x00007ffa76dd0000 - 0x00007ffa76dd8000 	C:\WINDOWS\System32\NSI.dll
0x00007ffa6e540000 - 0x00007ffa6e557000 	C:\WINDOWS\SYSTEM32\dhcpcsvc6.DLL
0x00007ffa6e520000 - 0x00007ffa6e53d000 	C:\WINDOWS\SYSTEM32\dhcpcsvc.DLL
0x00007ffa739e0000 - 0x00007ffa73aaa000 	C:\WINDOWS\SYSTEM32\DNSAPI.dll

dbghelp: loaded successfully - version: 4.0.5 - missing functions: none
symbol engine: initialized successfully - sym options: 0x614 - pdb path: .;C:\Users\ERIN_JAVALead\.jdks\corretto-18.0.2\bin;C:\WINDOWS\SYSTEM32;C:\WINDOWS\WinSxS\amd64_microsoft.windows.common-controls_6595b64144ccf1df_6.0.19041.4355_none_60b8b9eb71f62e16;C:\Users\ERIN_JAVALead\.jdks\corretto-18.0.2\bin\server

VM Arguments:
jvm_args: -agentlib:jdwp=transport=dt_socket,address=127.0.0.1:55921,suspend=y,server=n -javaagent:C:\Users\ERIN_JAVALead\AppData\Local\JetBrains\IdeaIC2021.3\captureAgent\debugger-agent.jar -Dfile.encoding=UTF-8 
java_command: com.smart_host.hotelallocation.HotelallocationApplication
java_class_path (initial): C:\Users\ERIN_JAVALead\Downloads\hotelallocation\hotelallocation\target\classes;C:\Users\ERIN_JAVALead\.m2\repository\org\springframework\boot\spring-boot-starter-data-rest\3.3.1\spring-boot-starter-data-rest-3.3.1.jar;C:\Users\ERIN_JAVALead\.m2\repository\org\springframework\data\spring-data-rest-webmvc\4.3.1\spring-data-rest-webmvc-4.3.1.jar;C:\Users\ERIN_JAVALead\.m2\repository\org\springframework\data\spring-data-rest-core\4.3.1\spring-data-rest-core-4.3.1.jar;C:\Users\ERIN_JAVALead\.m2\repository\org\springframework\spring-tx\6.1.10\spring-tx-6.1.10.jar;C:\Users\ERIN_JAVALead\.m2\repository\org\springframework\hateoas\spring-hateoas\2.3.0\spring-hateoas-2.3.0.jar;C:\Users\ERIN_JAVALead\.m2\repository\org\springframework\data\spring-data-commons\3.3.1\spring-data-commons-3.3.1.jar;C:\Users\ERIN_JAVALead\.m2\repository\org\springframework\plugin\spring-plugin-core\3.0.0\spring-plugin-core-3.0.0.jar;C:\Users\ERIN_JAVALead\.m2\repository\org\atteo\evo-inflector\1.3\evo-inflector-1.3.jar;C:\Users\ERIN_JAVALead\.m2\repository\com\fasterxml\jackson\core\jackson-databind\2.17.1\jackson-databind-2.17.1.jar;C:\Users\ERIN_JAVALead\.m2\repository\com\fasterxml\jackson\core\jackson-core\2.17.1\jackson-core-2.17.1.jar;C:\Users\ERIN_JAVALead\.m2\repository\com\fasterxml\jackson\core\jackson-annotations\2.17.1\jackson-annotations-2.17.1.jar;C:\Users\ERIN_JAVALead\.m2\repository\org\slf4j\slf4j-api\2.0.13\slf4j-api-2.0.13.jar;C:\Users\ERIN_JAVALead\.m2\repository\org\springframework\boot\spring-boot-starter-web\3.3.1\spring-boot-starter-web-3.3.1.jar;C:\Users\ERIN_JAVALead\.m2\repository\org\springframework\boot\spring-boot-starter\3.3.1\spring-boot-starter-3.3.1.jar;C:\Users\ERIN_JAVALead\.m2\repository\org\springframework\boot\spring-boot-starter-logging\3.3.1\spring-boot-starter-logging-3.3.1.jar;C:\Users\ERIN_JAVALead\.m2\repository\ch\qos\logback\logback-classic\1.5.6\logback-classic-1.5.6.jar;C:\Users\ERIN_JAVALead\.m2\repository\ch\qos\logback\logback-core\1.5.6\logback-core-1.5.6.jar;C:\Users\ERIN_JAVALead\.m2\repository\org\apache\logging\log4j\log4j-to-slf4j\2.23.1\log4j-to-slf4j-2.23.1.jar;C:\Users\ERIN_JAVALead\.m2\repository\org\apache\logging\log4j\log4j-api\2.23.1\log4j-api-2.23.1.jar;C:\Users\ERIN_JAVALead\.m2\repository\org\slf4j\jul-to-slf4j\2.0.13\jul-to-slf4j-2.0.13.jar;C:\Users\ERIN_JAVALead\.m2\repository\jakarta\annotation\jakarta.annotation-api\2.1.1\jakarta.annotation-api-2.1.1.jar;C:\Users\ERIN_JAVALead\.m2\repository\org\yaml\snakeyaml\2.2\snakeyaml-2.2.jar;C:\Users\ERIN_JAVALead\.m2\repository\org\springframework\boot\spring-boot-starter-json\3.3.1\spring-boot-starter-json-3.3.1.jar;C:\Users\ERIN_JAVALead\.m2\repository\com\fasterxml\jackson\datatype\jackson-datatype-jdk8\2.17.1\jackson-datatype-jdk8-2.17.1.jar;C:\Users\ERIN_JAVALead\.m2\repository\com\fasterxml\jackson\datatype\jackson-datatype-jsr310\2.17.1\jackson-datatype-jsr310-2.17.1.jar;C:\Users\ERIN_JAVALead\.m2\repository\com\fasterxml\jackson\module\jackson-module-parameter-names\2.17.1\jackson-module-parameter-names-2.17.1.jar;C:\Users\ERIN_JAVALead\.m2\repository\org\springframework\boot\spring-boot-starter-tomcat\3.3.1\spring-boot-starter-tomcat-3.3.1.jar;C:\Users\ERIN_JAVALead\.m2\repository\org\apache\tomcat\embed\tomcat-embed-core\10.1.25\tomcat-embed-core-10.1.25.jar;C:\Users\ERIN_JAVALead\.m2\repository\org\apache\tomcat\embed\tomcat-embed-el\10.1.25\tomcat-embed-el-10.1.25.jar;C:\Users\ERIN_JAVALead\.m2\repository\org\apache\tomcat\embed\tomcat-embed-websocket\10.1.25\tomcat-embed-websocket-10.1.25.jar;C:\Users\ERIN_JAVALead\.m2\repository\org\springframework\spring-web\6.1.10\spring-web-6.1.10.jar;C:\Users\ERIN_JAVALead\.m2\repository\org\springframework\spring-beans\6.1.10\spring-beans-6.1.10.jar;C:\Users\ERIN_JAVALead\.m2\repository\io\micrometer\micrometer-observation\1.13.1\micrometer-observation-1.13.1.jar;C:\Users\ERIN_JAVALead\.m2\repository\io\micrometer\micrometer-commons\1.13.1\micrometer-commons-1.13.1.jar;C:\Users\ERIN_JAVALead\.m2\repository\org\springframework\spring-webmvc\6.1.10\spring-webmvc-6.1.10.jar;C:\Users\ERIN_JAVALead\.m2\repository\org\springframework\spring-aop\6.1.10\spring-aop-6.1.10.jar;C:\Users\ERIN_JAVALead\.m2\repository\org\springframework\spring-context\6.1.10\spring-context-6.1.10.jar;C:\Users\ERIN_JAVALead\.m2\repository\org\springframework\spring-expression\6.1.10\spring-expression-6.1.10.jar;C:\Users\ERIN_JAVALead\.m2\repository\org\springframework\boot\spring-boot-devtools\3.3.1\spring-boot-devtools-3.3.1.jar;C:\Users\ERIN_JAVALead\.m2\repository\org\springframework\boot\spring-boot\3.3.1\spring-boot-3.3.1.jar;C:\Users\ERIN_JAVALead\.m2\repository\org\springframework\boot\spring-boot-autoconfigure\3.3.1\spring-boot-autoconfigure-3.3.1.jar;C:\Users\ERIN_JAVALead\.m2\repository\org\projectlombok\lombok\1.18.32\lombok-1.18.32.jar;C:\Users\ERIN_JAVALead\.m2\repository\com\jayway\jsonpath\json-path\2.9.0\json-path-2.9.0.jar;C:\Users\ERIN_JAVALead\.m2\repository\net\minidev\json-smart\2.5.1\json-smart-2.5.1.jar;C:\Users\ERIN_JAVALead\.m2\repository\net\minidev\accessors-smart\2.5.1\accessors-smart-2.5.1.jar;C:\Users\ERIN_JAVALead\.m2\repository\org\ow2\asm\asm\9.6\asm-9.6.jar;C:\Users\ERIN_JAVALead\.m2\repository\org\springframework\spring-core\6.1.10\spring-core-6.1.10.jar;C:\Users\ERIN_JAVALead\.m2\repository\org\springframework\spring-jcl\6.1.10\spring-jcl-6.1.10.jar;C:\Program Files\JetBrains\IntelliJ IDEA Community Edition 2021.3.3\lib\idea_rt.jar
Launcher Type: SUN_STANDARD

[Global flags]
     intx CICompilerCount                          = 3                                         {product} {ergonomic}
     uint ConcGCThreads                            = 1                                         {product} {ergonomic}
     uint G1ConcRefinementThreads                  = 4                                         {product} {ergonomic}
   size_t G1HeapRegionSize                         = 1048576                                   {product} {ergonomic}
    uintx GCDrainStackTargetSize                   = 64                                        {product} {ergonomic}
   size_t InitialHeapSize                          = 67108864                                  {product} {ergonomic}
   size_t MarkStackSize                            = 4194304                                   {product} {ergonomic}
   size_t MaxHeapSize                              = 1052770304                                {product} {ergonomic}
   size_t MaxNewSize                               = 631242752                                 {product} {ergonomic}
   size_t MinHeapDeltaBytes                        = 1048576                                   {product} {ergonomic}
   size_t MinHeapSize                              = 8388608                                   {product} {ergonomic}
    uintx NonNMethodCodeHeapSize                   = 5832780                                {pd product} {ergonomic}
    uintx NonProfiledCodeHeapSize                  = 122912730                              {pd product} {ergonomic}
    uintx ProfiledCodeHeapSize                     = 122912730                              {pd product} {ergonomic}
    uintx ReservedCodeCacheSize                    = 251658240                              {pd product} {ergonomic}
     bool SegmentedCodeCache                       = true                                      {product} {ergonomic}
   size_t SoftMaxHeapSize                          = 1052770304                             {manageable} {ergonomic}
     bool UseCompressedClassPointers               = true                           {product lp64_product} {ergonomic}
     bool UseCompressedOops                        = true                           {product lp64_product} {ergonomic}
     bool UseG1GC                                  = true                                      {product} {ergonomic}
     bool UseLargePagesIndividualAllocation        = false                                  {pd product} {ergonomic}

Logging:
Log output configuration:
 #0: stdout all=warning uptime,level,tags foldmultilines=false
 #1: stderr all=off uptime,level,tags foldmultilines=false

Environment Variables:
JAVA_HOME=C:\Program Files\Java\jdk-17
PATH=C:\Program Files (x86)\Common Files\Oracle\Java\javapath;C:\WINDOWS\system32;C:\WINDOWS;C:\WINDOWS\System32\Wbem;C:\WINDOWS\System32\WindowsPowerShell\v1.0\;C:\WINDOWS\System32\OpenSSH\;C:\Program Files (x86)\nodejs\;C:\Program Files (x86)\nodejs\npm;C:\Users\ERIN_JAVALead\AppData\Roaming\npm;C:\Program Files\Git\cmd;C:\Program Files (x86)\dotnet\;C:\Program Files (x86)\Microsoft SQL Server\160\DTS\Binn\;C:\Program Files\Azure Data Studio\bin;C:\Program Files (x86)\Microsoft SQL Server\160\Tools\Binn\;C:\Program Files\Microsoft SQL Server\160\Tools\Binn\;C:\Program Files\Microsoft SQL Server\Client SDK\ODBC\170\Tools\Binn\;C:\Program Files\Microsoft SQL Server\160\DTS\Binn\;C:\Program Files\Java\jdk1.8.0_202\bin;C:\Program Files\Java\jdk1.8.0_202\jre\bin;C:\kafkasrc\bin\windows;C:\Program Files\Docker\Docker\resources\bin;C:\Program Files\Docker\Docker;C:\Users\ERIN_JAVALead\AppData\Local\Microsoft\WindowsApps;;C:\Users\ERIN_JAVALead\AppData\Local\Programs\Microsoft VS Code\bin;C:\Users\ERIN_JAVALead\AppData\Roaming\npm;C:\Program Files\Azure Data Studio\bin
USERNAME=ERIN_JAVALead
OS=Windows_NT
PROCESSOR_IDENTIFIER=Intel64 Family 6 Model 78 Stepping 3, GenuineIntel



---------------  S Y S T E M  ---------------

OS:
 Windows 10 , 64 bit Build 19041 (10.0.19041.4597)
OS uptime: 0 days 5:36 hours
Hyper-V role detected

CPU: total 4 (initial active 4) (2 cores per cpu, 2 threads per core) family 6 model 78 stepping 3 microcode 0xcc, cx8, cmov, fxsr, ht, mmx, 3dnowpref, sse, sse2, sse3, ssse3, sse4.1, sse4.2, popcnt, lzcnt, tsc, tscinvbit, avx, avx2, aes, erms, clmul, bmi1, bmi2, adx, fma, vzeroupper, clflush, clflushopt, hv

Memory: 4k page, system-wide physical 4012M (397M free)
TotalPageFile size 6060M (AvailPageFile size 6M)
current process WorkingSet (physical memory assigned to process): 148M, peak: 198M
current process commit charge ("private bytes"): 213M, peak: 229M

vm_info: OpenJDK 64-Bit Server VM (18.0.2+9-FR) for windows-amd64 JRE (18.0.2+9-FR), built on Jul 15 2022 20:03:03 by "Administrator" with MS VC++ 15.9 (VS2017)

END.
