#
# There is insufficient memory for the Java Runtime Environment to continue.
# Native memory allocation (malloc) failed to allocate 32744 bytes for Chunk::new
# Possible reasons:
#   The system is out of physical RAM or swap space
#   The process is running with CompressedOops enabled, and the Java Heap may be blocking the growth of the native heap
# Possible solutions:
#   Reduce memory load on the system
#   Increase physical memory or swap space
#   Check if swap backing store is full
#   Decrease Java heap size (-Xmx/-Xms)
#   Decrease number of Java threads
#   Decrease Java thread stack sizes (-Xss)
#   Set larger code cache with -XX:ReservedCodeCacheSize=
#   JVM is running with Unscaled Compressed Oops mode in which the Java heap is
#     placed in the first 4GB address space. The Java Heap base address is the
#     maximum limit for the native heap growth. Please use -XX:HeapBaseMinAddress
#     to set the Java Heap base and to place the Java Heap above 4GB virtual address.
# This output file may be truncated or incomplete.
#
#  Out of Memory Error (arena.cpp:184), pid=7660, tid=6612
#
# JRE version: OpenJDK Runtime Environment Corretto-18.0.2.9.1 (18.0.2+9) (build 18.0.2+9-FR)
# Java VM: OpenJDK 64-Bit Server VM Corretto-18.0.2.9.1 (18.0.2+9-FR, mixed mode, sharing, tiered, compressed oops, compressed class ptrs, g1 gc, windows-amd64)
# No core dump will be written. Minidumps are not enabled by default on client versions of Windows
#

---------------  S U M M A R Y ------------

Command Line: -javaagent:C:\Program Files\JetBrains\IntelliJ IDEA Community Edition 2021.3.3\lib\idea_rt.jar=61829:C:\Program Files\JetBrains\IntelliJ IDEA Community Edition 2021.3.3\bin -Dfile.encoding=UTF-8 com.smart_host.hotelallocation.HotelallocationApplication

Host: Intel(R) Core(TM) i3-6006U CPU @ 2.00GHz, 4 cores, 3G,  Windows 10 , 64 bit Build 19041 (10.0.19041.4597)
Time: Fri Jul 19 11:44:35 2024 W. Europe Daylight Time elapsed time: 10.598121 seconds (0d 0h 0m 10s)

---------------  T H R E A D  ---------------

Current thread (0x000002ca8bc02a80):  JavaThread "C1 CompilerThread0" daemon [_thread_in_native, id=6612, stack(0x000000f59db00000,0x000000f59dc00000)]


Current CompileTask:
C1:  10598 4167       3       org.springframework.core.MethodParameter::<init> (30 bytes)

Stack: [0x000000f59db00000,0x000000f59dc00000]
Native frames: (J=compiled Java code, j=interpreted, Vv=VM code, C=native code)
V  [jvm.dll+0x685a2a]
V  [jvm.dll+0x82ae8d]
V  [jvm.dll+0x82c75e]
V  [jvm.dll+0x82ce03]
V  [jvm.dll+0x25ef4b]
V  [jvm.dll+0xd42d2]
V  [jvm.dll+0xd4665]
V  [jvm.dll+0x261550]
V  [jvm.dll+0x14ceca]
V  [jvm.dll+0x14c335]
V  [jvm.dll+0x14e0f6]
V  [jvm.dll+0x24212c]
V  [jvm.dll+0x240534]
V  [jvm.dll+0x7df6db]
V  [jvm.dll+0x7d9cba]
V  [jvm.dll+0x6848a5]
C  [ucrtbase.dll+0x21bb2]
C  [KERNEL32.DLL+0x17374]
C  [ntdll.dll+0x4cc91]


---------------  P R O C E S S  ---------------

Threads class SMR info:
_java_thread_list=0x000002caaf8a3ef0, length=19, elements={
0x000002ca8bb4b280, 0x000002ca8bbea580, 0x000002ca8bbeb1e0, 0x000002ca8bbff7e0,
0x000002ca8bc00090, 0x000002ca8bc00a30, 0x000002ca8bc013d0, 0x000002ca8bc020a0,
0x000002ca8bc02a80, 0x000002ca8bc0ad30, 0x000002caad4283a0, 0x000002caad50fbf0,
0x000002caad5100b0, 0x000002caadd25cf0, 0x000002caada4dd50, 0x000002caadef03b0,
0x000002caadef0880, 0x000002caadeefa10, 0x000002caae6e7d10
}

Java Threads: ( => current thread )
  0x000002ca8bb4b280 JavaThread "main" [_thread_blocked, id=11328, stack(0x000000f59cd00000,0x000000f59ce00000)]
  0x000002ca8bbea580 JavaThread "Reference Handler" daemon [_thread_blocked, id=7360, stack(0x000000f59d400000,0x000000f59d500000)]
  0x000002ca8bbeb1e0 JavaThread "Finalizer" daemon [_thread_blocked, id=9864, stack(0x000000f59d500000,0x000000f59d600000)]
  0x000002ca8bbff7e0 JavaThread "Signal Dispatcher" daemon [_thread_blocked, id=10100, stack(0x000000f59d600000,0x000000f59d700000)]
  0x000002ca8bc00090 JavaThread "Attach Listener" daemon [_thread_blocked, id=5364, stack(0x000000f59d700000,0x000000f59d800000)]
  0x000002ca8bc00a30 JavaThread "Service Thread" daemon [_thread_blocked, id=7160, stack(0x000000f59d800000,0x000000f59d900000)]
  0x000002ca8bc013d0 JavaThread "Monitor Deflation Thread" daemon [_thread_blocked, id=9444, stack(0x000000f59d900000,0x000000f59da00000)]
  0x000002ca8bc020a0 JavaThread "C2 CompilerThread0" daemon [_thread_in_native, id=3180, stack(0x000000f59da00000,0x000000f59db00000)]
=>0x000002ca8bc02a80 JavaThread "C1 CompilerThread0" daemon [_thread_in_native, id=6612, stack(0x000000f59db00000,0x000000f59dc00000)]
  0x000002ca8bc0ad30 JavaThread "Sweeper thread" daemon [_thread_blocked, id=10168, stack(0x000000f59dc00000,0x000000f59dd00000)]
  0x000002caad4283a0 JavaThread "Common-Cleaner" daemon [_thread_blocked, id=7884, stack(0x000000f59dd00000,0x000000f59de00000)]
  0x000002caad50fbf0 JavaThread "Monitor Ctrl-Break" daemon [_thread_in_native, id=10200, stack(0x000000f59de00000,0x000000f59df00000)]
  0x000002caad5100b0 JavaThread "Notification Thread" daemon [_thread_blocked, id=8092, stack(0x000000f59df00000,0x000000f59e000000)]
  0x000002caadd25cf0 JavaThread "Thread-0" [_thread_blocked, id=12808, stack(0x000000f59e400000,0x000000f59e500000)]
  0x000002caada4dd50 JavaThread "restartedMain" [_thread_in_Java, id=7212, stack(0x000000f59e500000,0x000000f59e600000)]
  0x000002caadef03b0 JavaThread "Catalina-utility-1" [_thread_blocked, id=13896, stack(0x000000f59e600000,0x000000f59e700000)]
  0x000002caadef0880 JavaThread "Catalina-utility-2" [_thread_blocked, id=11464, stack(0x000000f59e700000,0x000000f59e800000)]
  0x000002caadeefa10 JavaThread "container-0" [_thread_blocked, id=2508, stack(0x000000f59e800000,0x000000f59e900000)]
  0x000002caae6e7d10 JavaThread "C2 CompilerThread1" daemon [_thread_in_native, id=11356, stack(0x000000f59e900000,0x000000f59ea00000)]

Other Threads:
  0x000002ca8bbe4dc0 VMThread "VM Thread" [stack: 0x000000f59d300000,0x000000f59d400000] [id=4092]
  0x000002caad5123a0 WatcherThread "VM Periodic Task Thread" [stack: 0x000000f59e000000,0x000000f59e100000] [id=13848]
  0x000002ca8bb8bf30 WorkerThread "GC Thread#0" [stack: 0x000000f59ce00000,0x000000f59cf00000] [id=520]
  0x000002caadc84a90 WorkerThread "GC Thread#1" [stack: 0x000000f59e100000,0x000000f59e200000] [id=10968]
  0x000002caad91ae60 WorkerThread "GC Thread#2" [stack: 0x000000f59e200000,0x000000f59e300000] [id=6684]
  0x000002caad922590 WorkerThread "GC Thread#3" [stack: 0x000000f59e300000,0x000000f59e400000] [id=13100]
  0x000002ca8bb95bf0 ConcurrentGCThread "G1 Main Marker" [stack: 0x000000f59cf00000,0x000000f59d000000] [id=2028]
  0x000002ca8bb965e0 WorkerThread "G1 Conc#0" [stack: 0x000000f59d000000,0x000000f59d100000] [id=11916]
  0x000002ca8bbbf300 ConcurrentGCThread "G1 Refine#0" [stack: 0x000000f59d100000,0x000000f59d200000] [id=11256]
  0x000002ca8bbbfc10 ConcurrentGCThread "G1 Service" [stack: 0x000000f59d200000,0x000000f59d300000] [id=9816]

Threads with active compile tasks:
C2 CompilerThread0    10660 4088       4       org.springframework.beans.factory.support.AbstractBeanFactory::isTypeMatch (745 bytes)
C1 CompilerThread0    10660 4167       3       org.springframework.core.MethodParameter::<init> (30 bytes)
C2 CompilerThread1    10660 4147       4       java.lang.invoke.InvokerBytecodeGenerator::emitPushArgument (150 bytes)

VM state: not at safepoint (normal execution)

VM Mutex/Monitor currently owned by a thread: None

Heap address: 0x00000000c1400000, size: 1004 MB, Compressed Oops mode: 32-bit

CDS archive(s) mapped at: [0x0000000800000000-0x0000000800ba0000-0x0000000800ba0000), size 12189696, SharedBaseAddress: 0x0000000800000000, ArchiveRelocationMode: 0.
Compressed class space mapped at: 0x0000000800c00000-0x0000000840c00000, reserved size: 1073741824
Narrow klass base: 0x0000000800000000, Narrow klass shift: 0, Narrow klass range: 0x100000000

GC Precious Log:
 CardTable entry size: 512
 Card Set container configuration: InlinePtr #cards 5 size 8 Array Of Cards #cards 12 size 40 Howl #buckets 4 coarsen threshold 1843 Howl Bitmap #cards 512 size 80 coarsen threshold 460 Card regions per heap region 1 cards per card region 2048
 CPUs: 4 total, 4 available
 Memory: 4012M
 Large Page Support: Disabled
 NUMA Support: Disabled
 Compressed Oops: Enabled (32-bit)
 Heap Region Size: 1M
 Heap Min Capacity: 8M
 Heap Initial Capacity: 64M
 Heap Max Capacity: 1004M
 Pre-touch: Disabled
 Parallel Workers: 4
 Concurrent Workers: 1
 Concurrent Refinement Workers: 4
 Periodic GC: Disabled

Heap:
 garbage-first heap   total 48128K, used 23907K [0x00000000c1400000, 0x0000000100000000)
  region size 1024K, 10 young (10240K), 3 survivors (3072K)
 Metaspace       used 33520K, committed 34112K, reserved 1114112K
  class space    used 4332K, committed 4608K, reserved 1048576K

Heap Regions: E=young(eden), S=young(survivor), O=old, HS=humongous(starts), HC=humongous(continues), CS=collection set, F=free, OA=open archive, CA=closed archive, TAMS=top-at-mark-start (previous, next)
|   0|0x00000000c1400000, 0x00000000c1500000, 0x00000000c1500000|100%| O|  |TAMS 0x00000000c1500000, 0x00000000c1400000| Untracked 
|   1|0x00000000c1500000, 0x00000000c1600000, 0x00000000c1600000|100%| O|  |TAMS 0x00000000c1600000, 0x00000000c1500000| Untracked 
|   2|0x00000000c1600000, 0x00000000c1700000, 0x00000000c1700000|100%| O|  |TAMS 0x00000000c1700000, 0x00000000c1600000| Untracked 
|   3|0x00000000c1700000, 0x00000000c1800000, 0x00000000c1800000|100%| O|  |TAMS 0x00000000c1800000, 0x00000000c1700000| Untracked 
|   4|0x00000000c1800000, 0x00000000c1900000, 0x00000000c1900000|100%| O|  |TAMS 0x00000000c18b9600, 0x00000000c1800000| Untracked 
|   5|0x00000000c1900000, 0x00000000c1a00000, 0x00000000c1a00000|100%| O|  |TAMS 0x00000000c1900000, 0x00000000c1900000| Untracked 
|   6|0x00000000c1a00000, 0x00000000c1b00000, 0x00000000c1b00000|100%| O|  |TAMS 0x00000000c1a00000, 0x00000000c1a00000| Untracked 
|   7|0x00000000c1b00000, 0x00000000c1b06800, 0x00000000c1c00000|  2%| O|  |TAMS 0x00000000c1b00000, 0x00000000c1b00000| Untracked 
|   8|0x00000000c1c00000, 0x00000000c1d00000, 0x00000000c1d00000|100%| O|  |TAMS 0x00000000c1c00000, 0x00000000c1c00000| Untracked 
|   9|0x00000000c1d00000, 0x00000000c1e00000, 0x00000000c1e00000|100%| O|  |TAMS 0x00000000c1d00000, 0x00000000c1d00000| Untracked 
|  10|0x00000000c1e00000, 0x00000000c1f00000, 0x00000000c1f00000|100%| O|  |TAMS 0x00000000c1e00000, 0x00000000c1e00000| Untracked 
|  11|0x00000000c1f00000, 0x00000000c2000000, 0x00000000c2000000|100%| O|  |TAMS 0x00000000c1f00000, 0x00000000c1f00000| Untracked 
|  12|0x00000000c2000000, 0x00000000c2100000, 0x00000000c2100000|100%| O|  |TAMS 0x00000000c2000000, 0x00000000c2000000| Untracked 
|  13|0x00000000c2100000, 0x00000000c2200000, 0x00000000c2200000|100%| O|  |TAMS 0x00000000c2100000, 0x00000000c2100000| Untracked 
|  14|0x00000000c2200000, 0x00000000c2300000, 0x00000000c2300000|100%| O|  |TAMS 0x00000000c2200000, 0x00000000c2200000| Untracked 
|  15|0x00000000c2300000, 0x00000000c23c5800, 0x00000000c2400000| 77%| O|  |TAMS 0x00000000c2300000, 0x00000000c2300000| Untracked 
|  16|0x00000000c2400000, 0x00000000c2400000, 0x00000000c2500000|  0%| F|  |TAMS 0x00000000c2400000, 0x00000000c2400000| Untracked 
|  17|0x00000000c2500000, 0x00000000c2500000, 0x00000000c2600000|  0%| F|  |TAMS 0x00000000c2500000, 0x00000000c2500000| Untracked 
|  18|0x00000000c2600000, 0x00000000c2600000, 0x00000000c2700000|  0%| F|  |TAMS 0x00000000c2600000, 0x00000000c2600000| Untracked 
|  19|0x00000000c2700000, 0x00000000c2700000, 0x00000000c2800000|  0%| F|  |TAMS 0x00000000c2700000, 0x00000000c2700000| Untracked 
|  20|0x00000000c2800000, 0x00000000c2800000, 0x00000000c2900000|  0%| F|  |TAMS 0x00000000c2800000, 0x00000000c2800000| Untracked 
|  21|0x00000000c2900000, 0x00000000c2900000, 0x00000000c2a00000|  0%| F|  |TAMS 0x00000000c2900000, 0x00000000c2900000| Untracked 
|  22|0x00000000c2a00000, 0x00000000c2a00000, 0x00000000c2b00000|  0%| F|  |TAMS 0x00000000c2a00000, 0x00000000c2a00000| Untracked 
|  23|0x00000000c2b00000, 0x00000000c2b8cf28, 0x00000000c2c00000| 55%| S|CS|TAMS 0x00000000c2b00000, 0x00000000c2b00000| Complete 
|  24|0x00000000c2c00000, 0x00000000c2d00000, 0x00000000c2d00000|100%| S|CS|TAMS 0x00000000c2c00000, 0x00000000c2c00000| Complete 
|  25|0x00000000c2d00000, 0x00000000c2e00000, 0x00000000c2e00000|100%| S|CS|TAMS 0x00000000c2d00000, 0x00000000c2d00000| Complete 
|  26|0x00000000c2e00000, 0x00000000c2e00000, 0x00000000c2f00000|  0%| F|  |TAMS 0x00000000c2e00000, 0x00000000c2e00000| Untracked 
|  27|0x00000000c2f00000, 0x00000000c2f00000, 0x00000000c3000000|  0%| F|  |TAMS 0x00000000c2f00000, 0x00000000c2f00000| Untracked 
|  28|0x00000000c3000000, 0x00000000c3000000, 0x00000000c3100000|  0%| F|  |TAMS 0x00000000c3000000, 0x00000000c3000000| Untracked 
|  29|0x00000000c3100000, 0x00000000c3100000, 0x00000000c3200000|  0%| F|  |TAMS 0x00000000c3100000, 0x00000000c3100000| Untracked 
|  30|0x00000000c3200000, 0x00000000c3200000, 0x00000000c3300000|  0%| F|  |TAMS 0x00000000c3200000, 0x00000000c3200000| Untracked 
|  31|0x00000000c3300000, 0x00000000c3300000, 0x00000000c3400000|  0%| F|  |TAMS 0x00000000c3300000, 0x00000000c3300000| Untracked 
|  32|0x00000000c3400000, 0x00000000c3400000, 0x00000000c3500000|  0%| F|  |TAMS 0x00000000c3400000, 0x00000000c3400000| Untracked 
|  33|0x00000000c3500000, 0x00000000c3500000, 0x00000000c3600000|  0%| F|  |TAMS 0x00000000c3500000, 0x00000000c3500000| Untracked 
|  34|0x00000000c3600000, 0x00000000c3600000, 0x00000000c3700000|  0%| F|  |TAMS 0x00000000c3600000, 0x00000000c3600000| Untracked 
|  35|0x00000000c3700000, 0x00000000c3700000, 0x00000000c3800000|  0%| F|  |TAMS 0x00000000c3700000, 0x00000000c3700000| Untracked 
|  36|0x00000000c3800000, 0x00000000c3800000, 0x00000000c3900000|  0%| F|  |TAMS 0x00000000c3800000, 0x00000000c3800000| Untracked 
|  37|0x00000000c3900000, 0x00000000c3900000, 0x00000000c3a00000|  0%| F|  |TAMS 0x00000000c3900000, 0x00000000c3900000| Untracked 
|  38|0x00000000c3a00000, 0x00000000c3a00000, 0x00000000c3b00000|  0%| F|  |TAMS 0x00000000c3a00000, 0x00000000c3a00000| Untracked 
|  39|0x00000000c3b00000, 0x00000000c3b00000, 0x00000000c3c00000|  0%| F|  |TAMS 0x00000000c3b00000, 0x00000000c3b00000| Untracked 
|  40|0x00000000c3c00000, 0x00000000c3ca2cc8, 0x00000000c3d00000| 63%| E|  |TAMS 0x00000000c3c00000, 0x00000000c3c00000| Complete 
|  44|0x00000000c4000000, 0x00000000c4100000, 0x00000000c4100000|100%| E|CS|TAMS 0x00000000c4000000, 0x00000000c4000000| Complete 
|  45|0x00000000c4100000, 0x00000000c4200000, 0x00000000c4200000|100%| E|CS|TAMS 0x00000000c4100000, 0x00000000c4100000| Complete 
|  46|0x00000000c4200000, 0x00000000c4300000, 0x00000000c4300000|100%| E|CS|TAMS 0x00000000c4200000, 0x00000000c4200000| Complete 
|  47|0x00000000c4300000, 0x00000000c4400000, 0x00000000c4400000|100%| E|CS|TAMS 0x00000000c4300000, 0x00000000c4300000| Complete 
|  48|0x00000000c4400000, 0x00000000c4500000, 0x00000000c4500000|100%| E|CS|TAMS 0x00000000c4400000, 0x00000000c4400000| Complete 
|  63|0x00000000c5300000, 0x00000000c5400000, 0x00000000c5400000|100%| E|CS|TAMS 0x00000000c5300000, 0x00000000c5300000| Complete 

Card table byte_map: [0x000002caa4730000,0x000002caa4930000] _byte_map_base: 0x000002caa4126000

Marking Bits (Prev, Next): (CMBitMap*) 0x000002ca8bb8d580, (CMBitMap*) 0x000002ca8bb8d540
 Prev Bits: [0x000002caa5ae0000, 0x000002caa6a90000)
 Next Bits: [0x000002caa4b30000, 0x000002caa5ae0000)

Polling page: 0x000002ca8ba00000

Metaspace:

Usage:
  Non-class:     28.53 MB used.
      Class:      4.24 MB used.
       Both:     32.76 MB used.

Virtual space:
  Non-class space:       64.00 MB reserved,      28.88 MB ( 45%) committed,  1 nodes.
      Class space:        1.00 GB reserved,       4.50 MB ( <1%) committed,  1 nodes.
             Both:        1.06 GB reserved,      33.38 MB (  3%) committed. 

Chunk freelists:
   Non-Class:  2.92 MB
       Class:  3.51 MB
        Both:  6.43 MB

MaxMetaspaceSize: unlimited
CompressedClassSpaceSize: 1.00 GB
Initial GC threshold: 21.00 MB
Current GC threshold: 35.13 MB
CDS: on
MetaspaceReclaimPolicy: balanced
 - commit_granule_bytes: 65536.
 - commit_granule_words: 8192.
 - virtual_space_node_default_size: 8388608.
 - enlarge_chunks_in_place: 1.
 - new_chunks_are_fully_committed: 0.
 - uncommit_free_chunks: 1.
 - use_allocation_guard: 0.


Internal statistics:

num_allocs_failed_limit: 3.
num_arena_births: 866.
num_arena_deaths: 0.
num_vsnodes_births: 2.
num_vsnodes_deaths: 0.
num_space_committed: 534.
num_space_uncommitted: 0.
num_chunks_returned_to_freelist: 3.
num_chunks_taken_from_freelist: 2062.
num_chunk_merges: 3.
num_chunk_splits: 1429.
num_chunks_enlarged: 1071.
num_inconsistent_stats: 0.

CodeHeap 'non-profiled nmethods': size=120000Kb used=2011Kb max_used=2011Kb free=117989Kb
 bounds [0x000002ca9c9e0000, 0x000002ca9cc50000, 0x000002caa3f10000]
CodeHeap 'profiled nmethods': size=120000Kb used=9132Kb max_used=9132Kb free=110867Kb
 bounds [0x000002ca954b0000, 0x000002ca95da0000, 0x000002ca9c9e0000]
CodeHeap 'non-nmethods': size=5760Kb used=1230Kb max_used=1281Kb free=4529Kb
 bounds [0x000002ca94f10000, 0x000002ca95180000, 0x000002ca954b0000]
 total_blobs=4683 nmethods=4159 adapters=435
 compilation: enabled
              stopped_count=0, restarted_count=0
 full_count=0

Compilation events (20 events):
Event: 10.564 Thread 0x000002ca8bc02a80 nmethod 4157 0x000002ca95d98390 code [0x000002ca95d98520, 0x000002ca95d98658]
Event: 10.564 Thread 0x000002ca8bc02a80 4158       3       java.util.IdentityHashMap::hash (18 bytes)
Event: 10.564 Thread 0x000002ca8bc02a80 nmethod 4158 0x000002ca95d98710 code [0x000002ca95d988a0, 0x000002ca95d989c8]
Event: 10.564 Thread 0x000002ca8bc02a80 4156       3       org.springframework.core.annotation.MissingMergedAnnotation::withNonMergedAttributes (2 bytes)
Event: 10.564 Thread 0x000002ca8bc02a80 nmethod 4156 0x000002ca95d98a90 code [0x000002ca95d98c20, 0x000002ca95d98d38]
Event: 10.565 Thread 0x000002ca8bc02a80 4159       3       sun.reflect.generics.reflectiveObjects.WildcardTypeImpl::getLowerBounds (34 bytes)
Event: 10.565 Thread 0x000002ca8bc02a80 nmethod 4159 0x000002ca95d98e10 code [0x000002ca95d98fe0, 0x000002ca95d99658]
Event: 10.567 Thread 0x000002ca8bc02a80 4160       3       org.springframework.core.SerializableTypeWrapper$MethodInvokeTypeProvider::<init> (36 bytes)
Event: 10.567 Thread 0x000002ca8bc02a80 nmethod 4160 0x000002ca95d99790 code [0x000002ca95d99940, 0x000002ca95d99c58]
Event: 10.568 Thread 0x000002ca8bc02a80 4161       1       org.springframework.core.annotation.MissingMergedAnnotation::getDistance (2 bytes)
Event: 10.569 Thread 0x000002ca8bc02a80 nmethod 4161 0x000002ca9cbd6310 code [0x000002ca9cbd64a0, 0x000002ca9cbd6578]
Event: 10.579 Thread 0x000002ca8bc02a80 4163       3       com.fasterxml.jackson.databind.util.internal.PrivateMaxEntriesMap::checkArgument (13 bytes)
Event: 10.580 Thread 0x000002ca8bc02a80 nmethod 4163 0x000002ca95d99d90 code [0x000002ca95d99f40, 0x000002ca95d9a128]
Event: 10.582 Thread 0x000002ca8bc02a80 4164       1       org.springframework.beans.factory.config.DependencyDescriptor::supportsLazyResolution (2 bytes)
Event: 10.582 Thread 0x000002ca8bc02a80 nmethod 4164 0x000002ca9cbd6610 code [0x000002ca9cbd67a0, 0x000002ca9cbd6878]
Event: 10.584 Thread 0x000002ca8bc02a80 4165   !   3       org.springframework.core.annotation.AnnotationsScanner::processElement (40 bytes)
Event: 10.585 Thread 0x000002ca8bc02a80 nmethod 4165 0x000002ca95d9a210 code [0x000002ca95d9a400, 0x000002ca95d9a7f8]
Event: 10.589 Thread 0x000002ca8bc02a80 4166       3       java.lang.invoke.LambdaForm$NamedFunction::<init> (95 bytes)
Event: 10.590 Thread 0x000002ca8bc02a80 nmethod 4166 0x000002ca95d9a990 code [0x000002ca95d9ab80, 0x000002ca95d9b078]
Event: 10.593 Thread 0x000002ca8bc02a80 4167       3       org.springframework.core.MethodParameter::<init> (30 bytes)

GC Heap History (16 events):
Event: 1.824 GC heap before
{Heap before GC invocations=0 (full 0):
 garbage-first heap   total 65536K, used 12288K [0x00000000c1400000, 0x0000000100000000)
  region size 1024K, 13 young (13312K), 0 survivors (0K)
 Metaspace       used 3964K, committed 4224K, reserved 1114112K
  class space    used 403K, committed 512K, reserved 1048576K
}
Event: 1.861 GC heap after
{Heap after GC invocations=1 (full 0):
 garbage-first heap   total 65536K, used 4582K [0x00000000c1400000, 0x0000000100000000)
  region size 1024K, 2 young (2048K), 2 survivors (2048K)
 Metaspace       used 3964K, committed 4224K, reserved 1114112K
  class space    used 403K, committed 512K, reserved 1048576K
}
Event: 2.774 GC heap before
{Heap before GC invocations=1 (full 0):
 garbage-first heap   total 65536K, used 15846K [0x00000000c1400000, 0x0000000100000000)
  region size 1024K, 13 young (13312K), 2 survivors (2048K)
 Metaspace       used 6874K, committed 7104K, reserved 1114112K
  class space    used 779K, committed 896K, reserved 1048576K
}
Event: 2.779 GC heap after
{Heap after GC invocations=2 (full 0):
 garbage-first heap   total 65536K, used 5677K [0x00000000c1400000, 0x0000000100000000)
  region size 1024K, 1 young (1024K), 1 survivors (1024K)
 Metaspace       used 6874K, committed 7104K, reserved 1114112K
  class space    used 779K, committed 896K, reserved 1048576K
}
Event: 4.217 GC heap before
{Heap before GC invocations=2 (full 0):
 garbage-first heap   total 65536K, used 28205K [0x00000000c1400000, 0x0000000100000000)
  region size 1024K, 23 young (23552K), 1 survivors (1024K)
 Metaspace       used 12250K, committed 12544K, reserved 1114112K
  class space    used 1576K, committed 1728K, reserved 1048576K
}
Event: 4.225 GC heap after
{Heap after GC invocations=3 (full 0):
 garbage-first heap   total 65536K, used 7319K [0x00000000c1400000, 0x0000000100000000)
  region size 1024K, 3 young (3072K), 3 survivors (3072K)
 Metaspace       used 12250K, committed 12544K, reserved 1114112K
  class space    used 1576K, committed 1728K, reserved 1048576K
}
Event: 5.719 GC heap before
{Heap before GC invocations=3 (full 0):
 garbage-first heap   total 65536K, used 40087K [0x00000000c1400000, 0x0000000100000000)
  region size 1024K, 36 young (36864K), 3 survivors (3072K)
 Metaspace       used 19296K, committed 19584K, reserved 1114112K
  class space    used 2408K, committed 2560K, reserved 1048576K
}
Event: 5.729 GC heap after
{Heap after GC invocations=4 (full 0):
 garbage-first heap   total 65536K, used 9924K [0x00000000c1400000, 0x0000000100000000)
  region size 1024K, 5 young (5120K), 5 survivors (5120K)
 Metaspace       used 19296K, committed 19584K, reserved 1114112K
  class space    used 2408K, committed 2560K, reserved 1048576K
}
Event: 6.571 GC heap before
{Heap before GC invocations=4 (full 0):
 garbage-first heap   total 65536K, used 23236K [0x00000000c1400000, 0x0000000100000000)
  region size 1024K, 20 young (20480K), 5 survivors (5120K)
 Metaspace       used 21285K, committed 21504K, reserved 1114112K
  class space    used 2648K, committed 2752K, reserved 1048576K
}
Event: 6.586 GC heap after
{Heap after GC invocations=5 (full 0):
 garbage-first heap   total 65536K, used 11498K [0x00000000c1400000, 0x0000000100000000)
  region size 1024K, 5 young (5120K), 5 survivors (5120K)
 Metaspace       used 21285K, committed 21504K, reserved 1114112K
  class space    used 2648K, committed 2752K, reserved 1048576K
}
Event: 8.171 GC heap before
{Heap before GC invocations=6 (full 0):
 garbage-first heap   total 48128K, used 34026K [0x00000000c1400000, 0x0000000100000000)
  region size 1024K, 28 young (28672K), 5 survivors (5120K)
 Metaspace       used 25555K, committed 25920K, reserved 1114112K
  class space    used 3225K, committed 3392K, reserved 1048576K
}
Event: 8.185 GC heap after
{Heap after GC invocations=7 (full 0):
 garbage-first heap   total 48128K, used 13423K [0x00000000c1400000, 0x0000000100000000)
  region size 1024K, 4 young (4096K), 4 survivors (4096K)
 Metaspace       used 25555K, committed 25920K, reserved 1114112K
  class space    used 3225K, committed 3392K, reserved 1048576K
}
Event: 9.172 GC heap before
{Heap before GC invocations=7 (full 0):
 garbage-first heap   total 48128K, used 31855K [0x00000000c1400000, 0x0000000100000000)
  region size 1024K, 23 young (23552K), 4 survivors (4096K)
 Metaspace       used 29277K, committed 29824K, reserved 1114112K
  class space    used 3706K, committed 3968K, reserved 1048576K
}
Event: 9.185 GC heap after
{Heap after GC invocations=8 (full 0):
 garbage-first heap   total 48128K, used 15137K [0x00000000c1400000, 0x0000000100000000)
  region size 1024K, 2 young (2048K), 2 survivors (2048K)
 Metaspace       used 29277K, committed 29824K, reserved 1114112K
  class space    used 3706K, committed 3968K, reserved 1048576K
}
Event: 10.278 GC heap before
{Heap before GC invocations=8 (full 0):
 garbage-first heap   total 48128K, used 34593K [0x00000000c1400000, 0x0000000100000000)
  region size 1024K, 21 young (21504K), 2 survivors (2048K)
 Metaspace       used 32248K, committed 32832K, reserved 1114112K
  class space    used 4163K, committed 4416K, reserved 1048576K
}
Event: 10.287 GC heap after
{Heap after GC invocations=9 (full 0):
 garbage-first heap   total 48128K, used 17763K [0x00000000c1400000, 0x0000000100000000)
  region size 1024K, 3 young (3072K), 3 survivors (3072K)
 Metaspace       used 32248K, committed 32832K, reserved 1114112K
  class space    used 4163K, committed 4416K, reserved 1048576K
}

Deoptimization events (20 events):
Event: 9.816 Thread 0x000002caada4dd50 Uncommon trap: trap_request=0xffffff45 fr.pc=0x000002ca9cb5d870 relative=0x00000000000006b0
Event: 9.816 Thread 0x000002caada4dd50 Uncommon trap: reason=unstable_if action=reinterpret pc=0x000002ca9cb5d870 method=org.springframework.beans.factory.support.DefaultSingletonBeanRegistry.getSingleton(Ljava/lang/String;Z)Ljava/lang/Object; @ 39 c2
Event: 9.816 Thread 0x000002caada4dd50 DEOPT PACKING pc=0x000002ca9cb5d870 sp=0x000000f59e5f9ab0
Event: 9.816 Thread 0x000002caada4dd50 DEOPT UNPACKING pc=0x000002ca94f623a3 sp=0x000000f59e5f9a48 mode 2
Event: 9.985 Thread 0x000002caada4dd50 Uncommon trap: trap_request=0xffffff45 fr.pc=0x000002ca9cb671e4 relative=0x0000000000003de4
Event: 9.985 Thread 0x000002caada4dd50 Uncommon trap: reason=unstable_if action=reinterpret pc=0x000002ca9cb671e4 method=org.springframework.beans.factory.support.AbstractBeanFactory.isTypeMatch(Ljava/lang/String;Lorg/springframework/core/ResolvableType;Z)Z @ 79 c2
Event: 9.985 Thread 0x000002caada4dd50 DEOPT PACKING pc=0x000002ca9cb671e4 sp=0x000000f59e5fdbf0
Event: 9.985 Thread 0x000002caada4dd50 DEOPT UNPACKING pc=0x000002ca94f623a3 sp=0x000000f59e5fdbb8 mode 2
Event: 10.179 Thread 0x000002caada4dd50 Uncommon trap: trap_request=0xffffff45 fr.pc=0x000002ca9c9e9f40 relative=0x00000000000000a0
Event: 10.179 Thread 0x000002caada4dd50 Uncommon trap: reason=unstable_if action=reinterpret pc=0x000002ca9c9e9f40 method=java.lang.String.isLatin1()Z @ 10 c2
Event: 10.179 Thread 0x000002caada4dd50 DEOPT PACKING pc=0x000002ca9c9e9f40 sp=0x000000f59e5fada0
Event: 10.179 Thread 0x000002caada4dd50 DEOPT UNPACKING pc=0x000002ca94f623a3 sp=0x000000f59e5facd0 mode 2
Event: 10.352 Thread 0x000002caada4dd50 Uncommon trap: trap_request=0xffffff45 fr.pc=0x000002ca9cbc4d18 relative=0x0000000000000638
Event: 10.352 Thread 0x000002caada4dd50 Uncommon trap: reason=unstable_if action=reinterpret pc=0x000002ca9cbc4d18 method=org.springframework.util.ReflectionUtils.lambda$getUniqueDeclaredMethods$2(Ljava/util/List;Ljava/lang/reflect/Method;)V @ 118 c2
Event: 10.352 Thread 0x000002caada4dd50 DEOPT PACKING pc=0x000002ca9cbc4d18 sp=0x000000f59e5fcc30
Event: 10.352 Thread 0x000002caada4dd50 DEOPT UNPACKING pc=0x000002ca94f623a3 sp=0x000000f59e5fcc00 mode 2
Event: 10.566 Thread 0x000002caada4dd50 Uncommon trap: trap_request=0xffffff45 fr.pc=0x000002ca9cb1154c relative=0x000000000000012c
Event: 10.566 Thread 0x000002caada4dd50 Uncommon trap: reason=unstable_if action=reinterpret pc=0x000002ca9cb1154c method=java.util.IdentityHashMap.nextKeyIndex(II)I @ 4 c2
Event: 10.566 Thread 0x000002caada4dd50 DEOPT PACKING pc=0x000002ca9cb1154c sp=0x000000f59e5fc330
Event: 10.566 Thread 0x000002caada4dd50 DEOPT UNPACKING pc=0x000002ca94f623a3 sp=0x000000f59e5fc238 mode 2

Classes loaded (20 events):
Event: 9.524 Loading class java/util/EnumMap$EntrySet
Event: 9.526 Loading class java/util/EnumMap$EntrySet done
Event: 9.527 Loading class java/util/EnumMap$EntryIterator
Event: 9.531 Loading class java/util/EnumMap$EnumMapIterator
Event: 9.531 Loading class java/util/EnumMap$EnumMapIterator done
Event: 9.531 Loading class java/util/EnumMap$EntryIterator done
Event: 9.818 Loading class java/lang/invoke/WrongMethodTypeException
Event: 9.822 Loading class java/lang/invoke/WrongMethodTypeException done
Event: 9.933 Loading class java/util/ArrayList$ListItr
Event: 9.933 Loading class java/util/ArrayList$ListItr done
Event: 10.014 Loading class java/util/Comparators$NullComparator
Event: 10.014 Loading class java/util/Comparators$NullComparator done
Event: 10.048 Loading class sun/reflect/annotation/TypeAnnotation$TypeAnnotationTargetInfo
Event: 10.048 Loading class sun/reflect/annotation/TypeAnnotation$TypeAnnotationTargetInfo done
Event: 10.058 Loading class java/util/HashMap$EntrySpliterator
Event: 10.058 Loading class java/util/HashMap$EntrySpliterator done
Event: 10.401 Loading class java/util/concurrent/CompletableFuture
Event: 10.407 Loading class java/util/concurrent/CompletionStage
Event: 10.408 Loading class java/util/concurrent/CompletionStage done
Event: 10.408 Loading class java/util/concurrent/CompletableFuture done

Classes unloaded (0 events):
No events

Classes redefined (0 events):
No events

Internal exceptions (20 events):
Event: 8.866 Thread 0x000002caada4dd50 Exception <a 'java/lang/NoSuchMethodError'{0x00000000c36af1d0}: 'java.lang.Object java.lang.invoke.DelegatingMethodHandle$Holder.reinvoke_L(java.lang.Object, long, java.lang.Object, java.lang.Object, java.lang.Object, java.lang.Object, java.lang.Object, java.lang.Object)'> (0x00000000c36af1d0) 
thrown [s\src\hotspot\share\interpreter\linkResolver.cpp, line 759]
Event: 8.941 Thread 0x000002caada4dd50 Exception <a 'java/io/FileNotFoundException'{0x00000000c35e29d8}> (0x00000000c35e29d8) 
thrown [s\src\hotspot\share\prims\jni.cpp, line 516]
Event: 8.973 Thread 0x000002caada4dd50 Exception <a 'java/lang/NoSuchMethodError'{0x00000000c34cc188}: 'int java.lang.invoke.DirectMethodHandle$Holder.invokeInterface(java.lang.Object, java.lang.Object, java.lang.Object, java.lang.Object)'> (0x00000000c34cc188) 
thrown [s\src\hotspot\share\interpreter\linkResolver.cpp, line 759]
Event: 9.055 Thread 0x000002caada4dd50 Exception <a 'java/lang/NoSuchMethodError'{0x00000000c328ac20}: 'long java.lang.invoke.DirectMethodHandle$Holder.invokeVirtual(java.lang.Object, java.lang.Object)'> (0x00000000c328ac20) 
thrown [s\src\hotspot\share\interpreter\linkResolver.cpp, line 759]
Event: 9.062 Thread 0x000002caada4dd50 Exception <a 'java/io/FileNotFoundException'{0x00000000c32b6208}> (0x00000000c32b6208) 
thrown [s\src\hotspot\share\prims\jni.cpp, line 516]
Event: 9.092 Thread 0x000002caada4dd50 Exception <a 'java/lang/NoSuchMethodError'{0x00000000c319a778}: 'void java.lang.invoke.Invokers$Holder.invokeExact_MT(java.lang.Object, java.lang.Object, java.lang.Object, java.lang.Object)'> (0x00000000c319a778) 
thrown [s\src\hotspot\share\interpreter\linkResolver.cpp, line 759]
Event: 9.205 Thread 0x000002caada4dd50 Exception <a 'java/lang/NoSuchMethodError'{0x00000000c53582c0}: 'java.lang.Object java.lang.invoke.DirectMethodHandle$Holder.invokeInterface(java.lang.Object, java.lang.Object, java.lang.Object, java.lang.Object)'> (0x00000000c53582c0) 
thrown [s\src\hotspot\share\interpreter\linkResolver.cpp, line 759]
Event: 9.272 Thread 0x000002caada4dd50 Exception <a 'java/lang/NoSuchMethodError'{0x00000000c449e890}: 'java.lang.Object java.lang.invoke.DirectMethodHandle$Holder.newInvokeSpecial(java.lang.Object, java.lang.Object, java.lang.Object, java.lang.Object, java.lang.Object, java.lang.Object)'> (0x00000000c449e890) 
thrown [s\src\hotspot\share\interpreter\linkResolver.cpp, line 759]
Event: 9.282 Thread 0x000002caada4dd50 Exception <a 'java/lang/NoSuchMethodError'{0x00000000c4302208}: 'java.lang.Object java.lang.invoke.DirectMethodHandle$Holder.newInvokeSpecial(java.lang.Object, java.lang.Object, java.lang.Object, java.lang.Object, java.lang.Object, java.lang.Object, java.lang.Object, java.lang.Object)'> (0x00000000c4302208) 
thrown [s\src\hotspot\share\interpreter\linkResolver.cpp, line 759]
Event: 9.334 Thread 0x000002caada4dd50 Exception <a 'java/lang/NoSuchMethodError'{0x00000000c4279a70}: 'java.lang.Object java.lang.invoke.DirectMethodHandle$Holder.newInvokeSpecial(java.lang.Object, java.lang.Object, java.lang.Object, java.lang.Object, java.lang.Object, java.lang.Object, java.lang.Object, java.lang.Object, java.lang.Object)'> (0x00000000c4279a70) 
thrown [s\src\hotspot\share\interpreter\linkResolver.cpp, line 759]
Event: 9.341 Thread 0x000002caada4dd50 Exception <a 'java/lang/IncompatibleClassChangeError'{0x00000000c42b6708}: Found class java.lang.Object, but interface was expected> (0x00000000c42b6708) 
thrown [s\src\hotspot\share\interpreter\linkResolver.cpp, line 826]
Event: 9.389 Thread 0x000002caada4dd50 Exception <a 'sun/nio/fs/WindowsException'{0x00000000c419b350}> (0x00000000c419b350) 
thrown [s\src\hotspot\share\prims\jni.cpp, line 516]
Event: 9.558 Thread 0x000002caada4dd50 Exception <a 'java/lang/NoSuchMethodError'{0x00000000c3cfc350}: 'java.lang.Object java.lang.invoke.DirectMethodHandle$Holder.newInvokeSpecial(java.lang.Object, java.lang.Object, java.lang.Object, java.lang.Object, java.lang.Object, java.lang.Object, java.lang.Object, java.lang.Object, java.lang.Object, java.lang.Object, java.lang.Object)'> (0x00000000c3cfc350) 
thrown [s\src\hotspot\share\interpreter\linkResolver.cpp, line 759]
Event: 9.559 Thread 0x000002caada4dd50 Exception <a 'java/lang/NoSuchMethodError'{0x00000000c3b01ca8}: 'java.lang.Object java.lang.invoke.DirectMethodHandle$Holder.invokeSpecial(java.lang.Object, java.lang.Object, java.lang.Object, java.lang.Object, java.lang.Object, java.lang.Object, java.lang.Object, java.lang.Object, java.lang.Object, java.lang.Object, java.lang.Object, java.lang.Object)'> (0x00000000c3b01ca8) 
thrown [s\src\hotspot\share\interpreter\linkResolver.cpp, line 759]
Event: 9.663 Thread 0x000002caada4dd50 Exception <a 'java/lang/NoSuchMethodError'{0x00000000c391da68}: 'java.lang.Object java.lang.invoke.DirectMethodHandle$Holder.invokeVirtual(java.lang.Object, java.lang.Object, int)'> (0x00000000c391da68) 
thrown [s\src\hotspot\share\interpreter\linkResolver.cpp, line 759]
Event: 9.794 Thread 0x000002caada4dd50 Exception <a 'java/lang/NoSuchMethodError'{0x00000000c38bf9d8}: 'java.lang.Object java.lang.invoke.DirectMethodHandle$Holder.invokeVirtual(java.lang.Object, java.lang.Object, java.lang.Object, java.lang.Object, java.lang.Object, java.lang.Object, java.lang.Object, java.lang.Object)'> (0x00000000c38bf9d8) 
thrown [s\src\hotspot\share\interpreter\linkResolver.cpp, line 759]
Event: 9.815 Thread 0x000002caada4dd50 Implicit null exception at 0x000002ca9cac9446 to 0x000002ca9cac9502
Event: 10.126 Thread 0x000002caada4dd50 Exception <a 'java/lang/NoSuchMethodError'{0x00000000c323e1b8}: 'java.lang.Object java.lang.invoke.DirectMethodHandle$Holder.invokeSpecialIFC(java.lang.Object, java.lang.Object, java.lang.Object)'> (0x00000000c323e1b8) 
thrown [s\src\hotspot\share\interpreter\linkResolver.cpp, line 759]
Event: 10.311 Thread 0x000002caada4dd50 Exception <a 'java/lang/IncompatibleClassChangeError'{0x00000000c53657d0}: Found class java.lang.Object, but interface was expected> (0x00000000c53657d0) 
thrown [s\src\hotspot\share\interpreter\linkResolver.cpp, line 826]
Event: 10.399 Thread 0x000002caada4dd50 Exception <a 'java/lang/NoSuchMethodError'{0x00000000c44f7eb0}: 'void java.lang.invoke.DirectMethodHandle$Holder.invokeVirtual(java.lang.Object, java.lang.Object, long)'> (0x00000000c44f7eb0) 
thrown [s\src\hotspot\share\interpreter\linkResolver.cpp, line 759]

VM Operations (20 events):
Event: 9.066 Executing VM operation: HandshakeAllThreads
Event: 9.066 Executing VM operation: HandshakeAllThreads done
Event: 9.172 Executing VM operation: G1CollectForAllocation
Event: 9.185 Executing VM operation: G1CollectForAllocation done
Event: 9.859 Executing VM operation: HandshakeAllThreads
Event: 9.860 Executing VM operation: HandshakeAllThreads done
Event: 9.934 Executing VM operation: HandshakeAllThreads
Event: 9.934 Executing VM operation: HandshakeAllThreads done
Event: 9.966 Executing VM operation: HandshakeAllThreads
Event: 9.966 Executing VM operation: HandshakeAllThreads done
Event: 10.039 Executing VM operation: HandshakeAllThreads
Event: 10.039 Executing VM operation: HandshakeAllThreads done
Event: 10.040 Executing VM operation: HandshakeAllThreads
Event: 10.040 Executing VM operation: HandshakeAllThreads done
Event: 10.045 Executing VM operation: ICBufferFull
Event: 10.045 Executing VM operation: ICBufferFull done
Event: 10.278 Executing VM operation: G1CollectForAllocation
Event: 10.287 Executing VM operation: G1CollectForAllocation done
Event: 10.457 Executing VM operation: HandshakeAllThreads
Event: 10.457 Executing VM operation: HandshakeAllThreads done

Events (20 events):
Event: 0.816 Thread 0x000002caad50fbf0 Thread added: 0x000002caad50fbf0
Event: 0.817 Thread 0x000002caad5100b0 Thread added: 0x000002caad5100b0
Event: 0.970 Loaded shared library C:\Users\ERIN_JAVALead\.jdks\corretto-18.0.2\bin\jimage.dll
Event: 2.028 Loaded shared library C:\Users\ERIN_JAVALead\.jdks\corretto-18.0.2\bin\management.dll
Event: 2.032 Loaded shared library C:\Users\ERIN_JAVALead\.jdks\corretto-18.0.2\bin\management_ext.dll
Event: 2.194 Thread 0x000002caadd25cf0 Thread added: 0x000002caadd25cf0
Event: 2.202 Thread 0x000002caada4dd50 Thread added: 0x000002caada4dd50
Event: 3.501 Thread 0x000002caae0aaf40 Thread added: 0x000002caae0aaf40
Event: 4.040 Thread 0x000002caae186610 Thread added: 0x000002caae186610
Event: 5.043 Thread 0x000002caae1c0860 Thread added: 0x000002caae1c0860
Event: 5.278 Thread 0x000002caae1c0860 Thread exited: 0x000002caae1c0860
Event: 5.937 Loaded shared library C:\Users\ERIN_JAVALead\.jdks\corretto-18.0.2\bin\sunmscapi.dll
Event: 6.022 Thread 0x000002caae0aaf40 Thread exited: 0x000002caae0aaf40
Event: 8.726 Thread 0x000002caae186610 Thread exited: 0x000002caae186610
Event: 9.080 Thread 0x000002caadef03b0 Thread added: 0x000002caadef03b0
Event: 9.081 Thread 0x000002caadef0880 Thread added: 0x000002caadef0880
Event: 9.087 Thread 0x000002caadeefa10 Thread added: 0x000002caadeefa10
Event: 9.361 Thread 0x000002caae186610 Thread added: 0x000002caae186610
Event: 10.049 Thread 0x000002caae186610 Thread exited: 0x000002caae186610
Event: 10.337 Thread 0x000002caae6e7d10 Thread added: 0x000002caae6e7d10


Dynamic libraries:
0x00007ff631450000 - 0x00007ff63145d000 	C:\Users\ERIN_JAVALead\.jdks\corretto-18.0.2\bin\java.exe
0x00007ffe69930000 - 0x00007ffe69b28000 	C:\WINDOWS\SYSTEM32\ntdll.dll
0x00007ffe67b80000 - 0x00007ffe67c41000 	C:\WINDOWS\System32\KERNEL32.DLL
0x00007ffe67170000 - 0x00007ffe67466000 	C:\WINDOWS\System32\KERNELBASE.dll
0x00007ffe66fe0000 - 0x00007ffe670e0000 	C:\WINDOWS\System32\ucrtbase.dll
0x00007ffe54e70000 - 0x00007ffe54e87000 	C:\Users\ERIN_JAVALead\.jdks\corretto-18.0.2\bin\jli.dll
0x00007ffe61610000 - 0x00007ffe61625000 	C:\Users\ERIN_JAVALead\.jdks\corretto-18.0.2\bin\VCRUNTIME140.dll
0x00007ffe67d20000 - 0x00007ffe67ebf000 	C:\WINDOWS\System32\USER32.dll
0x00007ffe66fb0000 - 0x00007ffe66fd2000 	C:\WINDOWS\System32\win32u.dll
0x00007ffe4fab0000 - 0x00007ffe4fd4a000 	C:\WINDOWS\WinSxS\amd64_microsoft.windows.common-controls_6595b64144ccf1df_6.0.19041.4355_none_60b8b9eb71f62e16\COMCTL32.dll
0x00007ffe67c50000 - 0x00007ffe67c7b000 	C:\WINDOWS\System32\GDI32.dll
0x00007ffe67470000 - 0x00007ffe67587000 	C:\WINDOWS\System32\gdi32full.dll
0x00007ffe69050000 - 0x00007ffe690ee000 	C:\WINDOWS\System32\msvcrt.dll
0x00007ffe676c0000 - 0x00007ffe6775d000 	C:\WINDOWS\System32\msvcp_win.dll
0x00007ffe690f0000 - 0x00007ffe6911f000 	C:\WINDOWS\System32\IMM32.DLL
0x00007ffe45b80000 - 0x00007ffe45c1b000 	C:\Users\ERIN_JAVALead\.jdks\corretto-18.0.2\bin\msvcp140.dll
0x00007ffe2b660000 - 0x00007ffe2c2d1000 	C:\Users\ERIN_JAVALead\.jdks\corretto-18.0.2\bin\server\jvm.dll
0x00007ffe69590000 - 0x00007ffe69640000 	C:\WINDOWS\System32\ADVAPI32.dll
0x00007ffe68360000 - 0x00007ffe68400000 	C:\WINDOWS\System32\sechost.dll
0x00007ffe69640000 - 0x00007ffe69763000 	C:\WINDOWS\System32\RPCRT4.dll
0x00007ffe675e0000 - 0x00007ffe67607000 	C:\WINDOWS\System32\bcrypt.dll
0x00007ffe69850000 - 0x00007ffe69858000 	C:\WINDOWS\System32\PSAPI.DLL
0x00007ffe53dd0000 - 0x00007ffe53dd9000 	C:\WINDOWS\SYSTEM32\WSOCK32.dll
0x00007ffe42e90000 - 0x00007ffe42eb7000 	C:\WINDOWS\SYSTEM32\WINMM.dll
0x00007ffe68dd0000 - 0x00007ffe68e3b000 	C:\WINDOWS\System32\WS2_32.dll
0x00007ffe614c0000 - 0x00007ffe614ca000 	C:\WINDOWS\SYSTEM32\VERSION.dll
0x00007ffe64df0000 - 0x00007ffe64e02000 	C:\WINDOWS\SYSTEM32\kernel.appcore.dll
0x00007ffe55010000 - 0x00007ffe5501a000 	C:\Users\ERIN_JAVALead\.jdks\corretto-18.0.2\bin\jimage.dll
0x00007ffe46c50000 - 0x00007ffe46e34000 	C:\WINDOWS\SYSTEM32\DBGHELP.DLL
0x00007ffe47440000 - 0x00007ffe47474000 	C:\WINDOWS\SYSTEM32\dbgcore.DLL
0x00007ffe670e0000 - 0x00007ffe67162000 	C:\WINDOWS\System32\bcryptPrimitives.dll
0x00007ffe53a20000 - 0x00007ffe53a2e000 	C:\Users\ERIN_JAVALead\.jdks\corretto-18.0.2\bin\instrument.dll
0x00007ffe48530000 - 0x00007ffe48555000 	C:\Users\ERIN_JAVALead\.jdks\corretto-18.0.2\bin\java.dll
0x00007ffe45680000 - 0x00007ffe45756000 	C:\Users\ERIN_JAVALead\.jdks\corretto-18.0.2\bin\jsvml.dll
0x00007ffe684b0000 - 0x00007ffe68c1c000 	C:\WINDOWS\System32\SHELL32.dll
0x00007ffe64ff0000 - 0x00007ffe6578e000 	C:\WINDOWS\SYSTEM32\windows.storage.dll
0x00007ffe68000000 - 0x00007ffe68353000 	C:\WINDOWS\System32\combase.dll
0x00007ffe66820000 - 0x00007ffe6684e000 	C:\WINDOWS\SYSTEM32\Wldp.dll
0x00007ffe67ec0000 - 0x00007ffe67f8d000 	C:\WINDOWS\System32\OLEAUT32.dll
0x00007ffe68f40000 - 0x00007ffe68fed000 	C:\WINDOWS\System32\SHCORE.dll
0x00007ffe68ee0000 - 0x00007ffe68f35000 	C:\WINDOWS\System32\shlwapi.dll
0x00007ffe66ee0000 - 0x00007ffe66f04000 	C:\WINDOWS\SYSTEM32\profapi.dll
0x00007ffe484f0000 - 0x00007ffe48508000 	C:\Users\ERIN_JAVALead\.jdks\corretto-18.0.2\bin\zip.dll
0x00007ffe48bf0000 - 0x00007ffe48c03000 	C:\Users\ERIN_JAVALead\.jdks\corretto-18.0.2\bin\net.dll
0x00007ffe609b0000 - 0x00007ffe60aba000 	C:\WINDOWS\SYSTEM32\WINHTTP.dll
0x00007ffe66600000 - 0x00007ffe6666a000 	C:\WINDOWS\system32\mswsock.dll
0x00007ffe48510000 - 0x00007ffe48525000 	C:\Users\ERIN_JAVALead\.jdks\corretto-18.0.2\bin\nio.dll
0x00007ffe483f0000 - 0x00007ffe4840a000 	C:\Program Files\JetBrains\IntelliJ IDEA Community Edition 2021.3.3\bin\breakgen64.dll
0x00007ffe49b30000 - 0x00007ffe49b39000 	C:\Users\ERIN_JAVALead\.jdks\corretto-18.0.2\bin\management.dll
0x00007ffe48b50000 - 0x00007ffe48b5b000 	C:\Users\ERIN_JAVALead\.jdks\corretto-18.0.2\bin\management_ext.dll
0x00007ffe53500000 - 0x00007ffe5350e000 	C:\Users\ERIN_JAVALead\.jdks\corretto-18.0.2\bin\sunmscapi.dll
0x00007ffe67760000 - 0x00007ffe678be000 	C:\WINDOWS\System32\CRYPT32.dll
0x00007ffe66970000 - 0x00007ffe66999000 	C:\WINDOWS\SYSTEM32\ncrypt.dll
0x00007ffe66930000 - 0x00007ffe6696b000 	C:\WINDOWS\SYSTEM32\NTASN1.dll
0x00007ffe66860000 - 0x00007ffe66878000 	C:\WINDOWS\SYSTEM32\CRYPTSP.dll
0x00007ffe65f40000 - 0x00007ffe65f74000 	C:\WINDOWS\system32\rsaenh.dll
0x00007ffe66e50000 - 0x00007ffe66e7e000 	C:\WINDOWS\SYSTEM32\USERENV.dll
0x00007ffe66790000 - 0x00007ffe6679c000 	C:\WINDOWS\SYSTEM32\CRYPTBASE.dll
0x00007ffe66300000 - 0x00007ffe6633b000 	C:\WINDOWS\SYSTEM32\IPHLPAPI.DLL
0x00007ffe68ed0000 - 0x00007ffe68ed8000 	C:\WINDOWS\System32\NSI.dll
0x00007ffe60e00000 - 0x00007ffe60e17000 	C:\WINDOWS\SYSTEM32\dhcpcsvc6.DLL
0x00007ffe60de0000 - 0x00007ffe60dfd000 	C:\WINDOWS\SYSTEM32\dhcpcsvc.DLL
0x00007ffe66340000 - 0x00007ffe6640a000 	C:\WINDOWS\SYSTEM32\DNSAPI.dll

dbghelp: loaded successfully - version: 4.0.5 - missing functions: none
symbol engine: initialized successfully - sym options: 0x614 - pdb path: .;C:\Users\ERIN_JAVALead\.jdks\corretto-18.0.2\bin;C:\WINDOWS\SYSTEM32;C:\WINDOWS\WinSxS\amd64_microsoft.windows.common-controls_6595b64144ccf1df_6.0.19041.4355_none_60b8b9eb71f62e16;C:\Users\ERIN_JAVALead\.jdks\corretto-18.0.2\bin\server;C:\Program Files\JetBrains\IntelliJ IDEA Community Edition 2021.3.3\bin

VM Arguments:
jvm_args: -javaagent:C:\Program Files\JetBrains\IntelliJ IDEA Community Edition 2021.3.3\lib\idea_rt.jar=61829:C:\Program Files\JetBrains\IntelliJ IDEA Community Edition 2021.3.3\bin -Dfile.encoding=UTF-8 
java_command: com.smart_host.hotelallocation.HotelallocationApplication
java_class_path (initial): C:\Users\ERIN_JAVALead\Downloads\hotelallocation\hotelallocation\target\classes;C:\Users\ERIN_JAVALead\.m2\repository\org\springframework\boot\spring-boot-starter-validation\3.3.1\spring-boot-starter-validation-3.3.1.jar;C:\Users\ERIN_JAVALead\.m2\repository\org\springframework\boot\spring-boot-starter\3.3.1\spring-boot-starter-3.3.1.jar;C:\Users\ERIN_JAVALead\.m2\repository\org\springframework\boot\spring-boot-starter-logging\3.3.1\spring-boot-starter-logging-3.3.1.jar;C:\Users\ERIN_JAVALead\.m2\repository\ch\qos\logback\logback-classic\1.5.6\logback-classic-1.5.6.jar;C:\Users\ERIN_JAVALead\.m2\repository\ch\qos\logback\logback-core\1.5.6\logback-core-1.5.6.jar;C:\Users\ERIN_JAVALead\.m2\repository\org\apache\logging\log4j\log4j-to-slf4j\2.23.1\log4j-to-slf4j-2.23.1.jar;C:\Users\ERIN_JAVALead\.m2\repository\org\apache\logging\log4j\log4j-api\2.23.1\log4j-api-2.23.1.jar;C:\Users\ERIN_JAVALead\.m2\repository\org\slf4j\jul-to-slf4j\2.0.13\jul-to-slf4j-2.0.13.jar;C:\Users\ERIN_JAVALead\.m2\repository\jakarta\annotation\jakarta.annotation-api\2.1.1\jakarta.annotation-api-2.1.1.jar;C:\Users\ERIN_JAVALead\.m2\repository\org\yaml\snakeyaml\2.2\snakeyaml-2.2.jar;C:\Users\ERIN_JAVALead\.m2\repository\org\apache\tomcat\embed\tomcat-embed-el\10.1.25\tomcat-embed-el-10.1.25.jar;C:\Users\ERIN_JAVALead\.m2\repository\org\hibernate\validator\hibernate-validator\8.0.1.Final\hibernate-validator-8.0.1.Final.jar;C:\Users\ERIN_JAVALead\.m2\repository\jakarta\validation\jakarta.validation-api\3.0.2\jakarta.validation-api-3.0.2.jar;C:\Users\ERIN_JAVALead\.m2\repository\org\jboss\logging\jboss-logging\3.5.3.Final\jboss-logging-3.5.3.Final.jar;C:\Users\ERIN_JAVALead\.m2\repository\com\fasterxml\classmate\1.7.0\classmate-1.7.0.jar;C:\Users\ERIN_JAVALead\.m2\repository\org\springframework\boot\spring-boot-starter-data-rest\3.3.1\spring-boot-starter-data-rest-3.3.1.jar;C:\Users\ERIN_JAVALead\.m2\repository\org\springframework\data\spring-data-rest-webmvc\4.3.1\spring-data-rest-webmvc-4.3.1.jar;C:\Users\ERIN_JAVALead\.m2\repository\org\springframework\data\spring-data-rest-core\4.3.1\spring-data-rest-core-4.3.1.jar;C:\Users\ERIN_JAVALead\.m2\repository\org\springframework\spring-tx\6.1.10\spring-tx-6.1.10.jar;C:\Users\ERIN_JAVALead\.m2\repository\org\springframework\hateoas\spring-hateoas\2.3.0\spring-hateoas-2.3.0.jar;C:\Users\ERIN_JAVALead\.m2\repository\org\springframework\data\spring-data-commons\3.3.1\spring-data-commons-3.3.1.jar;C:\Users\ERIN_JAVALead\.m2\repository\org\springframework\plugin\spring-plugin-core\3.0.0\spring-plugin-core-3.0.0.jar;C:\Users\ERIN_JAVALead\.m2\repository\org\atteo\evo-inflector\1.3\evo-inflector-1.3.jar;C:\Users\ERIN_JAVALead\.m2\repository\com\fasterxml\jackson\core\jackson-databind\2.17.1\jackson-databind-2.17.1.jar;C:\Users\ERIN_JAVALead\.m2\repository\com\fasterxml\jackson\core\jackson-core\2.17.1\jackson-core-2.17.1.jar;C:\Users\ERIN_JAVALead\.m2\repository\com\fasterxml\jackson\core\jackson-annotations\2.17.1\jackson-annotations-2.17.1.jar;C:\Users\ERIN_JAVALead\.m2\repository\org\slf4j\slf4j-api\2.0.13\slf4j-api-2.0.13.jar;C:\Users\ERIN_JAVALead\.m2\repository\org\springframework\boot\spring-boot-starter-web\3.3.1\spring-boot-starter-web-3.3.1.jar;C:\Users\ERIN_JAVALead\.m2\repository\org\springframework\boot\spring-boot-starter-json\3.3.1\spring-boot-starter-json-3.3.1.jar;C:\Users\ERIN_JAVALead\.m2\repository\com\fasterxml\jackson\datatype\jackson-datatype-jdk8\2.17.1\jackson-datatype-jdk8-2.17.1.jar;C:\Users\ERIN_JAVALead\.m2\repository\com\fasterxml\jackson\datatype\jackson-datatype-jsr310\2.17.1\jackson-datatype-jsr310-2.17.1.jar;C:\Users\ERIN_JAVALead\.m2\repository\com\fasterxml\jackson\module\jackson-module-parameter-names\2.17.1\jackson-module-parameter-names-2.17.1.jar;C:\Users\ERIN_JAVALead\.m2\repository\org\springframework\boot\spring-boot-starter-tomcat\3.3.1\spring-boot-starter-tomcat-3.3.1.jar;C:\Users\ERIN_JAVALead\.m2\repository\org\apache\tomcat\embed\tomcat-embed-core\10.1.25\tomcat-embed-core-10.1.25.jar;C:\Users\ERIN_JAVALead\.m2\repository\org\apache\tomcat\embed\tomcat-embed-websocket\10.1.25\tomcat-embed-websocket-10.1.25.jar;C:\Users\ERIN_JAVALead\.m2\repository\org\springframework\spring-web\6.1.10\spring-web-6.1.10.jar;C:\Users\ERIN_JAVALead\.m2\repository\org\springframework\spring-beans\6.1.10\spring-beans-6.1.10.jar;C:\Users\ERIN_JAVALead\.m2\repository\io\micrometer\micrometer-observation\1.13.1\micrometer-observation-1.13.1.jar;C:\Users\ERIN_JAVALead\.m2\repository\io\micrometer\micrometer-commons\1.13.1\micrometer-commons-1.13.1.jar;C:\Users\ERIN_JAVALead\.m2\repository\org\springframework\spring-webmvc\6.1.10\spring-webmvc-6.1.10.jar;C:\Users\ERIN_JAVALead\.m2\repository\org\springframework\spring-aop\6.1.10\spring-aop-6.1.10.jar;C:\Users\ERIN_JAVALead\.m2\repository\org\springframework\spring-context\6.1.10\spring-context-6.1.10.jar;C:\Users\ERIN_JAVALead\.m2\repository\org\springframework\spring-expression\6.1.10\spring-expression-6.1.10.jar;C:\Users\ERIN_JAVALead\.m2\repository\org\springframework\boot\spring-boot-devtools\3.3.1\spring-boot-devtools-3.3.1.jar;C:\Users\ERIN_JAVALead\.m2\repository\org\springframework\boot\spring-boot\3.3.1\spring-boot-3.3.1.jar;C:\Users\ERIN_JAVALead\.m2\repository\org\springframework\boot\spring-boot-autoconfigure\3.3.1\spring-boot-autoconfigure-3.3.1.jar;C:\Users\ERIN_JAVALead\.m2\repository\org\projectlombok\lombok\1.18.32\lombok-1.18.32.jar;C:\Users\ERIN_JAVALead\.m2\repository\com\jayway\jsonpath\json-path\2.9.0\json-path-2.9.0.jar;C:\Users\ERIN_JAVALead\.m2\repository\net\minidev\json-smart\2.5.1\json-smart-2.5.1.jar;C:\Users\ERIN_JAVALead\.m2\repository\net\minidev\accessors-smart\2.5.1\accessors-smart-2.5.1.jar;C:\Users\ERIN_JAVALead\.m2\repository\org\ow2\asm\asm\9.6\asm-9.6.jar;C:\Users\ERIN_JAVALead\.m2\repository\org\springframework\spring-core\6.1.10\spring-core-6.1.10.jar;C:\Users\ERIN_JAVALead\.m2\repository\org\springframework\spring-jcl\6.1.10\spring-jcl-6.1.10.jar
Launcher Type: SUN_STANDARD

[Global flags]
     intx CICompilerCount                          = 3                                         {product} {ergonomic}
     uint ConcGCThreads                            = 1                                         {product} {ergonomic}
     uint G1ConcRefinementThreads                  = 4                                         {product} {ergonomic}
   size_t G1HeapRegionSize                         = 1048576                                   {product} {ergonomic}
    uintx GCDrainStackTargetSize                   = 64                                        {product} {ergonomic}
   size_t InitialHeapSize                          = 67108864                                  {product} {ergonomic}
   size_t MarkStackSize                            = 4194304                                   {product} {ergonomic}
   size_t MaxHeapSize                              = 1052770304                                {product} {ergonomic}
   size_t MaxNewSize                               = 631242752                                 {product} {ergonomic}
   size_t MinHeapDeltaBytes                        = 1048576                                   {product} {ergonomic}
   size_t MinHeapSize                              = 8388608                                   {product} {ergonomic}
    uintx NonNMethodCodeHeapSize                   = 5832780                                {pd product} {ergonomic}
    uintx NonProfiledCodeHeapSize                  = 122912730                              {pd product} {ergonomic}
    uintx ProfiledCodeHeapSize                     = 122912730                              {pd product} {ergonomic}
    uintx ReservedCodeCacheSize                    = 251658240                              {pd product} {ergonomic}
     bool SegmentedCodeCache                       = true                                      {product} {ergonomic}
   size_t SoftMaxHeapSize                          = 1052770304                             {manageable} {ergonomic}
     bool UseCompressedClassPointers               = true                           {product lp64_product} {ergonomic}
     bool UseCompressedOops                        = true                           {product lp64_product} {ergonomic}
     bool UseG1GC                                  = true                                      {product} {ergonomic}
     bool UseLargePagesIndividualAllocation        = false                                  {pd product} {ergonomic}

Logging:
Log output configuration:
 #0: stdout all=warning uptime,level,tags foldmultilines=false
 #1: stderr all=off uptime,level,tags foldmultilines=false

Environment Variables:
JAVA_HOME=C:\Program Files\Java\jdk-17
PATH=C:\Program Files (x86)\Common Files\Oracle\Java\javapath;C:\WINDOWS\system32;C:\WINDOWS;C:\WINDOWS\System32\Wbem;C:\WINDOWS\System32\WindowsPowerShell\v1.0\;C:\WINDOWS\System32\OpenSSH\;C:\Program Files (x86)\nodejs\;C:\Program Files (x86)\nodejs\npm;C:\Users\ERIN_JAVALead\AppData\Roaming\npm;C:\Program Files\Git\cmd;C:\Program Files (x86)\dotnet\;C:\Program Files (x86)\Microsoft SQL Server\160\DTS\Binn\;C:\Program Files\Azure Data Studio\bin;C:\Program Files (x86)\Microsoft SQL Server\160\Tools\Binn\;C:\Program Files\Microsoft SQL Server\160\Tools\Binn\;C:\Program Files\Microsoft SQL Server\Client SDK\ODBC\170\Tools\Binn\;C:\Program Files\Microsoft SQL Server\160\DTS\Binn\;C:\Program Files\Java\jdk1.8.0_202\bin;C:\Program Files\Java\jdk1.8.0_202\jre\bin;C:\kafkasrc\bin\windows;C:\Program Files\Docker\Docker\resources\bin;C:\Program Files\Docker\Docker;C:\Users\ERIN_JAVALead\AppData\Local\Microsoft\WindowsApps;;C:\Users\ERIN_JAVALead\AppData\Local\Programs\Microsoft VS Code\bin;C:\Users\ERIN_JAVALead\AppData\Roaming\npm;C:\Program Files\Azure Data Studio\bin
USERNAME=ERIN_JAVALead
OS=Windows_NT
PROCESSOR_IDENTIFIER=Intel64 Family 6 Model 78 Stepping 3, GenuineIntel



---------------  S Y S T E M  ---------------

OS:
 Windows 10 , 64 bit Build 19041 (10.0.19041.4597)
OS uptime: 0 days 3:29 hours
Hyper-V role detected

CPU: total 4 (initial active 4) (2 cores per cpu, 2 threads per core) family 6 model 78 stepping 3 microcode 0xcc, cx8, cmov, fxsr, ht, mmx, 3dnowpref, sse, sse2, sse3, ssse3, sse4.1, sse4.2, popcnt, lzcnt, tsc, tscinvbit, avx, avx2, aes, erms, clmul, bmi1, bmi2, adx, fma, vzeroupper, clflush, clflushopt, hv

Memory: 4k page, system-wide physical 4012M (429M free)
TotalPageFile size 6060M (AvailPageFile size 6M)
current process WorkingSet (physical memory assigned to process): 170M, peak: 171M
current process commit charge ("private bytes"): 202M, peak: 203M

vm_info: OpenJDK 64-Bit Server VM (18.0.2+9-FR) for windows-amd64 JRE (18.0.2+9-FR), built on Jul 15 2022 20:03:03 by "Administrator" with MS VC++ 15.9 (VS2017)

END.
