#
# There is insufficient memory for the Java Runtime Environment to continue.
# Native memory allocation (malloc) failed to allocate 1437616 bytes for Chunk::new
# Possible reasons:
#   The system is out of physical RAM or swap space
#   The process is running with CompressedOops enabled, and the Java Heap may be blocking the growth of the native heap
# Possible solutions:
#   Reduce memory load on the system
#   Increase physical memory or swap space
#   Check if swap backing store is full
#   Decrease Java heap size (-Xmx/-Xms)
#   Decrease number of Java threads
#   Decrease Java thread stack sizes (-Xss)
#   Set larger code cache with -XX:ReservedCodeCacheSize=
#   JVM is running with Unscaled Compressed Oops mode in which the Java heap is
#     placed in the first 4GB address space. The Java Heap base address is the
#     maximum limit for the native heap growth. Please use -XX:HeapBaseMinAddress
#     to set the Java Heap base and to place the Java Heap above 4GB virtual address.
# This output file may be truncated or incomplete.
#
#  Out of Memory Error (arena.cpp:189), pid=2720, tid=12936
#
# JRE version: Java(TM) SE Runtime Environment (17.0.11+7) (build 17.0.11+7-LTS-207)
# Java VM: Java HotSpot(TM) 64-Bit Server VM (17.0.11+7-LTS-207, mixed mode, sharing, tiered, compressed oops, compressed class ptrs, g1 gc, windows-amd64)
# No core dump will be written. Minidumps are not enabled by default on client versions of Windows
#

---------------  S U M M A R Y ------------

Command Line: -Dclassworlds.conf=C:/Users/ERIN_JAVALead/.m2/wrapper/dists/apache-maven-3.9.7/2a4cb831/bin/m2.conf -Dmaven.home=C:/Users/ERIN_JAVALead/.m2/wrapper/dists/apache-maven-3.9.7/2a4cb831 -Dlibrary.jansi.path=C:/Users/ERIN_JAVALead/.m2/wrapper/dists/apache-maven-3.9.7/2a4cb831/lib/jansi-native -Dmaven.multiModuleProjectDirectory=C:/Users/ERIN_JAVALead/Downloads/hotelallocation/hotelallocation org.codehaus.plexus.classworlds.launcher.Launcher spring-boot:run

Host: Intel(R) Core(TM) i3-6006U CPU @ 2.00GHz, 4 cores, 3G,  Windows 10 , 64 bit Build 19041 (10.0.19041.4597)
Time: Sat Jul 20 09:50:22 2024 W. Europe Daylight Time elapsed time: 3.119168 seconds (0d 0h 0m 3s)

---------------  T H R E A D  ---------------

Current thread (0x00000204d98e58c0):  JavaThread "C2 CompilerThread0" daemon [_thread_in_native, id=12936, stack(0x0000005eb4b00000,0x0000005eb4c00000)]


Current CompileTask:
C2:   3119 1761   !   4       java.net.URL::<init> (543 bytes)

Stack: [0x0000005eb4b00000,0x0000005eb4c00000]
Native frames: (J=compiled Java code, j=interpreted, Vv=VM code, C=native code)
V  [jvm.dll+0x679cca]
V  [jvm.dll+0x7da13d]
V  [jvm.dll+0x7dba83]
V  [jvm.dll+0x7dc0f3]
V  [jvm.dll+0x2449af]
V  [jvm.dll+0xab83b]
V  [jvm.dll+0xabe1c]
V  [jvm.dll+0x36155f]
V  [jvm.dll+0x32bd61]
V  [jvm.dll+0x32b1fa]
V  [jvm.dll+0x2161df]
V  [jvm.dll+0x21560f]
V  [jvm.dll+0x1a2040]
V  [jvm.dll+0x225a2b]
V  [jvm.dll+0x223bcb]
V  [jvm.dll+0x7903ec]
V  [jvm.dll+0x78a85a]
V  [jvm.dll+0x678bb5]
C  [ucrtbase.dll+0x21bb2]
C  [KERNEL32.DLL+0x17374]
C  [ntdll.dll+0x4cc91]


---------------  P R O C E S S  ---------------

Threads class SMR info:
_java_thread_list=0x000002051f007860, length=12, elements={
0x00000204bc57c160, 0x00000204bc7b46e0, 0x00000204bc7b6570, 0x00000204bc7ce880,
0x00000204d98e0350, 0x00000204d98e0d10, 0x00000204d98e16d0, 0x00000204d98e58c0,
0x00000204d98e6370, 0x00000204d98fc5b0, 0x00000204d9b21f90, 0x00000204d9b29f40
}

Java Threads: ( => current thread )
  0x00000204bc57c160 JavaThread "main" [_thread_in_Java, id=8368, stack(0x0000005eb3e00000,0x0000005eb3f00000)]
  0x00000204bc7b46e0 JavaThread "Reference Handler" daemon [_thread_blocked, id=10292, stack(0x0000005eb4500000,0x0000005eb4600000)]
  0x00000204bc7b6570 JavaThread "Finalizer" daemon [_thread_blocked, id=13100, stack(0x0000005eb4600000,0x0000005eb4700000)]
  0x00000204bc7ce880 JavaThread "Signal Dispatcher" daemon [_thread_blocked, id=7908, stack(0x0000005eb4700000,0x0000005eb4800000)]
  0x00000204d98e0350 JavaThread "Attach Listener" daemon [_thread_blocked, id=4768, stack(0x0000005eb4800000,0x0000005eb4900000)]
  0x00000204d98e0d10 JavaThread "Service Thread" daemon [_thread_blocked, id=12084, stack(0x0000005eb4900000,0x0000005eb4a00000)]
  0x00000204d98e16d0 JavaThread "Monitor Deflation Thread" daemon [_thread_blocked, id=13280, stack(0x0000005eb4a00000,0x0000005eb4b00000)]
=>0x00000204d98e58c0 JavaThread "C2 CompilerThread0" daemon [_thread_in_native, id=12936, stack(0x0000005eb4b00000,0x0000005eb4c00000)]
  0x00000204d98e6370 JavaThread "C1 CompilerThread0" daemon [_thread_in_vm, id=128, stack(0x0000005eb4c00000,0x0000005eb4d00000)]
  0x00000204d98fc5b0 JavaThread "Sweeper thread" daemon [_thread_blocked, id=13060, stack(0x0000005eb4d00000,0x0000005eb4e00000)]
  0x00000204d9b21f90 JavaThread "Notification Thread" daemon [_thread_blocked, id=5608, stack(0x0000005eb4e00000,0x0000005eb4f00000)]
  0x00000204d9b29f40 JavaThread "Common-Cleaner" daemon [_thread_blocked, id=13152, stack(0x0000005eb5000000,0x0000005eb5100000)]

Other Threads:
  0x00000204bc7af210 VMThread "VM Thread" [stack: 0x0000005eb4400000,0x0000005eb4500000] [id=11280]
  0x00000204d9b25ca0 WatcherThread [stack: 0x0000005eb4f00000,0x0000005eb5000000] [id=7412]
  0x00000204bc734570 GCTaskThread "GC Thread#0" [stack: 0x0000005eb3f00000,0x0000005eb4000000] [id=7708]
  0x00000204d9bd74b0 GCTaskThread "GC Thread#1" [stack: 0x0000005eb5100000,0x0000005eb5200000] [id=2144]
  0x000002051f4b95b0 GCTaskThread "GC Thread#2" [stack: 0x0000005eb5200000,0x0000005eb5300000] [id=4944]
  0x000002051f4ac070 GCTaskThread "GC Thread#3" [stack: 0x0000005eb5300000,0x0000005eb5400000] [id=10160]
  0x00000204bc73e250 ConcurrentGCThread "G1 Main Marker" [stack: 0x0000005eb4000000,0x0000005eb4100000] [id=5036]
  0x00000204bc73ec60 ConcurrentGCThread "G1 Conc#0" [stack: 0x0000005eb4100000,0x0000005eb4200000] [id=11180]
  0x00000204bc78b590 ConcurrentGCThread "G1 Refine#0" [stack: 0x0000005eb4200000,0x0000005eb4300000] [id=5440]
  0x00000204bc78c100 ConcurrentGCThread "G1 Service" [stack: 0x0000005eb4300000,0x0000005eb4400000] [id=8864]

Threads with active compile tasks:
C2 CompilerThread0     3183 1761   !   4       java.net.URL::<init> (543 bytes)
C1 CompilerThread0     3183 1957       3       com.google.common.collect.ImmutableList::copyOf (50 bytes)

VM state: not at safepoint (normal execution)

VM Mutex/Monitor currently owned by a thread: None

Heap address: 0x00000000c1400000, size: 1004 MB, Compressed Oops mode: 32-bit

CDS archive(s) mapped at: [0x00000204da000000-0x00000204dabd0000-0x00000204dabd0000), size 12386304, SharedBaseAddress: 0x00000204da000000, ArchiveRelocationMode: 1.
Compressed class space mapped at: 0x00000204db000000-0x000002051b000000, reserved size: 1073741824
Narrow klass base: 0x00000204da000000, Narrow klass shift: 0, Narrow klass range: 0x100000000

GC Precious Log:
 CPUs: 4 total, 4 available
 Memory: 4012M
 Large Page Support: Disabled
 NUMA Support: Disabled
 Compressed Oops: Enabled (32-bit)
 Heap Region Size: 1M
 Heap Min Capacity: 8M
 Heap Initial Capacity: 64M
 Heap Max Capacity: 1004M
 Pre-touch: Disabled
 Parallel Workers: 4
 Concurrent Workers: 1
 Concurrent Refinement Workers: 4
 Periodic GC: Disabled

Heap:
 garbage-first heap   total 65536K, used 16199K [0x00000000c1400000, 0x0000000100000000)
  region size 1024K, 14 young (14336K), 2 survivors (2048K)
 Metaspace       used 11189K, committed 11328K, reserved 1114112K
  class space    used 1363K, committed 1408K, reserved 1048576K

Heap Regions: E=young(eden), S=young(survivor), O=old, HS=humongous(starts), HC=humongous(continues), CS=collection set, F=free, OA=open archive, CA=closed archive, TAMS=top-at-mark-start (previous, next)
|   0|0x00000000c1400000, 0x00000000c1500000, 0x00000000c1500000|100%| O|  |TAMS 0x00000000c1400000, 0x00000000c1400000| Untracked 
|   1|0x00000000c1500000, 0x00000000c1600000, 0x00000000c1600000|100%| O|  |TAMS 0x00000000c1500000, 0x00000000c1500000| Untracked 
|   2|0x00000000c1600000, 0x00000000c1700000, 0x00000000c1700000|100%| O|  |TAMS 0x00000000c1600000, 0x00000000c1600000| Untracked 
|   3|0x00000000c1700000, 0x00000000c173f200, 0x00000000c1800000| 24%| O|  |TAMS 0x00000000c1700000, 0x00000000c1700000| Untracked 
|   4|0x00000000c1800000, 0x00000000c1800000, 0x00000000c1900000|  0%| F|  |TAMS 0x00000000c1800000, 0x00000000c1800000| Untracked 
|   5|0x00000000c1900000, 0x00000000c1900000, 0x00000000c1a00000|  0%| F|  |TAMS 0x00000000c1900000, 0x00000000c1900000| Untracked 
|   6|0x00000000c1a00000, 0x00000000c1a00000, 0x00000000c1b00000|  0%| F|  |TAMS 0x00000000c1a00000, 0x00000000c1a00000| Untracked 
|   7|0x00000000c1b00000, 0x00000000c1b00000, 0x00000000c1c00000|  0%| F|  |TAMS 0x00000000c1b00000, 0x00000000c1b00000| Untracked 
|   8|0x00000000c1c00000, 0x00000000c1c00000, 0x00000000c1d00000|  0%| F|  |TAMS 0x00000000c1c00000, 0x00000000c1c00000| Untracked 
|   9|0x00000000c1d00000, 0x00000000c1d00000, 0x00000000c1e00000|  0%| F|  |TAMS 0x00000000c1d00000, 0x00000000c1d00000| Untracked 
|  10|0x00000000c1e00000, 0x00000000c1e00000, 0x00000000c1f00000|  0%| F|  |TAMS 0x00000000c1e00000, 0x00000000c1e00000| Untracked 
|  11|0x00000000c1f00000, 0x00000000c1f00000, 0x00000000c2000000|  0%| F|  |TAMS 0x00000000c1f00000, 0x00000000c1f00000| Untracked 
|  12|0x00000000c2000000, 0x00000000c2000000, 0x00000000c2100000|  0%| F|  |TAMS 0x00000000c2000000, 0x00000000c2000000| Untracked 
|  13|0x00000000c2100000, 0x00000000c2100000, 0x00000000c2200000|  0%| F|  |TAMS 0x00000000c2100000, 0x00000000c2100000| Untracked 
|  14|0x00000000c2200000, 0x00000000c2200000, 0x00000000c2300000|  0%| F|  |TAMS 0x00000000c2200000, 0x00000000c2200000| Untracked 
|  15|0x00000000c2300000, 0x00000000c2300000, 0x00000000c2400000|  0%| F|  |TAMS 0x00000000c2300000, 0x00000000c2300000| Untracked 
|  16|0x00000000c2400000, 0x00000000c2400000, 0x00000000c2500000|  0%| F|  |TAMS 0x00000000c2400000, 0x00000000c2400000| Untracked 
|  17|0x00000000c2500000, 0x00000000c2500000, 0x00000000c2600000|  0%| F|  |TAMS 0x00000000c2500000, 0x00000000c2500000| Untracked 
|  18|0x00000000c2600000, 0x00000000c2600000, 0x00000000c2700000|  0%| F|  |TAMS 0x00000000c2600000, 0x00000000c2600000| Untracked 
|  19|0x00000000c2700000, 0x00000000c2700000, 0x00000000c2800000|  0%| F|  |TAMS 0x00000000c2700000, 0x00000000c2700000| Untracked 
|  20|0x00000000c2800000, 0x00000000c2800000, 0x00000000c2900000|  0%| F|  |TAMS 0x00000000c2800000, 0x00000000c2800000| Untracked 
|  21|0x00000000c2900000, 0x00000000c2900000, 0x00000000c2a00000|  0%| F|  |TAMS 0x00000000c2900000, 0x00000000c2900000| Untracked 
|  22|0x00000000c2a00000, 0x00000000c2a00000, 0x00000000c2b00000|  0%| F|  |TAMS 0x00000000c2a00000, 0x00000000c2a00000| Untracked 
|  23|0x00000000c2b00000, 0x00000000c2b00000, 0x00000000c2c00000|  0%| F|  |TAMS 0x00000000c2b00000, 0x00000000c2b00000| Untracked 
|  24|0x00000000c2c00000, 0x00000000c2c00000, 0x00000000c2d00000|  0%| F|  |TAMS 0x00000000c2c00000, 0x00000000c2c00000| Untracked 
|  25|0x00000000c2d00000, 0x00000000c2d00000, 0x00000000c2e00000|  0%| F|  |TAMS 0x00000000c2d00000, 0x00000000c2d00000| Untracked 
|  26|0x00000000c2e00000, 0x00000000c2e00000, 0x00000000c2f00000|  0%| F|  |TAMS 0x00000000c2e00000, 0x00000000c2e00000| Untracked 
|  27|0x00000000c2f00000, 0x00000000c2f00000, 0x00000000c3000000|  0%| F|  |TAMS 0x00000000c2f00000, 0x00000000c2f00000| Untracked 
|  28|0x00000000c3000000, 0x00000000c3000000, 0x00000000c3100000|  0%| F|  |TAMS 0x00000000c3000000, 0x00000000c3000000| Untracked 
|  29|0x00000000c3100000, 0x00000000c3100000, 0x00000000c3200000|  0%| F|  |TAMS 0x00000000c3100000, 0x00000000c3100000| Untracked 
|  30|0x00000000c3200000, 0x00000000c3200000, 0x00000000c3300000|  0%| F|  |TAMS 0x00000000c3200000, 0x00000000c3200000| Untracked 
|  31|0x00000000c3300000, 0x00000000c3300000, 0x00000000c3400000|  0%| F|  |TAMS 0x00000000c3300000, 0x00000000c3300000| Untracked 
|  32|0x00000000c3400000, 0x00000000c3400000, 0x00000000c3500000|  0%| F|  |TAMS 0x00000000c3400000, 0x00000000c3400000| Untracked 
|  33|0x00000000c3500000, 0x00000000c3500000, 0x00000000c3600000|  0%| F|  |TAMS 0x00000000c3500000, 0x00000000c3500000| Untracked 
|  34|0x00000000c3600000, 0x00000000c3600000, 0x00000000c3700000|  0%| F|  |TAMS 0x00000000c3600000, 0x00000000c3600000| Untracked 
|  35|0x00000000c3700000, 0x00000000c3700000, 0x00000000c3800000|  0%| F|  |TAMS 0x00000000c3700000, 0x00000000c3700000| Untracked 
|  36|0x00000000c3800000, 0x00000000c3892cd8, 0x00000000c3900000| 57%| S|CS|TAMS 0x00000000c3800000, 0x00000000c3800000| Complete 
|  37|0x00000000c3900000, 0x00000000c3a00000, 0x00000000c3a00000|100%| S|CS|TAMS 0x00000000c3900000, 0x00000000c3900000| Complete 
|  38|0x00000000c3a00000, 0x00000000c3a00000, 0x00000000c3b00000|  0%| F|  |TAMS 0x00000000c3a00000, 0x00000000c3a00000| Untracked 
|  39|0x00000000c3b00000, 0x00000000c3b00000, 0x00000000c3c00000|  0%| F|  |TAMS 0x00000000c3b00000, 0x00000000c3b00000| Untracked 
|  40|0x00000000c3c00000, 0x00000000c3c00000, 0x00000000c3d00000|  0%| F|  |TAMS 0x00000000c3c00000, 0x00000000c3c00000| Untracked 
|  41|0x00000000c3d00000, 0x00000000c3d00000, 0x00000000c3e00000|  0%| F|  |TAMS 0x00000000c3d00000, 0x00000000c3d00000| Untracked 
|  42|0x00000000c3e00000, 0x00000000c3e00000, 0x00000000c3f00000|  0%| F|  |TAMS 0x00000000c3e00000, 0x00000000c3e00000| Untracked 
|  43|0x00000000c3f00000, 0x00000000c3f00000, 0x00000000c4000000|  0%| F|  |TAMS 0x00000000c3f00000, 0x00000000c3f00000| Untracked 
|  44|0x00000000c4000000, 0x00000000c4000000, 0x00000000c4100000|  0%| F|  |TAMS 0x00000000c4000000, 0x00000000c4000000| Untracked 
|  45|0x00000000c4100000, 0x00000000c4100000, 0x00000000c4200000|  0%| F|  |TAMS 0x00000000c4100000, 0x00000000c4100000| Untracked 
|  46|0x00000000c4200000, 0x00000000c4200000, 0x00000000c4300000|  0%| F|  |TAMS 0x00000000c4200000, 0x00000000c4200000| Untracked 
|  47|0x00000000c4300000, 0x00000000c4300000, 0x00000000c4400000|  0%| F|  |TAMS 0x00000000c4300000, 0x00000000c4300000| Untracked 
|  48|0x00000000c4400000, 0x00000000c4400000, 0x00000000c4500000|  0%| F|  |TAMS 0x00000000c4400000, 0x00000000c4400000| Untracked 
|  49|0x00000000c4500000, 0x00000000c4500000, 0x00000000c4600000|  0%| F|  |TAMS 0x00000000c4500000, 0x00000000c4500000| Untracked 
|  50|0x00000000c4600000, 0x00000000c4600000, 0x00000000c4700000|  0%| F|  |TAMS 0x00000000c4600000, 0x00000000c4600000| Untracked 
|  51|0x00000000c4700000, 0x00000000c4700000, 0x00000000c4800000|  0%| F|  |TAMS 0x00000000c4700000, 0x00000000c4700000| Untracked 
|  52|0x00000000c4800000, 0x00000000c4900000, 0x00000000c4900000|100%| E|  |TAMS 0x00000000c4800000, 0x00000000c4800000| Complete 
|  53|0x00000000c4900000, 0x00000000c4a00000, 0x00000000c4a00000|100%| E|CS|TAMS 0x00000000c4900000, 0x00000000c4900000| Complete 
|  54|0x00000000c4a00000, 0x00000000c4b00000, 0x00000000c4b00000|100%| E|CS|TAMS 0x00000000c4a00000, 0x00000000c4a00000| Complete 
|  55|0x00000000c4b00000, 0x00000000c4c00000, 0x00000000c4c00000|100%| E|CS|TAMS 0x00000000c4b00000, 0x00000000c4b00000| Complete 
|  56|0x00000000c4c00000, 0x00000000c4d00000, 0x00000000c4d00000|100%| E|CS|TAMS 0x00000000c4c00000, 0x00000000c4c00000| Complete 
|  57|0x00000000c4d00000, 0x00000000c4e00000, 0x00000000c4e00000|100%| E|CS|TAMS 0x00000000c4d00000, 0x00000000c4d00000| Complete 
|  58|0x00000000c4e00000, 0x00000000c4f00000, 0x00000000c4f00000|100%| E|CS|TAMS 0x00000000c4e00000, 0x00000000c4e00000| Complete 
|  59|0x00000000c4f00000, 0x00000000c5000000, 0x00000000c5000000|100%| E|CS|TAMS 0x00000000c4f00000, 0x00000000c4f00000| Complete 
|  60|0x00000000c5000000, 0x00000000c5100000, 0x00000000c5100000|100%| E|CS|TAMS 0x00000000c5000000, 0x00000000c5000000| Complete 
|  61|0x00000000c5100000, 0x00000000c5200000, 0x00000000c5200000|100%| E|CS|TAMS 0x00000000c5100000, 0x00000000c5100000| Complete 
|  62|0x00000000c5200000, 0x00000000c5300000, 0x00000000c5300000|100%| E|CS|TAMS 0x00000000c5200000, 0x00000000c5200000| Complete 
|  63|0x00000000c5300000, 0x00000000c5400000, 0x00000000c5400000|100%| E|CS|TAMS 0x00000000c5300000, 0x00000000c5300000| Complete 

Card table byte_map: [0x00000204d4ff0000,0x00000204d51f0000] _byte_map_base: 0x00000204d49e6000

Marking Bits (Prev, Next): (CMBitMap*) 0x00000204bc735ba0, (CMBitMap*) 0x00000204bc735be0
 Prev Bits: [0x00000204d53f0000, 0x00000204d63a0000)
 Next Bits: [0x00000204d63a0000, 0x00000204d7350000)

Polling page: 0x00000204bc7d0000

Metaspace:

Usage:
  Non-class:      9.61 MB used.
      Class:      1.33 MB used.
       Both:     10.94 MB used.

Virtual space:
  Non-class space:       64.00 MB reserved,       9.69 MB ( 15%) committed,  1 nodes.
      Class space:        1.00 GB reserved,       1.44 MB ( <1%) committed,  1 nodes.
             Both:        1.06 GB reserved,      11.12 MB (  1%) committed. 

Chunk freelists:
   Non-Class:  4.83 MB
       Class:  14.61 MB
        Both:  19.44 MB

MaxMetaspaceSize: unlimited
CompressedClassSpaceSize: 1.00 GB
Initial GC threshold: 21.00 MB
Current GC threshold: 21.00 MB
CDS: on
MetaspaceReclaimPolicy: balanced
 - commit_granule_bytes: 65536.
 - commit_granule_words: 8192.
 - virtual_space_node_default_size: 8388608.
 - enlarge_chunks_in_place: 1.
 - new_chunks_are_fully_committed: 0.
 - uncommit_free_chunks: 1.
 - use_allocation_guard: 0.
 - handle_deallocations: 1.


Internal statistics:

num_allocs_failed_limit: 0.
num_arena_births: 64.
num_arena_deaths: 0.
num_vsnodes_births: 2.
num_vsnodes_deaths: 0.
num_space_committed: 178.
num_space_uncommitted: 0.
num_chunks_returned_to_freelist: 0.
num_chunks_taken_from_freelist: 467.
num_chunk_merges: 0.
num_chunk_splits: 311.
num_chunks_enlarged: 249.
num_inconsistent_stats: 0.

CodeHeap 'non-profiled nmethods': size=120000Kb used=694Kb max_used=694Kb free=119306Kb
 bounds [0x00000204cd2a0000, 0x00000204cd510000, 0x00000204d47d0000]
CodeHeap 'profiled nmethods': size=120000Kb used=3863Kb max_used=3863Kb free=116136Kb
 bounds [0x00000204c57d0000, 0x00000204c5ba0000, 0x00000204ccd00000]
CodeHeap 'non-nmethods': size=5760Kb used=1159Kb max_used=1184Kb free=4600Kb
 bounds [0x00000204ccd00000, 0x00000204ccf70000, 0x00000204cd2a0000]
 total_blobs=2392 nmethods=1948 adapters=356
 compilation: enabled
              stopped_count=0, restarted_count=0
 full_count=0

Compilation events (20 events):
Event: 3.085 Thread 0x00000204d98e6370 1852       3       com.google.inject.internal.AbstractProcessor::visitOther (6 bytes)
Event: 3.086 Thread 0x00000204d98e6370 nmethod 1852 0x00000204c5b67990 code [0x00000204c5b67b40, 0x00000204c5b67d98]
Event: 3.086 Thread 0x00000204d98e6370 1853       3       com.google.inject.internal.AbstractProcessor::visitOther (5 bytes)
Event: 3.086 Thread 0x00000204d98e6370 nmethod 1853 0x00000204c5b67e90 code [0x00000204c5b68020, 0x00000204c5b68198]
Event: 3.088 Thread 0x00000204d98e6370 1855       3       com.google.common.collect.ImmutableList::copyOf (44 bytes)
Event: 3.089 Thread 0x00000204d98e6370 nmethod 1855 0x00000204c5b68290 code [0x00000204c5b684e0, 0x00000204c5b68ec8]
Event: 3.093 Thread 0x00000204d98e6370 1856       1       java.util.concurrent.locks.AbstractOwnableSynchronizer::getExclusiveOwnerThread (5 bytes)
Event: 3.093 Thread 0x00000204d98e6370 nmethod 1856 0x00000204cd347810 code [0x00000204cd3479a0, 0x00000204cd347a78]
Event: 3.094 Thread 0x00000204d98e6370 1857       3       jdk.internal.org.objectweb.asm.Type::<init> (26 bytes)
Event: 3.094 Thread 0x00000204d98e6370 nmethod 1857 0x00000204c5b69210 code [0x00000204c5b693a0, 0x00000204c5b69578]
Event: 3.095 Thread 0x00000204d98e6370 1859       3       java.lang.reflect.Proxy$ProxyBuilder::addElementTypes (33 bytes)
Event: 3.097 Thread 0x00000204d98e6370 nmethod 1859 0x00000204c5b69610 code [0x00000204c5b69820, 0x00000204c5b69f08]
Event: 3.097 Thread 0x00000204d98e6370 1858       1       java.lang.reflect.Method::getSharedExceptionTypes (5 bytes)
Event: 3.097 Thread 0x00000204d98e6370 nmethod 1858 0x00000204cd347b10 code [0x00000204cd347ca0, 0x00000204cd347d78]
Event: 3.097 Thread 0x00000204d98e6370 1860       1       jdk.internal.org.objectweb.asm.SymbolTable::getClassName (5 bytes)
Event: 3.097 Thread 0x00000204d98e6370 nmethod 1860 0x00000204cd347e10 code [0x00000204cd347fa0, 0x00000204cd348078]
Event: 3.098 Thread 0x00000204d98e6370 1861       1       java.util.concurrent.locks.AbstractQueuedSynchronizer::getState (5 bytes)
Event: 3.098 Thread 0x00000204d98e6370 nmethod 1861 0x00000204cd348110 code [0x00000204cd3482a0, 0x00000204cd348378]
Event: 3.098 Thread 0x00000204d98e6370 1862       3       java.util.ArrayList::isClear (21 bytes)
Event: 3.098 Thread 0x00000204d98e6370 nmethod 1862 0x00000204c5b6a210 code [0x00000204c5b6a3a0, 0x00000204c5b6a538]

GC Heap History (6 events):
Event: 1.002 GC heap before
{Heap before GC invocations=0 (full 0):
 garbage-first heap   total 65536K, used 13312K [0x00000000c1400000, 0x0000000100000000)
  region size 1024K, 13 young (13312K), 0 survivors (0K)
 Metaspace       used 3203K, committed 3328K, reserved 1114112K
  class space    used 339K, committed 384K, reserved 1048576K
}
Event: 1.013 GC heap after
{Heap after GC invocations=1 (full 0):
 garbage-first heap   total 65536K, used 3280K [0x00000000c1400000, 0x0000000100000000)
  region size 1024K, 2 young (2048K), 2 survivors (2048K)
 Metaspace       used 3203K, committed 3328K, reserved 1114112K
  class space    used 339K, committed 384K, reserved 1048576K
}
Event: 1.558 GC heap before
{Heap before GC invocations=1 (full 0):
 garbage-first heap   total 65536K, used 15568K [0x00000000c1400000, 0x0000000100000000)
  region size 1024K, 14 young (14336K), 2 survivors (2048K)
 Metaspace       used 5545K, committed 5760K, reserved 1114112K
  class space    used 661K, committed 768K, reserved 1048576K
}
Event: 1.567 GC heap after
{Heap after GC invocations=2 (full 0):
 garbage-first heap   total 65536K, used 4044K [0x00000000c1400000, 0x0000000100000000)
  region size 1024K, 1 young (1024K), 1 survivors (1024K)
 Metaspace       used 5545K, committed 5760K, reserved 1114112K
  class space    used 661K, committed 768K, reserved 1048576K
}
Event: 2.610 GC heap before
{Heap before GC invocations=2 (full 0):
 garbage-first heap   total 65536K, used 28620K [0x00000000c1400000, 0x0000000100000000)
  region size 1024K, 26 young (26624K), 1 survivors (1024K)
 Metaspace       used 8955K, committed 9088K, reserved 1114112K
  class space    used 1078K, committed 1152K, reserved 1048576K
}
Event: 2.617 GC heap after
{Heap after GC invocations=3 (full 0):
 garbage-first heap   total 65536K, used 4935K [0x00000000c1400000, 0x0000000100000000)
  region size 1024K, 2 young (2048K), 2 survivors (2048K)
 Metaspace       used 8955K, committed 9088K, reserved 1114112K
  class space    used 1078K, committed 1152K, reserved 1048576K
}

Deoptimization events (20 events):
Event: 2.726 Thread 0x00000204bc57c160 Uncommon trap: trap_request=0xffffffc6 fr.pc=0x00000204cd317e40 relative=0x0000000000000460
Event: 2.726 Thread 0x00000204bc57c160 Uncommon trap: reason=bimorphic_or_optimized_type_check action=maybe_recompile pc=0x00000204cd317e40 method=java.util.HashMap.getNode(Ljava/lang/Object;)Ljava/util/HashMap$Node; @ 63 c2
Event: 2.726 Thread 0x00000204bc57c160 DEOPT PACKING pc=0x00000204cd317e40 sp=0x0000005eb3efdd40
Event: 2.726 Thread 0x00000204bc57c160 DEOPT UNPACKING pc=0x00000204ccd523a3 sp=0x0000005eb3efdcb8 mode 2
Event: 2.728 Thread 0x00000204bc57c160 Uncommon trap: trap_request=0xffffffc6 fr.pc=0x00000204cd317e5c relative=0x000000000000047c
Event: 2.728 Thread 0x00000204bc57c160 Uncommon trap: reason=bimorphic_or_optimized_type_check action=maybe_recompile pc=0x00000204cd317e5c method=java.util.HashMap.getNode(Ljava/lang/Object;)Ljava/util/HashMap$Node; @ 128 c2
Event: 2.728 Thread 0x00000204bc57c160 DEOPT PACKING pc=0x00000204cd317e5c sp=0x0000005eb3efdbc0
Event: 2.728 Thread 0x00000204bc57c160 DEOPT UNPACKING pc=0x00000204ccd523a3 sp=0x0000005eb3efdb38 mode 2
Event: 2.731 Thread 0x00000204bc57c160 Uncommon trap: trap_request=0xffffffc6 fr.pc=0x00000204cd317e40 relative=0x0000000000000460
Event: 2.731 Thread 0x00000204bc57c160 Uncommon trap: reason=bimorphic_or_optimized_type_check action=maybe_recompile pc=0x00000204cd317e40 method=java.util.HashMap.getNode(Ljava/lang/Object;)Ljava/util/HashMap$Node; @ 63 c2
Event: 2.731 Thread 0x00000204bc57c160 DEOPT PACKING pc=0x00000204cd317e40 sp=0x0000005eb3efdbc0
Event: 2.731 Thread 0x00000204bc57c160 DEOPT UNPACKING pc=0x00000204ccd523a3 sp=0x0000005eb3efdb38 mode 2
Event: 2.997 Thread 0x00000204bc57c160 Uncommon trap: trap_request=0xffffff45 fr.pc=0x00000204cd2eea88 relative=0x0000000000000268
Event: 2.997 Thread 0x00000204bc57c160 Uncommon trap: reason=unstable_if action=reinterpret pc=0x00000204cd2eea88 method=java.util.concurrent.ConcurrentHashMap.get(Ljava/lang/Object;)Ljava/lang/Object; @ 76 c2
Event: 2.997 Thread 0x00000204bc57c160 DEOPT PACKING pc=0x00000204cd2eea88 sp=0x0000005eb3efac10
Event: 2.997 Thread 0x00000204bc57c160 DEOPT UNPACKING pc=0x00000204ccd523a3 sp=0x0000005eb3efab88 mode 2
Event: 3.042 Thread 0x00000204bc57c160 Uncommon trap: trap_request=0xffffff45 fr.pc=0x00000204cd31889c relative=0x000000000000017c
Event: 3.042 Thread 0x00000204bc57c160 Uncommon trap: reason=unstable_if action=reinterpret pc=0x00000204cd31889c method=java.lang.ClassLoader.checkName(Ljava/lang/String;)Z @ 1 c2
Event: 3.042 Thread 0x00000204bc57c160 DEOPT PACKING pc=0x00000204cd31889c sp=0x0000005eb3efd340
Event: 3.042 Thread 0x00000204bc57c160 DEOPT UNPACKING pc=0x00000204ccd523a3 sp=0x0000005eb3efd2d8 mode 2

Classes unloaded (0 events):
No events

Classes redefined (0 events):
No events

Internal exceptions (20 events):
Event: 0.457 Thread 0x00000204bc57c160 Exception <a 'java/lang/NullPointerException'{0x00000000c4f6f880}> (0x00000000c4f6f880) 
thrown [s\open\src\hotspot\share\interpreter\linkResolver.cpp, line 1350]
Event: 0.457 Thread 0x00000204bc57c160 Exception <a 'java/lang/NullPointerException'{0x00000000c4f6fb58}> (0x00000000c4f6fb58) 
thrown [s\open\src\hotspot\share\interpreter\linkResolver.cpp, line 1350]
Event: 0.457 Thread 0x00000204bc57c160 Exception <a 'java/lang/NullPointerException'{0x00000000c4f6fe30}> (0x00000000c4f6fe30) 
thrown [s\open\src\hotspot\share\interpreter\linkResolver.cpp, line 1350]
Event: 0.494 Thread 0x00000204bc57c160 Exception <a 'java/lang/NoSuchMethodError'{0x00000000c4e78a68}: 'void java.lang.invoke.DirectMethodHandle$Holder.invokeStatic(java.lang.Object, java.lang.Object)'> (0x00000000c4e78a68) 
thrown [s\open\src\hotspot\share\interpreter\linkResolver.cpp, line 759]
Event: 0.495 Thread 0x00000204bc57c160 Exception <a 'java/lang/NoSuchMethodError'{0x00000000c4e7c380}: 'void java.lang.invoke.DirectMethodHandle$Holder.invokeStaticInit(java.lang.Object, java.lang.Object)'> (0x00000000c4e7c380) 
thrown [s\open\src\hotspot\share\interpreter\linkResolver.cpp, line 759]
Event: 0.516 Thread 0x00000204bc57c160 Exception <a 'java/lang/NoSuchMethodError'{0x00000000c4efc210}: 'void java.lang.invoke.DirectMethodHandle$Holder.invokeStatic(java.lang.Object, java.lang.Object, java.lang.Object)'> (0x00000000c4efc210) 
thrown [s\open\src\hotspot\share\interpreter\linkResolver.cpp, line 759]
Event: 0.537 Thread 0x00000204bc57c160 Exception <a 'java/lang/NoSuchMethodError'{0x00000000c4d9c218}: 'int java.lang.invoke.DirectMethodHandle$Holder.invokeStatic(java.lang.Object, java.lang.Object, int)'> (0x00000000c4d9c218) 
thrown [s\open\src\hotspot\share\interpreter\linkResolver.cpp, line 759]
Event: 0.704 Thread 0x00000204bc57c160 Exception <a 'java/lang/NoSuchMethodError'{0x00000000c4b5c7e8}: 'java.lang.Object java.lang.invoke.DirectMethodHandle$Holder.invokeSpecialIFC(java.lang.Object, java.lang.Object, java.lang.Object, java.lang.Object)'> (0x00000000c4b5c7e8) 
thrown [s\open\src\hotspot\share\interpreter\linkResolver.cpp, line 759]
Event: 1.078 Thread 0x00000204bc57c160 Exception <a 'java/lang/NoSuchMethodError'{0x00000000c52638e8}: 'void java.lang.invoke.DirectMethodHandle$Holder.invokeSpecial(java.lang.Object, java.lang.Object, java.lang.Object)'> (0x00000000c52638e8) 
thrown [s\open\src\hotspot\share\interpreter\linkResolver.cpp, line 759]
Event: 1.147 Thread 0x00000204bc57c160 Exception <a 'java/lang/NoSuchMethodError'{0x00000000c51f6f68}: 'java.lang.Object java.lang.invoke.DirectMethodHandle$Holder.invokeInterface(java.lang.Object, java.lang.Object)'> (0x00000000c51f6f68) 
thrown [s\open\src\hotspot\share\interpreter\linkResolver.cpp, line 759]
Event: 1.180 Thread 0x00000204bc57c160 Exception <a 'java/lang/NoSuchMethodError'{0x00000000c50a5088}: 'java.lang.Object java.lang.invoke.Invokers$Holder.invokeExact_MT(java.lang.Object, java.lang.Object, java.lang.Object, java.lang.Object, java.lang.Object, java.lang.Object)'> (0x00000000c50a5088) 
thrown [s\open\src\hotspot\share\interpreter\linkResolver.cpp, line 759]
Event: 1.185 Thread 0x00000204bc57c160 Exception <a 'java/lang/NoSuchMethodError'{0x00000000c50b6578}: 'int java.lang.invoke.DirectMethodHandle$Holder.invokeSpecialIFC(java.lang.Object, java.lang.Object, java.lang.Object, java.lang.Object, java.lang.Object)'> (0x00000000c50b6578) 
thrown [s\open\src\hotspot\share\interpreter\linkResolver.cpp, line 759]
Event: 1.324 Thread 0x00000204bc57c160 Exception <a 'java/lang/NoSuchMethodError'{0x00000000c4e65840}: 'java.lang.Object java.lang.invoke.DirectMethodHandle$Holder.newInvokeSpecial(java.lang.Object, java.lang.Object, java.lang.Object, java.lang.Object, java.lang.Object)'> (0x00000000c4e65840) 
thrown [s\open\src\hotspot\share\interpreter\linkResolver.cpp, line 759]
Event: 1.388 Thread 0x00000204bc57c160 Exception <a 'java/lang/NoSuchMethodError'{0x00000000c4d6fdf0}: 'int java.lang.invoke.DirectMethodHandle$Holder.invokeStaticInit(java.lang.Object, java.lang.Object)'> (0x00000000c4d6fdf0) 
thrown [s\open\src\hotspot\share\interpreter\linkResolver.cpp, line 759]
Event: 1.403 Thread 0x00000204bc57c160 Exception <a 'java/lang/NoClassDefFoundError'{0x00000000c4da9040}: javax/enterprise/inject/Typed> (0x00000000c4da9040) 
thrown [s\open\src\hotspot\share\classfile\systemDictionary.cpp, line 245]
Event: 2.987 Thread 0x00000204bc57c160 Exception <a 'java/lang/NoSuchMethodError'{0x00000000c4cf86f8}: 'void java.lang.invoke.DirectMethodHandle$Holder.invokeStaticInit(java.lang.Object, java.lang.Object, java.lang.Object)'> (0x00000000c4cf86f8) 
thrown [s\open\src\hotspot\share\interpreter\linkResolver.cpp, line 759]
Event: 2.995 Thread 0x00000204bc57c160 Exception <a 'java/lang/ExceptionInInitializerError'{0x00000000c4b24c20}> (0x00000000c4b24c20) 
thrown [s\open\src\hotspot\share\oops\instanceKlass.cpp, line 1216]
Event: 3.042 Thread 0x00000204bc57c160 Implicit null exception at 0x00000204cd31872f to 0x00000204cd31888c
Event: 3.045 Thread 0x00000204bc57c160 Exception <a 'java/lang/NoSuchMethodError'{0x00000000c4a38698}: 'java.lang.Object java.lang.invoke.Invokers$Holder.invokeExact_MT(java.lang.Object, int, java.lang.Object)'> (0x00000000c4a38698) 
thrown [s\open\src\hotspot\share\interpreter\linkResolver.cpp, line 759]
Event: 3.065 Thread 0x00000204bc57c160 Exception <a 'java/lang/NoSuchMethodError'{0x00000000c4aa8220}: 'int java.lang.invoke.DirectMethodHandle$Holder.invokeSpecial(java.lang.Object, java.lang.Object, java.lang.Object, java.lang.Object)'> (0x00000000c4aa8220) 
thrown [s\open\src\hotspot\share\interpreter\linkResolver.cpp, line 759]

VM Operations (20 events):
Event: 0.454 Executing VM operation: HandshakeAllThreads
Event: 0.454 Executing VM operation: HandshakeAllThreads done
Event: 0.733 Executing VM operation: HandshakeAllThreads
Event: 0.733 Executing VM operation: HandshakeAllThreads done
Event: 1.002 Executing VM operation: G1CollectForAllocation
Event: 1.013 Executing VM operation: G1CollectForAllocation done
Event: 1.558 Executing VM operation: G1CollectForAllocation
Event: 1.567 Executing VM operation: G1CollectForAllocation done
Event: 2.294 Executing VM operation: HandshakeAllThreads
Event: 2.294 Executing VM operation: HandshakeAllThreads done
Event: 2.409 Executing VM operation: HandshakeAllThreads
Event: 2.409 Executing VM operation: HandshakeAllThreads done
Event: 2.610 Executing VM operation: G1CollectForAllocation
Event: 2.617 Executing VM operation: G1CollectForAllocation done
Event: 3.001 Executing VM operation: HandshakeAllThreads
Event: 3.002 Executing VM operation: HandshakeAllThreads done
Event: 3.108 Executing VM operation: HandshakeAllThreads
Event: 3.108 Executing VM operation: HandshakeAllThreads done
Event: 3.111 Executing VM operation: HandshakeAllThreads
Event: 3.111 Executing VM operation: HandshakeAllThreads done

Events (20 events):
Event: 2.633 loading class java/util/concurrent/CompletionService
Event: 2.633 loading class java/util/concurrent/CompletionService done
Event: 2.803 loading class sun/reflect/generics/repository/FieldRepository
Event: 2.803 loading class sun/reflect/generics/repository/FieldRepository done
Event: 2.828 loading class java/io/UncheckedIOException
Event: 2.828 loading class java/io/UncheckedIOException done
Event: 2.846 loading class java/util/concurrent/atomic/AtomicBoolean
Event: 2.847 loading class java/util/concurrent/atomic/AtomicBoolean done
Event: 2.855 loading class java/nio/channels/OverlappingFileLockException
Event: 2.855 loading class java/nio/channels/OverlappingFileLockException done
Event: 2.855 loading class java/nio/channels/FileLock
Event: 2.855 loading class java/nio/channels/FileLock done
Event: 2.909 loading class java/nio/file/AccessDeniedException
Event: 2.909 loading class java/nio/file/FileSystemException
Event: 2.909 loading class java/nio/file/FileSystemException done
Event: 2.909 loading class java/nio/file/AccessDeniedException done
Event: 2.992 loading class java/lang/ExceptionInInitializerError
Event: 2.992 loading class java/lang/ExceptionInInitializerError done
Event: 2.997 loading class jdk/internal/vm/annotation/ForceInline
Event: 2.997 loading class jdk/internal/vm/annotation/ForceInline done


Dynamic libraries:
0x00007ff6821b0000 - 0x00007ff6821c0000 	C:\Program Files\Java\jdk-17\bin\java.exe
0x00007ffd054b0000 - 0x00007ffd056a8000 	C:\WINDOWS\SYSTEM32\ntdll.dll
0x00007ffd03810000 - 0x00007ffd038d1000 	C:\WINDOWS\System32\KERNEL32.DLL
0x00007ffd02eb0000 - 0x00007ffd031a6000 	C:\WINDOWS\System32\KERNELBASE.dll
0x00007ffd02db0000 - 0x00007ffd02eb0000 	C:\WINDOWS\System32\ucrtbase.dll
0x00007ffce7530000 - 0x00007ffce754b000 	C:\Program Files\Java\jdk-17\bin\VCRUNTIME140.dll
0x00007ffce7510000 - 0x00007ffce7529000 	C:\Program Files\Java\jdk-17\bin\jli.dll
0x00007ffd040c0000 - 0x00007ffd04170000 	C:\WINDOWS\System32\ADVAPI32.dll
0x00007ffd03560000 - 0x00007ffd035fe000 	C:\WINDOWS\System32\msvcrt.dll
0x00007ffd04b10000 - 0x00007ffd04bb0000 	C:\WINDOWS\System32\sechost.dll
0x00007ffd05230000 - 0x00007ffd05353000 	C:\WINDOWS\System32\RPCRT4.dll
0x00007ffd03270000 - 0x00007ffd03297000 	C:\WINDOWS\System32\bcrypt.dll
0x00007ffd03610000 - 0x00007ffd037af000 	C:\WINDOWS\System32\USER32.dll
0x00007ffd031b0000 - 0x00007ffd031d2000 	C:\WINDOWS\System32\win32u.dll
0x00007ffd04210000 - 0x00007ffd0423b000 	C:\WINDOWS\System32\GDI32.dll
0x00007ffd03390000 - 0x00007ffd034a7000 	C:\WINDOWS\System32\gdi32full.dll
0x00007ffd032f0000 - 0x00007ffd0338d000 	C:\WINDOWS\System32\msvcp_win.dll
0x00007ffcede30000 - 0x00007ffcee0ca000 	C:\WINDOWS\WinSxS\amd64_microsoft.windows.common-controls_6595b64144ccf1df_6.0.19041.4355_none_60b8b9eb71f62e16\COMCTL32.dll
0x00007ffcfd040000 - 0x00007ffcfd04a000 	C:\WINDOWS\SYSTEM32\VERSION.dll
0x00007ffd05410000 - 0x00007ffd0543f000 	C:\WINDOWS\System32\IMM32.DLL
0x00007ffcffd50000 - 0x00007ffcffd5c000 	C:\Program Files\Java\jdk-17\bin\vcruntime140_1.dll
0x00007ffcd0cf0000 - 0x00007ffcd0d7e000 	C:\Program Files\Java\jdk-17\bin\msvcp140.dll
0x00007ffcc6510000 - 0x00007ffcc70f0000 	C:\Program Files\Java\jdk-17\bin\server\jvm.dll
0x00007ffd04b00000 - 0x00007ffd04b08000 	C:\WINDOWS\System32\PSAPI.DLL
0x00007ffceb0a0000 - 0x00007ffceb0a9000 	C:\WINDOWS\SYSTEM32\WSOCK32.dll
0x00007ffcdfe10000 - 0x00007ffcdfe37000 	C:\WINDOWS\SYSTEM32\WINMM.dll
0x00007ffd04890000 - 0x00007ffd048fb000 	C:\WINDOWS\System32\WS2_32.dll
0x00007ffd00970000 - 0x00007ffd00982000 	C:\WINDOWS\SYSTEM32\kernel.appcore.dll
0x00007ffcf9e00000 - 0x00007ffcf9e0a000 	C:\Program Files\Java\jdk-17\bin\jimage.dll
0x00007ffce4470000 - 0x00007ffce4654000 	C:\WINDOWS\SYSTEM32\DBGHELP.DLL
0x00007ffce4430000 - 0x00007ffce4464000 	C:\WINDOWS\SYSTEM32\dbgcore.DLL
0x00007ffd031e0000 - 0x00007ffd03262000 	C:\WINDOWS\System32\bcryptPrimitives.dll
0x00007ffce1d30000 - 0x00007ffce1d55000 	C:\Program Files\Java\jdk-17\bin\java.dll
0x00007ffcced80000 - 0x00007ffccee57000 	C:\Program Files\Java\jdk-17\bin\jsvml.dll
0x00007ffd03950000 - 0x00007ffd040bc000 	C:\WINDOWS\System32\SHELL32.dll
0x00007ffd00b70000 - 0x00007ffd0130e000 	C:\WINDOWS\SYSTEM32\windows.storage.dll
0x00007ffd043b0000 - 0x00007ffd04703000 	C:\WINDOWS\System32\combase.dll
0x00007ffd023a0000 - 0x00007ffd023ce000 	C:\WINDOWS\SYSTEM32\Wldp.dll
0x00007ffd04a30000 - 0x00007ffd04afd000 	C:\WINDOWS\System32\OLEAUT32.dll
0x00007ffd05360000 - 0x00007ffd0540d000 	C:\WINDOWS\System32\SHCORE.dll
0x00007ffd037b0000 - 0x00007ffd03805000 	C:\WINDOWS\System32\shlwapi.dll
0x00007ffd02a60000 - 0x00007ffd02a84000 	C:\WINDOWS\SYSTEM32\profapi.dll
0x00007ffce46a0000 - 0x00007ffce46b9000 	C:\Program Files\Java\jdk-17\bin\net.dll
0x00007ffcfc530000 - 0x00007ffcfc63a000 	C:\WINDOWS\SYSTEM32\WINHTTP.dll
0x00007ffd02180000 - 0x00007ffd021ea000 	C:\WINDOWS\system32\mswsock.dll
0x00007ffce0ce0000 - 0x00007ffce0cf6000 	C:\Program Files\Java\jdk-17\bin\nio.dll
0x00007ffce0a70000 - 0x00007ffce0a88000 	C:\Program Files\Java\jdk-17\bin\zip.dll
0x00007ffcda070000 - 0x00007ffcda094000 	C:\Users\ERIN_JAVALead\.m2\wrapper\dists\apache-maven-3.9.7\2a4cb831\lib\jansi-native\Windows\x86_64\jansi.dll
0x00007ffcec790000 - 0x00007ffcec7a0000 	C:\Program Files\Java\jdk-17\bin\verify.dll

dbghelp: loaded successfully - version: 4.0.5 - missing functions: none
symbol engine: initialized successfully - sym options: 0x614 - pdb path: .;C:\Program Files\Java\jdk-17\bin;C:\WINDOWS\SYSTEM32;C:\WINDOWS\WinSxS\amd64_microsoft.windows.common-controls_6595b64144ccf1df_6.0.19041.4355_none_60b8b9eb71f62e16;C:\Program Files\Java\jdk-17\bin\server;C:\Users\ERIN_JAVALead\.m2\wrapper\dists\apache-maven-3.9.7\2a4cb831\lib\jansi-native\Windows\x86_64

VM Arguments:
jvm_args: -Dclassworlds.conf=C:/Users/ERIN_JAVALead/.m2/wrapper/dists/apache-maven-3.9.7/2a4cb831/bin/m2.conf -Dmaven.home=C:/Users/ERIN_JAVALead/.m2/wrapper/dists/apache-maven-3.9.7/2a4cb831 -Dlibrary.jansi.path=C:/Users/ERIN_JAVALead/.m2/wrapper/dists/apache-maven-3.9.7/2a4cb831/lib/jansi-native -Dmaven.multiModuleProjectDirectory=C:/Users/ERIN_JAVALead/Downloads/hotelallocation/hotelallocation 
java_command: org.codehaus.plexus.classworlds.launcher.Launcher spring-boot:run
java_class_path (initial): C:/Users/ERIN_JAVALead/.m2/wrapper/dists/apache-maven-3.9.7/2a4cb831/boot/plexus-classworlds-2.8.0.jar
Launcher Type: SUN_STANDARD

[Global flags]
     intx CICompilerCount                          = 3                                         {product} {ergonomic}
     uint ConcGCThreads                            = 1                                         {product} {ergonomic}
     uint G1ConcRefinementThreads                  = 4                                         {product} {ergonomic}
   size_t G1HeapRegionSize                         = 1048576                                   {product} {ergonomic}
    uintx GCDrainStackTargetSize                   = 64                                        {product} {ergonomic}
   size_t InitialHeapSize                          = 67108864                                  {product} {ergonomic}
   size_t MarkStackSize                            = 4194304                                   {product} {ergonomic}
   size_t MaxHeapSize                              = 1052770304                                {product} {ergonomic}
   size_t MaxNewSize                               = 631242752                                 {product} {ergonomic}
   size_t MinHeapDeltaBytes                        = 1048576                                   {product} {ergonomic}
   size_t MinHeapSize                              = 8388608                                   {product} {ergonomic}
    uintx NonNMethodCodeHeapSize                   = 5832780                                {pd product} {ergonomic}
    uintx NonProfiledCodeHeapSize                  = 122912730                              {pd product} {ergonomic}
    uintx ProfiledCodeHeapSize                     = 122912730                              {pd product} {ergonomic}
    uintx ReservedCodeCacheSize                    = 251658240                              {pd product} {ergonomic}
     bool SegmentedCodeCache                       = true                                      {product} {ergonomic}
   size_t SoftMaxHeapSize                          = 1052770304                             {manageable} {ergonomic}
     bool UseCompressedClassPointers               = true                           {product lp64_product} {ergonomic}
     bool UseCompressedOops                        = true                           {product lp64_product} {ergonomic}
     bool UseG1GC                                  = true                                      {product} {ergonomic}
     bool UseLargePagesIndividualAllocation        = false                                  {pd product} {ergonomic}

Logging:
Log output configuration:
 #0: stdout all=warning uptime,level,tags
 #1: stderr all=off uptime,level,tags

Environment Variables:
JAVA_HOME=C:/Program Files/Java/jdk-17
PATH=C:\Users\ERIN_JAVALead\bin;C:\Program Files\Git\mingw64\bin;C:\Program Files\Git\usr\local\bin;C:\Program Files\Git\usr\bin;C:\Program Files\Git\usr\bin;C:\Program Files\Git\mingw64\bin;C:\Program Files\Git\usr\bin;C:\Users\ERIN_JAVALead\bin;C:\Program Files (x86)\Common Files\Oracle\Java\javapath;C:\WINDOWS\system32;C:\WINDOWS;C:\WINDOWS\System32\Wbem;C:\WINDOWS\System32\WindowsPowerShell\v1.0;C:\WINDOWS\System32\OpenSSH;C:\Program Files (x86)\nodejs;C:\Program Files (x86)\nodejs\npm;C:\Users\ERIN_JAVALead\AppData\Roaming\npm;C:\Program Files\Git\cmd;C:\Program Files (x86)\dotnet;C:\Program Files (x86)\Microsoft SQL Server\160\DTS\Binn;C:\Program Files\Azure Data Studio\bin;C:\Program Files (x86)\Microsoft SQL Server\160\Tools\Binn;C:\Program Files\Microsoft SQL Server\160\Tools\Binn;C:\Program Files\Microsoft SQL Server\Client SDK\ODBC\170\Tools\Binn;C:\Program Files\Microsoft SQL Server\160\DTS\Binn;C:\Program Files\Java\jdk1.8.0_202\bin;C:\Program Files\Java\jdk1.8.0_202\jre\bin;C:\kafkasrc\bin\windows;C:\Program Files\Docker\Docker\resources\bin;C:\Program Files\Docker\Docker;C:\Users\ERIN_JAVALead\AppData\Local\Microsoft\WindowsApps;C:\Users\ERIN_JAVALead\AppData\Local\Programs\Microsoft VS Code\bin;C:\Users\ERIN_JAVALead\AppData\Roaming\npm;C:\Program Files\Azure Data Studio\bin;C:\Program Files\Git\usr\bin\vendor_perl;C:\Program Files\Git\usr\bin\core_perl
USERNAME=ERIN_JAVALead
SHELL=C:\Program Files\Git\usr\bin\bash.exe
DISPLAY=needs-to-be-defined
LC_CTYPE=en_US.UTF-8
OS=Windows_NT
PROCESSOR_IDENTIFIER=Intel64 Family 6 Model 78 Stepping 3, GenuineIntel



---------------  S Y S T E M  ---------------

OS:
 Windows 10 , 64 bit Build 19041 (10.0.19041.4597)
OS uptime: 0 days 1:04 hours
Hyper-V role detected

CPU: total 4 (initial active 4) (2 cores per cpu, 2 threads per core) family 6 model 78 stepping 3 microcode 0xcc, cx8, cmov, fxsr, ht, mmx, 3dnowpref, sse, sse2, sse3, ssse3, sse4.1, sse4.2, popcnt, lzcnt, tsc, tscinvbit, avx, avx2, aes, erms, clmul, bmi1, bmi2, adx, fma, vzeroupper, clflush, clflushopt, hv

Memory: 4k page, system-wide physical 4012M (290M free)
TotalPageFile size 6060M (AvailPageFile size 5M)
current process WorkingSet (physical memory assigned to process): 96M, peak: 96M
current process commit charge ("private bytes"): 164M, peak: 165M

vm_info: Java HotSpot(TM) 64-Bit Server VM (17.0.11+7-LTS-207) for windows-amd64 JRE (17.0.11+7-LTS-207), built on Mar 11 2024 19:01:50 by "mach5one" with MS VC++ 17.6 (VS2022)

END.
